#
# A fatal error has been detected by the Java Runtime Environment:
#
#  EXCEPTION_ACCESS_VIOLATION (0xc0000005) at pc=0x000000006d082800, pid=7404, tid=0x00000000000029f0
#
# JRE version: Java(TM) SE Runtime Environment (8.0_141-b15) (build 1.8.0_141-b15)
# Java VM: Java HotSpot(TM) 64-Bit Server VM (25.141-b15 mixed mode windows-amd64 compressed oops)
# Problematic frame:
# C  0x000000006d082800
#
# Failed to write core dump. Minidumps are not enabled by default on client versions of Windows
#
# If you would like to submit a bug report, please visit:
#   http://bugreport.java.com/bugreport/crash.jsp
# The crash happened outside the Java Virtual Machine in native code.
# See problematic frame for where to report the bug.
#

---------------  T H R E A D  ---------------

Current thread (0x000000000440b000):  JavaThread "Finalizer" daemon [_thread_in_native, id=10736, stack(0x000000001a2d0000,0x000000001a3d0000)]

siginfo: ExceptionCode=0xc0000005, ExceptionInformation=0x0000000000000008 0x000000006d082800

Registers:
RAX=0x000000006d082800, RBX=0x0000000023bd6af8, RCX=0x000000000440b1f8, RDX=0x000000001a3cf098
RSP=0x000000001a3cefd8, RBP=0x000000001a3cf068, RSI=0x000000008205ae38, RDI=0x00000000226a8d38
R8 =0x00000000226a8d38, R9 =0x000000008205ae38, R10=0x0000000004528a4b, R11=0x000000005f8ebc50
R12=0x0000000000000000, R13=0x0000000023bd6af8, R14=0x000000001a3cf098, R15=0x000000000440b000
RIP=0x000000006d082800, EFLAGS=0x0000000000010202

Top of Stack: (sp=0x000000001a3cefd8)
0x000000001a3cefd8:   0000000004528a77 0000000081eb2528
0x000000001a3cefe8:   0000000000000000 000000001a3cf050
0x000000001a3ceff8:   000000000451835d 000000000451835d
0x000000001a3cf008:   0000000081eb2518 000000001a3cf010
0x000000001a3cf018:   0000000000000000 000000008205ae38
0x000000001a3cf028:   000000001a3cf018 0000000000000000
0x000000001a3cf038:   000000001a3cf098 0000000023c29940
0x000000001a3cf048:   0000000000000000 0000000023bd6af8
0x000000001a3cf058:   0000000000000000 000000001a3cf0a0
0x000000001a3cf068:   000000001a3cf1b8 0000000004f37974
0x000000001a3cf078:   0000000000000000 00000000045219d6
0x000000001a3cf088:   00000000226a8d38 000000001cc05f42
0x000000001a3cf098:   000000008205ae38 000000001cc0a3a0
0x000000001a3cf0a8:   0000000000000000 000000001cc05ff0
0x000000001a3cf0b8:   0000000000000000 000000001a3cf0f8
0x000000001a3cf0c8:   000000008205b160 000000008205ae38 

Instructions: (pc=0x000000006d082800)
0x000000006d0827e0:   
[error occurred during error reporting (printing registers, top of stack, instructions near pc), id 0xc0000005]

Register to memory mapping:

RAX=0x000000006d082800 is an unknown value
RBX={method} {0x0000000023bd6b00} 'reset' '(J)I' in 'org/sqlite/core/NativeDB'
RCX=0x000000000440b1f8 is an unknown value
RDX=0x000000001a3cf098 is pointing into the stack for thread: 0x000000000440b000
RSP=0x000000001a3cefd8 is pointing into the stack for thread: 0x000000000440b000
RBP=0x000000001a3cf068 is pointing into the stack for thread: 0x000000000440b000
RSI=0x000000008205ae38 is an oop
org.sqlite.core.NativeDB 
 - klass: 'org/sqlite/core/NativeDB'
RDI=0x00000000226a8d38 is an unknown value
R8 =0x00000000226a8d38 is an unknown value
R9 =0x000000008205ae38 is an oop
org.sqlite.core.NativeDB 
 - klass: 'org/sqlite/core/NativeDB'
R10=0x0000000004528a4b is at code_begin+1227 in an Interpreter codelet
method entry point (kind = native_synchronized)  [0x0000000004528580, 0x0000000004529060]  2784 bytes
R11=0x000000005f8ebc50 is an unknown value
R12=0x0000000000000000 is an unknown value
R13={method} {0x0000000023bd6b00} 'reset' '(J)I' in 'org/sqlite/core/NativeDB'
R14=0x000000001a3cf098 is pointing into the stack for thread: 0x000000000440b000
R15=0x000000000440b000 is a thread


Stack: [0x000000001a2d0000,0x000000001a3d0000],  sp=0x000000001a3cefd8,  free space=1019k
Native frames: (J=compiled Java code, j=interpreted, Vv=VM code, C=native code)
C  0x000000006d082800

Java frames: (J=compiled Java code, j=interpreted, Vv=VM code)
j  org.sqlite.core.NativeDB.reset(J)I+0
J 3850 C1 org.sqlite.core.CoreResultSet.close()V (129 bytes) @ 0x0000000004f37974 [0x0000000004f37660+0x314]
J 3849 C1 org.sqlite.jdbc4.JDBC4ResultSet.close()V (50 bytes) @ 0x0000000004f35544 [0x0000000004f35420+0x124]
j  org.sqlite.jdbc3.JDBC3ResultSet.finalize()V+1
J 4296% C2 java.lang.ref.Finalizer$FinalizerThread.run()V (55 bytes) @ 0x00000000050c75e8 [0x00000000050c7320+0x2c8]
v  ~StubRoutines::call_stub

---------------  P R O C E S S  ---------------

Java Threads: ( => current thread )
  0x000000001db4a800 JavaThread "ajp-nio-8009-AsyncTimeout" daemon [_thread_blocked, id=8156, stack(0x0000000023aa0000,0x0000000023ba0000)]
  0x000000001db49800 JavaThread "ajp-nio-8009-Acceptor-0" daemon [_thread_in_native, id=4296, stack(0x00000000239a0000,0x0000000023aa0000)]
  0x000000001db49000 JavaThread "ajp-nio-8009-ClientPoller-1" daemon [_thread_in_native, id=9320, stack(0x00000000238a0000,0x00000000239a0000)]
  0x000000001db4c000 JavaThread "ajp-nio-8009-ClientPoller-0" daemon [_thread_in_native, id=5704, stack(0x00000000237a0000,0x00000000238a0000)]
  0x000000001db48000 JavaThread "ajp-nio-8009-exec-10" daemon [_thread_blocked, id=10720, stack(0x00000000236a0000,0x00000000237a0000)]
  0x000000001db47800 JavaThread "ajp-nio-8009-exec-9" daemon [_thread_blocked, id=1048, stack(0x00000000235a0000,0x00000000236a0000)]
  0x000000001db46800 JavaThread "ajp-nio-8009-exec-8" daemon [_thread_blocked, id=6912, stack(0x00000000234a0000,0x00000000235a0000)]
  0x000000001db3e800 JavaThread "ajp-nio-8009-exec-7" daemon [_thread_blocked, id=8004, stack(0x00000000233a0000,0x00000000234a0000)]
  0x000000001db44800 JavaThread "ajp-nio-8009-exec-6" daemon [_thread_blocked, id=2788, stack(0x00000000232a0000,0x00000000233a0000)]
  0x000000001db43800 JavaThread "ajp-nio-8009-exec-5" daemon [_thread_blocked, id=9568, stack(0x00000000231a0000,0x00000000232a0000)]
  0x000000001db41800 JavaThread "ajp-nio-8009-exec-4" daemon [_thread_blocked, id=8420, stack(0x00000000230a0000,0x00000000231a0000)]
  0x000000001db42000 JavaThread "ajp-nio-8009-exec-3" daemon [_thread_blocked, id=10512, stack(0x0000000022fa0000,0x00000000230a0000)]
  0x000000001db43000 JavaThread "ajp-nio-8009-exec-2" daemon [_thread_blocked, id=10644, stack(0x0000000022ea0000,0x0000000022fa0000)]
  0x000000001db40800 JavaThread "ajp-nio-8009-exec-1" daemon [_thread_blocked, id=10016, stack(0x0000000022da0000,0x0000000022ea0000)]
  0x000000001db40000 JavaThread "http-nio-8080-AsyncTimeout" daemon [_thread_blocked, id=12096, stack(0x0000000022ca0000,0x0000000022da0000)]
  0x000000001db3f000 JavaThread "http-nio-8080-Acceptor-0" daemon [_thread_in_native, id=12036, stack(0x0000000022ba0000,0x0000000022ca0000)]
  0x000000001db45000 JavaThread "http-nio-8080-ClientPoller-1" daemon [_thread_in_native, id=9724, stack(0x0000000022aa0000,0x0000000022ba0000)]
  0x000000001ac64800 JavaThread "http-nio-8080-ClientPoller-0" daemon [_thread_in_native, id=12164, stack(0x00000000229a0000,0x0000000022aa0000)]
  0x000000001ac6b800 JavaThread "http-nio-8080-exec-10" daemon [_thread_blocked, id=2140, stack(0x00000000228a0000,0x00000000229a0000)]
  0x000000001ac6a800 JavaThread "http-nio-8080-exec-9" daemon [_thread_blocked, id=10012, stack(0x00000000227a0000,0x00000000228a0000)]
  0x000000001ac6a000 JavaThread "http-nio-8080-exec-8" daemon [_thread_blocked, id=9592, stack(0x00000000225a0000,0x00000000226a0000)]
  0x000000001ac66000 JavaThread "http-nio-8080-exec-7" daemon [_thread_blocked, id=6804, stack(0x00000000224a0000,0x00000000225a0000)]
  0x000000001ac65800 JavaThread "http-nio-8080-exec-6" daemon [_thread_blocked, id=1684, stack(0x00000000223a0000,0x00000000224a0000)]
  0x000000001ac68800 JavaThread "http-nio-8080-exec-5" daemon [_thread_blocked, id=7188, stack(0x00000000222a0000,0x00000000223a0000)]
  0x000000001ac67800 JavaThread "http-nio-8080-exec-4" daemon [_thread_blocked, id=1652, stack(0x00000000221a0000,0x00000000222a0000)]
  0x000000001ac69000 JavaThread "http-nio-8080-exec-3" daemon [_thread_blocked, id=6092, stack(0x00000000220a0000,0x00000000221a0000)]
  0x000000001ac67000 JavaThread "http-nio-8080-exec-2" daemon [_thread_blocked, id=10864, stack(0x0000000021fa0000,0x00000000220a0000)]
  0x000000001f101000 JavaThread "http-nio-8080-exec-1" daemon [_thread_blocked, id=11096, stack(0x0000000021ea0000,0x0000000021fa0000)]
  0x000000001dc10800 JavaThread "ContainerBackgroundProcessor[StandardEngine[Catalina]]" daemon [_thread_in_native, id=10408, stack(0x000000001fe00000,0x000000001ff00000)]
  0x000000001bd9c800 JavaThread "NioBlockingSelector.BlockPoller-2" daemon [_thread_in_native, id=5012, stack(0x000000001d360000,0x000000001d460000)]
  0x000000001bd99800 JavaThread "NioBlockingSelector.BlockPoller-1" daemon [_thread_in_native, id=6320, stack(0x000000001d260000,0x000000001d360000)]
  0x000000001b7de800 JavaThread "GC Daemon" daemon [_thread_blocked, id=10652, stack(0x000000001cc20000,0x000000001cd20000)]
  0x000000001aa1c000 JavaThread "Service Thread" daemon [_thread_blocked, id=11672, stack(0x000000001aef0000,0x000000001aff0000)]
  0x000000001a9f8800 JavaThread "C1 CompilerThread2" daemon [_thread_blocked, id=6012, stack(0x000000001adf0000,0x000000001aef0000)]
  0x00000000190c7800 JavaThread "C2 CompilerThread1" daemon [_thread_blocked, id=11756, stack(0x000000001a8f0000,0x000000001a9f0000)]
  0x000000001907f800 JavaThread "C2 CompilerThread0" daemon [_thread_blocked, id=8256, stack(0x000000001a7f0000,0x000000001a8f0000)]
  0x000000001907d000 JavaThread "Attach Listener" daemon [_thread_blocked, id=936, stack(0x000000001a6f0000,0x000000001a7f0000)]
  0x000000001907c000 JavaThread "Signal Dispatcher" daemon [_thread_blocked, id=9060, stack(0x000000001a5f0000,0x000000001a6f0000)]
=>0x000000000440b000 JavaThread "Finalizer" daemon [_thread_in_native, id=10736, stack(0x000000001a2d0000,0x000000001a3d0000)]
  0x0000000004402000 JavaThread "Reference Handler" daemon [_thread_blocked, id=7204, stack(0x000000001a1d0000,0x000000001a2d0000)]
  0x000000000450d800 JavaThread "main" [_thread_in_native, id=11380, stack(0x0000000004160000,0x0000000004260000)]

Other Threads:
  0x0000000019047800 VMThread [stack: 0x000000001a0d0000,0x000000001a1d0000] [id=9360]
  0x000000001aa21800 WatcherThread [stack: 0x000000001b150000,0x000000001b250000] [id=9892]

VM state:not at safepoint (normal execution)

VM Mutex/Monitor currently owned by a thread: None

Heap:
 PSYoungGen      total 349696K, used 6946K [0x00000000d5c00000, 0x00000000f1b00000, 0x0000000100000000)
  eden space 347136K, 2% used [0x00000000d5c00000,0x00000000d62c8ba8,0x00000000eaf00000)
  from space 2560K, 0% used [0x00000000ef300000,0x00000000ef300000,0x00000000ef580000)
  to   space 22016K, 0% used [0x00000000f0580000,0x00000000f0580000,0x00000000f1b00000)
 ParOldGen       total 66560K, used 14020K [0x0000000081400000, 0x0000000085500000, 0x00000000d5c00000)
  object space 66560K, 21% used [0x0000000081400000,0x00000000821b11d0,0x0000000085500000)
 Metaspace       used 25102K, capacity 25528K, committed 31400K, reserved 1077248K
  class space    used 2939K, capacity 3118K, committed 4608K, reserved 1048576K

Card table byte_map: [0x00000000138d0000,0x0000000013cd0000] byte_map_base: 0x00000000134c6000

Marking Bits: (ParMarkBitMap*) 0x000000005fedd850
 Begin Bits: [0x0000000014380000, 0x0000000016330000)
 End Bits:   [0x0000000016330000, 0x00000000182e0000)

Polling page: 0x00000000001c0000

CodeCache: size=245760Kb used=15430Kb max_used=15442Kb free=230329Kb
 bounds [0x0000000004510000, 0x0000000005440000, 0x0000000013510000]
 total_blobs=5012 nmethods=4585 adapters=339
 compilation: enabled

Compilation events (10 events):
Event: 2263.869 Thread 0x000000001907f800 5332   !   4       org.apache.jasper.servlet.TldScanner$TldScannerCallback::scan (183 bytes)
Event: 2263.872 Thread 0x000000001a9f8800 5333   !   3       java.util.jar.JarFile::getBytes (96 bytes)
Event: 2263.872 Thread 0x000000001a9f8800 nmethod 5333 0x0000000005426f10 code [0x00000000054270e0, 0x0000000005427858]
Event: 2263.872 Thread 0x000000001a9f8800 5335       3       sun.util.calendar.BaseCalendar::getGregorianYearFromFixedDate (201 bytes)
Event: 2263.873 Thread 0x000000001a9f8800 nmethod 5335 0x000000000542f090 code [0x000000000542f2a0, 0x0000000005430090]
Event: 2263.873 Thread 0x000000001a9f8800 5334       3       java.util.Formatter$FormatSpecifier::checkDateTime (139 bytes)
Event: 2263.874 Thread 0x000000001907f800 nmethod 5332 0x000000000542d910 code [0x000000000542daa0, 0x000000000542def8]
Event: 2263.874 Thread 0x000000001a9f8800 nmethod 5334 0x0000000005436110 code [0x0000000005436400, 0x0000000005437b18]
Event: 2263.876 Thread 0x00000000190c7800 5336  s    4       java.util.Vector::addElement (38 bytes)
Event: 2263.878 Thread 0x00000000190c7800 nmethod 5336 0x0000000005426850 code [0x00000000054269a0, 0x0000000005426d68]

GC Heap History (10 events):
Event: 2262.419 GC heap before
{Heap before GC invocations=45 (full 1):
 PSYoungGen      total 195072K, used 194987K [0x00000000d5c00000, 0x00000000f3f00000, 0x0000000100000000)
  eden space 186368K, 100% used [0x00000000d5c00000,0x00000000e1200000,0x00000000e1200000)
  from space 8704K, 99% used [0x00000000f2280000,0x00000000f2aead70,0x00000000f2b00000)
  to   space 19456K, 0% used [0x00000000f2c00000,0x00000000f2c00000,0x00000000f3f00000)
 ParOldGen       total 68096K, used 34197K [0x0000000081400000, 0x0000000085680000, 0x00000000d5c00000)
  object space 68096K, 50% used [0x0000000081400000,0x0000000083565758,0x0000000085680000)
 Metaspace       used 34421K, capacity 35080K, committed 35328K, reserved 1079296K
  class space    used 4297K, capacity 4556K, committed 4608K, reserved 1048576K
Event: 2262.436 GC heap after
Heap after GC invocations=45 (full 1):
 PSYoungGen      total 236544K, used 19429K [0x00000000d5c00000, 0x00000000f3f00000, 0x0000000100000000)
  eden space 217088K, 0% used [0x00000000d5c00000,0x00000000d5c00000,0x00000000e3000000)
  from space 19456K, 99% used [0x00000000f2c00000,0x00000000f3ef9458,0x00000000f3f00000)
  to   space 24064K, 0% used [0x00000000f1000000,0x00000000f1000000,0x00000000f2780000)
 ParOldGen       total 68096K, used 37877K [0x0000000081400000, 0x0000000085680000, 0x00000000d5c00000)
  object space 68096K, 55% used [0x0000000081400000,0x00000000838fd6d0,0x0000000085680000)
 Metaspace       used 34421K, capacity 35080K, committed 35328K, reserved 1079296K
  class space    used 4297K, capacity 4556K, committed 4608K, reserved 1048576K
}
Event: 2263.186 GC heap before
{Heap before GC invocations=46 (full 1):
 PSYoungGen      total 236544K, used 236517K [0x00000000d5c00000, 0x00000000f3f00000, 0x0000000100000000)
  eden space 217088K, 100% used [0x00000000d5c00000,0x00000000e3000000,0x00000000e3000000)
  from space 19456K, 99% used [0x00000000f2c00000,0x00000000f3ef9458,0x00000000f3f00000)
  to   space 24064K, 0% used [0x00000000f1000000,0x00000000f1000000,0x00000000f2780000)
 ParOldGen       total 68096K, used 37877K [0x0000000081400000, 0x0000000085680000, 0x00000000d5c00000)
  object space 68096K, 55% used [0x0000000081400000,0x00000000838fd6d0,0x0000000085680000)
 Metaspace       used 34421K, capacity 35080K, committed 35328K, reserved 1079296K
  class space    used 4297K, capacity 4556K, committed 4608K, reserved 1048576K
Event: 2263.199 GC heap after
Heap after GC invocations=46 (full 1):
 PSYoungGen      total 263680K, used 10264K [0x00000000d5c00000, 0x00000000f2c80000, 0x0000000100000000)
  eden space 252928K, 0% used [0x00000000d5c00000,0x00000000d5c00000,0x00000000e5300000)
  from space 10752K, 95% used [0x00000000f1000000,0x00000000f1a06090,0x00000000f1a80000)
  to   space 18432K, 0% used [0x00000000f1a80000,0x00000000f1a80000,0x00000000f2c80000)
 ParOldGen       total 68096K, used 37885K [0x0000000081400000, 0x0000000085680000, 0x00000000d5c00000)
  object space 68096K, 55% used [0x0000000081400000,0x00000000838ff6d0,0x0000000085680000)
 Metaspace       used 34421K, capacity 35080K, committed 35328K, reserved 1079296K
  class space    used 4297K, capacity 4556K, committed 4608K, reserved 1048576K
}
Event: 2263.828 GC heap before
{Heap before GC invocations=47 (full 1):
 PSYoungGen      total 263680K, used 263192K [0x00000000d5c00000, 0x00000000f2c80000, 0x0000000100000000)
  eden space 252928K, 100% used [0x00000000d5c00000,0x00000000e5300000,0x00000000e5300000)
  from space 10752K, 95% used [0x00000000f1000000,0x00000000f1a06090,0x00000000f1a80000)
  to   space 18432K, 0% used [0x00000000f1a80000,0x00000000f1a80000,0x00000000f2c80000)
 ParOldGen       total 68096K, used 37885K [0x0000000081400000, 0x0000000085680000, 0x00000000d5c00000)
  object space 68096K, 55% used [0x0000000081400000,0x00000000838ff6d0,0x0000000085680000)
 Metaspace       used 34424K, capacity 35086K, committed 35328K, reserved 1079296K
  class space    used 4298K, capacity 4557K, committed 4608K, reserved 1048576K
Event: 2263.837 GC heap after
Heap after GC invocations=47 (full 1):
 PSYoungGen      total 299008K, used 4120K [0x00000000d5c00000, 0x00000000f1f00000, 0x0000000100000000)
  eden space 294400K, 0% used [0x00000000d5c00000,0x00000000d5c00000,0x00000000e7b80000)
  from space 4608K, 89% used [0x00000000f1a80000,0x00000000f1e86080,0x00000000f1f00000)
  to   space 22528K, 0% used [0x00000000ef300000,0x00000000ef300000,0x00000000f0900000)
 ParOldGen       total 68096K, used 39170K [0x0000000081400000, 0x0000000085680000, 0x00000000d5c00000)
  object space 68096K, 57% used [0x0000000081400000,0x0000000083a40b00,0x0000000085680000)
 Metaspace       used 34424K, capacity 35086K, committed 35328K, reserved 1079296K
  class space    used 4298K, capacity 4557K, committed 4608K, reserved 1048576K
}
Event: 2263.888 GC heap before
{Heap before GC invocations=48 (full 1):
 PSYoungGen      total 299008K, used 27581K [0x00000000d5c00000, 0x00000000f1f00000, 0x0000000100000000)
  eden space 294400K, 7% used [0x00000000d5c00000,0x00000000d72e96a0,0x00000000e7b80000)
  from space 4608K, 89% used [0x00000000f1a80000,0x00000000f1e86080,0x00000000f1f00000)
  to   space 22528K, 0% used [0x00000000ef300000,0x00000000ef300000,0x00000000f0900000)
 ParOldGen       total 68096K, used 39170K [0x0000000081400000, 0x0000000085680000, 0x00000000d5c00000)
  object space 68096K, 57% used [0x0000000081400000,0x0000000083a40b00,0x0000000085680000)
 Metaspace       used 34632K, capacity 35214K, committed 35496K, reserved 1081344K
  class space    used 4319K, capacity 4557K, committed 4608K, reserved 1048576K
Event: 2263.890 GC heap after
Heap after GC invocations=48 (full 1):
 PSYoungGen      total 349696K, used 2406K [0x00000000d5c00000, 0x00000000f1b00000, 0x0000000100000000)
  eden space 347136K, 0% used [0x00000000d5c00000,0x00000000d5c00000,0x00000000eaf00000)
  from space 2560K, 94% used [0x00000000ef300000,0x00000000ef5599b8,0x00000000ef580000)
  to   space 22016K, 0% used [0x00000000f0580000,0x00000000f0580000,0x00000000f1b00000)
 ParOldGen       total 68096K, used 39178K [0x0000000081400000, 0x0000000085680000, 0x00000000d5c00000)
  object space 68096K, 57% used [0x0000000081400000,0x0000000083a42b00,0x0000000085680000)
 Metaspace       used 34632K, capacity 35214K, committed 35496K, reserved 1081344K
  class space    used 4319K, capacity 4557K, committed 4608K, reserved 1048576K
}
Event: 2263.890 GC heap before
{Heap before GC invocations=49 (full 2):
 PSYoungGen      total 349696K, used 2406K [0x00000000d5c00000, 0x00000000f1b00000, 0x0000000100000000)
  eden space 347136K, 0% used [0x00000000d5c00000,0x00000000d5c00000,0x00000000eaf00000)
  from space 2560K, 94% used [0x00000000ef300000,0x00000000ef5599b8,0x00000000ef580000)
  to   space 22016K, 0% used [0x00000000f0580000,0x00000000f0580000,0x00000000f1b00000)
 ParOldGen       total 68096K, used 39178K [0x0000000081400000, 0x0000000085680000, 0x00000000d5c00000)
  object space 68096K, 57% used [0x0000000081400000,0x0000000083a42b00,0x0000000085680000)
 Metaspace       used 34632K, capacity 35214K, committed 35496K, reserved 1081344K
  class space    used 4319K, capacity 4557K, committed 4608K, reserved 1048576K
Event: 2263.926 GC heap after
Heap after GC invocations=49 (full 2):
 PSYoungGen      total 349696K, used 0K [0x00000000d5c00000, 0x00000000f1b00000, 0x0000000100000000)
  eden space 347136K, 0% used [0x00000000d5c00000,0x00000000d5c00000,0x00000000eaf00000)
  from space 2560K, 0% used [0x00000000ef300000,0x00000000ef300000,0x00000000ef580000)
  to   space 22016K, 0% used [0x00000000f0580000,0x00000000f0580000,0x00000000f1b00000)
 ParOldGen       total 66560K, used 14020K [0x0000000081400000, 0x0000000085500000, 0x00000000d5c00000)
  object space 66560K, 21% used [0x0000000081400000,0x00000000821b11d0,0x0000000085500000)
 Metaspace       used 25047K, capacity 25432K, committed 31400K, reserved 1077248K
  class space    used 2923K, capacity 3086K, committed 4608K, reserved 1048576K
}

Deoptimization events (10 events):
Event: 2224.205 Thread 0x000000001dc10800 Uncommon trap: reason=unstable_if action=reinterpret pc=0x000000000480105c method=org.apache.catalina.webresources.AbstractSingleArchiveResourceSet.isMultiRelease()Z @ 4
Event: 2224.207 Thread 0x000000001dc10800 Uncommon trap: reason=unstable_if action=reinterpret pc=0x000000000500f3ac method=java.lang.StringCoding.decode(Ljava/lang/String;[BII)[C @ 51
Event: 2224.231 Thread 0x000000001dc10800 Uncommon trap: reason=class_check action=maybe_recompile pc=0x0000000004dcf8f8 method=org.apache.catalina.startup.ContextConfig.checkHandlesTypes(Lorg/apache/tomcat/util/bcel/classfile/JavaClass;Ljava/util/Map;)V @ 427
Event: 2224.232 Thread 0x000000001dc10800 Uncommon trap: reason=class_check action=maybe_recompile pc=0x0000000004dcf8f8 method=org.apache.catalina.startup.ContextConfig.checkHandlesTypes(Lorg/apache/tomcat/util/bcel/classfile/JavaClass;Ljava/util/Map;)V @ 427
Event: 2224.232 Thread 0x000000001dc10800 Uncommon trap: reason=class_check action=maybe_recompile pc=0x0000000004dcf8f8 method=org.apache.catalina.startup.ContextConfig.checkHandlesTypes(Lorg/apache/tomcat/util/bcel/classfile/JavaClass;Ljava/util/Map;)V @ 427
Event: 2224.233 Thread 0x000000001dc10800 Uncommon trap: reason=class_check action=maybe_recompile pc=0x0000000004dcf8f8 method=org.apache.catalina.startup.ContextConfig.checkHandlesTypes(Lorg/apache/tomcat/util/bcel/classfile/JavaClass;Ljava/util/Map;)V @ 427
Event: 2251.150 Thread 0x000000001dc10800 Uncommon trap: reason=bimorphic action=maybe_recompile pc=0x000000000518b430 method=java.util.concurrent.ConcurrentHashMap$TreeNode.findTreeNode(ILjava/lang/Object;Ljava/lang/Class;)Ljava/util/concurrent/ConcurrentHashMap$TreeNode; @ 73
Event: 2251.150 Thread 0x000000001dc10800 Uncommon trap: reason=bimorphic action=maybe_recompile pc=0x000000000518b430 method=java.util.concurrent.ConcurrentHashMap$TreeNode.findTreeNode(ILjava/lang/Object;Ljava/lang/Class;)Ljava/util/concurrent/ConcurrentHashMap$TreeNode; @ 73
Event: 2251.150 Thread 0x000000001dc10800 Uncommon trap: reason=bimorphic action=maybe_recompile pc=0x000000000518b430 method=java.util.concurrent.ConcurrentHashMap$TreeNode.findTreeNode(ILjava/lang/Object;Ljava/lang/Class;)Ljava/util/concurrent/ConcurrentHashMap$TreeNode; @ 73
Event: 2251.150 Thread 0x000000001dc10800 Uncommon trap: reason=bimorphic action=maybe_recompile pc=0x000000000518b430 method=java.util.concurrent.ConcurrentHashMap$TreeNode.findTreeNode(ILjava/lang/Object;Ljava/lang/Class;)Ljava/util/concurrent/ConcurrentHashMap$TreeNode; @ 73

Internal exceptions (10 events):
Event: 8.108 Thread 0x000000001b8c0800 Exception <a 'java/lang/ArrayIndexOutOfBoundsException'> (0x00000000df472880) thrown at [C:\re\workspace\8-2-build-windows-amd64-cygwin\jdk8u141\9370\hotspot\src\share\vm\runtime\sharedRuntime.cpp, line 605]
Event: 8.108 Thread 0x000000001b8c0800 Exception <a 'java/lang/ArrayIndexOutOfBoundsException'> (0x00000000df47c638) thrown at [C:\re\workspace\8-2-build-windows-amd64-cygwin\jdk8u141\9370\hotspot\src\share\vm\runtime\sharedRuntime.cpp, line 605]
Event: 8.293 Thread 0x000000001b8c0800 Exception <a 'java/lang/ArrayIndexOutOfBoundsException'> (0x00000000dfb347f8) thrown at [C:\re\workspace\8-2-build-windows-amd64-cygwin\jdk8u141\9370\hotspot\src\share\vm\runtime\sharedRuntime.cpp, line 605]
Event: 8.293 Thread 0x000000001b8c0800 Exception <a 'java/lang/ArrayIndexOutOfBoundsException'> (0x00000000dfb35eb0) thrown at [C:\re\workspace\8-2-build-windows-amd64-cygwin\jdk8u141\9370\hotspot\src\share\vm\runtime\sharedRuntime.cpp, line 605]
Event: 8.355 Thread 0x000000001b8c0800 Exception <a 'java/lang/ArrayIndexOutOfBoundsException': 84> (0x00000000dfd920d0) thrown at [C:\re\workspace\8-2-build-windows-amd64-cygwin\jdk8u141\9370\hotspot\src\share\vm\interpreter\interpreterRuntime.cpp, line 366]
Event: 8.355 Thread 0x000000001b8c0800 Exception <a 'java/lang/ArrayIndexOutOfBoundsException': 40> (0x00000000dfd93060) thrown at [C:\re\workspace\8-2-build-windows-amd64-cygwin\jdk8u141\9370\hotspot\src\share\vm\interpreter\interpreterRuntime.cpp, line 366]
Event: 9.733 Thread 0x000000001f101000 Implicit null exception at 0x0000000004cfd692 to 0x0000000004cff93d
Event: 9.734 Thread 0x000000001f101000 Implicit null exception at 0x0000000004cd4011 to 0x0000000004cd4449
Event: 2226.493 Thread 0x000000001dc10800 Exception <a 'java/io/FileNotFoundException'> (0x00000000d737b4e8) thrown at [C:\re\workspace\8-2-build-windows-amd64-cygwin\jdk8u141\9370\hotspot\src\share\vm\prims\jni.cpp, line 709]
Event: 2250.502 Thread 0x000000001dc10800 Exception <a 'java/io/FileNotFoundException'> (0x00000000dc7bb398) thrown at [C:\re\workspace\8-2-build-windows-amd64-cygwin\jdk8u141\9370\hotspot\src\share\vm\prims\jni.cpp, line 709]

Events (10 events):
Event: 2263.186 Executing VM operation: ParallelGCFailedAllocation
Event: 2263.199 Executing VM operation: ParallelGCFailedAllocation done
Event: 2263.828 Executing VM operation: ParallelGCFailedAllocation
Event: 2263.837 Executing VM operation: ParallelGCFailedAllocation done
Event: 2263.869 Thread 0x000000001dc10800 DEOPT PACKING pc=0x00000000050d0ee5 sp=0x000000001fefe4a0
Event: 2263.869 Thread 0x000000001dc10800 DEOPT UNPACKING pc=0x000000000455787f sp=0x000000001fefe238 mode 0
Event: 2263.881 loading class org/osgi/framework/BundleReference
Event: 2263.881 loading class org/osgi/framework/BundleReference done
Event: 2263.888 Executing VM operation: CollectForMetadataAllocation
Event: 2263.926 Executing VM operation: CollectForMetadataAllocation done


Dynamic libraries:
0x00007ff732a70000 - 0x00007ff732aa7000 	C:\Program Files\Java\jre1.8.0_131\bin\javaw.exe
0x00007ffaafe60000 - 0x00007ffab0040000 	C:\WINDOWS\SYSTEM32\ntdll.dll
0x00007ffaae450000 - 0x00007ffaae4fe000 	C:\WINDOWS\System32\KERNEL32.DLL
0x00007ffaacc80000 - 0x00007ffaacee6000 	C:\WINDOWS\System32\KERNELBASE.dll
0x00007ffaadc80000 - 0x00007ffaadd21000 	C:\WINDOWS\System32\ADVAPI32.dll
0x00007ffaae0b0000 - 0x00007ffaae14d000 	C:\WINDOWS\System32\msvcrt.dll
0x00007ffaae880000 - 0x00007ffaae8db000 	C:\WINDOWS\System32\sechost.dll
0x00007ffaaded0000 - 0x00007ffaadfef000 	C:\WINDOWS\System32\RPCRT4.dll
0x00007ffaae2b0000 - 0x00007ffaae43f000 	C:\WINDOWS\System32\USER32.dll
0x00007ffaac510000 - 0x00007ffaac530000 	C:\WINDOWS\System32\win32u.dll
0x00007ffaad630000 - 0x00007ffaad658000 	C:\WINDOWS\System32\GDI32.dll
0x00007ffaac310000 - 0x00007ffaac4a3000 	C:\WINDOWS\System32\gdi32full.dll
0x00007ffaad0c0000 - 0x00007ffaad15b000 	C:\WINDOWS\System32\msvcp_win.dll
0x00007ffaad230000 - 0x00007ffaad326000 	C:\WINDOWS\System32\ucrtbase.dll
0x00007ffa9b0c0000 - 0x00007ffa9b329000 	C:\WINDOWS\WinSxS\amd64_microsoft.windows.common-controls_6595b64144ccf1df_6.0.16299.248_none_15ced204935f55d7\COMCTL32.dll
0x00007ffaae500000 - 0x00007ffaae808000 	C:\WINDOWS\System32\combase.dll
0x00007ffaad1b0000 - 0x00007ffaad222000 	C:\WINDOWS\System32\bcryptPrimitives.dll
0x00007ffaae220000 - 0x00007ffaae24d000 	C:\WINDOWS\System32\IMM32.DLL
0x000000005f1a0000 - 0x000000005f272000 	C:\Program Files\Java\jre1.8.0_131\bin\msvcr100.dll
0x000000005f6c0000 - 0x000000005ff5d000 	C:\Program Files\Java\jre1.8.0_131\bin\server\jvm.dll
0x00007ffaae0a0000 - 0x00007ffaae0a8000 	C:\WINDOWS\System32\PSAPI.DLL
0x00007ffaa25b0000 - 0x00007ffaa25b9000 	C:\WINDOWS\SYSTEM32\WSOCK32.dll
0x00007ffaae810000 - 0x00007ffaae87c000 	C:\WINDOWS\System32\WS2_32.dll
0x00007ffaaa4a0000 - 0x00007ffaaa4c3000 	C:\WINDOWS\SYSTEM32\WINMM.dll
0x00007ffaa5bf0000 - 0x00007ffaa5bfa000 	C:\WINDOWS\SYSTEM32\VERSION.dll
0x00007ffaaa440000 - 0x00007ffaaa46a000 	C:\WINDOWS\SYSTEM32\WINMMBASE.dll
0x00007ffaad160000 - 0x00007ffaad1aa000 	C:\WINDOWS\System32\cfgmgr32.dll
0x000000005f5d0000 - 0x000000005f5df000 	C:\Program Files\Java\jre1.8.0_131\bin\verify.dll
0x000000005f5a0000 - 0x000000005f5c9000 	C:\Program Files\Java\jre1.8.0_131\bin\java.dll
0x000000005f580000 - 0x000000005f596000 	C:\Program Files\Java\jre1.8.0_131\bin\zip.dll
0x00007ffaae8e0000 - 0x00007ffaafd16000 	C:\WINDOWS\System32\SHELL32.dll
0x00007ffaadff0000 - 0x00007ffaae096000 	C:\WINDOWS\System32\shcore.dll
0x00007ffaac530000 - 0x00007ffaacc77000 	C:\WINDOWS\System32\windows.storage.dll
0x00007ffaae250000 - 0x00007ffaae2a1000 	C:\WINDOWS\System32\shlwapi.dll
0x00007ffaac1b0000 - 0x00007ffaac1c1000 	C:\WINDOWS\System32\kernel.appcore.dll
0x00007ffaac1f0000 - 0x00007ffaac23c000 	C:\WINDOWS\System32\powrprof.dll
0x00007ffaac240000 - 0x00007ffaac25b000 	C:\WINDOWS\System32\profapi.dll
0x000000005f280000 - 0x000000005f28d000 	C:\Program Files\Java\jre1.8.0_131\bin\management.dll
0x000000005f560000 - 0x000000005f57a000 	C:\Program Files\Java\jre1.8.0_131\bin\net.dll
0x00007ffaaba40000 - 0x00007ffaabaa6000 	C:\WINDOWS\system32\mswsock.dll
0x000000005f540000 - 0x000000005f551000 	C:\Program Files\Java\jre1.8.0_131\bin\nio.dll
0x000000005f2a0000 - 0x000000005f2c4000 	C:\Program Files\Java\jre1.8.0_131\bin\sunec.dll
0x000000005f290000 - 0x000000005f29b000 	C:\Program Files\Java\jre1.8.0_131\bin\sunmscapi.dll
0x00007ffaacef0000 - 0x00007ffaad0be000 	C:\WINDOWS\System32\CRYPT32.dll
0x00007ffaac1d0000 - 0x00007ffaac1e2000 	C:\WINDOWS\System32\MSASN1.dll
0x00007ffaabc00000 - 0x00007ffaabc17000 	C:\WINDOWS\SYSTEM32\CRYPTSP.dll
0x00007ffaab650000 - 0x00007ffaab683000 	C:\WINDOWS\system32\rsaenh.dll
0x00007ffaabd10000 - 0x00007ffaabd35000 	C:\WINDOWS\SYSTEM32\bcrypt.dll
0x00007ffaac0e0000 - 0x00007ffaac109000 	C:\WINDOWS\SYSTEM32\USERENV.dll
0x00007ffaabc20000 - 0x00007ffaabc2b000 	C:\WINDOWS\SYSTEM32\CRYPTBASE.dll
0x00007ffaab7d0000 - 0x00007ffaab809000 	C:\WINDOWS\SYSTEM32\IPHLPAPI.DLL
0x00007ffaae440000 - 0x00007ffaae448000 	C:\WINDOWS\System32\NSI.dll
0x00007ffaa5900000 - 0x00007ffaa5916000 	C:\WINDOWS\SYSTEM32\dhcpcsvc6.DLL
0x00007ffaa65a0000 - 0x00007ffaa65ba000 	C:\WINDOWS\SYSTEM32\dhcpcsvc.DLL
0x00007ffaab810000 - 0x00007ffaab8c6000 	C:\WINDOWS\SYSTEM32\DNSAPI.dll
0x00007ffaa48d0000 - 0x00007ffaa48da000 	C:\Windows\System32\rasadhlp.dll
0x00007ffaa49b0000 - 0x00007ffaa4a20000 	C:\WINDOWS\System32\fwpuclnt.dll
0x00007ffaa6bd0000 - 0x00007ffaa6d98000 	C:\WINDOWS\SYSTEM32\dbghelp.dll

VM Arguments:
jvm_args: -Dcatalina.base=C:\Users\Tristan Glaes\Documents\eclipse-projects\.metadata\.plugins\org.eclipse.wst.server.core\tmp0 -Dcatalina.home=C:\Users\Tristan Glaes\Documents\team5ds\project3\apache-tomcat-8.5.24\apache-tomcat-8.5.24 -Dwtp.deploy=C:\Users\Tristan Glaes\Documents\eclipse-projects\.metadata\.plugins\org.eclipse.wst.server.core\tmp0\wtpwebapps -Djava.endorsed.dirs=C:\Users\Tristan Glaes\Documents\team5ds\project3\apache-tomcat-8.5.24\apache-tomcat-8.5.24\endorsed -Dfile.encoding=Cp1252 
java_command: org.apache.catalina.startup.Bootstrap start
java_class_path (initial): C:\Program Files\Java\jre1.8.0_131\lib\resources.jar;C:\Program Files\Java\jre1.8.0_131\lib\rt.jar;C:\Program Files\Java\jre1.8.0_131\lib\jsse.jar;C:\Program Files\Java\jre1.8.0_131\lib\jce.jar;C:\Program Files\Java\jre1.8.0_131\lib\charsets.jar;C:\Program Files\Java\jre1.8.0_131\lib\jfr.jar;C:\Users\Tristan Glaes\Documents\team5ds\project3\apache-tomcat-8.5.24\apache-tomcat-8.5.24\bin\bootstrap.jar;C:\Users\Tristan Glaes\Documents\team5ds\project3\apache-tomcat-8.5.24\apache-tomcat-8.5.24\bin\tomcat-juli.jar
Launcher Type: SUN_STANDARD

Environment Variables:
PATH=C:/Program Files/Java/jre1.8.0_131/bin/server;C:/Program Files/Java/jre1.8.0_131/bin;C:/Program Files/Java/jre1.8.0_131/lib/amd64;C:\ProgramData\Oracle\Java\javapath;C:\WINDOWS\system32;C:\WINDOWS;C:\WINDOWS\System32\Wbem;C:\WINDOWS\System32\WindowsPowerShell\v1.0\;C:\Program Files\PuTTY\;C:\Program Files\MySQL\MySQL Utilities 1.6\;C:\Program Files\dotnet\;C:\Program Files\Microsoft SQL Server\130\Tools\Binn\;C:\Program Files (x86)\NVIDIA Corporation\PhysX\Common;C:\Users\Tristan Glaes\AppData\Local\Microsoft\WindowsApps;C:\Program Files\Java\jdk1.8.0_131;C:\Users\Tristan Glaes\AppData\Local\atom\bin;C:\Users\Tristan Glaes\Desktop;
USERNAME=Tristan Glaes
OS=Windows_NT
PROCESSOR_IDENTIFIER=Intel64 Family 6 Model 60 Stepping 3, GenuineIntel



---------------  S Y S T E M  ---------------

OS: Windows 10.0 , 64 bit Build 16299 (10.0.16299.15)

CPU:total 4 (initial active 4) (4 cores per cpu, 1 threads per core) family 6 model 60 stepping 3, cmov, cx8, fxsr, mmx, sse, sse2, sse3, ssse3, sse4.1, sse4.2, popcnt, avx, avx2, aes, clmul, erms, lzcnt, tsc, tscinvbit, bmi1, bmi2

Memory: 4k page, physical 8305716k(4109588k free), swap 11058228k(6003016k free)

vm_info: Java HotSpot(TM) 64-Bit Server VM (25.141-b15) for windows-amd64 JRE (1.8.0_141-b15), built on Jul 12 2017 04:25:12 by "java_re" with MS VC++ 10.0 (VS2010)

time: Fri Mar 09 13:23:25 2018
elapsed time: 2263 seconds (0d 0h 37m 43s)

