#
# A fatal error has been detected by the Java Runtime Environment:
#
#  EXCEPTION_ACCESS_VIOLATION (0xc0000005) at pc=0x000000006d082800, pid=1184, tid=0x0000000000001970
#
# JRE version: Java(TM) SE Runtime Environment (8.0_141-b15) (build 1.8.0_141-b15)
# Java VM: Java HotSpot(TM) 64-Bit Server VM (25.141-b15 mixed mode windows-amd64 compressed oops)
# Problematic frame:
# C  0x000000006d082800
#
# Failed to write core dump. Minidumps are not enabled by default on client versions of Windows
#
# If you would like to submit a bug report, please visit:
#   http://bugreport.java.com/bugreport/crash.jsp
# The crash happened outside the Java Virtual Machine in native code.
# See problematic frame for where to report the bug.
#

---------------  T H R E A D  ---------------

Current thread (0x00000000197da800):  JavaThread "Finalizer" daemon [_thread_in_native, id=6512, stack(0x000000001aa50000,0x000000001ab50000)]

siginfo: ExceptionCode=0xc0000005, ExceptionInformation=0x0000000000000008 0x000000006d082800

Registers:
RAX=0x000000006d082800, RBX=0x000000001df32d58, RCX=0x00000000197da9f8, RDX=0x000000001ab4eda0
RSP=0x000000001ab4ecd8, RBP=0x000000001ab4ed70, RSI=0x0000000000000009, RDI=0x0000000081f21f98
R8 =0x000000002210bcc8, R9 =0x0000000081f18308, R10=0x0000000004c98a4b, R11=0x000000005e75bc50
R12=0x0000000000000000, R13=0x000000001df32d58, R14=0x000000001ab4eda0, R15=0x00000000197da800
RIP=0x000000006d082800, EFLAGS=0x0000000000010202

Top of Stack: (sp=0x000000001ab4ecd8)
0x000000001ab4ecd8:   0000000004c98a77 0000000000000065
0x000000001ab4ece8:   0000000004c935e3 0000000082015460
0x000000001ab4ecf8:   00000000197da800 000000001ab4ed60
0x000000001ab4ed08:   0000000004c8835d 0000000004c8835d
0x000000001ab4ed18:   0000000082015450 0000000000000000
0x000000001ab4ed28:   0000000081f18308 000000001ab4ed20
0x000000001ab4ed38:   0000000000000000 000000001ab4eda0
0x000000001ab4ed48:   000000001df65a58 0000000000000000
0x000000001ab4ed58:   000000001df32d58 0000000000000000
0x000000001ab4ed68:   000000001ab4ed90 000000001ab4edf8
0x000000001ab4ed78:   0000000004c87da0 0000000000000000
0x000000001ab4ed88:   0000000004c919d6 000000002210bcc8
0x000000001ab4ed98:   000000002210bcc8 0000000081f18308
0x000000001ab4eda8:   0000000000000009 0000000081f18308
0x000000001ab4edb8:   000000001ab4eda8 000000001df738c2
0x000000001ab4edc8:   000000001ab4ee18 000000001df82ae8 

Instructions: (pc=0x000000006d082800)
0x000000006d0827e0:   
[error occurred during error reporting (printing registers, top of stack, instructions near pc), id 0xc0000005]

Register to memory mapping:

RAX=0x000000006d082800 is an unknown value
RBX={method} {0x000000001df32d60} 'reset' '(J)I' in 'org/sqlite/core/NativeDB'
RCX=0x00000000197da9f8 is an unknown value
RDX=0x000000001ab4eda0 is pointing into the stack for thread: 0x00000000197da800
RSP=0x000000001ab4ecd8 is pointing into the stack for thread: 0x00000000197da800
RBP=0x000000001ab4ed70 is pointing into the stack for thread: 0x00000000197da800
RSI=0x0000000000000009 is an unknown value
RDI=0x0000000081f21f98 is an oop
java.util.zip.ZStreamRef 
 - klass: 'java/util/zip/ZStreamRef'
R8 =0x000000002210bcc8 is an unknown value
R9 =0x0000000081f18308 is an oop
org.sqlite.core.NativeDB 
 - klass: 'org/sqlite/core/NativeDB'
R10=0x0000000004c98a4b is at code_begin+1227 in an Interpreter codelet
method entry point (kind = native_synchronized)  [0x0000000004c98580, 0x0000000004c99060]  2784 bytes
R11=0x000000005e75bc50 is an unknown value
R12=0x0000000000000000 is an unknown value
R13={method} {0x000000001df32d60} 'reset' '(J)I' in 'org/sqlite/core/NativeDB'
R14=0x000000001ab4eda0 is pointing into the stack for thread: 0x00000000197da800
R15=0x00000000197da800 is a thread


Stack: [0x000000001aa50000,0x000000001ab50000],  sp=0x000000001ab4ecd8,  free space=1019k
Native frames: (J=compiled Java code, j=interpreted, Vv=VM code, C=native code)
C  0x000000006d082800

Java frames: (J=compiled Java code, j=interpreted, Vv=VM code)
j  org.sqlite.core.NativeDB.reset(J)I+0
j  org.sqlite.core.CoreResultSet.close()V+90
j  org.sqlite.jdbc4.JDBC4ResultSet.close()V+6
j  org.sqlite.jdbc3.JDBC3ResultSet.finalize()V+1
J 3808% C2 java.lang.ref.Finalizer$FinalizerThread.run()V (55 bytes) @ 0x00000000056bf38c [0x00000000056bf0e0+0x2ac]
v  ~StubRoutines::call_stub

---------------  P R O C E S S  ---------------

Java Threads: ( => current thread )
  0x000000001cfe7000 JavaThread "ajp-nio-8009-exec-37" daemon [_thread_blocked, id=5712, stack(0x000000002add0000,0x000000002aed0000)]
  0x000000001cfe8800 JavaThread "http-nio-8080-exec-85" daemon [_thread_blocked, id=14300, stack(0x000000002acd0000,0x000000002add0000)]
  0x000000001cfe9800 JavaThread "ajp-nio-8009-exec-36" daemon [_thread_blocked, id=12064, stack(0x000000002abd0000,0x000000002acd0000)]
  0x000000001cfe5000 JavaThread "http-nio-8080-exec-84" daemon [_thread_blocked, id=1624, stack(0x000000002aad0000,0x000000002abd0000)]
  0x0000000020bd4000 JavaThread "http-nio-8080-exec-83" daemon [_thread_blocked, id=10284, stack(0x000000002a9d0000,0x000000002aad0000)]
  0x0000000020bd7000 JavaThread "http-nio-8080-exec-81" daemon [_thread_blocked, id=3980, stack(0x000000002a6d0000,0x000000002a7d0000)]
  0x0000000020bd3000 JavaThread "http-nio-8080-exec-80" daemon [_thread_blocked, id=12056, stack(0x000000002a5d0000,0x000000002a6d0000)]
  0x0000000020bc8000 JavaThread "http-nio-8080-exec-79" daemon [_thread_blocked, id=2980, stack(0x000000002a4d0000,0x000000002a5d0000)]
  0x0000000020bce000 JavaThread "ajp-nio-8009-exec-34" daemon [_thread_blocked, id=11836, stack(0x000000002a3d0000,0x000000002a4d0000)]
  0x0000000020bcb000 JavaThread "http-nio-8080-exec-78" daemon [_thread_blocked, id=9264, stack(0x000000002a2d0000,0x000000002a3d0000)]
  0x0000000020bcb800 JavaThread "http-nio-8080-exec-76" daemon [_thread_blocked, id=12144, stack(0x000000002a0d0000,0x000000002a1d0000)]
  0x0000000020bcf800 JavaThread "http-nio-8080-exec-75" daemon [_thread_blocked, id=4332, stack(0x0000000029fd0000,0x000000002a0d0000)]
  0x0000000020bcd000 JavaThread "http-nio-8080-exec-74" daemon [_thread_blocked, id=16192, stack(0x0000000029ed0000,0x0000000029fd0000)]
  0x000000001cfe3800 JavaThread "ajp-nio-8009-exec-32" daemon [_thread_blocked, id=11356, stack(0x00000000295d0000,0x00000000296d0000)]
  0x0000000020bc9800 JavaThread "ajp-nio-8009-exec-31" daemon [_thread_blocked, id=10484, stack(0x00000000292d0000,0x00000000293d0000)]
  0x0000000020bca000 JavaThread "ajp-nio-8009-exec-29" daemon [_thread_blocked, id=9140, stack(0x0000000028fd0000,0x00000000290d0000)]
  0x000000001cfe6800 JavaThread "ajp-nio-8009-exec-27" daemon [_thread_blocked, id=6132, stack(0x0000000028bd0000,0x0000000028cd0000)]
  0x0000000020bce800 JavaThread "ajp-nio-8009-exec-23" daemon [_thread_blocked, id=10316, stack(0x0000000026ed0000,0x0000000026fd0000)]
  0x0000000020bd1800 JavaThread "ajp-nio-8009-exec-21" daemon [_thread_blocked, id=7304, stack(0x00000000266d0000,0x00000000267d0000)]
  0x0000000020bd2800 JavaThread "ajp-nio-8009-AsyncTimeout" daemon [_thread_blocked, id=11728, stack(0x00000000234f0000,0x00000000235f0000)]
  0x0000000020bd6000 JavaThread "ajp-nio-8009-Acceptor-0" daemon [_thread_in_native, id=8848, stack(0x00000000233f0000,0x00000000234f0000)]
  0x0000000020bd5800 JavaThread "ajp-nio-8009-ClientPoller-1" daemon [_thread_in_native, id=14492, stack(0x00000000232f0000,0x00000000233f0000)]
  0x0000000020bd0000 JavaThread "ajp-nio-8009-ClientPoller-0" daemon [_thread_in_native, id=16300, stack(0x00000000231f0000,0x00000000232f0000)]
  0x0000000020bd4800 JavaThread "ajp-nio-8009-exec-10" daemon [_thread_blocked, id=692, stack(0x00000000230f0000,0x00000000231f0000)]
  0x0000000020bc8800 JavaThread "http-nio-8080-AsyncTimeout" daemon [_thread_blocked, id=2068, stack(0x00000000226f0000,0x00000000227f0000)]
  0x000000001cfe8000 JavaThread "http-nio-8080-Acceptor-0" daemon [_thread_in_native, id=13460, stack(0x00000000225f0000,0x00000000226f0000)]
  0x000000001cfe2800 JavaThread "http-nio-8080-ClientPoller-1" daemon [_thread_in_native, id=9124, stack(0x00000000224f0000,0x00000000225f0000)]
  0x000000001cfe4000 JavaThread "http-nio-8080-ClientPoller-0" daemon [_thread_in_native, id=16184, stack(0x00000000223f0000,0x00000000224f0000)]
  0x000000001c79b800 JavaThread "ContainerBackgroundProcessor[StandardEngine[Catalina]]" daemon [_thread_in_Java, id=12052, stack(0x00000000217f0000,0x00000000218f0000)]
  0x000000001c1cd000 JavaThread "NioBlockingSelector.BlockPoller-2" daemon [_thread_in_native, id=12120, stack(0x000000001dd50000,0x000000001de50000)]
  0x000000001c1ca800 JavaThread "NioBlockingSelector.BlockPoller-1" daemon [_thread_in_native, id=2684, stack(0x000000001dc50000,0x000000001dd50000)]
  0x000000001bfe9800 JavaThread "GC Daemon" daemon [_thread_blocked, id=3556, stack(0x000000001d610000,0x000000001d710000)]
  0x000000001b179800 JavaThread "Service Thread" daemon [_thread_blocked, id=10068, stack(0x000000001b670000,0x000000001b770000)]
  0x000000001b174800 JavaThread "C1 CompilerThread2" daemon [_thread_blocked, id=16068, stack(0x000000001b570000,0x000000001b670000)]
  0x000000001984c000 JavaThread "C2 CompilerThread1" daemon [_thread_blocked, id=4384, stack(0x000000001b070000,0x000000001b170000)]
  0x00000000197ee000 JavaThread "C2 CompilerThread0" daemon [_thread_blocked, id=13024, stack(0x000000001af70000,0x000000001b070000)]
  0x00000000197eb800 JavaThread "Attach Listener" daemon [_thread_blocked, id=3588, stack(0x000000001ae70000,0x000000001af70000)]
  0x00000000197f5000 JavaThread "Signal Dispatcher" daemon [_thread_blocked, id=8480, stack(0x000000001ad70000,0x000000001ae70000)]
=>0x00000000197da800 JavaThread "Finalizer" daemon [_thread_in_native, id=6512, stack(0x000000001aa50000,0x000000001ab50000)]
  0x0000000004c73800 JavaThread "Reference Handler" daemon [_thread_blocked, id=11040, stack(0x000000001a950000,0x000000001aa50000)]
  0x0000000004a0d800 JavaThread "main" [_thread_in_native, id=16188, stack(0x0000000004a80000,0x0000000004b80000)]

Other Threads:
  0x00000000197b8000 VMThread [stack: 0x000000001a850000,0x000000001a950000] [id=13372]
  0x000000001b186000 WatcherThread [stack: 0x000000001bb40000,0x000000001bc40000] [id=15924]

VM state:not at safepoint (normal execution)

VM Mutex/Monitor currently owned by a thread: None

Heap:
 PSYoungGen      total 230400K, used 4281K [0x00000000d5c00000, 0x00000000e5880000, 0x0000000100000000)
  eden space 212480K, 2% used [0x00000000d5c00000,0x00000000d602e760,0x00000000e2b80000)
  from space 17920K, 0% used [0x00000000e4700000,0x00000000e4700000,0x00000000e5880000)
  to   space 22016K, 0% used [0x00000000e2d80000,0x00000000e2d80000,0x00000000e4300000)
 ParOldGen       total 78336K, used 33566K [0x0000000081400000, 0x0000000086080000, 0x00000000d5c00000)
  object space 78336K, 42% used [0x0000000081400000,0x00000000834c78b8,0x0000000086080000)
 Metaspace       used 44962K, capacity 45664K, committed 72832K, reserved 1112064K
  class space    used 5821K, capacity 6074K, committed 10880K, reserved 1048576K

Card table byte_map: [0x0000000014040000,0x0000000014440000] byte_map_base: 0x0000000013c36000

Marking Bits: (ParMarkBitMap*) 0x000000005ed4d850
 Begin Bits: [0x0000000014af0000, 0x0000000016aa0000)
 End Bits:   [0x0000000016aa0000, 0x0000000018a50000)

Polling page: 0x0000000002d10000

CodeCache: size=245760Kb used=21411Kb max_used=21422Kb free=224348Kb
 bounds [0x0000000004c80000, 0x00000000061a0000, 0x0000000013c80000]
 total_blobs=7229 nmethods=6804 adapters=337
 compilation: enabled

Compilation events (10 events):
Event: 2257.276 Thread 0x000000001984c000 nmethod 8407 0x000000000618ad90 code [0x000000000618af60, 0x000000000618c688]
Event: 2257.706 Thread 0x000000001b174800 8409       3       sun.security.jca.ProviderList::getJarList (130 bytes)
Event: 2257.707 Thread 0x000000001b174800 nmethod 8409 0x0000000006188f10 code [0x0000000006189180, 0x000000000618a238]
Event: 2257.714 Thread 0x000000001b174800 8410       1       java.lang.InheritableThreadLocal::getMap (5 bytes)
Event: 2257.714 Thread 0x000000001b174800 nmethod 8410 0x0000000006188c10 code [0x0000000006188d60, 0x0000000006188e70]
Event: 2257.820 Thread 0x00000000197ee000 8411       4       java.util.zip.ZipFile::finalize (5 bytes)
Event: 2257.820 Thread 0x00000000197ee000 nmethod 8411 0x0000000006187450 code [0x00000000061875a0, 0x0000000006187648]
Event: 2257.822 Thread 0x000000001b174800 8412       1       org.sqlite.core.CoreResultSet::isOpen (5 bytes)
Event: 2257.822 Thread 0x000000001b174800 nmethod 8412 0x0000000006187190 code [0x00000000061872e0, 0x00000000061873f0]
Event: 2257.822 Thread 0x000000001984c000 8413       4       java.util.Locale::hashCode (41 bytes)

GC Heap History (10 events):
Event: 2192.594 GC heap before
{Heap before GC invocations=66 (full 3):
 PSYoungGen      total 216576K, used 216224K [0x00000000d5c00000, 0x00000000e4a00000, 0x0000000100000000)
  eden space 197632K, 100% used [0x00000000d5c00000,0x00000000e1d00000,0x00000000e1d00000)
  from space 18944K, 98% used [0x00000000e3780000,0x00000000e49a83d8,0x00000000e4a00000)
  to   space 22016K, 0% used [0x00000000e1f00000,0x00000000e1f00000,0x00000000e3480000)
 ParOldGen       total 64512K, used 53189K [0x0000000081400000, 0x0000000085300000, 0x00000000d5c00000)
  object space 64512K, 82% used [0x0000000081400000,0x00000000847f1450,0x0000000085300000)
 Metaspace       used 72626K, capacity 73770K, committed 74240K, reserved 1114112K
  class space    used 9825K, capacity 10179K, committed 10240K, reserved 1048576K
Event: 2192.606 GC heap after
Heap after GC invocations=66 (full 3):
 PSYoungGen      total 221696K, used 4672K [0x00000000d5c00000, 0x00000000e6680000, 0x0000000100000000)
  eden space 199680K, 0% used [0x00000000d5c00000,0x00000000d5c00000,0x00000000e1f00000)
  from space 22016K, 21% used [0x00000000e1f00000,0x00000000e2390010,0x00000000e3480000)
  to   space 20992K, 0% used [0x00000000e5200000,0x00000000e5200000,0x00000000e6680000)
 ParOldGen       total 64512K, used 55720K [0x0000000081400000, 0x0000000085300000, 0x00000000d5c00000)
  object space 64512K, 86% used [0x0000000081400000,0x0000000084a6a230,0x0000000085300000)
 Metaspace       used 72626K, capacity 73770K, committed 74240K, reserved 1114112K
  class space    used 9825K, capacity 10179K, committed 10240K, reserved 1048576K
}
Event: 2193.209 GC heap before
{Heap before GC invocations=67 (full 3):
 PSYoungGen      total 221696K, used 204352K [0x00000000d5c00000, 0x00000000e6680000, 0x0000000100000000)
  eden space 199680K, 100% used [0x00000000d5c00000,0x00000000e1f00000,0x00000000e1f00000)
  from space 22016K, 21% used [0x00000000e1f00000,0x00000000e2390010,0x00000000e3480000)
  to   space 20992K, 0% used [0x00000000e5200000,0x00000000e5200000,0x00000000e6680000)
 ParOldGen       total 64512K, used 55720K [0x0000000081400000, 0x0000000085300000, 0x00000000d5c00000)
  object space 64512K, 86% used [0x0000000081400000,0x0000000084a6a230,0x0000000085300000)
 Metaspace       used 72626K, capacity 73770K, committed 74240K, reserved 1114112K
  class space    used 9825K, capacity 10179K, committed 10240K, reserved 1048576K
Event: 2193.219 GC heap after
Heap after GC invocations=67 (full 3):
 PSYoungGen      total 252416K, used 4704K [0x00000000d5c00000, 0x00000000e6880000, 0x0000000100000000)
  eden space 231424K, 0% used [0x00000000d5c00000,0x00000000d5c00000,0x00000000e3e00000)
  from space 20992K, 22% used [0x00000000e5200000,0x00000000e5698000,0x00000000e6680000)
  to   space 20480K, 0% used [0x00000000e3e00000,0x00000000e3e00000,0x00000000e5200000)
 ParOldGen       total 64512K, used 58480K [0x0000000081400000, 0x0000000085300000, 0x00000000d5c00000)
  object space 64512K, 90% used [0x0000000081400000,0x0000000084d1c240,0x0000000085300000)
 Metaspace       used 72626K, capacity 73770K, committed 74240K, reserved 1114112K
  class space    used 9825K, capacity 10179K, committed 10240K, reserved 1048576K
}
Event: 2225.645 GC heap before
{Heap before GC invocations=68 (full 3):
 PSYoungGen      total 252416K, used 236128K [0x00000000d5c00000, 0x00000000e6880000, 0x0000000100000000)
  eden space 231424K, 100% used [0x00000000d5c00000,0x00000000e3e00000,0x00000000e3e00000)
  from space 20992K, 22% used [0x00000000e5200000,0x00000000e5698000,0x00000000e6680000)
  to   space 20480K, 0% used [0x00000000e3e00000,0x00000000e3e00000,0x00000000e5200000)
 ParOldGen       total 64512K, used 58480K [0x0000000081400000, 0x0000000085300000, 0x00000000d5c00000)
  object space 64512K, 90% used [0x0000000081400000,0x0000000084d1c240,0x0000000085300000)
 Metaspace       used 77061K, capacity 78246K, committed 78720K, reserved 1118208K
  class space    used 10480K, capacity 10829K, committed 10880K, reserved 1048576K
Event: 2225.655 GC heap after
Heap after GC invocations=68 (full 3):
 PSYoungGen      total 229888K, used 7684K [0x00000000d5c00000, 0x00000000e5980000, 0x0000000100000000)
  eden space 221696K, 0% used [0x00000000d5c00000,0x00000000d5c00000,0x00000000e3480000)
  from space 8192K, 93% used [0x00000000e3e00000,0x00000000e45813b8,0x00000000e4600000)
  to   space 18944K, 0% used [0x00000000e4700000,0x00000000e4700000,0x00000000e5980000)
 ParOldGen       total 64512K, used 59360K [0x0000000081400000, 0x0000000085300000, 0x00000000d5c00000)
  object space 64512K, 92% used [0x0000000081400000,0x0000000084df8240,0x0000000085300000)
 Metaspace       used 77061K, capacity 78246K, committed 78720K, reserved 1118208K
  class space    used 10480K, capacity 10829K, committed 10880K, reserved 1048576K
}
Event: 2257.723 GC heap before
{Heap before GC invocations=69 (full 3):
 PSYoungGen      total 229888K, used 229380K [0x00000000d5c00000, 0x00000000e5980000, 0x0000000100000000)
  eden space 221696K, 100% used [0x00000000d5c00000,0x00000000e3480000,0x00000000e3480000)
  from space 8192K, 93% used [0x00000000e3e00000,0x00000000e45813b8,0x00000000e4600000)
  to   space 18944K, 0% used [0x00000000e4700000,0x00000000e4700000,0x00000000e5980000)
 ParOldGen       total 64512K, used 59360K [0x0000000081400000, 0x0000000085300000, 0x00000000d5c00000)
  object space 64512K, 92% used [0x0000000081400000,0x0000000084df8240,0x0000000085300000)
 Metaspace       used 77191K, capacity 78396K, committed 78976K, reserved 1118208K
  class space    used 10498K, capacity 10874K, committed 10880K, reserved 1048576K
Event: 2257.737 GC heap after
Heap after GC invocations=69 (full 3):
 PSYoungGen      total 230400K, used 17827K [0x00000000d5c00000, 0x00000000e5880000, 0x0000000100000000)
  eden space 212480K, 0% used [0x00000000d5c00000,0x00000000d5c00000,0x00000000e2b80000)
  from space 17920K, 99% used [0x00000000e4700000,0x00000000e5868ec8,0x00000000e5880000)
  to   space 22016K, 0% used [0x00000000e2d80000,0x00000000e2d80000,0x00000000e4300000)
 ParOldGen       total 64512K, used 60852K [0x0000000081400000, 0x0000000085300000, 0x00000000d5c00000)
  object space 64512K, 94% used [0x0000000081400000,0x0000000084f6d280,0x0000000085300000)
 Metaspace       used 77191K, capacity 78396K, committed 78976K, reserved 1118208K
  class space    used 10498K, capacity 10874K, committed 10880K, reserved 1048576K
}
Event: 2257.737 GC heap before
{Heap before GC invocations=70 (full 4):
 PSYoungGen      total 230400K, used 17827K [0x00000000d5c00000, 0x00000000e5880000, 0x0000000100000000)
  eden space 212480K, 0% used [0x00000000d5c00000,0x00000000d5c00000,0x00000000e2b80000)
  from space 17920K, 99% used [0x00000000e4700000,0x00000000e5868ec8,0x00000000e5880000)
  to   space 22016K, 0% used [0x00000000e2d80000,0x00000000e2d80000,0x00000000e4300000)
 ParOldGen       total 64512K, used 60852K [0x0000000081400000, 0x0000000085300000, 0x00000000d5c00000)
  object space 64512K, 94% used [0x0000000081400000,0x0000000084f6d280,0x0000000085300000)
 Metaspace       used 77191K, capacity 78396K, committed 78976K, reserved 1118208K
  class space    used 10498K, capacity 10874K, committed 10880K, reserved 1048576K
Event: 2257.820 GC heap after
Heap after GC invocations=70 (full 4):
 PSYoungGen      total 230400K, used 0K [0x00000000d5c00000, 0x00000000e5880000, 0x0000000100000000)
  eden space 212480K, 0% used [0x00000000d5c00000,0x00000000d5c00000,0x00000000e2b80000)
  from space 17920K, 0% used [0x00000000e4700000,0x00000000e4700000,0x00000000e5880000)
  to   space 22016K, 0% used [0x00000000e2d80000,0x00000000e2d80000,0x00000000e4300000)
 ParOldGen       total 78336K, used 33566K [0x0000000081400000, 0x0000000086080000, 0x00000000d5c00000)
  object space 78336K, 42% used [0x0000000081400000,0x00000000834c78b8,0x0000000086080000)
 Metaspace       used 44962K, capacity 45664K, committed 72832K, reserved 1112064K
  class space    used 5821K, capacity 6074K, committed 10880K, reserved 1048576K
}

Deoptimization events (10 events):
Event: 1780.275 Thread 0x000000001c79b800 Uncommon trap: reason=bimorphic action=maybe_recompile pc=0x0000000005d92e9c method=java.util.concurrent.FutureTask.run()V @ 42
Event: 1780.278 Thread 0x000000001c79b800 Uncommon trap: reason=bimorphic action=maybe_recompile pc=0x0000000005d92e9c method=java.util.concurrent.FutureTask.run()V @ 42
Event: 1899.638 Thread 0x0000000020bd7000 Uncommon trap: reason=unstable_if action=reinterpret pc=0x0000000005638084 method=org.sqlite.SQLiteJDBCLoader.contentsEquals(Ljava/io/InputStream;Ljava/io/InputStream;)Z @ 39
Event: 1968.752 Thread 0x0000000020bcb800 Uncommon trap: reason=unstable_if action=reinterpret pc=0x0000000005f09284 method=org.sqlite.SQLiteJDBCLoader.contentsEquals(Ljava/io/InputStream;Ljava/io/InputStream;)Z @ 39
Event: 1980.347 Thread 0x0000000020bcb000 Uncommon trap: reason=unstable_if action=reinterpret pc=0x00000000051c5028 method=java.util.regex.Pattern$BmpCharProperty.match(Ljava/util/regex/Matcher;ILjava/lang/CharSequence;)Z @ 34
Event: 1980.347 Thread 0x0000000020bcb000 Uncommon trap: reason=unstable_if action=reinterpret pc=0x00000000056bb378 method=java.util.regex.Pattern$Branch.match(Ljava/util/regex/Matcher;ILjava/lang/CharSequence;)Z @ 35
Event: 1980.347 Thread 0x0000000020bcb000 Uncommon trap: reason=class_check action=maybe_recompile pc=0x00000000051a2d2c method=java.util.regex.Pattern$Curly.match0(Ljava/util/regex/Matcher;IILjava/lang/CharSequence;)Z @ 77
Event: 1980.356 Thread 0x0000000020bcb000 Uncommon trap: reason=predicate action=maybe_recompile pc=0x00000000054e1ba8 method=java.util.TreeMap.getEntry(Ljava/lang/Object;)Ljava/util/TreeMap$Entry; @ 39
Event: 2128.076 Thread 0x000000001c79b800 Uncommon trap: reason=class_check action=maybe_recompile pc=0x0000000006023b58 method=java.lang.reflect.Array.newInstance(Ljava/lang/Class;I)Ljava/lang/Object; @ 2
Event: 2193.399 Thread 0x000000001c79b800 Uncommon trap: reason=null_check action=make_not_entrant pc=0x0000000006023b3c method=java.lang.reflect.Array.newInstance(Ljava/lang/Class;I)Ljava/lang/Object; @ 2

Internal exceptions (10 events):
Event: 1120.142 Thread 0x000000001c79b800 Exception <a 'java/io/FileNotFoundException'> (0x00000000ef189ce0) thrown at [C:\re\workspace\8-2-build-windows-amd64-cygwin\jdk8u141\9370\hotspot\src\share\vm\prims\jni.cpp, line 709]
Event: 1229.219 Thread 0x000000001c79b800 Exception <a 'java/io/FileNotFoundException'> (0x00000000e674eb10) thrown at [C:\re\workspace\8-2-build-windows-amd64-cygwin\jdk8u141\9370\hotspot\src\share\vm\prims\jni.cpp, line 709]
Event: 1295.615 Thread 0x000000001c79b800 Exception <a 'java/io/FileNotFoundException'> (0x00000000dd8dce90) thrown at [C:\re\workspace\8-2-build-windows-amd64-cygwin\jdk8u141\9370\hotspot\src\share\vm\prims\jni.cpp, line 709]
Event: 1351.266 Thread 0x000000001c79b800 Exception <a 'java/io/FileNotFoundException'> (0x00000000da9d4700) thrown at [C:\re\workspace\8-2-build-windows-amd64-cygwin\jdk8u141\9370\hotspot\src\share\vm\prims\jni.cpp, line 709]
Event: 1407.067 Thread 0x000000001c79b800 Exception <a 'java/io/FileNotFoundException'> (0x00000000d5c3f028) thrown at [C:\re\workspace\8-2-build-windows-amd64-cygwin\jdk8u141\9370\hotspot\src\share\vm\prims\jni.cpp, line 709]
Event: 1780.089 Thread 0x000000001c79b800 Exception <a 'java/io/FileNotFoundException'> (0x00000000de771e80) thrown at [C:\re\workspace\8-2-build-windows-amd64-cygwin\jdk8u141\9370\hotspot\src\share\vm\prims\jni.cpp, line 709]
Event: 1962.956 Thread 0x000000001c79b800 Exception <a 'java/io/FileNotFoundException'> (0x00000000da1a9580) thrown at [C:\re\workspace\8-2-build-windows-amd64-cygwin\jdk8u141\9370\hotspot\src\share\vm\prims\jni.cpp, line 709]
Event: 2114.139 Thread 0x000000001c79b800 Exception <a 'java/io/FileNotFoundException'> (0x00000000d7fce540) thrown at [C:\re\workspace\8-2-build-windows-amd64-cygwin\jdk8u141\9370\hotspot\src\share\vm\prims\jni.cpp, line 709]
Event: 2127.477 Thread 0x000000001c79b800 Exception <a 'java/io/FileNotFoundException'> (0x00000000d7411ce8) thrown at [C:\re\workspace\8-2-build-windows-amd64-cygwin\jdk8u141\9370\hotspot\src\share\vm\prims\jni.cpp, line 709]
Event: 2193.406 Thread 0x000000001c79b800 Exception <a 'java/io/FileNotFoundException'> (0x00000000db5980a0) thrown at [C:\re\workspace\8-2-build-windows-amd64-cygwin\jdk8u141\9370\hotspot\src\share\vm\prims\jni.cpp, line 709]

Events (10 events):
Event: 2251.201 Thread 0x000000001cfe8800 Thread added: 0x000000001cfe8800
Event: 2251.201 Executing VM operation: RevokeBias
Event: 2251.201 Thread 0x000000001cfe7000 Thread added: 0x000000001cfe7000
Event: 2251.202 Executing VM operation: RevokeBias done
Event: 2251.202 Thread 0x000000001cfe5800 Thread exited: 0x000000001cfe5800
Event: 2251.202 Executing VM operation: RevokeBias
Event: 2251.202 Executing VM operation: RevokeBias done
Event: 2251.203 Thread 0x0000000020bcc800 Thread exited: 0x0000000020bcc800
Event: 2257.723 Executing VM operation: ParallelGCFailedAllocation
Event: 2257.820 Executing VM operation: ParallelGCFailedAllocation done


Dynamic libraries:
0x00007ff6d6fe0000 - 0x00007ff6d7017000 	C:\Program Files\Java\jre1.8.0_131\bin\javaw.exe
0x00007fff534e0000 - 0x00007fff536c0000 	C:\WINDOWS\SYSTEM32\ntdll.dll
0x00007fff510e0000 - 0x00007fff5118e000 	C:\WINDOWS\System32\KERNEL32.DLL
0x00007fff4fde0000 - 0x00007fff50046000 	C:\WINDOWS\System32\KERNELBASE.dll
0x00007fff53260000 - 0x00007fff53301000 	C:\WINDOWS\System32\ADVAPI32.dll
0x00007fff50f40000 - 0x00007fff50fdd000 	C:\WINDOWS\System32\msvcrt.dll
0x00007fff51d80000 - 0x00007fff51ddb000 	C:\WINDOWS\System32\sechost.dll
0x00007fff509b0000 - 0x00007fff50acf000 	C:\WINDOWS\System32\RPCRT4.dll
0x00007fff51bf0000 - 0x00007fff51d7f000 	C:\WINDOWS\System32\USER32.dll
0x00007fff4fb50000 - 0x00007fff4fb70000 	C:\WINDOWS\System32\win32u.dll
0x00007fff50de0000 - 0x00007fff50e08000 	C:\WINDOWS\System32\GDI32.dll
0x00007fff4fbf0000 - 0x00007fff4fd83000 	C:\WINDOWS\System32\gdi32full.dll
0x00007fff4f8e0000 - 0x00007fff4f97b000 	C:\WINDOWS\System32\msvcp_win.dll
0x00007fff50050000 - 0x00007fff50146000 	C:\WINDOWS\System32\ucrtbase.dll
0x00007fff42f00000 - 0x00007fff43169000 	C:\WINDOWS\WinSxS\amd64_microsoft.windows.common-controls_6595b64144ccf1df_6.0.16299.192_none_15c8cdae9364c23b\COMCTL32.dll
0x00007fff50ad0000 - 0x00007fff50dd8000 	C:\WINDOWS\System32\combase.dll
0x00007fff4fb70000 - 0x00007fff4fbe2000 	C:\WINDOWS\System32\bcryptPrimitives.dll
0x00007fff53230000 - 0x00007fff5325d000 	C:\WINDOWS\System32\IMM32.DLL
0x000000005e010000 - 0x000000005e0e2000 	C:\Program Files\Java\jre1.8.0_131\bin\msvcr100.dll
0x000000005e530000 - 0x000000005edcd000 	C:\Program Files\Java\jre1.8.0_131\bin\server\jvm.dll
0x00007fff517b0000 - 0x00007fff517b8000 	C:\WINDOWS\System32\PSAPI.DLL
0x00007fff47c50000 - 0x00007fff47c59000 	C:\WINDOWS\SYSTEM32\WSOCK32.dll
0x00007fff4dbd0000 - 0x00007fff4dbf3000 	C:\WINDOWS\SYSTEM32\WINMM.dll
0x00007fff517c0000 - 0x00007fff5182c000 	C:\WINDOWS\System32\WS2_32.dll
0x00007fff48430000 - 0x00007fff4843a000 	C:\WINDOWS\SYSTEM32\VERSION.dll
0x00007fff4da90000 - 0x00007fff4daba000 	C:\WINDOWS\SYSTEM32\WINMMBASE.dll
0x00007fff4fd90000 - 0x00007fff4fdda000 	C:\WINDOWS\System32\cfgmgr32.dll
0x000000005e440000 - 0x000000005e44f000 	C:\Program Files\Java\jre1.8.0_131\bin\verify.dll
0x000000005e410000 - 0x000000005e439000 	C:\Program Files\Java\jre1.8.0_131\bin\java.dll
0x000000005e3f0000 - 0x000000005e406000 	C:\Program Files\Java\jre1.8.0_131\bin\zip.dll
0x00007fff51de0000 - 0x00007fff53216000 	C:\WINDOWS\System32\SHELL32.dll
0x00007fff51700000 - 0x00007fff517a6000 	C:\WINDOWS\System32\shcore.dll
0x00007fff50260000 - 0x00007fff509a7000 	C:\WINDOWS\System32\windows.storage.dll
0x00007fff51080000 - 0x00007fff510d1000 	C:\WINDOWS\System32\shlwapi.dll
0x00007fff4f870000 - 0x00007fff4f881000 	C:\WINDOWS\System32\kernel.appcore.dll
0x00007fff4f890000 - 0x00007fff4f8dc000 	C:\WINDOWS\System32\powrprof.dll
0x00007fff4f850000 - 0x00007fff4f86b000 	C:\WINDOWS\System32\profapi.dll
0x000000005e0f0000 - 0x000000005e0fd000 	C:\Program Files\Java\jre1.8.0_131\bin\management.dll
0x000000005e3d0000 - 0x000000005e3ea000 	C:\Program Files\Java\jre1.8.0_131\bin\net.dll
0x00007fff4f060000 - 0x00007fff4f0c6000 	C:\WINDOWS\system32\mswsock.dll
0x000000005e3b0000 - 0x000000005e3c1000 	C:\Program Files\Java\jre1.8.0_131\bin\nio.dll
0x000000005e110000 - 0x000000005e134000 	C:\Program Files\Java\jre1.8.0_131\bin\sunec.dll
0x000000005e100000 - 0x000000005e10b000 	C:\Program Files\Java\jre1.8.0_131\bin\sunmscapi.dll
0x00007fff4f980000 - 0x00007fff4fb4e000 	C:\WINDOWS\System32\CRYPT32.dll
0x00007fff4f830000 - 0x00007fff4f842000 	C:\WINDOWS\System32\MSASN1.dll
0x00007fff4f220000 - 0x00007fff4f237000 	C:\WINDOWS\SYSTEM32\CRYPTSP.dll
0x00007fff4ec70000 - 0x00007fff4eca3000 	C:\WINDOWS\system32\rsaenh.dll
0x00007fff4f380000 - 0x00007fff4f3a5000 	C:\WINDOWS\SYSTEM32\bcrypt.dll
0x00007fff4f760000 - 0x00007fff4f789000 	C:\WINDOWS\SYSTEM32\USERENV.dll
0x00007fff4f3b0000 - 0x00007fff4f3bb000 	C:\WINDOWS\SYSTEM32\CRYPTBASE.dll
0x00007fff4edf0000 - 0x00007fff4ee29000 	C:\WINDOWS\SYSTEM32\IPHLPAPI.DLL
0x00007fff53220000 - 0x00007fff53228000 	C:\WINDOWS\System32\NSI.dll
0x00007fff4a880000 - 0x00007fff4a896000 	C:\WINDOWS\SYSTEM32\dhcpcsvc6.DLL
0x00007fff4ad40000 - 0x00007fff4ad5a000 	C:\WINDOWS\SYSTEM32\dhcpcsvc.DLL
0x00007fff4ee30000 - 0x00007fff4eee6000 	C:\WINDOWS\SYSTEM32\DNSAPI.dll
0x00007fff49490000 - 0x00007fff4949a000 	C:\Windows\System32\rasadhlp.dll
0x00007fff494c0000 - 0x00007fff49530000 	C:\WINDOWS\System32\fwpuclnt.dll
0x00000000227f0000 - 0x00000000228e5000 	C:\Users\Tristan Glaes\AppData\Local\Temp\sqlite-3.21.0-540c6ac7-acc0-4ff0-aff8-aa96e737bd8e-sqlitejdbc.dll
0x00007fff44c50000 - 0x00007fff44e18000 	C:\WINDOWS\SYSTEM32\dbghelp.dll

VM Arguments:
jvm_args: -Dcatalina.base=C:\Users\Tristan Glaes\Documents\eclipse-projects\.metadata\.plugins\org.eclipse.wst.server.core\tmp0 -Dcatalina.home=C:\Users\Tristan Glaes\Documents\team5ds\project3\apache-tomcat-8.5.24\apache-tomcat-8.5.24 -Dwtp.deploy=C:\Users\Tristan Glaes\Documents\eclipse-projects\.metadata\.plugins\org.eclipse.wst.server.core\tmp0\wtpwebapps -Djava.endorsed.dirs=C:\Users\Tristan Glaes\Documents\team5ds\project3\apache-tomcat-8.5.24\apache-tomcat-8.5.24\endorsed -Dfile.encoding=Cp1252 
java_command: org.apache.catalina.startup.Bootstrap start
java_class_path (initial): C:\Program Files\Java\jre1.8.0_131\lib\resources.jar;C:\Program Files\Java\jre1.8.0_131\lib\rt.jar;C:\Program Files\Java\jre1.8.0_131\lib\jsse.jar;C:\Program Files\Java\jre1.8.0_131\lib\jce.jar;C:\Program Files\Java\jre1.8.0_131\lib\charsets.jar;C:\Program Files\Java\jre1.8.0_131\lib\jfr.jar;C:\Users\Tristan Glaes\Documents\team5ds\project3\apache-tomcat-8.5.24\apache-tomcat-8.5.24\bin\bootstrap.jar;C:\Users\Tristan Glaes\Documents\team5ds\project3\apache-tomcat-8.5.24\apache-tomcat-8.5.24\bin\tomcat-juli.jar
Launcher Type: SUN_STANDARD

Environment Variables:
PATH=C:/Program Files/Java/jre1.8.0_131/bin/server;C:/Program Files/Java/jre1.8.0_131/bin;C:/Program Files/Java/jre1.8.0_131/lib/amd64;C:\Program Files (x86)\NVIDIA Corporation\PhysX\Common;C:\ProgramData\Oracle\Java\javapath;C:\WINDOWS\system32;C:\WINDOWS;C:\WINDOWS\System32\Wbem;C:\WINDOWS\System32\WindowsPowerShell\v1.0\;C:\Program Files\PuTTY\;C:\Program Files\MySQL\MySQL Utilities 1.6\;C:\Program Files\dotnet\;C:\Program Files\Microsoft SQL Server\130\Tools\Binn\;C:\Users\Tristan Glaes\AppData\Local\Microsoft\WindowsApps;C:\Program Files\Java\jdk1.8.0_131;C:\Users\Tristan Glaes\AppData\Local\atom\bin;C:\Users\Tristan Glaes\Desktop;
USERNAME=Tristan Glaes
OS=Windows_NT
PROCESSOR_IDENTIFIER=Intel64 Family 6 Model 60 Stepping 3, GenuineIntel



---------------  S Y S T E M  ---------------

OS: Windows 10.0 , 64 bit Build 16299 (10.0.16299.15)

CPU:total 4 (initial active 4) (4 cores per cpu, 1 threads per core) family 6 model 60 stepping 3, cmov, cx8, fxsr, mmx, sse, sse2, sse3, ssse3, sse4.1, sse4.2, popcnt, avx, avx2, aes, clmul, erms, lzcnt, tsc, tscinvbit, bmi1, bmi2

Memory: 4k page, physical 8305716k(3367420k free), swap 12106804k(3194076k free)

vm_info: Java HotSpot(TM) 64-Bit Server VM (25.141-b15) for windows-amd64 JRE (1.8.0_141-b15), built on Jul 12 2017 04:25:12 by "java_re" with MS VC++ 10.0 (VS2010)

time: Sun Feb 11 20:30:41 2018
elapsed time: 2257 seconds (0d 0h 37m 37s)

