#
# A fatal error has been detected by the Java Runtime Environment:
#
#  EXCEPTION_ACCESS_VIOLATION (0xc0000005) at pc=0x000000006d082800, pid=7124, tid=0x0000000000002770
#
# JRE version: Java(TM) SE Runtime Environment (8.0_141-b15) (build 1.8.0_141-b15)
# Java VM: Java HotSpot(TM) 64-Bit Server VM (25.141-b15 mixed mode windows-amd64 compressed oops)
# Problematic frame:
# C  0x000000006d082800
#
# Failed to write core dump. Minidumps are not enabled by default on client versions of Windows
#
# If you would like to submit a bug report, please visit:
#   http://bugreport.java.com/bugreport/crash.jsp
# The crash happened outside the Java Virtual Machine in native code.
# See problematic frame for where to report the bug.
#

---------------  T H R E A D  ---------------

Current thread (0x00000000199fa800):  JavaThread "Finalizer" daemon [_thread_in_native, id=10096, stack(0x000000001ac90000,0x000000001ad90000)]

siginfo: ExceptionCode=0xc0000005, ExceptionInformation=0x0000000000000008 0x000000006d082800

Registers:
RAX=0x000000006d082800, RBX=0x000000001de2bce8, RCX=0x00000000199fa9f8, RDX=0x000000001ad8f2a0
RSP=0x000000001ad8f1d8, RBP=0x000000001ad8f270, RSI=0x0000000000000118, RDI=0x0000000000002711
R8 =0x00000000222a8d38, R9 =0x0000000081f6d198, R10=0x0000000004eb8a4b, R11=0x000000005f8ebc50
R12=0x0000000000000000, R13=0x000000001de2bce8, R14=0x000000001ad8f2a0, R15=0x00000000199fa800
RIP=0x000000006d082800, EFLAGS=0x0000000000010202

Top of Stack: (sp=0x000000001ad8f1d8)
0x000000001ad8f1d8:   0000000004eb8a77 000000001d5c1800
0x000000001ad8f1e8:   000000005f7efa30 0000000081d49718
0x000000001ad8f1f8:   000000001ad8f238 000000001ad8f260
0x000000001ad8f208:   0000000004ea835d 0000000004ea835d
0x000000001ad8f218:   0000000081d49708 0000000000000000
0x000000001ad8f228:   0000000081f6d198 000000001ad8f220
0x000000001ad8f238:   0000000000000000 000000001ad8f2a0
0x000000001ad8f248:   000000001de6dc80 0000000000000000
0x000000001ad8f258:   000000001de2bce8 0000000000000000
0x000000001ad8f268:   000000001ad8f290 000000001ad8f2f8
0x000000001ad8f278:   0000000004ea7da0 0000000000000000
0x000000001ad8f288:   0000000004eb19d6 00000000222a8d38
0x000000001ad8f298:   00000000222a8d38 0000000081f6d198
0x000000001ad8f2a8:   0000000000000009 0000000081f6d198
0x000000001ad8f2b8:   000000001ad8f2a8 000000001de8bb92
0x000000001ad8f2c8:   000000001ad8f318 000000001deaadc0 

Instructions: (pc=0x000000006d082800)
0x000000006d0827e0:   
[error occurred during error reporting (printing registers, top of stack, instructions near pc), id 0xc0000005]

Register to memory mapping:

RAX=0x000000006d082800 is an unknown value
RBX={method} {0x000000001de2bcf0} 'reset' '(J)I' in 'org/sqlite/core/NativeDB'
RCX=0x00000000199fa9f8 is an unknown value
RDX=0x000000001ad8f2a0 is pointing into the stack for thread: 0x00000000199fa800
RSP=0x000000001ad8f1d8 is pointing into the stack for thread: 0x00000000199fa800
RBP=0x000000001ad8f270 is pointing into the stack for thread: 0x00000000199fa800
RSI=0x0000000000000118 is an unknown value
RDI=0x0000000000002711 is an unknown value
R8 =0x00000000222a8d38 is an unknown value
R9 =0x0000000081f6d198 is an oop
org.sqlite.core.NativeDB 
 - klass: 'org/sqlite/core/NativeDB'
R10=0x0000000004eb8a4b is at code_begin+1227 in an Interpreter codelet
method entry point (kind = native_synchronized)  [0x0000000004eb8580, 0x0000000004eb9060]  2784 bytes
R11=0x000000005f8ebc50 is an unknown value
R12=0x0000000000000000 is an unknown value
R13={method} {0x000000001de2bcf0} 'reset' '(J)I' in 'org/sqlite/core/NativeDB'
R14=0x000000001ad8f2a0 is pointing into the stack for thread: 0x00000000199fa800
R15=0x00000000199fa800 is a thread


Stack: [0x000000001ac90000,0x000000001ad90000],  sp=0x000000001ad8f1d8,  free space=1020k
Native frames: (J=compiled Java code, j=interpreted, Vv=VM code, C=native code)
C  0x000000006d082800

Java frames: (J=compiled Java code, j=interpreted, Vv=VM code)
j  org.sqlite.core.NativeDB.reset(J)I+0
j  org.sqlite.core.CoreResultSet.close()V+90
j  org.sqlite.jdbc4.JDBC4ResultSet.close()V+6
j  org.sqlite.jdbc3.JDBC3ResultSet.finalize()V+1
J 4357% C2 java.lang.ref.Finalizer$FinalizerThread.run()V (55 bytes) @ 0x0000000005a76f8c [0x0000000005a76ce0+0x2ac]
v  ~StubRoutines::call_stub

---------------  P R O C E S S  ---------------

Java Threads: ( => current thread )
  0x000000001efa7800 JavaThread "ajp-nio-8009-AsyncTimeout" daemon [_thread_blocked, id=6456, stack(0x00000000235a0000,0x00000000236a0000)]
  0x000000001efae800 JavaThread "ajp-nio-8009-Acceptor-0" daemon [_thread_in_native, id=4580, stack(0x00000000234a0000,0x00000000235a0000)]
  0x000000001efad800 JavaThread "ajp-nio-8009-ClientPoller-1" daemon [_thread_in_native, id=1748, stack(0x00000000233a0000,0x00000000234a0000)]
  0x000000001efad000 JavaThread "ajp-nio-8009-ClientPoller-0" daemon [_thread_in_native, id=732, stack(0x00000000232a0000,0x00000000233a0000)]
  0x000000001efa5800 JavaThread "ajp-nio-8009-exec-10" daemon [_thread_blocked, id=9324, stack(0x00000000231a0000,0x00000000232a0000)]
  0x000000001efab800 JavaThread "ajp-nio-8009-exec-9" daemon [_thread_blocked, id=9336, stack(0x00000000230a0000,0x00000000231a0000)]
  0x000000001efaa800 JavaThread "ajp-nio-8009-exec-8" daemon [_thread_blocked, id=2944, stack(0x0000000022fa0000,0x00000000230a0000)]
  0x000000001efac000 JavaThread "ajp-nio-8009-exec-7" daemon [_thread_blocked, id=6428, stack(0x0000000022ea0000,0x0000000022fa0000)]
  0x000000001efa3000 JavaThread "ajp-nio-8009-exec-6" daemon [_thread_blocked, id=3736, stack(0x0000000022da0000,0x0000000022ea0000)]
  0x000000001efa6000 JavaThread "ajp-nio-8009-exec-5" daemon [_thread_blocked, id=1504, stack(0x0000000022ca0000,0x0000000022da0000)]
  0x000000001efaa000 JavaThread "ajp-nio-8009-exec-4" daemon [_thread_blocked, id=656, stack(0x0000000022ba0000,0x0000000022ca0000)]
  0x000000001efa4000 JavaThread "ajp-nio-8009-exec-3" daemon [_thread_blocked, id=11728, stack(0x0000000022aa0000,0x0000000022ba0000)]
  0x000000001efa4800 JavaThread "ajp-nio-8009-exec-2" daemon [_thread_blocked, id=5860, stack(0x00000000229a0000,0x0000000022aa0000)]
  0x000000001efa8800 JavaThread "ajp-nio-8009-exec-1" daemon [_thread_blocked, id=7956, stack(0x00000000228a0000,0x00000000229a0000)]
  0x000000001efa2800 JavaThread "http-nio-8080-AsyncTimeout" daemon [_thread_blocked, id=8008, stack(0x00000000227a0000,0x00000000228a0000)]
  0x000000001efa9000 JavaThread "http-nio-8080-Acceptor-0" daemon [_thread_in_native, id=32, stack(0x00000000226a0000,0x00000000227a0000)]
  0x000000001efa7000 JavaThread "http-nio-8080-ClientPoller-1" daemon [_thread_in_native, id=10232, stack(0x00000000225a0000,0x00000000226a0000)]
  0x000000001c215800 JavaThread "http-nio-8080-ClientPoller-0" daemon [_thread_in_native, id=2772, stack(0x00000000224a0000,0x00000000225a0000)]
  0x000000001c21c800 JavaThread "http-nio-8080-exec-10" daemon [_thread_blocked, id=496, stack(0x00000000223a0000,0x00000000224a0000)]
  0x000000001c21a000 JavaThread "http-nio-8080-exec-9" daemon [_thread_blocked, id=11632, stack(0x00000000221a0000,0x00000000222a0000)]
  0x000000001c219800 JavaThread "http-nio-8080-exec-8" daemon [_thread_blocked, id=5908, stack(0x00000000220a0000,0x00000000221a0000)]
  0x000000001c21b000 JavaThread "http-nio-8080-exec-7" daemon [_thread_blocked, id=7844, stack(0x0000000021fa0000,0x00000000220a0000)]
  0x000000001c218000 JavaThread "http-nio-8080-exec-6" daemon [_thread_blocked, id=11808, stack(0x0000000021ea0000,0x0000000021fa0000)]
  0x000000001c217000 JavaThread "http-nio-8080-exec-5" daemon [_thread_blocked, id=6412, stack(0x0000000021da0000,0x0000000021ea0000)]
  0x000000001c216800 JavaThread "http-nio-8080-exec-4" daemon [_thread_blocked, id=4912, stack(0x0000000021ca0000,0x0000000021da0000)]
  0x000000001b7ae800 JavaThread "http-nio-8080-exec-3" daemon [_thread_blocked, id=6032, stack(0x0000000021920000,0x0000000021a20000)]
  0x000000001c4e6000 JavaThread "http-nio-8080-exec-2" daemon [_thread_blocked, id=7632, stack(0x0000000021820000,0x0000000021920000)]
  0x000000001e69d000 JavaThread "http-nio-8080-exec-1" daemon [_thread_blocked, id=4068, stack(0x0000000021720000,0x0000000021820000)]
  0x000000001f9c6000 JavaThread "ContainerBackgroundProcessor[StandardEngine[Catalina]]" daemon [_thread_in_native, id=9016, stack(0x000000001e220000,0x000000001e320000)]
  0x000000001c337000 JavaThread "NioBlockingSelector.BlockPoller-2" daemon [_thread_in_native, id=10684, stack(0x000000001dd20000,0x000000001de20000)]
  0x000000001c32e800 JavaThread "NioBlockingSelector.BlockPoller-1" daemon [_thread_in_native, id=9248, stack(0x000000001dc20000,0x000000001dd20000)]
  0x000000001bd86800 JavaThread "GC Daemon" daemon [_thread_blocked, id=2392, stack(0x000000001d5e0000,0x000000001d6e0000)]
  0x000000001b4e1800 JavaThread "Service Thread" daemon [_thread_blocked, id=11012, stack(0x000000001b8b0000,0x000000001b9b0000)]
  0x0000000019a25800 JavaThread "C1 CompilerThread2" daemon [_thread_blocked, id=3372, stack(0x000000001b3b0000,0x000000001b4b0000)]
  0x0000000019a11000 JavaThread "C2 CompilerThread1" daemon [_thread_blocked, id=7572, stack(0x000000001b2b0000,0x000000001b3b0000)]
  0x0000000019a0e000 JavaThread "C2 CompilerThread0" daemon [_thread_blocked, id=7092, stack(0x000000001b1b0000,0x000000001b2b0000)]
  0x0000000019a0b800 JavaThread "Attach Listener" daemon [_thread_blocked, id=2192, stack(0x000000001b0b0000,0x000000001b1b0000)]
  0x0000000019a15000 JavaThread "Signal Dispatcher" daemon [_thread_blocked, id=2652, stack(0x000000001afb0000,0x000000001b0b0000)]
=>0x00000000199fa800 JavaThread "Finalizer" daemon [_thread_in_native, id=10096, stack(0x000000001ac90000,0x000000001ad90000)]
  0x0000000004e93800 JavaThread "Reference Handler" daemon [_thread_blocked, id=7364, stack(0x000000001ab90000,0x000000001ac90000)]
  0x0000000004d9d800 JavaThread "main" [_thread_in_native, id=10352, stack(0x0000000004c20000,0x0000000004d20000)]

Other Threads:
  0x00000000199d8000 VMThread [stack: 0x000000001aa90000,0x000000001ab90000] [id=9124]
  0x000000001b4fd800 WatcherThread [stack: 0x000000001bb10000,0x000000001bc10000] [id=7160]

VM state:not at safepoint (normal execution)

VM Mutex/Monitor currently owned by a thread: None

Heap:
 PSYoungGen      total 493056K, used 9778K [0x00000000d5c00000, 0x00000000fcc00000, 0x0000000100000000)
  eden space 491008K, 1% used [0x00000000d5c00000,0x00000000d658c998,0x00000000f3b80000)
  from space 2048K, 0% used [0x00000000fa600000,0x00000000fa600000,0x00000000fa800000)
  to   space 30720K, 0% used [0x00000000fae00000,0x00000000fae00000,0x00000000fcc00000)
 ParOldGen       total 66048K, used 14093K [0x0000000081400000, 0x0000000085480000, 0x00000000d5c00000)
  object space 66048K, 21% used [0x0000000081400000,0x00000000821c3630,0x0000000085480000)
 Metaspace       used 25422K, capacity 25920K, committed 33448K, reserved 1079296K
  class space    used 3033K, capacity 3208K, committed 4608K, reserved 1048576K

Card table byte_map: [0x0000000014260000,0x0000000014660000] byte_map_base: 0x0000000013e56000

Marking Bits: (ParMarkBitMap*) 0x000000005fedd850
 Begin Bits: [0x0000000014d10000, 0x0000000016cc0000)
 End Bits:   [0x0000000016cc0000, 0x0000000018c70000)

Polling page: 0x0000000002f00000

CodeCache: size=245760Kb used=13389Kb max_used=13621Kb free=232370Kb
 bounds [0x0000000004ea0000, 0x0000000005c10000, 0x0000000013ea0000]
 total_blobs=4550 nmethods=4123 adapters=338
 compilation: enabled

Compilation events (10 events):
Event: 534.061 Thread 0x0000000019a0e000 4848   !   4       org.apache.jasper.servlet.TldScanner$TldScannerCallback::scan (183 bytes)
Event: 534.064 Thread 0x0000000019a25800 4849       3       java.util.Formatter$FormatSpecifier::checkDateTime (139 bytes)
Event: 534.065 Thread 0x0000000019a25800 nmethod 4849 0x0000000005bfdc50 code [0x0000000005bfdf40, 0x0000000005bff658]
Event: 534.066 Thread 0x0000000019a25800 4850       3       sun.util.calendar.BaseCalendar::getGregorianYearFromFixedDate (201 bytes)
Event: 534.066 Thread 0x0000000019a25800 nmethod 4850 0x00000000054a4ad0 code [0x00000000054a4ce0, 0x00000000054a5ad0]
Event: 534.067 Thread 0x0000000019a0e000 nmethod 4848 0x00000000056b28d0 code [0x00000000056b2a60, 0x00000000056b2eb8]
Event: 534.067 Thread 0x0000000019a25800 4851       3       java.util.Formatter$FormatSpecifier::printDateTime (149 bytes)
Event: 534.068 Thread 0x0000000019a25800 nmethod 4851 0x00000000053b3210 code [0x00000000053b3540, 0x00000000053b50f8]
Event: 534.153 Thread 0x0000000019a11000 4852  s    4       java.util.Vector::addElement (38 bytes)
Event: 534.155 Thread 0x0000000019a11000 nmethod 4852 0x000000000580bb50 code [0x000000000580bca0, 0x000000000580c068]

GC Heap History (10 events):
Event: 519.581 GC heap before
{Heap before GC invocations=17 (full 1):
 PSYoungGen      total 608768K, used 608758K [0x00000000d5c00000, 0x00000000ff180000, 0x0000000100000000)
  eden space 592896K, 100% used [0x00000000d5c00000,0x00000000f9f00000,0x00000000f9f00000)
  from space 15872K, 99% used [0x00000000fd280000,0x00000000fe1fdac8,0x00000000fe200000)
  to   space 15872K, 0% used [0x00000000fe200000,0x00000000fe200000,0x00000000ff180000)
 ParOldGen       total 65536K, used 28346K [0x0000000081400000, 0x0000000085400000, 0x00000000d5c00000)
  object space 65536K, 43% used [0x0000000081400000,0x0000000082faebb0,0x0000000085400000)
 Metaspace       used 28935K, capacity 29544K, committed 29952K, reserved 1075200K
  class space    used 3564K, capacity 3768K, committed 3840K, reserved 1048576K
Event: 519.603 GC heap after
Heap after GC invocations=17 (full 1):
 PSYoungGen      total 581120K, used 15846K [0x00000000d5c00000, 0x00000000ff180000, 0x0000000100000000)
  eden space 565248K, 0% used [0x00000000d5c00000,0x00000000d5c00000,0x00000000f8400000)
  from space 15872K, 99% used [0x00000000fe200000,0x00000000ff179b28,0x00000000ff180000)
  to   space 27648K, 0% used [0x00000000fbb80000,0x00000000fbb80000,0x00000000fd680000)
 ParOldGen       total 65536K, used 38876K [0x0000000081400000, 0x0000000085400000, 0x00000000d5c00000)
  object space 65536K, 59% used [0x0000000081400000,0x00000000839f7240,0x0000000085400000)
 Metaspace       used 28935K, capacity 29544K, committed 29952K, reserved 1075200K
  class space    used 3564K, capacity 3768K, committed 3840K, reserved 1048576K
}
Event: 532.131 GC heap before
{Heap before GC invocations=18 (full 1):
 PSYoungGen      total 581120K, used 581094K [0x00000000d5c00000, 0x00000000ff180000, 0x0000000100000000)
  eden space 565248K, 100% used [0x00000000d5c00000,0x00000000f8400000,0x00000000f8400000)
  from space 15872K, 99% used [0x00000000fe200000,0x00000000ff179b28,0x00000000ff180000)
  to   space 27648K, 0% used [0x00000000fbb80000,0x00000000fbb80000,0x00000000fd680000)
 ParOldGen       total 65536K, used 38876K [0x0000000081400000, 0x0000000085400000, 0x00000000d5c00000)
  object space 65536K, 59% used [0x0000000081400000,0x00000000839f7240,0x0000000085400000)
 Metaspace       used 33595K, capacity 34280K, committed 34688K, reserved 1079296K
  class space    used 4235K, capacity 4460K, committed 4480K, reserved 1048576K
Event: 532.151 GC heap after
Heap after GC invocations=18 (full 1):
 PSYoungGen      total 555520K, used 16196K [0x00000000d5c00000, 0x00000000fe280000, 0x0000000100000000)
  eden space 539136K, 0% used [0x00000000d5c00000,0x00000000d5c00000,0x00000000f6a80000)
  from space 16384K, 98% used [0x00000000fbb80000,0x00000000fcb51068,0x00000000fcb80000)
  to   space 23552K, 0% used [0x00000000fcb80000,0x00000000fcb80000,0x00000000fe280000)
 ParOldGen       total 65536K, used 40244K [0x0000000081400000, 0x0000000085400000, 0x00000000d5c00000)
  object space 65536K, 61% used [0x0000000081400000,0x0000000083b4d3d0,0x0000000085400000)
 Metaspace       used 33595K, capacity 34280K, committed 34688K, reserved 1079296K
  class space    used 4235K, capacity 4460K, committed 4480K, reserved 1048576K
}
Event: 533.893 GC heap before
{Heap before GC invocations=19 (full 1):
 PSYoungGen      total 555520K, used 555332K [0x00000000d5c00000, 0x00000000fe280000, 0x0000000100000000)
  eden space 539136K, 100% used [0x00000000d5c00000,0x00000000f6a80000,0x00000000f6a80000)
  from space 16384K, 98% used [0x00000000fbb80000,0x00000000fcb51068,0x00000000fcb80000)
  to   space 23552K, 0% used [0x00000000fcb80000,0x00000000fcb80000,0x00000000fe280000)
 ParOldGen       total 65536K, used 40244K [0x0000000081400000, 0x0000000085400000, 0x00000000d5c00000)
  object space 65536K, 61% used [0x0000000081400000,0x0000000083b4d3d0,0x0000000085400000)
 Metaspace       used 33660K, capacity 34280K, committed 34688K, reserved 1079296K
  class space    used 4235K, capacity 4460K, committed 4480K, reserved 1048576K
Event: 533.918 GC heap after
Heap after GC invocations=19 (full 1):
 PSYoungGen      total 537600K, used 23022K [0x00000000d5c00000, 0x00000000fe200000, 0x0000000100000000)
  eden space 514560K, 0% used [0x00000000d5c00000,0x00000000d5c00000,0x00000000f5280000)
  from space 23040K, 99% used [0x00000000fcb80000,0x00000000fe1fb818,0x00000000fe200000)
  to   space 30720K, 0% used [0x00000000fa600000,0x00000000fa600000,0x00000000fc400000)
 ParOldGen       total 65536K, used 40252K [0x0000000081400000, 0x0000000085400000, 0x00000000d5c00000)
  object space 65536K, 61% used [0x0000000081400000,0x0000000083b4f3d0,0x0000000085400000)
 Metaspace       used 33660K, capacity 34280K, committed 34688K, reserved 1079296K
  class space    used 4235K, capacity 4460K, committed 4480K, reserved 1048576K
}
Event: 534.217 GC heap before
{Heap before GC invocations=20 (full 1):
 PSYoungGen      total 537600K, used 100358K [0x00000000d5c00000, 0x00000000fe200000, 0x0000000100000000)
  eden space 514560K, 15% used [0x00000000d5c00000,0x00000000da7860a0,0x00000000f5280000)
  from space 23040K, 99% used [0x00000000fcb80000,0x00000000fe1fb818,0x00000000fe200000)
  to   space 30720K, 0% used [0x00000000fa600000,0x00000000fa600000,0x00000000fc400000)
 ParOldGen       total 65536K, used 40252K [0x0000000081400000, 0x0000000085400000, 0x00000000d5c00000)
  object space 65536K, 61% used [0x0000000081400000,0x0000000083b4f3d0,0x0000000085400000)
 Metaspace       used 34558K, capacity 35182K, committed 35496K, reserved 1081344K
  class space    used 4364K, capacity 4589K, committed 4608K, reserved 1048576K
Event: 534.222 GC heap after
Heap after GC invocations=20 (full 1):
 PSYoungGen      total 493056K, used 1715K [0x00000000d5c00000, 0x00000000fcc00000, 0x0000000100000000)
  eden space 491008K, 0% used [0x00000000d5c00000,0x00000000d5c00000,0x00000000f3b80000)
  from space 2048K, 83% used [0x00000000fa600000,0x00000000fa7acf68,0x00000000fa800000)
  to   space 30720K, 0% used [0x00000000fae00000,0x00000000fae00000,0x00000000fcc00000)
 ParOldGen       total 65536K, used 41860K [0x0000000081400000, 0x0000000085400000, 0x00000000d5c00000)
  object space 65536K, 63% used [0x0000000081400000,0x0000000083ce11e0,0x0000000085400000)
 Metaspace       used 34558K, capacity 35182K, committed 35496K, reserved 1081344K
  class space    used 4364K, capacity 4589K, committed 4608K, reserved 1048576K
}
Event: 534.222 GC heap before
{Heap before GC invocations=21 (full 2):
 PSYoungGen      total 493056K, used 1715K [0x00000000d5c00000, 0x00000000fcc00000, 0x0000000100000000)
  eden space 491008K, 0% used [0x00000000d5c00000,0x00000000d5c00000,0x00000000f3b80000)
  from space 2048K, 83% used [0x00000000fa600000,0x00000000fa7acf68,0x00000000fa800000)
  to   space 30720K, 0% used [0x00000000fae00000,0x00000000fae00000,0x00000000fcc00000)
 ParOldGen       total 65536K, used 41860K [0x0000000081400000, 0x0000000085400000, 0x00000000d5c00000)
  object space 65536K, 63% used [0x0000000081400000,0x0000000083ce11e0,0x0000000085400000)
 Metaspace       used 34558K, capacity 35182K, committed 35496K, reserved 1081344K
  class space    used 4364K, capacity 4589K, committed 4608K, reserved 1048576K
Event: 534.257 GC heap after
Heap after GC invocations=21 (full 2):
 PSYoungGen      total 493056K, used 0K [0x00000000d5c00000, 0x00000000fcc00000, 0x0000000100000000)
  eden space 491008K, 0% used [0x00000000d5c00000,0x00000000d5c00000,0x00000000f3b80000)
  from space 2048K, 0% used [0x00000000fa600000,0x00000000fa600000,0x00000000fa800000)
  to   space 30720K, 0% used [0x00000000fae00000,0x00000000fae00000,0x00000000fcc00000)
 ParOldGen       total 66048K, used 14093K [0x0000000081400000, 0x0000000085480000, 0x00000000d5c00000)
  object space 66048K, 21% used [0x0000000081400000,0x00000000821c3630,0x0000000085480000)
 Metaspace       used 25371K, capacity 25856K, committed 33448K, reserved 1079296K
  class space    used 3024K, capacity 3208K, committed 4608K, reserved 1048576K
}

Deoptimization events (10 events):
Event: 463.198 Thread 0x000000001f9c6000 Uncommon trap: reason=unstable_if action=reinterpret pc=0x00000000057f6364 method=org.apache.catalina.loader.WebappClassLoaderBase.filter(Ljava/lang/String;Z)Z @ 345
Event: 463.212 Thread 0x000000001f9c6000 Uncommon trap: reason=unstable_if action=reinterpret pc=0x00000000054a7238 method=org.apache.catalina.webresources.AbstractSingleArchiveResourceSet.isMultiRelease()Z @ 4
Event: 463.212 Thread 0x000000001f9c6000 Uncommon trap: reason=unstable_if action=reinterpret pc=0x000000000579d8dc method=org.apache.catalina.webresources.AbstractSingleArchiveResourceSet.isMultiRelease()Z @ 4
Event: 463.214 Thread 0x000000001f9c6000 Uncommon trap: reason=unstable_if action=reinterpret pc=0x0000000005400da4 method=java.lang.StringCoding.decode(Ljava/lang/String;[BII)[C @ 51
Event: 463.243 Thread 0x000000001f9c6000 Uncommon trap: reason=class_check action=maybe_recompile pc=0x00000000057420a8 method=org.apache.catalina.startup.ContextConfig.checkHandlesTypes(Lorg/apache/tomcat/util/bcel/classfile/JavaClass;Ljava/util/Map;)V @ 427
Event: 463.244 Thread 0x000000001f9c6000 Uncommon trap: reason=class_check action=maybe_recompile pc=0x00000000057420a8 method=org.apache.catalina.startup.ContextConfig.checkHandlesTypes(Lorg/apache/tomcat/util/bcel/classfile/JavaClass;Ljava/util/Map;)V @ 427
Event: 463.245 Thread 0x000000001f9c6000 Uncommon trap: reason=class_check action=maybe_recompile pc=0x00000000057420a8 method=org.apache.catalina.startup.ContextConfig.checkHandlesTypes(Lorg/apache/tomcat/util/bcel/classfile/JavaClass;Ljava/util/Map;)V @ 427
Event: 463.245 Thread 0x000000001f9c6000 Uncommon trap: reason=class_check action=maybe_recompile pc=0x00000000057420a8 method=org.apache.catalina.startup.ContextConfig.checkHandlesTypes(Lorg/apache/tomcat/util/bcel/classfile/JavaClass;Ljava/util/Map;)V @ 427
Event: 463.616 Thread 0x000000001f9c6000 Uncommon trap: reason=class_check action=maybe_recompile pc=0x000000000548aad4 method=org.apache.catalina.startup.ContextConfig.checkHandlesTypes(Lorg/apache/tomcat/util/bcel/classfile/JavaClass;Ljava/util/Map;)V @ 181
Event: 463.616 Thread 0x000000001f9c6000 Uncommon trap: reason=class_check action=maybe_recompile pc=0x000000000548aad4 method=org.apache.catalina.startup.ContextConfig.checkHandlesTypes(Lorg/apache/tomcat/util/bcel/classfile/JavaClass;Ljava/util/Map;)V @ 181

Internal exceptions (10 events):
Event: 6.387 Thread 0x000000001c3ff000 Exception <a 'java/lang/ArrayIndexOutOfBoundsException'> (0x00000000de61d770) thrown at [C:\re\workspace\8-2-build-windows-amd64-cygwin\jdk8u141\9370\hotspot\src\share\vm\runtime\sharedRuntime.cpp, line 605]
Event: 6.552 Thread 0x000000001c3ff000 Exception <a 'java/lang/ArrayIndexOutOfBoundsException'> (0x00000000dec697f0) thrown at [C:\re\workspace\8-2-build-windows-amd64-cygwin\jdk8u141\9370\hotspot\src\share\vm\runtime\sharedRuntime.cpp, line 605]
Event: 6.552 Thread 0x000000001c3ff000 Exception <a 'java/lang/ArrayIndexOutOfBoundsException'> (0x00000000dec6aea8) thrown at [C:\re\workspace\8-2-build-windows-amd64-cygwin\jdk8u141\9370\hotspot\src\share\vm\runtime\sharedRuntime.cpp, line 605]
Event: 6.618 Thread 0x000000001c3ff000 Exception <a 'java/lang/ArrayIndexOutOfBoundsException': 84> (0x00000000deec3cc0) thrown at [C:\re\workspace\8-2-build-windows-amd64-cygwin\jdk8u141\9370\hotspot\src\share\vm\interpreter\interpreterRuntime.cpp, line 366]
Event: 6.618 Thread 0x000000001c3ff000 Exception <a 'java/lang/ArrayIndexOutOfBoundsException': 40> (0x00000000deec4c50) thrown at [C:\re\workspace\8-2-build-windows-amd64-cygwin\jdk8u141\9370\hotspot\src\share\vm\interpreter\interpreterRuntime.cpp, line 366]
Event: 7.805 Thread 0x000000001c4e6000 Implicit null exception at 0x00000000056b3d4d to 0x00000000056b5ff9
Event: 7.805 Thread 0x000000001c4e6000 Implicit null exception at 0x00000000056811d1 to 0x0000000005681609
Event: 465.565 Thread 0x000000001f9c6000 Exception <a 'java/io/FileNotFoundException'> (0x00000000df414258) thrown at [C:\re\workspace\8-2-build-windows-amd64-cygwin\jdk8u141\9370\hotspot\src\share\vm\prims\jni.cpp, line 709]
Event: 520.864 Thread 0x000000001f9c6000 Exception <a 'java/io/FileNotFoundException'> (0x00000000f09b4740) thrown at [C:\re\workspace\8-2-build-windows-amd64-cygwin\jdk8u141\9370\hotspot\src\share\vm\prims\jni.cpp, line 709]
Event: 534.087 Thread 0x000000001f9c6000 Exception <a 'java/io/FileNotFoundException'> (0x00000000d9fd2a58) thrown at [C:\re\workspace\8-2-build-windows-amd64-cygwin\jdk8u141\9370\hotspot\src\share\vm\prims\jni.cpp, line 709]

Events (10 events):
Event: 534.061 Thread 0x000000001f9c6000 DEOPT PACKING pc=0x00000000055984e5 sp=0x000000001e31e6e0
Event: 534.061 Thread 0x000000001f9c6000 DEOPT UNPACKING pc=0x0000000004ee787f sp=0x000000001e31e478 mode 0
Event: 534.075 loading class org/osgi/framework/BundleReference
Event: 534.075 loading class org/osgi/framework/BundleReference done
Event: 534.087 loading class org/glassfish/jersey/servlet/ServletContainer
Event: 534.087 loading class org/glassfish/jersey/servlet/ServletContainer done
Event: 534.216 Executing VM operation: CollectForMetadataAllocation
Event: 534.257 Executing VM operation: CollectForMetadataAllocation done
Event: 534.258 Executing VM operation: RevokeBias
Event: 534.258 Executing VM operation: RevokeBias done


Dynamic libraries:
0x00007ff7a3c00000 - 0x00007ff7a3c37000 	C:\Program Files\Java\jre1.8.0_131\bin\javaw.exe
0x00007ffaafe60000 - 0x00007ffab0040000 	C:\WINDOWS\SYSTEM32\ntdll.dll
0x00007ffaae450000 - 0x00007ffaae4fe000 	C:\WINDOWS\System32\KERNEL32.DLL
0x00007ffaacc80000 - 0x00007ffaacee6000 	C:\WINDOWS\System32\KERNELBASE.dll
0x00007ffaadc80000 - 0x00007ffaadd21000 	C:\WINDOWS\System32\ADVAPI32.dll
0x00007ffaae0b0000 - 0x00007ffaae14d000 	C:\WINDOWS\System32\msvcrt.dll
0x00007ffaae880000 - 0x00007ffaae8db000 	C:\WINDOWS\System32\sechost.dll
0x00007ffaaded0000 - 0x00007ffaadfef000 	C:\WINDOWS\System32\RPCRT4.dll
0x00007ffaae2b0000 - 0x00007ffaae43f000 	C:\WINDOWS\System32\USER32.dll
0x00007ffaac510000 - 0x00007ffaac530000 	C:\WINDOWS\System32\win32u.dll
0x00007ffaad630000 - 0x00007ffaad658000 	C:\WINDOWS\System32\GDI32.dll
0x00007ffaac310000 - 0x00007ffaac4a3000 	C:\WINDOWS\System32\gdi32full.dll
0x00007ffaad0c0000 - 0x00007ffaad15b000 	C:\WINDOWS\System32\msvcp_win.dll
0x00007ffaad230000 - 0x00007ffaad326000 	C:\WINDOWS\System32\ucrtbase.dll
0x00007ffa9b0c0000 - 0x00007ffa9b329000 	C:\WINDOWS\WinSxS\amd64_microsoft.windows.common-controls_6595b64144ccf1df_6.0.16299.248_none_15ced204935f55d7\COMCTL32.dll
0x00007ffaae500000 - 0x00007ffaae808000 	C:\WINDOWS\System32\combase.dll
0x00007ffaad1b0000 - 0x00007ffaad222000 	C:\WINDOWS\System32\bcryptPrimitives.dll
0x00007ffaae220000 - 0x00007ffaae24d000 	C:\WINDOWS\System32\IMM32.DLL
0x000000005f1a0000 - 0x000000005f272000 	C:\Program Files\Java\jre1.8.0_131\bin\msvcr100.dll
0x000000005f6c0000 - 0x000000005ff5d000 	C:\Program Files\Java\jre1.8.0_131\bin\server\jvm.dll
0x00007ffaae0a0000 - 0x00007ffaae0a8000 	C:\WINDOWS\System32\PSAPI.DLL
0x00007ffaa5bf0000 - 0x00007ffaa5bfa000 	C:\WINDOWS\SYSTEM32\VERSION.dll
0x00007ffaaa4a0000 - 0x00007ffaaa4c3000 	C:\WINDOWS\SYSTEM32\WINMM.dll
0x00007ffaa3ff0000 - 0x00007ffaa3ff9000 	C:\WINDOWS\SYSTEM32\WSOCK32.dll
0x00007ffaae810000 - 0x00007ffaae87c000 	C:\WINDOWS\System32\WS2_32.dll
0x00007ffaaa440000 - 0x00007ffaaa46a000 	C:\WINDOWS\SYSTEM32\WINMMBASE.dll
0x00007ffaad160000 - 0x00007ffaad1aa000 	C:\WINDOWS\System32\cfgmgr32.dll
0x000000005f5d0000 - 0x000000005f5df000 	C:\Program Files\Java\jre1.8.0_131\bin\verify.dll
0x000000005f5a0000 - 0x000000005f5c9000 	C:\Program Files\Java\jre1.8.0_131\bin\java.dll
0x000000005f580000 - 0x000000005f596000 	C:\Program Files\Java\jre1.8.0_131\bin\zip.dll
0x00007ffaae8e0000 - 0x00007ffaafd16000 	C:\WINDOWS\System32\SHELL32.dll
0x00007ffaadff0000 - 0x00007ffaae096000 	C:\WINDOWS\System32\shcore.dll
0x00007ffaac530000 - 0x00007ffaacc77000 	C:\WINDOWS\System32\windows.storage.dll
0x00007ffaae250000 - 0x00007ffaae2a1000 	C:\WINDOWS\System32\shlwapi.dll
0x00007ffaac1b0000 - 0x00007ffaac1c1000 	C:\WINDOWS\System32\kernel.appcore.dll
0x00007ffaac1f0000 - 0x00007ffaac23c000 	C:\WINDOWS\System32\powrprof.dll
0x00007ffaac240000 - 0x00007ffaac25b000 	C:\WINDOWS\System32\profapi.dll
0x000000005f290000 - 0x000000005f29d000 	C:\Program Files\Java\jre1.8.0_131\bin\management.dll
0x000000005f560000 - 0x000000005f57a000 	C:\Program Files\Java\jre1.8.0_131\bin\net.dll
0x00007ffaaba40000 - 0x00007ffaabaa6000 	C:\WINDOWS\system32\mswsock.dll
0x000000005f540000 - 0x000000005f551000 	C:\Program Files\Java\jre1.8.0_131\bin\nio.dll
0x000000005f2a0000 - 0x000000005f2c4000 	C:\Program Files\Java\jre1.8.0_131\bin\sunec.dll
0x000000005f280000 - 0x000000005f28b000 	C:\Program Files\Java\jre1.8.0_131\bin\sunmscapi.dll
0x00007ffaacef0000 - 0x00007ffaad0be000 	C:\WINDOWS\System32\CRYPT32.dll
0x00007ffaac1d0000 - 0x00007ffaac1e2000 	C:\WINDOWS\System32\MSASN1.dll
0x00007ffaabc00000 - 0x00007ffaabc17000 	C:\WINDOWS\SYSTEM32\CRYPTSP.dll
0x00007ffaab650000 - 0x00007ffaab683000 	C:\WINDOWS\system32\rsaenh.dll
0x00007ffaabd10000 - 0x00007ffaabd35000 	C:\WINDOWS\SYSTEM32\bcrypt.dll
0x00007ffaac0e0000 - 0x00007ffaac109000 	C:\WINDOWS\SYSTEM32\USERENV.dll
0x00007ffaabc20000 - 0x00007ffaabc2b000 	C:\WINDOWS\SYSTEM32\CRYPTBASE.dll
0x00007ffaab7d0000 - 0x00007ffaab809000 	C:\WINDOWS\SYSTEM32\IPHLPAPI.DLL
0x00007ffaae440000 - 0x00007ffaae448000 	C:\WINDOWS\System32\NSI.dll
0x00007ffaa5900000 - 0x00007ffaa5916000 	C:\WINDOWS\SYSTEM32\dhcpcsvc6.DLL
0x00007ffaa65a0000 - 0x00007ffaa65ba000 	C:\WINDOWS\SYSTEM32\dhcpcsvc.DLL
0x00007ffaab810000 - 0x00007ffaab8c6000 	C:\WINDOWS\SYSTEM32\DNSAPI.dll
0x00007ffaa48d0000 - 0x00007ffaa48da000 	C:\Windows\System32\rasadhlp.dll
0x00007ffaa49b0000 - 0x00007ffaa4a20000 	C:\WINDOWS\System32\fwpuclnt.dll
0x00007ffaa6bd0000 - 0x00007ffaa6d98000 	C:\WINDOWS\SYSTEM32\dbghelp.dll

VM Arguments:
jvm_args: -Dcatalina.base=C:\Users\Tristan Glaes\Documents\eclipse-projects\.metadata\.plugins\org.eclipse.wst.server.core\tmp0 -Dcatalina.home=C:\Users\Tristan Glaes\Documents\team5ds\project3\apache-tomcat-8.5.24\apache-tomcat-8.5.24 -Dwtp.deploy=C:\Users\Tristan Glaes\Documents\eclipse-projects\.metadata\.plugins\org.eclipse.wst.server.core\tmp0\wtpwebapps -Djava.endorsed.dirs=C:\Users\Tristan Glaes\Documents\team5ds\project3\apache-tomcat-8.5.24\apache-tomcat-8.5.24\endorsed -Dfile.encoding=Cp1252 
java_command: org.apache.catalina.startup.Bootstrap start
java_class_path (initial): C:\Program Files\Java\jre1.8.0_131\lib\resources.jar;C:\Program Files\Java\jre1.8.0_131\lib\rt.jar;C:\Program Files\Java\jre1.8.0_131\lib\jsse.jar;C:\Program Files\Java\jre1.8.0_131\lib\jce.jar;C:\Program Files\Java\jre1.8.0_131\lib\charsets.jar;C:\Program Files\Java\jre1.8.0_131\lib\jfr.jar;C:\Users\Tristan Glaes\Documents\team5ds\project3\apache-tomcat-8.5.24\apache-tomcat-8.5.24\bin\bootstrap.jar;C:\Users\Tristan Glaes\Documents\team5ds\project3\apache-tomcat-8.5.24\apache-tomcat-8.5.24\bin\tomcat-juli.jar
Launcher Type: SUN_STANDARD

Environment Variables:
PATH=C:/Program Files/Java/jre1.8.0_131/bin/server;C:/Program Files/Java/jre1.8.0_131/bin;C:/Program Files/Java/jre1.8.0_131/lib/amd64;C:\ProgramData\Oracle\Java\javapath;C:\WINDOWS\system32;C:\WINDOWS;C:\WINDOWS\System32\Wbem;C:\WINDOWS\System32\WindowsPowerShell\v1.0\;C:\Program Files\PuTTY\;C:\Program Files\MySQL\MySQL Utilities 1.6\;C:\Program Files\dotnet\;C:\Program Files\Microsoft SQL Server\130\Tools\Binn\;C:\Program Files (x86)\NVIDIA Corporation\PhysX\Common;C:\Users\Tristan Glaes\AppData\Local\Microsoft\WindowsApps;C:\Program Files\Java\jdk1.8.0_131;C:\Users\Tristan Glaes\AppData\Local\atom\bin;C:\Users\Tristan Glaes\Desktop;
USERNAME=Tristan Glaes
OS=Windows_NT
PROCESSOR_IDENTIFIER=Intel64 Family 6 Model 60 Stepping 3, GenuineIntel



---------------  S Y S T E M  ---------------

OS: Windows 10.0 , 64 bit Build 16299 (10.0.16299.15)

CPU:total 4 (initial active 4) (4 cores per cpu, 1 threads per core) family 6 model 60 stepping 3, cmov, cx8, fxsr, mmx, sse, sse2, sse3, ssse3, sse4.1, sse4.2, popcnt, avx, avx2, aes, clmul, erms, lzcnt, tsc, tscinvbit, bmi1, bmi2

Memory: 4k page, physical 8305716k(3553120k free), swap 11058228k(5004640k free)

vm_info: Java HotSpot(TM) 64-Bit Server VM (25.141-b15) for windows-amd64 JRE (1.8.0_141-b15), built on Jul 12 2017 04:25:12 by "java_re" with MS VC++ 10.0 (VS2010)

time: Wed Mar 07 17:40:33 2018
elapsed time: 534 seconds (0d 0h 8m 54s)

