#
# A fatal error has been detected by the Java Runtime Environment:
#
#  EXCEPTION_ACCESS_VIOLATION (0xc0000005) at pc=0x000000006d082800, pid=6036, tid=0x0000000000001678
#
# JRE version: Java(TM) SE Runtime Environment (8.0_141-b15) (build 1.8.0_141-b15)
# Java VM: Java HotSpot(TM) 64-Bit Server VM (25.141-b15 mixed mode windows-amd64 compressed oops)
# Problematic frame:
# C  0x000000006d082800
#
# Failed to write core dump. Minidumps are not enabled by default on client versions of Windows
#
# If you would like to submit a bug report, please visit:
#   http://bugreport.java.com/bugreport/crash.jsp
# The crash happened outside the Java Virtual Machine in native code.
# See problematic frame for where to report the bug.
#

---------------  T H R E A D  ---------------

Current thread (0x00000000196ba800):  JavaThread "Finalizer" daemon [_thread_in_native, id=5752, stack(0x000000001a930000,0x000000001aa30000)]

siginfo: ExceptionCode=0xc0000005, ExceptionInformation=0x0000000000000008 0x000000006d082800

Registers:
RAX=0x000000006d082800, RBX=0x00000000207e21b8, RCX=0x00000000196ba9f8, RDX=0x000000001aa2f5a0
RSP=0x000000001aa2f4d8, RBP=0x000000001aa2f570, RSI=0x0000000100042278, RDI=0x000000001ddb2ee0
R8 =0x0000000021f342e8, R9 =0x000000008200d240, R10=0x0000000004b78a4b, R11=0x000000005e75bc50
R12=0x0000000000000000, R13=0x00000000207e21b8, R14=0x000000001aa2f5a0, R15=0x00000000196ba800
RIP=0x000000006d082800, EFLAGS=0x0000000000010202

Top of Stack: (sp=0x000000001aa2f4d8)
0x000000001aa2f4d8:   0000000004b78a77 000000001aa2f4e0
0x000000001aa2f4e8:   000000001d4cf2b8 0000000081e92f20
0x000000001aa2f4f8:   000000001d4d3b00 000000001aa2f560
0x000000001aa2f508:   0000000004b6835d 0000000004b6835d
0x000000001aa2f518:   0000000081e92f10 0000000000000000
0x000000001aa2f528:   000000008200d240 000000001aa2f520
0x000000001aa2f538:   0000000000000000 000000001aa2f5a0
0x000000001aa2f548:   000000001dd54d20 0000000000000000
0x000000001aa2f558:   00000000207e21b8 0000000000000000
0x000000001aa2f568:   000000001aa2f590 000000001aa2f5f8
0x000000001aa2f578:   0000000004b67da0 0000000000000000
0x000000001aa2f588:   0000000004b719d6 0000000021f342e8
0x000000001aa2f598:   0000000021f342e8 000000008200d240
0x000000001aa2f5a8:   0000000000000009 000000008200d240
0x000000001aa2f5b8:   000000001aa2f5a8 000000001dd8295a
0x000000001aa2f5c8:   000000001aa2f618 000000001dd91ba0 

Instructions: (pc=0x000000006d082800)
0x000000006d0827e0:   
[error occurred during error reporting (printing registers, top of stack, instructions near pc), id 0xc0000005]

Register to memory mapping:

RAX=0x000000006d082800 is an unknown value
RBX={method} {0x00000000207e21c0} 'reset' '(J)I' in 'org/sqlite/core/NativeDB'
RCX=0x00000000196ba9f8 is an unknown value
RDX=0x000000001aa2f5a0 is pointing into the stack for thread: 0x00000000196ba800
RSP=0x000000001aa2f4d8 is pointing into the stack for thread: 0x00000000196ba800
RBP=0x000000001aa2f570 is pointing into the stack for thread: 0x00000000196ba800
RSI=0x0000000100042278 is pointing into metadata
RDI=0x000000001ddb2ee0 is pointing into metadata
R8 =0x0000000021f342e8 is an unknown value
R9 =0x000000008200d240 is an oop
org.sqlite.core.NativeDB 
 - klass: 'org/sqlite/core/NativeDB'
R10=0x0000000004b78a4b is at code_begin+1227 in an Interpreter codelet
method entry point (kind = native_synchronized)  [0x0000000004b78580, 0x0000000004b79060]  2784 bytes
R11=0x000000005e75bc50 is an unknown value
R12=0x0000000000000000 is an unknown value
R13={method} {0x00000000207e21c0} 'reset' '(J)I' in 'org/sqlite/core/NativeDB'
R14=0x000000001aa2f5a0 is pointing into the stack for thread: 0x00000000196ba800
R15=0x00000000196ba800 is a thread


Stack: [0x000000001a930000,0x000000001aa30000],  sp=0x000000001aa2f4d8,  free space=1021k
Native frames: (J=compiled Java code, j=interpreted, Vv=VM code, C=native code)
C  0x000000006d082800

Java frames: (J=compiled Java code, j=interpreted, Vv=VM code)
j  org.sqlite.core.NativeDB.reset(J)I+0
j  org.sqlite.core.CoreResultSet.close()V+90
j  org.sqlite.jdbc4.JDBC4ResultSet.close()V+6
j  org.sqlite.jdbc3.JDBC3ResultSet.finalize()V+1
J 3900% C2 java.lang.ref.Finalizer$FinalizerThread.run()V (55 bytes) @ 0x000000000563ab4c [0x000000000563a8a0+0x2ac]
v  ~StubRoutines::call_stub

---------------  P R O C E S S  ---------------

Java Threads: ( => current thread )
  0x000000001c2e7000 JavaThread "http-nio-8080-exec-16" daemon [_thread_blocked, id=6256, stack(0x00000000253a0000,0x00000000254a0000)]
  0x000000001c2e8800 JavaThread "http-nio-8080-exec-14" daemon [_thread_blocked, id=7652, stack(0x0000000023d20000,0x0000000023e20000)]
  0x000000001c2e5800 JavaThread "http-nio-8080-exec-13" daemon [_thread_in_native, id=16120, stack(0x0000000023c20000,0x0000000023d20000)]
  0x000000001c2e4800 JavaThread "http-nio-8080-exec-11" daemon [_thread_blocked, id=12668, stack(0x0000000023b20000,0x0000000023c20000)]
  0x000000001c2e6000 JavaThread "http-nio-8080-exec-12" daemon [_thread_blocked, id=10204, stack(0x0000000023a20000,0x0000000023b20000)]
  0x000000001c2e4000 JavaThread "ajp-nio-8009-AsyncTimeout" daemon [_thread_blocked, id=2588, stack(0x0000000023420000,0x0000000023520000)]
  0x000000001c2e2800 JavaThread "ajp-nio-8009-Acceptor-0" daemon [_thread_in_native, id=13208, stack(0x0000000023320000,0x0000000023420000)]
  0x000000001c2e1800 JavaThread "ajp-nio-8009-ClientPoller-1" daemon [_thread_in_native, id=11476, stack(0x0000000023220000,0x0000000023320000)]
  0x000000001c2e1000 JavaThread "ajp-nio-8009-ClientPoller-0" daemon [_thread_in_native, id=10568, stack(0x0000000023120000,0x0000000023220000)]
  0x000000001c2e7800 JavaThread "ajp-nio-8009-exec-10" daemon [_thread_blocked, id=12080, stack(0x0000000023020000,0x0000000023120000)]
  0x000000001c2e3000 JavaThread "ajp-nio-8009-exec-9" daemon [_thread_blocked, id=3036, stack(0x0000000022f20000,0x0000000023020000)]
  0x000000001c2da000 JavaThread "ajp-nio-8009-exec-8" daemon [_thread_blocked, id=10540, stack(0x0000000022e20000,0x0000000022f20000)]
  0x000000001c2de800 JavaThread "ajp-nio-8009-exec-7" daemon [_thread_blocked, id=11408, stack(0x0000000022d20000,0x0000000022e20000)]
  0x000000001c2df800 JavaThread "ajp-nio-8009-exec-6" daemon [_thread_blocked, id=9636, stack(0x0000000022c20000,0x0000000022d20000)]
  0x000000001c2e0000 JavaThread "ajp-nio-8009-exec-5" daemon [_thread_blocked, id=15892, stack(0x0000000022b20000,0x0000000022c20000)]
  0x000000001c2dd000 JavaThread "ajp-nio-8009-exec-4" daemon [_thread_blocked, id=8792, stack(0x0000000022a20000,0x0000000022b20000)]
  0x000000001c2dd800 JavaThread "ajp-nio-8009-exec-3" daemon [_thread_blocked, id=12028, stack(0x0000000022920000,0x0000000022a20000)]
  0x000000001c2db800 JavaThread "ajp-nio-8009-exec-2" daemon [_thread_blocked, id=7504, stack(0x0000000022820000,0x0000000022920000)]
  0x000000001c2dc000 JavaThread "ajp-nio-8009-exec-1" daemon [_thread_blocked, id=2464, stack(0x0000000022720000,0x0000000022820000)]
  0x000000001c2da800 JavaThread "http-nio-8080-AsyncTimeout" daemon [_thread_blocked, id=6824, stack(0x0000000022620000,0x0000000022720000)]
  0x000000001d216000 JavaThread "http-nio-8080-Acceptor-0" daemon [_thread_in_native, id=16064, stack(0x0000000022520000,0x0000000022620000)]
  0x000000001d215000 JavaThread "http-nio-8080-ClientPoller-1" daemon [_thread_in_native, id=9392, stack(0x0000000022420000,0x0000000022520000)]
  0x000000001d214800 JavaThread "http-nio-8080-ClientPoller-0" daemon [_thread_in_native, id=10188, stack(0x0000000022320000,0x0000000022420000)]
  0x000000001d212000 JavaThread "http-nio-8080-exec-10" daemon [_thread_blocked, id=8576, stack(0x0000000022220000,0x0000000022320000)]
  0x000000001d210800 JavaThread "http-nio-8080-exec-9" daemon [_thread_blocked, id=1120, stack(0x0000000022120000,0x0000000022220000)]
  0x000000001d213000 JavaThread "http-nio-8080-exec-6" daemon [_thread_blocked, id=14840, stack(0x0000000021d20000,0x0000000021e20000)]
  0x000000001d211800 JavaThread "http-nio-8080-exec-4" daemon [_thread_blocked, id=16100, stack(0x0000000021b20000,0x0000000021c20000)]
  0x000000001d0c7000 JavaThread "http-nio-8080-exec-3" daemon [_thread_blocked, id=10592, stack(0x0000000021a20000,0x0000000021b20000)]
  0x000000001bca0000 JavaThread "http-nio-8080-exec-2" daemon [_thread_blocked, id=12968, stack(0x0000000021920000,0x0000000021a20000)]
  0x000000001e6a4000 JavaThread "ContainerBackgroundProcessor[StandardEngine[Catalina]]" daemon [_thread_blocked, id=7244, stack(0x000000001e130000,0x000000001e230000)]
  0x000000001c15d800 JavaThread "NioBlockingSelector.BlockPoller-2" daemon [_thread_in_native, id=9084, stack(0x000000001dc30000,0x000000001dd30000)]
  0x000000001c159800 JavaThread "NioBlockingSelector.BlockPoller-1" daemon [_thread_in_native, id=3660, stack(0x000000001db30000,0x000000001dc30000)]
  0x000000001c019000 JavaThread "GC Daemon" daemon [_thread_blocked, id=5712, stack(0x000000001d4f0000,0x000000001d5f0000)]
  0x000000001b176800 JavaThread "Service Thread" daemon [_thread_blocked, id=6224, stack(0x000000001b550000,0x000000001b650000)]
  0x00000000196e2000 JavaThread "C1 CompilerThread2" daemon [_thread_blocked, id=5996, stack(0x000000001b050000,0x000000001b150000)]
  0x00000000196d7000 JavaThread "C2 CompilerThread1" daemon [_thread_blocked, id=8604, stack(0x000000001af50000,0x000000001b050000)]
  0x00000000196d0800 JavaThread "C2 CompilerThread0" daemon [_thread_blocked, id=10448, stack(0x000000001ae50000,0x000000001af50000)]
  0x00000000196ce000 JavaThread "Attach Listener" daemon [_thread_blocked, id=7524, stack(0x000000001ad50000,0x000000001ae50000)]
  0x00000000196cc800 JavaThread "Signal Dispatcher" daemon [_thread_blocked, id=11060, stack(0x000000001ac50000,0x000000001ad50000)]
=>0x00000000196ba800 JavaThread "Finalizer" daemon [_thread_in_native, id=5752, stack(0x000000001a930000,0x000000001aa30000)]
  0x0000000004b53000 JavaThread "Reference Handler" daemon [_thread_blocked, id=11760, stack(0x000000001a830000,0x000000001a930000)]
  0x000000000495d800 JavaThread "main" [_thread_in_native, id=14080, stack(0x0000000004960000,0x0000000004a60000)]

Other Threads:
  0x0000000019697800 VMThread [stack: 0x000000001a730000,0x000000001a830000] [id=1028]
  0x000000001b17b000 WatcherThread [stack: 0x000000001ba20000,0x000000001bb20000] [id=7340]

VM state:not at safepoint (normal execution)

VM Mutex/Monitor currently owned by a thread: None

Heap:
 PSYoungGen      total 547840K, used 3045K [0x00000000d5c00000, 0x00000000fe900000, 0x0000000100000000)
  eden space 538112K, 0% used [0x00000000d5c00000,0x00000000d5ef9500,0x00000000f6980000)
  from space 9728K, 0% used [0x00000000fc100000,0x00000000fc100000,0x00000000fca80000)
  to   space 23552K, 0% used [0x00000000fd200000,0x00000000fd200000,0x00000000fe900000)
 ParOldGen       total 77824K, used 23852K [0x0000000081400000, 0x0000000086000000, 0x00000000d5c00000)
  object space 77824K, 30% used [0x0000000081400000,0x0000000082b4b148,0x0000000086000000)
 Metaspace       used 34837K, capacity 35348K, committed 35880K, reserved 1081344K
  class space    used 4457K, capacity 4634K, committed 4736K, reserved 1048576K

Card table byte_map: [0x0000000013f20000,0x0000000014320000] byte_map_base: 0x0000000013b16000

Marking Bits: (ParMarkBitMap*) 0x000000005ed4d850
 Begin Bits: [0x00000000149d0000, 0x0000000016980000)
 End Bits:   [0x0000000016980000, 0x0000000018930000)

Polling page: 0x0000000002fc0000

CodeCache: size=245760Kb used=12107Kb max_used=12119Kb free=233652Kb
 bounds [0x0000000004b60000, 0x0000000005750000, 0x0000000013b60000]
 total_blobs=4024 nmethods=3599 adapters=337
 compilation: enabled

Compilation events (10 events):
Event: 478.477 Thread 0x00000000196e2000 4282       3       org.jvnet.hk2.internal.Utilities::checkLookupType (62 bytes)
Event: 478.478 Thread 0x00000000196e2000 nmethod 4282 0x000000000573e7d0 code [0x000000000573eac0, 0x0000000005740148]
Event: 478.478 Thread 0x00000000196e2000 4283       3       org.jvnet.hk2.internal.Utilities::translatePrimitiveType (19 bytes)
Event: 478.478 Thread 0x00000000196e2000 nmethod 4283 0x0000000005740b50 code [0x0000000005740d00, 0x00000000057412f8]
Event: 478.479 Thread 0x00000000196d0800 4284  s    4       java.util.Vector::addElement (38 bytes)
Event: 478.480 Thread 0x00000000196d0800 nmethod 4284 0x0000000005744490 code [0x00000000057445e0, 0x00000000057449a8]
Event: 478.583 Thread 0x00000000196e2000 4285   !   3       java.lang.ref.Reference::tryHandlePending (115 bytes)
Event: 478.584 Thread 0x00000000196e2000 nmethod 4285 0x00000000057430d0 code [0x0000000005743300, 0x0000000005743f88]
Event: 478.586 Thread 0x00000000196d7000 4286   !   4       java.lang.ref.Reference::tryHandlePending (115 bytes)
Event: 478.589 Thread 0x00000000196d7000 nmethod 4286 0x0000000005746b90 code [0x0000000005746d40, 0x0000000005747670]

GC Heap History (10 events):
Event: 432.288 GC heap before
{Heap before GC invocations=15 (full 1):
 PSYoungGen      total 666112K, used 651200K [0x00000000d5c00000, 0x0000000100000000, 0x0000000100000000)
  eden space 650752K, 100% used [0x00000000d5c00000,0x00000000fd780000,0x00000000fd780000)
  from space 15360K, 2% used [0x00000000fd780000,0x00000000fd7f0000,0x00000000fe680000)
  to   space 15872K, 0% used [0x00000000ff080000,0x00000000ff080000,0x0000000100000000)
 ParOldGen       total 66560K, used 19339K [0x0000000081400000, 0x0000000085500000, 0x00000000d5c00000)
  object space 66560K, 29% used [0x0000000081400000,0x00000000826e2fb8,0x0000000085500000)
 Metaspace       used 23723K, capacity 24202K, committed 24576K, reserved 1071104K
  class space    used 2880K, capacity 3007K, committed 3072K, reserved 1048576K
Event: 432.300 GC heap after
Heap after GC invocations=15 (full 1):
 PSYoungGen      total 627200K, used 6639K [0x00000000d5c00000, 0x00000000ff700000, 0x0000000100000000)
  eden space 620544K, 0% used [0x00000000d5c00000,0x00000000d5c00000,0x00000000fba00000)
  from space 6656K, 99% used [0x00000000ff080000,0x00000000ff6fbfe0,0x00000000ff700000)
  to   space 14848K, 0% used [0x00000000fda00000,0x00000000fda00000,0x00000000fe880000)
 ParOldGen       total 66560K, used 19379K [0x0000000081400000, 0x0000000085500000, 0x00000000d5c00000)
  object space 66560K, 29% used [0x0000000081400000,0x00000000826ecfb8,0x0000000085500000)
 Metaspace       used 23723K, capacity 24202K, committed 24576K, reserved 1071104K
  class space    used 2880K, capacity 3007K, committed 3072K, reserved 1048576K
}
Event: 435.382 GC heap before
{Heap before GC invocations=16 (full 1):
 PSYoungGen      total 627200K, used 627183K [0x00000000d5c00000, 0x00000000ff700000, 0x0000000100000000)
  eden space 620544K, 100% used [0x00000000d5c00000,0x00000000fba00000,0x00000000fba00000)
  from space 6656K, 99% used [0x00000000ff080000,0x00000000ff6fbfe0,0x00000000ff700000)
  to   space 14848K, 0% used [0x00000000fda00000,0x00000000fda00000,0x00000000fe880000)
 ParOldGen       total 66560K, used 19379K [0x0000000081400000, 0x0000000085500000, 0x00000000d5c00000)
  object space 66560K, 29% used [0x0000000081400000,0x00000000826ecfb8,0x0000000085500000)
 Metaspace       used 24718K, capacity 25200K, committed 25472K, reserved 1071104K
  class space    used 3011K, capacity 3168K, committed 3200K, reserved 1048576K
Event: 435.423 GC heap after
Heap after GC invocations=16 (full 1):
 PSYoungGen      total 606720K, used 14837K [0x00000000d5c00000, 0x00000000ff100000, 0x0000000100000000)
  eden space 591872K, 0% used [0x00000000d5c00000,0x00000000d5c00000,0x00000000f9e00000)
  from space 14848K, 99% used [0x00000000fda00000,0x00000000fe87d6b8,0x00000000fe880000)
  to   space 8704K, 0% used [0x00000000fe880000,0x00000000fe880000,0x00000000ff100000)
 ParOldGen       total 66560K, used 20647K [0x0000000081400000, 0x0000000085500000, 0x00000000d5c00000)
  object space 66560K, 31% used [0x0000000081400000,0x0000000082829db8,0x0000000085500000)
 Metaspace       used 24718K, capacity 25200K, committed 25472K, reserved 1071104K
  class space    used 3011K, capacity 3168K, committed 3200K, reserved 1048576K
}
Event: 470.569 GC heap before
{Heap before GC invocations=17 (full 1):
 PSYoungGen      total 606720K, used 606709K [0x00000000d5c00000, 0x00000000ff100000, 0x0000000100000000)
  eden space 591872K, 100% used [0x00000000d5c00000,0x00000000f9e00000,0x00000000f9e00000)
  from space 14848K, 99% used [0x00000000fda00000,0x00000000fe87d6b8,0x00000000fe880000)
  to   space 8704K, 0% used [0x00000000fe880000,0x00000000fe880000,0x00000000ff100000)
 ParOldGen       total 66560K, used 20647K [0x0000000081400000, 0x0000000085500000, 0x00000000d5c00000)
  object space 66560K, 31% used [0x0000000081400000,0x0000000082829db8,0x0000000085500000)
 Metaspace       used 29502K, capacity 30040K, committed 30336K, reserved 1075200K
  class space    used 3684K, capacity 3856K, committed 3968K, reserved 1048576K
Event: 470.614 GC heap after
Heap after GC invocations=17 (full 1):
 PSYoungGen      total 572928K, used 8672K [0x00000000d5c00000, 0x00000000ff100000, 0x0000000100000000)
  eden space 564224K, 0% used [0x00000000d5c00000,0x00000000d5c00000,0x00000000f8300000)
  from space 8704K, 99% used [0x00000000fe880000,0x00000000ff0f8010,0x00000000ff100000)
  to   space 24576K, 0% used [0x00000000fc100000,0x00000000fc100000,0x00000000fd900000)
 ParOldGen       total 66560K, used 41873K [0x0000000081400000, 0x0000000085500000, 0x00000000d5c00000)
  object space 66560K, 62% used [0x0000000081400000,0x0000000083ce47a0,0x0000000085500000)
 Metaspace       used 29502K, capacity 30040K, committed 30336K, reserved 1075200K
  class space    used 3684K, capacity 3856K, committed 3968K, reserved 1048576K
}
Event: 478.511 GC heap before
{Heap before GC invocations=18 (full 1):
 PSYoungGen      total 572928K, used 309384K [0x00000000d5c00000, 0x00000000ff100000, 0x0000000100000000)
  eden space 564224K, 53% used [0x00000000d5c00000,0x00000000e81aa2c8,0x00000000f8300000)
  from space 8704K, 99% used [0x00000000fe880000,0x00000000ff0f8010,0x00000000ff100000)
  to   space 24576K, 0% used [0x00000000fc100000,0x00000000fc100000,0x00000000fd900000)
 ParOldGen       total 66560K, used 41873K [0x0000000081400000, 0x0000000085500000, 0x00000000d5c00000)
  object space 66560K, 62% used [0x0000000081400000,0x0000000083ce47a0,0x0000000085500000)
 Metaspace       used 34776K, capacity 35252K, committed 35496K, reserved 1081344K
  class space    used 4448K, capacity 4602K, committed 4608K, reserved 1048576K
Event: 478.527 GC heap after
Heap after GC invocations=18 (full 1):
 PSYoungGen      total 547840K, used 9255K [0x00000000d5c00000, 0x00000000fe900000, 0x0000000100000000)
  eden space 538112K, 0% used [0x00000000d5c00000,0x00000000d5c00000,0x00000000f6980000)
  from space 9728K, 95% used [0x00000000fc100000,0x00000000fca09c10,0x00000000fca80000)
  to   space 23552K, 0% used [0x00000000fd200000,0x00000000fd200000,0x00000000fe900000)
 ParOldGen       total 66560K, used 43471K [0x0000000081400000, 0x0000000085500000, 0x00000000d5c00000)
  object space 66560K, 65% used [0x0000000081400000,0x0000000083e73db0,0x0000000085500000)
 Metaspace       used 34776K, capacity 35252K, committed 35496K, reserved 1081344K
  class space    used 4448K, capacity 4602K, committed 4608K, reserved 1048576K
}
Event: 478.527 GC heap before
{Heap before GC invocations=19 (full 2):
 PSYoungGen      total 547840K, used 9255K [0x00000000d5c00000, 0x00000000fe900000, 0x0000000100000000)
  eden space 538112K, 0% used [0x00000000d5c00000,0x00000000d5c00000,0x00000000f6980000)
  from space 9728K, 95% used [0x00000000fc100000,0x00000000fca09c10,0x00000000fca80000)
  to   space 23552K, 0% used [0x00000000fd200000,0x00000000fd200000,0x00000000fe900000)
 ParOldGen       total 66560K, used 43471K [0x0000000081400000, 0x0000000085500000, 0x00000000d5c00000)
  object space 66560K, 65% used [0x0000000081400000,0x0000000083e73db0,0x0000000085500000)
 Metaspace       used 34776K, capacity 35252K, committed 35496K, reserved 1081344K
  class space    used 4448K, capacity 4602K, committed 4608K, reserved 1048576K
Event: 478.583 GC heap after
Heap after GC invocations=19 (full 2):
 PSYoungGen      total 547840K, used 0K [0x00000000d5c00000, 0x00000000fe900000, 0x0000000100000000)
  eden space 538112K, 0% used [0x00000000d5c00000,0x00000000d5c00000,0x00000000f6980000)
  from space 9728K, 0% used [0x00000000fc100000,0x00000000fc100000,0x00000000fca80000)
  to   space 23552K, 0% used [0x00000000fd200000,0x00000000fd200000,0x00000000fe900000)
 ParOldGen       total 77824K, used 23852K [0x0000000081400000, 0x0000000086000000, 0x00000000d5c00000)
  object space 77824K, 30% used [0x0000000081400000,0x0000000082b4b148,0x0000000086000000)
 Metaspace       used 34776K, capacity 35252K, committed 35496K, reserved 1081344K
  class space    used 4448K, capacity 4602K, committed 4608K, reserved 1048576K
}

Deoptimization events (10 events):
Event: 431.924 Thread 0x000000001e6a4000 Uncommon trap: reason=class_check action=maybe_recompile pc=0x00000000053e4d74 method=org.apache.catalina.startup.ContextConfig.checkHandlesTypes(Lorg/apache/tomcat/util/bcel/classfile/JavaClass;Ljava/util/Map;)V @ 427
Event: 431.924 Thread 0x000000001e6a4000 Uncommon trap: reason=class_check action=maybe_recompile pc=0x00000000053e4d74 method=org.apache.catalina.startup.ContextConfig.checkHandlesTypes(Lorg/apache/tomcat/util/bcel/classfile/JavaClass;Ljava/util/Map;)V @ 427
Event: 431.925 Thread 0x000000001e6a4000 Uncommon trap: reason=class_check action=maybe_recompile pc=0x00000000053e4d74 method=org.apache.catalina.startup.ContextConfig.checkHandlesTypes(Lorg/apache/tomcat/util/bcel/classfile/JavaClass;Ljava/util/Map;)V @ 427
Event: 431.925 Thread 0x000000001e6a4000 Uncommon trap: reason=class_check action=maybe_recompile pc=0x00000000053e4d74 method=org.apache.catalina.startup.ContextConfig.checkHandlesTypes(Lorg/apache/tomcat/util/bcel/classfile/JavaClass;Ljava/util/Map;)V @ 427
Event: 446.394 Thread 0x000000001d213800 Uncommon trap: reason=unstable_if action=reinterpret pc=0x00000000055e7d04 method=org.sqlite.SQLiteJDBCLoader.contentsEquals(Ljava/io/InputStream;Ljava/io/InputStream;)Z @ 39
Event: 468.399 Thread 0x000000001e6a4000 Uncommon trap: reason=class_check action=maybe_recompile pc=0x000000000526b9a0 method=org.apache.catalina.startup.ContextConfig.checkHandlesTypes(Lorg/apache/tomcat/util/bcel/classfile/JavaClass;Ljava/util/Map;)V @ 181
Event: 468.400 Thread 0x000000001e6a4000 Uncommon trap: reason=class_check action=maybe_recompile pc=0x000000000526b9a0 method=org.apache.catalina.startup.ContextConfig.checkHandlesTypes(Lorg/apache/tomcat/util/bcel/classfile/JavaClass;Ljava/util/Map;)V @ 181
Event: 470.618 Thread 0x00000000196ba800 Uncommon trap: reason=unstable_if action=reinterpret pc=0x000000000534541c method=org.apache.catalina.loader.WebappClassLoaderBase.checkStateForResourceLoading(Ljava/lang/String;)V @ 7
Event: 478.583 Thread 0x0000000004b53000 Uncommon trap: reason=unstable_if action=reinterpret pc=0x00000000051ab234 method=java.lang.ref.Reference.tryHandlePending(Z)Z @ 20
Event: 478.584 Thread 0x00000000196ba800 Uncommon trap: reason=unstable_if action=reinterpret pc=0x0000000005324958 method=java.util.HashMap$HashIterator.<init>(Ljava/util/HashMap;)V @ 45

Internal exceptions (10 events):
Event: 470.619 Thread 0x00000000196ba800 Exception <a 'java/lang/NoClassDefFoundError': org/sqlite/SQLiteErrorCode> (0x00000000d65b1780) thrown at [C:\re\workspace\8-2-build-windows-amd64-cygwin\jdk8u141\9370\hotspot\src\share\vm\oops\constantPool.cpp, line 235]
Event: 470.619 Thread 0x00000000196ba800 Exception <a 'java/lang/NoClassDefFoundError': org/sqlite/SQLiteErrorCode> (0x00000000d65b19e8) thrown at [C:\re\workspace\8-2-build-windows-amd64-cygwin\jdk8u141\9370\hotspot\src\share\vm\oops\constantPool.cpp, line 235]
Event: 470.619 Thread 0x00000000196ba800 Exception <a 'java/lang/NoClassDefFoundError': org/sqlite/SQLiteErrorCode> (0x00000000d65b1c50) thrown at [C:\re\workspace\8-2-build-windows-amd64-cygwin\jdk8u141\9370\hotspot\src\share\vm\oops\constantPool.cpp, line 235]
Event: 470.619 Thread 0x00000000196ba800 Exception <a 'java/lang/NoClassDefFoundError': org/sqlite/SQLiteErrorCode> (0x00000000d65b1eb8) thrown at [C:\re\workspace\8-2-build-windows-amd64-cygwin\jdk8u141\9370\hotspot\src\share\vm\oops\constantPool.cpp, line 235]
Event: 470.619 Thread 0x00000000196ba800 Exception <a 'java/lang/NoClassDefFoundError': org/sqlite/SQLiteErrorCode> (0x00000000d65b2120) thrown at [C:\re\workspace\8-2-build-windows-amd64-cygwin\jdk8u141\9370\hotspot\src\share\vm\oops\constantPool.cpp, line 235]
Event: 470.620 Thread 0x00000000196ba800 Exception <a 'java/lang/NoClassDefFoundError': org/sqlite/SQLiteErrorCode> (0x00000000d65b2388) thrown at [C:\re\workspace\8-2-build-windows-amd64-cygwin\jdk8u141\9370\hotspot\src\share\vm\oops\constantPool.cpp, line 235]
Event: 470.620 Thread 0x00000000196ba800 Exception <a 'java/lang/NoClassDefFoundError': org/sqlite/SQLiteErrorCode> (0x00000000d65b25f0) thrown at [C:\re\workspace\8-2-build-windows-amd64-cygwin\jdk8u141\9370\hotspot\src\share\vm\oops\constantPool.cpp, line 235]
Event: 470.620 Thread 0x00000000196ba800 Exception <a 'java/lang/NoClassDefFoundError': org/sqlite/SQLiteErrorCode> (0x00000000d65b2858) thrown at [C:\re\workspace\8-2-build-windows-amd64-cygwin\jdk8u141\9370\hotspot\src\share\vm\oops\constantPool.cpp, line 235]
Event: 470.620 Thread 0x00000000196ba800 Exception <a 'java/lang/NoClassDefFoundError': org/sqlite/SQLiteErrorCode> (0x00000000d65b2ac0) thrown at [C:\re\workspace\8-2-build-windows-amd64-cygwin\jdk8u141\9370\hotspot\src\share\vm\oops\constantPool.cpp, line 235]
Event: 471.450 Thread 0x000000001e6a4000 Exception <a 'java/io/FileNotFoundException'> (0x00000000e45d9980) thrown at [C:\re\workspace\8-2-build-windows-amd64-cygwin\jdk8u141\9370\hotspot\src\share\vm\prims\jni.cpp, line 709]

Events (10 events):
Event: 478.583 Thread 0x0000000004b53000 Uncommon trap: trap_request=0xffffff65 fr.pc=0x00000000051ab234
Event: 478.583 Thread 0x0000000004b53000 DEOPT PACKING pc=0x00000000051ab234 sp=0x000000001a92f600
Event: 478.583 Thread 0x0000000004b53000 DEOPT UNPACKING pc=0x0000000004ba582a sp=0x000000001a92f5b0 mode 2
Event: 478.584 Thread 0x00000000196ba800 Uncommon trap: trap_request=0xffffff65 fr.pc=0x0000000005324958
Event: 478.584 Thread 0x00000000196ba800 DEOPT PACKING pc=0x0000000005324958 sp=0x000000001aa2f4e0
Event: 478.584 Thread 0x00000000196ba800 DEOPT UNPACKING pc=0x0000000004ba582a sp=0x000000001aa2f3c8 mode 2
Event: 478.585 Executing VM operation: RevokeBias
Event: 478.586 Executing VM operation: RevokeBias done
Event: 478.587 Thread 0x00000000196ba800 DEOPT PACKING pc=0x0000000004e87962 sp=0x000000001aa2f700
Event: 478.587 Thread 0x00000000196ba800 DEOPT UNPACKING pc=0x0000000004ba787f sp=0x000000001aa2f470 mode 0


Dynamic libraries:
0x00007ff6d6fe0000 - 0x00007ff6d7017000 	C:\Program Files\Java\jre1.8.0_131\bin\javaw.exe
0x00007fff534e0000 - 0x00007fff536c0000 	C:\WINDOWS\SYSTEM32\ntdll.dll
0x00007fff510e0000 - 0x00007fff5118e000 	C:\WINDOWS\System32\KERNEL32.DLL
0x00007fff4fde0000 - 0x00007fff50046000 	C:\WINDOWS\System32\KERNELBASE.dll
0x00007fff53260000 - 0x00007fff53301000 	C:\WINDOWS\System32\ADVAPI32.dll
0x00007fff50f40000 - 0x00007fff50fdd000 	C:\WINDOWS\System32\msvcrt.dll
0x00007fff51d80000 - 0x00007fff51ddb000 	C:\WINDOWS\System32\sechost.dll
0x00007fff509b0000 - 0x00007fff50acf000 	C:\WINDOWS\System32\RPCRT4.dll
0x00007fff51bf0000 - 0x00007fff51d7f000 	C:\WINDOWS\System32\USER32.dll
0x00007fff4fb50000 - 0x00007fff4fb70000 	C:\WINDOWS\System32\win32u.dll
0x00007fff50de0000 - 0x00007fff50e08000 	C:\WINDOWS\System32\GDI32.dll
0x00007fff4fbf0000 - 0x00007fff4fd83000 	C:\WINDOWS\System32\gdi32full.dll
0x00007fff4f8e0000 - 0x00007fff4f97b000 	C:\WINDOWS\System32\msvcp_win.dll
0x00007fff50050000 - 0x00007fff50146000 	C:\WINDOWS\System32\ucrtbase.dll
0x00007fff42f00000 - 0x00007fff43169000 	C:\WINDOWS\WinSxS\amd64_microsoft.windows.common-controls_6595b64144ccf1df_6.0.16299.192_none_15c8cdae9364c23b\COMCTL32.dll
0x00007fff50ad0000 - 0x00007fff50dd8000 	C:\WINDOWS\System32\combase.dll
0x00007fff4fb70000 - 0x00007fff4fbe2000 	C:\WINDOWS\System32\bcryptPrimitives.dll
0x00007fff53230000 - 0x00007fff5325d000 	C:\WINDOWS\System32\IMM32.DLL
0x000000005e010000 - 0x000000005e0e2000 	C:\Program Files\Java\jre1.8.0_131\bin\msvcr100.dll
0x000000005e530000 - 0x000000005edcd000 	C:\Program Files\Java\jre1.8.0_131\bin\server\jvm.dll
0x00007fff517b0000 - 0x00007fff517b8000 	C:\WINDOWS\System32\PSAPI.DLL
0x00007fff4dbd0000 - 0x00007fff4dbf3000 	C:\WINDOWS\SYSTEM32\WINMM.dll
0x00007fff47c50000 - 0x00007fff47c59000 	C:\WINDOWS\SYSTEM32\WSOCK32.dll
0x00007fff517c0000 - 0x00007fff5182c000 	C:\WINDOWS\System32\WS2_32.dll
0x00007fff48430000 - 0x00007fff4843a000 	C:\WINDOWS\SYSTEM32\VERSION.dll
0x00007fff4da90000 - 0x00007fff4daba000 	C:\WINDOWS\SYSTEM32\WINMMBASE.dll
0x00007fff4fd90000 - 0x00007fff4fdda000 	C:\WINDOWS\System32\cfgmgr32.dll
0x000000005e440000 - 0x000000005e44f000 	C:\Program Files\Java\jre1.8.0_131\bin\verify.dll
0x000000005e410000 - 0x000000005e439000 	C:\Program Files\Java\jre1.8.0_131\bin\java.dll
0x000000005e3f0000 - 0x000000005e406000 	C:\Program Files\Java\jre1.8.0_131\bin\zip.dll
0x00007fff51de0000 - 0x00007fff53216000 	C:\WINDOWS\System32\SHELL32.dll
0x00007fff51700000 - 0x00007fff517a6000 	C:\WINDOWS\System32\shcore.dll
0x00007fff50260000 - 0x00007fff509a7000 	C:\WINDOWS\System32\windows.storage.dll
0x00007fff51080000 - 0x00007fff510d1000 	C:\WINDOWS\System32\shlwapi.dll
0x00007fff4f870000 - 0x00007fff4f881000 	C:\WINDOWS\System32\kernel.appcore.dll
0x00007fff4f890000 - 0x00007fff4f8dc000 	C:\WINDOWS\System32\powrprof.dll
0x00007fff4f850000 - 0x00007fff4f86b000 	C:\WINDOWS\System32\profapi.dll
0x000000005e0f0000 - 0x000000005e0fd000 	C:\Program Files\Java\jre1.8.0_131\bin\management.dll
0x000000005e3d0000 - 0x000000005e3ea000 	C:\Program Files\Java\jre1.8.0_131\bin\net.dll
0x00007fff4f060000 - 0x00007fff4f0c6000 	C:\WINDOWS\system32\mswsock.dll
0x000000005e3b0000 - 0x000000005e3c1000 	C:\Program Files\Java\jre1.8.0_131\bin\nio.dll
0x000000005e110000 - 0x000000005e134000 	C:\Program Files\Java\jre1.8.0_131\bin\sunec.dll
0x000000005e100000 - 0x000000005e10b000 	C:\Program Files\Java\jre1.8.0_131\bin\sunmscapi.dll
0x00007fff4f980000 - 0x00007fff4fb4e000 	C:\WINDOWS\System32\CRYPT32.dll
0x00007fff4f830000 - 0x00007fff4f842000 	C:\WINDOWS\System32\MSASN1.dll
0x00007fff4f220000 - 0x00007fff4f237000 	C:\WINDOWS\SYSTEM32\CRYPTSP.dll
0x00007fff4ec70000 - 0x00007fff4eca3000 	C:\WINDOWS\system32\rsaenh.dll
0x00007fff4f380000 - 0x00007fff4f3a5000 	C:\WINDOWS\SYSTEM32\bcrypt.dll
0x00007fff4f760000 - 0x00007fff4f789000 	C:\WINDOWS\SYSTEM32\USERENV.dll
0x00007fff4f3b0000 - 0x00007fff4f3bb000 	C:\WINDOWS\SYSTEM32\CRYPTBASE.dll
0x00007fff4edf0000 - 0x00007fff4ee29000 	C:\WINDOWS\SYSTEM32\IPHLPAPI.DLL
0x00007fff53220000 - 0x00007fff53228000 	C:\WINDOWS\System32\NSI.dll
0x00007fff4a880000 - 0x00007fff4a896000 	C:\WINDOWS\SYSTEM32\dhcpcsvc6.DLL
0x00007fff4ad40000 - 0x00007fff4ad5a000 	C:\WINDOWS\SYSTEM32\dhcpcsvc.DLL
0x00007fff4ee30000 - 0x00007fff4eee6000 	C:\WINDOWS\SYSTEM32\DNSAPI.dll
0x00007fff49490000 - 0x00007fff4949a000 	C:\Windows\System32\rasadhlp.dll
0x00007fff494c0000 - 0x00007fff49530000 	C:\WINDOWS\System32\fwpuclnt.dll
0x00007fff44c50000 - 0x00007fff44e18000 	C:\WINDOWS\SYSTEM32\dbghelp.dll

VM Arguments:
jvm_args: -Dcatalina.base=C:\Users\Tristan Glaes\Documents\eclipse-projects\.metadata\.plugins\org.eclipse.wst.server.core\tmp0 -Dcatalina.home=C:\Users\Tristan Glaes\Documents\team5ds\project3\apache-tomcat-8.5.24\apache-tomcat-8.5.24 -Dwtp.deploy=C:\Users\Tristan Glaes\Documents\eclipse-projects\.metadata\.plugins\org.eclipse.wst.server.core\tmp0\wtpwebapps -Djava.endorsed.dirs=C:\Users\Tristan Glaes\Documents\team5ds\project3\apache-tomcat-8.5.24\apache-tomcat-8.5.24\endorsed -Dfile.encoding=Cp1252 
java_command: org.apache.catalina.startup.Bootstrap start
java_class_path (initial): C:\Program Files\Java\jre1.8.0_131\lib\resources.jar;C:\Program Files\Java\jre1.8.0_131\lib\rt.jar;C:\Program Files\Java\jre1.8.0_131\lib\jsse.jar;C:\Program Files\Java\jre1.8.0_131\lib\jce.jar;C:\Program Files\Java\jre1.8.0_131\lib\charsets.jar;C:\Program Files\Java\jre1.8.0_131\lib\jfr.jar;C:\Users\Tristan Glaes\Documents\team5ds\project3\apache-tomcat-8.5.24\apache-tomcat-8.5.24\bin\bootstrap.jar;C:\Users\Tristan Glaes\Documents\team5ds\project3\apache-tomcat-8.5.24\apache-tomcat-8.5.24\bin\tomcat-juli.jar
Launcher Type: SUN_STANDARD

Environment Variables:
PATH=C:/Program Files/Java/jre1.8.0_131/bin/server;C:/Program Files/Java/jre1.8.0_131/bin;C:/Program Files/Java/jre1.8.0_131/lib/amd64;C:\Program Files (x86)\NVIDIA Corporation\PhysX\Common;C:\ProgramData\Oracle\Java\javapath;C:\WINDOWS\system32;C:\WINDOWS;C:\WINDOWS\System32\Wbem;C:\WINDOWS\System32\WindowsPowerShell\v1.0\;C:\Program Files\PuTTY\;C:\Program Files\MySQL\MySQL Utilities 1.6\;C:\Program Files\dotnet\;C:\Program Files\Microsoft SQL Server\130\Tools\Binn\;C:\Users\Tristan Glaes\AppData\Local\Microsoft\WindowsApps;C:\Program Files\Java\jdk1.8.0_131;C:\Users\Tristan Glaes\AppData\Local\atom\bin;C:\Users\Tristan Glaes\Desktop;
USERNAME=Tristan Glaes
OS=Windows_NT
PROCESSOR_IDENTIFIER=Intel64 Family 6 Model 60 Stepping 3, GenuineIntel



---------------  S Y S T E M  ---------------

OS: Windows 10.0 , 64 bit Build 16299 (10.0.16299.15)

CPU:total 4 (initial active 4) (4 cores per cpu, 1 threads per core) family 6 model 60 stepping 3, cmov, cx8, fxsr, mmx, sse, sse2, sse3, ssse3, sse4.1, sse4.2, popcnt, avx, avx2, aes, clmul, erms, lzcnt, tsc, tscinvbit, bmi1, bmi2

Memory: 4k page, physical 8305716k(2565492k free), swap 12106804k(2983900k free)

vm_info: Java HotSpot(TM) 64-Bit Server VM (25.141-b15) for windows-amd64 JRE (1.8.0_141-b15), built on Jul 12 2017 04:25:12 by "java_re" with MS VC++ 10.0 (VS2010)

time: Sun Feb 11 19:50:12 2018
elapsed time: 478 seconds (0d 0h 7m 58s)

