#
# A fatal error has been detected by the Java Runtime Environment:
#
#  EXCEPTION_ACCESS_VIOLATION (0xc0000005) at pc=0x0000000003572800, pid=10704, tid=0x00000000000017a0
#
# JRE version: Java(TM) SE Runtime Environment (8.0_141-b15) (build 1.8.0_141-b15)
# Java VM: Java HotSpot(TM) 64-Bit Server VM (25.141-b15 mixed mode windows-amd64 compressed oops)
# Problematic frame:
# C  0x0000000003572800
#
# Failed to write core dump. Minidumps are not enabled by default on client versions of Windows
#
# If you would like to submit a bug report, please visit:
#   http://bugreport.java.com/bugreport/crash.jsp
# The crash happened outside the Java Virtual Machine in native code.
# See problematic frame for where to report the bug.
#

---------------  T H R E A D  ---------------

Current thread (0x00000000050fb000):  JavaThread "Finalizer" daemon [_thread_in_native, id=6048, stack(0x000000001afb0000,0x000000001b0b0000)]

siginfo: ExceptionCode=0xc0000005, ExceptionInformation=0x0000000000000008 0x0000000003572800

Registers:
RAX=0x0000000003572800, RBX=0x00000000242bf7b8, RCX=0x00000000050fb1f8, RDX=0x000000001b0af400
RSP=0x000000001b0af338, RBP=0x000000001b0af3d0, RSI=0x0000000000000118, RDI=0x0000000000001d22
R8 =0x00000000226c1e38, R9 =0x0000000082037ff0, R10=0x0000000005208a4b, R11=0x000000005b9fbc50
R12=0x0000000000000000, R13=0x00000000242bf7b8, R14=0x000000001b0af400, R15=0x00000000050fb000
RIP=0x0000000003572800, EFLAGS=0x0000000000010283

Top of Stack: (sp=0x000000001b0af338)
0x000000001b0af338:   0000000005208a77 00000000050fb000
0x000000001b0af348:   000000005b9ec977 00000000050f70b8
0x000000001b0af358:   000000005b9ec2a2 0000000000001383
0x000000001b0af368:   00000000050f2000 0000003b00000001
0x000000001b0af378:   0000000000000000 0000000000000000
0x000000001b0af388:   0000000082037ff0 000000001b0af380
0x000000001b0af398:   0000000000000000 000000001b0af400
0x000000001b0af3a8:   00000000242f2998 0000000000000000
0x000000001b0af3b8:   00000000242bf7b8 0000000000000000
0x000000001b0af3c8:   000000001b0af3f0 000000001b0af458
0x000000001b0af3d8:   00000000051f7da0 0000000000000000
0x000000001b0af3e8:   00000000052019d6 00000000226c1e38
0x000000001b0af3f8:   00000000226c1e38 0000000082037ff0
0x000000001b0af408:   0000000000000009 0000000082037ff0
0x000000001b0af418:   000000001b0af408 00000000243005a2
0x000000001b0af428:   000000001b0af478 000000002430f800 

Instructions: (pc=0x0000000003572800)
0x00000000035727e0:   
[error occurred during error reporting (printing registers, top of stack, instructions near pc), id 0xc0000005]

Register to memory mapping:

RAX=0x0000000003572800 is an unknown value
RBX={method} {0x00000000242bf7c0} 'reset' '(J)I' in 'org/sqlite/core/NativeDB'
RCX=0x00000000050fb1f8 is an unknown value
RDX=0x000000001b0af400 is pointing into the stack for thread: 0x00000000050fb000
RSP=0x000000001b0af338 is pointing into the stack for thread: 0x00000000050fb000
RBP=0x000000001b0af3d0 is pointing into the stack for thread: 0x00000000050fb000
RSI=0x0000000000000118 is an unknown value
RDI=0x0000000000001d22 is an unknown value
R8 =0x00000000226c1e38 is an unknown value
R9 =0x0000000082037ff0 is an oop
org.sqlite.core.NativeDB 
 - klass: 'org/sqlite/core/NativeDB'
R10=0x0000000005208a4b is at code_begin+1227 in an Interpreter codelet
method entry point (kind = native_synchronized)  [0x0000000005208580, 0x0000000005209060]  2784 bytes
R11=0x000000005b9fbc50 is an unknown value
R12=0x0000000000000000 is an unknown value
R13={method} {0x00000000242bf7c0} 'reset' '(J)I' in 'org/sqlite/core/NativeDB'
R14=0x000000001b0af400 is pointing into the stack for thread: 0x00000000050fb000
R15=0x00000000050fb000 is a thread


Stack: [0x000000001afb0000,0x000000001b0b0000],  sp=0x000000001b0af338,  free space=1020k
Native frames: (J=compiled Java code, j=interpreted, Vv=VM code, C=native code)
C  0x0000000003572800

Java frames: (J=compiled Java code, j=interpreted, Vv=VM code)
j  org.sqlite.core.NativeDB.reset(J)I+0
j  org.sqlite.core.CoreResultSet.close()V+90
j  org.sqlite.jdbc4.JDBC4ResultSet.close()V+6
j  org.sqlite.jdbc3.JDBC3ResultSet.finalize()V+1
J 3755% C2 java.lang.ref.Finalizer$FinalizerThread.run()V (55 bytes) @ 0x0000000005c514c4 [0x0000000005c51220+0x2a4]
v  ~StubRoutines::call_stub

---------------  P R O C E S S  ---------------

Java Threads: ( => current thread )
  0x000000001ce27000 JavaThread "ajp-nio-8009-exec-13" daemon [_thread_blocked, id=5504, stack(0x0000000024d60000,0x0000000024e60000)]
  0x000000001efe3800 JavaThread "http-nio-8080-exec-19" daemon [_thread_blocked, id=7648, stack(0x0000000024c60000,0x0000000024d60000)]
  0x000000001efe2800 JavaThread "http-nio-8080-exec-18" daemon [_thread_blocked, id=1524, stack(0x0000000024b60000,0x0000000024c60000)]
  0x000000001efe5800 JavaThread "ajp-nio-8009-exec-12" daemon [_thread_blocked, id=10212, stack(0x0000000024a60000,0x0000000024b60000)]
  0x000000001efe2000 JavaThread "http-nio-8080-exec-17" daemon [_thread_blocked, id=328, stack(0x0000000024960000,0x0000000024a60000)]
  0x000000001efe6800 JavaThread "ajp-nio-8009-exec-11" daemon [_thread_blocked, id=9084, stack(0x0000000024860000,0x0000000024960000)]
  0x000000001ce35800 JavaThread "http-nio-8080-exec-16" daemon [_thread_blocked, id=9632, stack(0x0000000024760000,0x0000000024860000)]
  0x000000001ce34800 JavaThread "http-nio-8080-exec-15" daemon [_thread_blocked, id=6780, stack(0x0000000024660000,0x0000000024760000)]
  0x000000001ce34000 JavaThread "http-nio-8080-exec-14" daemon [_thread_blocked, id=8812, stack(0x0000000024560000,0x0000000024660000)]
  0x000000001ce32800 JavaThread "http-nio-8080-exec-13" daemon [_thread_blocked, id=11244, stack(0x0000000024460000,0x0000000024560000)]
  0x000000001ce31800 JavaThread "http-nio-8080-exec-12" daemon [_thread_blocked, id=5816, stack(0x0000000024360000,0x0000000024460000)]
  0x000000001ce36000 JavaThread "ajp-nio-8009-AsyncTimeout" daemon [_thread_blocked, id=6272, stack(0x0000000023960000,0x0000000023a60000)]
  0x000000001ce30000 JavaThread "ajp-nio-8009-Acceptor-0" daemon [_thread_in_native, id=6320, stack(0x0000000023860000,0x0000000023960000)]
  0x000000001ce33000 JavaThread "ajp-nio-8009-ClientPoller-1" daemon [_thread_in_native, id=9316, stack(0x0000000023760000,0x0000000023860000)]
  0x000000001ce28800 JavaThread "ajp-nio-8009-ClientPoller-0" daemon [_thread_in_native, id=4088, stack(0x0000000023660000,0x0000000023760000)]
  0x000000001ce2c800 JavaThread "ajp-nio-8009-exec-9" daemon [_thread_blocked, id=11668, stack(0x0000000023460000,0x0000000023560000)]
  0x000000001ce29000 JavaThread "ajp-nio-8009-exec-8" daemon [_thread_blocked, id=12128, stack(0x0000000023360000,0x0000000023460000)]
  0x000000001ce2f800 JavaThread "ajp-nio-8009-exec-6" daemon [_thread_blocked, id=6444, stack(0x0000000023160000,0x0000000023260000)]
  0x000000001ce2e800 JavaThread "ajp-nio-8009-exec-5" daemon [_thread_blocked, id=7496, stack(0x0000000023060000,0x0000000023160000)]
  0x000000001ce27800 JavaThread "ajp-nio-8009-exec-4" daemon [_thread_blocked, id=11152, stack(0x0000000022f60000,0x0000000023060000)]
  0x000000001ce2d000 JavaThread "ajp-nio-8009-exec-3" daemon [_thread_blocked, id=11576, stack(0x0000000022e60000,0x0000000022f60000)]
  0x000000001ce2a000 JavaThread "ajp-nio-8009-exec-2" daemon [_thread_blocked, id=956, stack(0x0000000022d60000,0x0000000022e60000)]
  0x000000001ce2e000 JavaThread "http-nio-8080-AsyncTimeout" daemon [_thread_blocked, id=1064, stack(0x0000000022b60000,0x0000000022c60000)]
  0x000000001efe4000 JavaThread "http-nio-8080-Acceptor-0" daemon [_thread_in_native, id=12068, stack(0x0000000022a60000,0x0000000022b60000)]
  0x000000001efe1000 JavaThread "http-nio-8080-ClientPoller-1" daemon [_thread_in_native, id=3832, stack(0x0000000022960000,0x0000000022a60000)]
  0x000000001efe0800 JavaThread "http-nio-8080-ClientPoller-0" daemon [_thread_in_native, id=10260, stack(0x0000000022860000,0x0000000022960000)]
  0x000000001efdf800 JavaThread "http-nio-8080-exec-10" daemon [_thread_blocked, id=6212, stack(0x0000000022760000,0x0000000022860000)]
  0x000000001efe5000 JavaThread "http-nio-8080-exec-5" daemon [_thread_blocked, id=9036, stack(0x0000000022160000,0x0000000022260000)]
  0x00000000212a9800 JavaThread "ContainerBackgroundProcessor[StandardEngine[Catalina]]" daemon [_thread_in_native, id=12192, stack(0x000000001e6b0000,0x000000001e7b0000)]
  0x000000001c47f800 JavaThread "NioBlockingSelector.BlockPoller-2" daemon [_thread_in_native, id=9236, stack(0x000000001e1b0000,0x000000001e2b0000)]
  0x000000001c47d800 JavaThread "NioBlockingSelector.BlockPoller-1" daemon [_thread_in_native, id=11148, stack(0x000000001e0b0000,0x000000001e1b0000)]
  0x000000001c7de800 JavaThread "GC Daemon" daemon [_thread_blocked, id=8748, stack(0x000000001da70000,0x000000001db70000)]
  0x000000001b5dd000 JavaThread "Service Thread" daemon [_thread_blocked, id=2168, stack(0x000000001bad0000,0x000000001bbd0000)]
  0x000000001b5d8800 JavaThread "C1 CompilerThread2" daemon [_thread_blocked, id=6032, stack(0x000000001b9d0000,0x000000001bad0000)]
  0x0000000019db3000 JavaThread "C2 CompilerThread1" daemon [_thread_blocked, id=2432, stack(0x000000001b4d0000,0x000000001b5d0000)]
  0x0000000019d5f000 JavaThread "C2 CompilerThread0" daemon [_thread_blocked, id=2892, stack(0x000000001b3d0000,0x000000001b4d0000)]
  0x0000000019d5c800 JavaThread "Attach Listener" daemon [_thread_blocked, id=4172, stack(0x000000001b2d0000,0x000000001b3d0000)]
  0x0000000019d5b800 JavaThread "Signal Dispatcher" daemon [_thread_blocked, id=6364, stack(0x000000001b1d0000,0x000000001b2d0000)]
=>0x00000000050fb000 JavaThread "Finalizer" daemon [_thread_in_native, id=6048, stack(0x000000001afb0000,0x000000001b0b0000)]
  0x00000000050f2000 JavaThread "Reference Handler" daemon [_thread_blocked, id=11060, stack(0x000000001aeb0000,0x000000001afb0000)]
  0x0000000005000800 JavaThread "main" [_thread_in_native, id=6136, stack(0x0000000004ea0000,0x0000000004fa0000)]

Other Threads:
  0x0000000019d27000 VMThread [stack: 0x000000001adb0000,0x000000001aeb0000] [id=1732]
  0x000000001b5e0800 WatcherThread [stack: 0x000000001bfa0000,0x000000001c0a0000] [id=6420]

VM state:not at safepoint (normal execution)

VM Mutex/Monitor currently owned by a thread: None

Heap:
 PSYoungGen      total 593408K, used 11617K [0x00000000d5c00000, 0x00000000fe200000, 0x0000000100000000)
  eden space 579072K, 2% used [0x00000000d5c00000,0x00000000d6758528,0x00000000f9180000)
  from space 14336K, 0% used [0x00000000fd400000,0x00000000fd400000,0x00000000fe200000)
  to   space 26112K, 0% used [0x00000000faf00000,0x00000000faf00000,0x00000000fc880000)
 ParOldGen       total 77824K, used 26155K [0x0000000081400000, 0x0000000086000000, 0x00000000d5c00000)
  object space 77824K, 33% used [0x0000000081400000,0x0000000082d8ae78,0x0000000086000000)
 Metaspace       used 29675K, capacity 30148K, committed 33448K, reserved 1079296K
  class space    used 3689K, capacity 3890K, committed 4608K, reserved 1048576K

Card table byte_map: [0x00000000145b0000,0x00000000149b0000] byte_map_base: 0x00000000141a6000

Marking Bits: (ParMarkBitMap*) 0x000000005bfed850
 Begin Bits: [0x0000000015060000, 0x0000000017010000)
 End Bits:   [0x0000000017010000, 0x0000000018fc0000)

Polling page: 0x00000000036c0000

CodeCache: size=245760Kb used=11643Kb max_used=11656Kb free=234116Kb
 bounds [0x00000000051f0000, 0x0000000005d70000, 0x00000000141f0000]
 total_blobs=3960 nmethods=3535 adapters=337
 compilation: enabled

Compilation events (10 events):
Event: 350.096 Thread 0x0000000019d5f000 nmethod 4241 0x00000000055ffc50 code [0x00000000055ffda0, 0x00000000055ffe28]
Event: 350.183 Thread 0x000000001b5d8800 4242       3       java.nio.charset.CharsetDecoder::replaceWith (68 bytes)
Event: 350.183 Thread 0x000000001b5d8800 nmethod 4242 0x0000000005d55c10 code [0x0000000005d55de0, 0x0000000005d563f8]
Event: 350.194 Thread 0x0000000019db3000 4243   !   4       org.apache.catalina.webresources.AbstractSingleArchiveResource::getJarInputStreamWrapper (104 bytes)
Event: 350.218 Thread 0x000000001b5d8800 4244       3       java.util.jar.JarFile::entries (10 bytes)
Event: 350.219 Thread 0x000000001b5d8800 nmethod 4244 0x0000000005d59550 code [0x0000000005d59700, 0x0000000005d59c88]
Event: 350.219 Thread 0x000000001b5d8800 4245       3       java.util.jar.JarFile$JarEntryIterator::<init> (6 bytes)
Event: 350.219 Thread 0x000000001b5d8800 nmethod 4245 0x0000000005d58b10 code [0x0000000005d58cc0, 0x0000000005d591a8]
Event: 350.220 Thread 0x0000000019db3000 nmethod 4243 0x0000000005d5f990 code [0x0000000005d5fd00, 0x0000000005d61998]
Event: 350.337 Thread 0x000000001b5d8800 4246   !   3       java.lang.ref.Reference::tryHandlePending (115 bytes)

GC Heap History (10 events):
Event: 146.357 GC heap before
{Heap before GC invocations=14 (full 1):
 PSYoungGen      total 623104K, used 623001K [0x00000000d5c00000, 0x00000000ff400000, 0x0000000100000000)
  eden space 619008K, 100% used [0x00000000d5c00000,0x00000000fb880000,0x00000000fb880000)
  from space 4096K, 97% used [0x00000000ff000000,0x00000000ff3e6730,0x00000000ff400000)
  to   space 15360K, 0% used [0x00000000fd600000,0x00000000fd600000,0x00000000fe500000)
 ParOldGen       total 64512K, used 16000K [0x0000000081400000, 0x0000000085300000, 0x00000000d5c00000)
  object space 64512K, 24% used [0x0000000081400000,0x00000000823a0210,0x0000000085300000)
 Metaspace       used 23844K, capacity 24342K, committed 24704K, reserved 1071104K
  class space    used 2890K, capacity 3073K, committed 3200K, reserved 1048576K
Event: 146.386 GC heap after
Heap after GC invocations=14 (full 1):
 PSYoungGen      total 664576K, used 15351K [0x00000000d5c00000, 0x0000000100000000, 0x0000000100000000)
  eden space 649216K, 0% used [0x00000000d5c00000,0x00000000d5c00000,0x00000000fd600000)
  from space 15360K, 99% used [0x00000000fd600000,0x00000000fe4fdc58,0x00000000fe500000)
  to   space 21504K, 0% used [0x00000000feb00000,0x00000000feb00000,0x0000000100000000)
 ParOldGen       total 64512K, used 26837K [0x0000000081400000, 0x0000000085300000, 0x00000000d5c00000)
  object space 64512K, 41% used [0x0000000081400000,0x0000000082e35710,0x0000000085300000)
 Metaspace       used 23844K, capacity 24342K, committed 24704K, reserved 1071104K
  class space    used 2890K, capacity 3073K, committed 3200K, reserved 1048576K
}
Event: 159.051 GC heap before
{Heap before GC invocations=15 (full 1):
 PSYoungGen      total 664576K, used 664567K [0x00000000d5c00000, 0x0000000100000000, 0x0000000100000000)
  eden space 649216K, 100% used [0x00000000d5c00000,0x00000000fd600000,0x00000000fd600000)
  from space 15360K, 99% used [0x00000000fd600000,0x00000000fe4fdc58,0x00000000fe500000)
  to   space 21504K, 0% used [0x00000000feb00000,0x00000000feb00000,0x0000000100000000)
 ParOldGen       total 64512K, used 26837K [0x0000000081400000, 0x0000000085300000, 0x00000000d5c00000)
  object space 64512K, 41% used [0x0000000081400000,0x0000000082e35710,0x0000000085300000)
 Metaspace       used 28990K, capacity 29496K, committed 29952K, reserved 1075200K
  class space    used 3628K, capacity 3824K, committed 3840K, reserved 1048576K
Event: 159.087 GC heap after
Heap after GC invocations=15 (full 1):
 PSYoungGen      total 658432K, used 21484K [0x00000000d5c00000, 0x0000000100000000, 0x0000000100000000)
  eden space 636928K, 0% used [0x00000000d5c00000,0x00000000d5c00000,0x00000000fca00000)
  from space 21504K, 99% used [0x00000000feb00000,0x00000000ffffb030,0x0000000100000000)
  to   space 27648K, 0% used [0x00000000fca00000,0x00000000fca00000,0x00000000fe500000)
 ParOldGen       total 64512K, used 35439K [0x0000000081400000, 0x0000000085300000, 0x00000000d5c00000)
  object space 64512K, 54% used [0x0000000081400000,0x000000008369bfc8,0x0000000085300000)
 Metaspace       used 28990K, capacity 29496K, committed 29952K, reserved 1075200K
  class space    used 3628K, capacity 3824K, committed 3840K, reserved 1048576K
}
Event: 234.108 GC heap before
{Heap before GC invocations=16 (full 1):
 PSYoungGen      total 658432K, used 658412K [0x00000000d5c00000, 0x0000000100000000, 0x0000000100000000)
  eden space 636928K, 100% used [0x00000000d5c00000,0x00000000fca00000,0x00000000fca00000)
  from space 21504K, 99% used [0x00000000feb00000,0x00000000ffffb030,0x0000000100000000)
  to   space 27648K, 0% used [0x00000000fca00000,0x00000000fca00000,0x00000000fe500000)
 ParOldGen       total 64512K, used 35439K [0x0000000081400000, 0x0000000085300000, 0x00000000d5c00000)
  object space 64512K, 54% used [0x0000000081400000,0x000000008369bfc8,0x0000000085300000)
 Metaspace       used 34409K, capacity 34920K, committed 35328K, reserved 1079296K
  class space    used 4406K, capacity 4600K, committed 4608K, reserved 1048576K
Event: 234.131 GC heap after
Heap after GC invocations=16 (full 1):
 PSYoungGen      total 617472K, used 10190K [0x00000000d5c00000, 0x00000000feb80000, 0x0000000100000000)
  eden space 607232K, 0% used [0x00000000d5c00000,0x00000000d5c00000,0x00000000fad00000)
  from space 10240K, 99% used [0x00000000fca00000,0x00000000fd3f3b50,0x00000000fd400000)
  to   space 24064K, 0% used [0x00000000fd400000,0x00000000fd400000,0x00000000feb80000)
 ParOldGen       total 64512K, used 37048K [0x0000000081400000, 0x0000000085300000, 0x00000000d5c00000)
  object space 64512K, 57% used [0x0000000081400000,0x000000008382e1d8,0x0000000085300000)
 Metaspace       used 34409K, capacity 34920K, committed 35328K, reserved 1079296K
  class space    used 4406K, capacity 4600K, committed 4608K, reserved 1048576K
}
Event: 350.280 GC heap before
{Heap before GC invocations=17 (full 1):
 PSYoungGen      total 617472K, used 518891K [0x00000000d5c00000, 0x00000000feb80000, 0x0000000100000000)
  eden space 607232K, 83% used [0x00000000d5c00000,0x00000000f4cc7190,0x00000000fad00000)
  from space 10240K, 99% used [0x00000000fca00000,0x00000000fd3f3b50,0x00000000fd400000)
  to   space 24064K, 0% used [0x00000000fd400000,0x00000000fd400000,0x00000000feb80000)
 ParOldGen       total 64512K, used 37048K [0x0000000081400000, 0x0000000085300000, 0x00000000d5c00000)
  object space 64512K, 57% used [0x0000000081400000,0x000000008382e1d8,0x0000000085300000)
 Metaspace       used 34626K, capacity 35136K, committed 35496K, reserved 1081344K
  class space    used 4422K, capacity 4608K, committed 4608K, reserved 1048576K
Event: 350.295 GC heap after
Heap after GC invocations=17 (full 1):
 PSYoungGen      total 593408K, used 14013K [0x00000000d5c00000, 0x00000000fe200000, 0x0000000100000000)
  eden space 579072K, 0% used [0x00000000d5c00000,0x00000000d5c00000,0x00000000f9180000)
  from space 14336K, 97% used [0x00000000fd400000,0x00000000fe1af418,0x00000000fe200000)
  to   space 26112K, 0% used [0x00000000faf00000,0x00000000faf00000,0x00000000fc880000)
 ParOldGen       total 64512K, used 38384K [0x0000000081400000, 0x0000000085300000, 0x00000000d5c00000)
  object space 64512K, 59% used [0x0000000081400000,0x000000008397c1f8,0x0000000085300000)
 Metaspace       used 34626K, capacity 35136K, committed 35496K, reserved 1081344K
  class space    used 4422K, capacity 4608K, committed 4608K, reserved 1048576K
}
Event: 350.295 GC heap before
{Heap before GC invocations=18 (full 2):
 PSYoungGen      total 593408K, used 14013K [0x00000000d5c00000, 0x00000000fe200000, 0x0000000100000000)
  eden space 579072K, 0% used [0x00000000d5c00000,0x00000000d5c00000,0x00000000f9180000)
  from space 14336K, 97% used [0x00000000fd400000,0x00000000fe1af418,0x00000000fe200000)
  to   space 26112K, 0% used [0x00000000faf00000,0x00000000faf00000,0x00000000fc880000)
 ParOldGen       total 64512K, used 38384K [0x0000000081400000, 0x0000000085300000, 0x00000000d5c00000)
  object space 64512K, 59% used [0x0000000081400000,0x000000008397c1f8,0x0000000085300000)
 Metaspace       used 34626K, capacity 35136K, committed 35496K, reserved 1081344K
  class space    used 4422K, capacity 4608K, committed 4608K, reserved 1048576K
Event: 350.336 GC heap after
Heap after GC invocations=18 (full 2):
 PSYoungGen      total 593408K, used 0K [0x00000000d5c00000, 0x00000000fe200000, 0x0000000100000000)
  eden space 579072K, 0% used [0x00000000d5c00000,0x00000000d5c00000,0x00000000f9180000)
  from space 14336K, 0% used [0x00000000fd400000,0x00000000fd400000,0x00000000fe200000)
  to   space 26112K, 0% used [0x00000000faf00000,0x00000000faf00000,0x00000000fc880000)
 ParOldGen       total 77824K, used 26155K [0x0000000081400000, 0x0000000086000000, 0x00000000d5c00000)
  object space 77824K, 33% used [0x0000000081400000,0x0000000082d8ae78,0x0000000086000000)
 Metaspace       used 29648K, capacity 30116K, committed 33448K, reserved 1079296K
  class space    used 3685K, capacity 3858K, committed 4608K, reserved 1048576K
}

Deoptimization events (10 events):
Event: 147.028 Thread 0x00000000212a9800 Uncommon trap: reason=class_check action=maybe_recompile pc=0x00000000055ffe0c method=java.util.Collections$UnmodifiableCollection.isEmpty()Z @ 4
Event: 147.032 Thread 0x00000000212a9800 Uncommon trap: reason=class_check action=maybe_recompile pc=0x00000000055ffe0c method=java.util.Collections$UnmodifiableCollection.isEmpty()Z @ 4
Event: 147.032 Thread 0x00000000212a9800 Uncommon trap: reason=class_check action=maybe_recompile pc=0x00000000055ffe0c method=java.util.Collections$UnmodifiableCollection.isEmpty()Z @ 4
Event: 147.033 Thread 0x00000000212a9800 Uncommon trap: reason=class_check action=maybe_recompile pc=0x00000000055ffe0c method=java.util.Collections$UnmodifiableCollection.isEmpty()Z @ 4
Event: 147.528 Thread 0x00000000212a9800 Uncommon trap: reason=unstable_if action=reinterpret pc=0x0000000005957ca4 method=java.util.HashMap.removeNode(ILjava/lang/Object;Ljava/lang/Object;ZZ)Ljava/util/HashMap$Node; @ 168
Event: 155.460 Thread 0x000000001efe2800 Uncommon trap: reason=unstable_if action=reinterpret pc=0x0000000005aefec8 method=java.util.concurrent.locks.ReentrantReadWriteLock$Sync.tryAcquireShared(I)I @ 55
Event: 157.900 Thread 0x00000000212a9800 Uncommon trap: reason=class_check action=maybe_recompile pc=0x0000000005a94c08 method=org.apache.catalina.startup.ContextConfig.checkHandlesTypes(Lorg/apache/tomcat/util/bcel/classfile/JavaClass;Ljava/util/Map;)V @ 181
Event: 157.901 Thread 0x00000000212a9800 Uncommon trap: reason=class_check action=maybe_recompile pc=0x0000000005a94c08 method=org.apache.catalina.startup.ContextConfig.checkHandlesTypes(Lorg/apache/tomcat/util/bcel/classfile/JavaClass;Ljava/util/Map;)V @ 181
Event: 161.566 Thread 0x000000001efe3800 Uncommon trap: reason=unstable_if action=reinterpret pc=0x0000000005a844c4 method=org.sqlite.SQLiteJDBCLoader.contentsEquals(Ljava/io/InputStream;Ljava/io/InputStream;)Z @ 39
Event: 350.337 Thread 0x00000000050f2000 Uncommon trap: reason=unstable_if action=reinterpret pc=0x000000000583ec74 method=java.lang.ref.Reference.tryHandlePending(Z)Z @ 20

Internal exceptions (10 events):
Event: 6.831 Thread 0x000000001c911000 Exception <a 'java/lang/ArrayIndexOutOfBoundsException'> (0x00000000dd986078) thrown at [C:\re\workspace\8-2-build-windows-amd64-cygwin\jdk8u141\9370\hotspot\src\share\vm\runtime\sharedRuntime.cpp, line 605]
Event: 6.832 Thread 0x000000001c911000 Exception <a 'java/lang/ArrayIndexOutOfBoundsException'> (0x00000000dd98fd50) thrown at [C:\re\workspace\8-2-build-windows-amd64-cygwin\jdk8u141\9370\hotspot\src\share\vm\runtime\sharedRuntime.cpp, line 605]
Event: 6.959 Thread 0x000000001c911000 Exception <a 'java/lang/ArrayIndexOutOfBoundsException'> (0x00000000de15b940) thrown at [C:\re\workspace\8-2-build-windows-amd64-cygwin\jdk8u141\9370\hotspot\src\share\vm\runtime\sharedRuntime.cpp, line 605]
Event: 6.959 Thread 0x000000001c911000 Exception <a 'java/lang/ArrayIndexOutOfBoundsException'> (0x00000000de15cff8) thrown at [C:\re\workspace\8-2-build-windows-amd64-cygwin\jdk8u141\9370\hotspot\src\share\vm\runtime\sharedRuntime.cpp, line 605]
Event: 7.022 Thread 0x000000001c911000 Exception <a 'java/lang/ArrayIndexOutOfBoundsException': 84> (0x00000000de3b5de8) thrown at [C:\re\workspace\8-2-build-windows-amd64-cygwin\jdk8u141\9370\hotspot\src\share\vm\interpreter\interpreterRuntime.cpp, line 366]
Event: 7.022 Thread 0x000000001c911000 Exception <a 'java/lang/ArrayIndexOutOfBoundsException': 40> (0x00000000de3b6d78) thrown at [C:\re\workspace\8-2-build-windows-amd64-cygwin\jdk8u141\9370\hotspot\src\share\vm\interpreter\interpreterRuntime.cpp, line 366]
Event: 8.186 Thread 0x000000001cdcc000 Implicit null exception at 0x00000000059cde4f to 0x00000000059d01c1
Event: 8.187 Thread 0x000000001cdcc000 Implicit null exception at 0x000000000598f391 to 0x000000000598f7c9
Event: 146.899 Thread 0x00000000212a9800 Exception <a 'java/io/FileNotFoundException'> (0x00000000e32f86e8) thrown at [C:\re\workspace\8-2-build-windows-amd64-cygwin\jdk8u141\9370\hotspot\src\share\vm\prims\jni.cpp, line 709]
Event: 159.918 Thread 0x00000000212a9800 Exception <a 'java/io/FileNotFoundException'> (0x00000000e9b52a20) thrown at [C:\re\workspace\8-2-build-windows-amd64-cygwin\jdk8u141\9370\hotspot\src\share\vm\prims\jni.cpp, line 709]

Events (10 events):
Event: 349.949 loading class java/util/concurrent/CopyOnWriteArrayList$1 done
Event: 349.958 Thread 0x00000000212a9800 DEOPT PACKING pc=0x000000000593e128 sp=0x000000001e7ae270
Event: 349.958 Thread 0x00000000212a9800 DEOPT UNPACKING pc=0x000000000523787f sp=0x000000001e7ae0c0 mode 0
Event: 349.976 Thread 0x00000000212a9800 DEOPT PACKING pc=0x000000000593e128 sp=0x000000001e7adff0
Event: 349.976 Thread 0x00000000212a9800 DEOPT UNPACKING pc=0x000000000523787f sp=0x000000001e7ade40 mode 0
Event: 350.280 Executing VM operation: CollectForMetadataAllocation
Event: 350.336 Executing VM operation: CollectForMetadataAllocation done
Event: 350.336 Thread 0x00000000050f2000 Uncommon trap: trap_request=0xffffff65 fr.pc=0x000000000583ec74
Event: 350.337 Thread 0x00000000050f2000 DEOPT PACKING pc=0x000000000583ec74 sp=0x000000001afaefd0
Event: 350.337 Thread 0x00000000050f2000 DEOPT UNPACKING pc=0x000000000523582a sp=0x000000001afaef80 mode 2


Dynamic libraries:
0x00007ff6ce360000 - 0x00007ff6ce397000 	C:\Program Files\Java\jre1.8.0_131\bin\javaw.exe
0x00007ffd68a80000 - 0x00007ffd68c60000 	C:\WINDOWS\SYSTEM32\ntdll.dll
0x00007ffd66020000 - 0x00007ffd660ce000 	C:\WINDOWS\System32\KERNEL32.DLL
0x00007ffd65070000 - 0x00007ffd652d6000 	C:\WINDOWS\System32\KERNELBASE.dll
0x00007ffd684f0000 - 0x00007ffd68591000 	C:\WINDOWS\System32\ADVAPI32.dll
0x00007ffd66420000 - 0x00007ffd664bd000 	C:\WINDOWS\System32\msvcrt.dll
0x00007ffd66540000 - 0x00007ffd6659b000 	C:\WINDOWS\System32\sechost.dll
0x00007ffd683d0000 - 0x00007ffd684ef000 	C:\WINDOWS\System32\RPCRT4.dll
0x00007ffd66290000 - 0x00007ffd6641f000 	C:\WINDOWS\System32\USER32.dll
0x00007ffd64e80000 - 0x00007ffd64ea0000 	C:\WINDOWS\System32\win32u.dll
0x00007ffd67ca0000 - 0x00007ffd67cc8000 	C:\WINDOWS\System32\GDI32.dll
0x00007ffd65480000 - 0x00007ffd65613000 	C:\WINDOWS\System32\gdi32full.dll
0x00007ffd652e0000 - 0x00007ffd6537b000 	C:\WINDOWS\System32\msvcp_win.dll
0x00007ffd65380000 - 0x00007ffd65476000 	C:\WINDOWS\System32\ucrtbase.dll
0x00007ffd5a130000 - 0x00007ffd5a399000 	C:\WINDOWS\WinSxS\amd64_microsoft.windows.common-controls_6595b64144ccf1df_6.0.16299.192_none_15c8cdae9364c23b\COMCTL32.dll
0x00007ffd67f10000 - 0x00007ffd68218000 	C:\WINDOWS\System32\combase.dll
0x00007ffd65620000 - 0x00007ffd65692000 	C:\WINDOWS\System32\bcryptPrimitives.dll
0x00007ffd65ff0000 - 0x00007ffd6601d000 	C:\WINDOWS\System32\IMM32.DLL
0x000000005b2b0000 - 0x000000005b382000 	C:\Program Files\Java\jre1.8.0_131\bin\msvcr100.dll
0x000000005b7d0000 - 0x000000005c06d000 	C:\Program Files\Java\jre1.8.0_131\bin\server\jvm.dll
0x00007ffd67c90000 - 0x00007ffd67c98000 	C:\WINDOWS\System32\PSAPI.DLL
0x00007ffd61ed0000 - 0x00007ffd61ed9000 	C:\WINDOWS\SYSTEM32\WSOCK32.dll
0x00007ffd660d0000 - 0x00007ffd6613c000 	C:\WINDOWS\System32\WS2_32.dll
0x00007ffd5a0a0000 - 0x00007ffd5a0c3000 	C:\WINDOWS\SYSTEM32\WINMM.dll
0x00007ffd5da00000 - 0x00007ffd5da0a000 	C:\WINDOWS\SYSTEM32\VERSION.dll
0x00007ffd5a060000 - 0x00007ffd5a08a000 	C:\WINDOWS\SYSTEM32\WINMMBASE.dll
0x00007ffd657b0000 - 0x00007ffd657fa000 	C:\WINDOWS\System32\cfgmgr32.dll
0x000000005b6e0000 - 0x000000005b6ef000 	C:\Program Files\Java\jre1.8.0_131\bin\verify.dll
0x000000005b6b0000 - 0x000000005b6d9000 	C:\Program Files\Java\jre1.8.0_131\bin\java.dll
0x000000005b690000 - 0x000000005b6a6000 	C:\Program Files\Java\jre1.8.0_131\bin\zip.dll
0x00007ffd666b0000 - 0x00007ffd67ae6000 	C:\WINDOWS\System32\SHELL32.dll
0x00007ffd66600000 - 0x00007ffd666a6000 	C:\WINDOWS\System32\shcore.dll
0x00007ffd65800000 - 0x00007ffd65f47000 	C:\WINDOWS\System32\windows.storage.dll
0x00007ffd665a0000 - 0x00007ffd665f1000 	C:\WINDOWS\System32\shlwapi.dll
0x00007ffd64e40000 - 0x00007ffd64e51000 	C:\WINDOWS\System32\kernel.appcore.dll
0x00007ffd64df0000 - 0x00007ffd64e3c000 	C:\WINDOWS\System32\powrprof.dll
0x00007ffd64dd0000 - 0x00007ffd64deb000 	C:\WINDOWS\System32\profapi.dll
0x000000005b390000 - 0x000000005b39d000 	C:\Program Files\Java\jre1.8.0_131\bin\management.dll
0x000000005b670000 - 0x000000005b68a000 	C:\Program Files\Java\jre1.8.0_131\bin\net.dll
0x00007ffd64600000 - 0x00007ffd64666000 	C:\WINDOWS\system32\mswsock.dll
0x000000005b650000 - 0x000000005b661000 	C:\Program Files\Java\jre1.8.0_131\bin\nio.dll
0x000000005b3b0000 - 0x000000005b3d4000 	C:\Program Files\Java\jre1.8.0_131\bin\sunec.dll
0x000000005b3a0000 - 0x000000005b3ab000 	C:\Program Files\Java\jre1.8.0_131\bin\sunmscapi.dll
0x00007ffd64ea0000 - 0x00007ffd6506e000 	C:\WINDOWS\System32\CRYPT32.dll
0x00007ffd64e60000 - 0x00007ffd64e72000 	C:\WINDOWS\System32\MSASN1.dll
0x00007ffd647d0000 - 0x00007ffd647e7000 	C:\WINDOWS\SYSTEM32\CRYPTSP.dll
0x00007ffd64210000 - 0x00007ffd64243000 	C:\WINDOWS\system32\rsaenh.dll
0x00007ffd64930000 - 0x00007ffd64955000 	C:\WINDOWS\SYSTEM32\bcrypt.dll
0x00007ffd64cd0000 - 0x00007ffd64cf9000 	C:\WINDOWS\SYSTEM32\USERENV.dll
0x00007ffd647c0000 - 0x00007ffd647cb000 	C:\WINDOWS\SYSTEM32\CRYPTBASE.dll
0x00007ffd64390000 - 0x00007ffd643c9000 	C:\WINDOWS\SYSTEM32\IPHLPAPI.DLL
0x00007ffd68280000 - 0x00007ffd68288000 	C:\WINDOWS\System32\NSI.dll
0x00007ffd60e80000 - 0x00007ffd60e96000 	C:\WINDOWS\SYSTEM32\dhcpcsvc6.DLL
0x00007ffd61160000 - 0x00007ffd6117a000 	C:\WINDOWS\SYSTEM32\dhcpcsvc.DLL
0x00007ffd643d0000 - 0x00007ffd64486000 	C:\WINDOWS\SYSTEM32\DNSAPI.dll
0x00007ffd5eed0000 - 0x00007ffd5eeda000 	C:\Windows\System32\rasadhlp.dll
0x00007ffd5ef80000 - 0x00007ffd5eff0000 	C:\WINDOWS\System32\fwpuclnt.dll
0x000000006d080000 - 0x000000006d175000 	C:\Users\Tristan Glaes\AppData\Local\Temp\sqlite-3.21.0-91ae7717-b7fc-4f0f-a25d-40d2f3c0e9fb-sqlitejdbc.dll
0x00007ffd60cb0000 - 0x00007ffd60e78000 	C:\WINDOWS\SYSTEM32\dbghelp.dll

VM Arguments:
jvm_args: -Dcatalina.base=C:\Users\Tristan Glaes\Documents\eclipse-projects\.metadata\.plugins\org.eclipse.wst.server.core\tmp0 -Dcatalina.home=C:\Users\Tristan Glaes\Documents\team5ds\project3\apache-tomcat-8.5.24\apache-tomcat-8.5.24 -Dwtp.deploy=C:\Users\Tristan Glaes\Documents\eclipse-projects\.metadata\.plugins\org.eclipse.wst.server.core\tmp0\wtpwebapps -Djava.endorsed.dirs=C:\Users\Tristan Glaes\Documents\team5ds\project3\apache-tomcat-8.5.24\apache-tomcat-8.5.24\endorsed -Dfile.encoding=Cp1252 
java_command: org.apache.catalina.startup.Bootstrap start
java_class_path (initial): C:\Program Files\Java\jre1.8.0_131\lib\resources.jar;C:\Program Files\Java\jre1.8.0_131\lib\rt.jar;C:\Program Files\Java\jre1.8.0_131\lib\jsse.jar;C:\Program Files\Java\jre1.8.0_131\lib\jce.jar;C:\Program Files\Java\jre1.8.0_131\lib\charsets.jar;C:\Program Files\Java\jre1.8.0_131\lib\jfr.jar;C:\Users\Tristan Glaes\Documents\team5ds\project3\apache-tomcat-8.5.24\apache-tomcat-8.5.24\bin\bootstrap.jar;C:\Users\Tristan Glaes\Documents\team5ds\project3\apache-tomcat-8.5.24\apache-tomcat-8.5.24\bin\tomcat-juli.jar
Launcher Type: SUN_STANDARD

Environment Variables:
PATH=C:/Program Files/Java/jre1.8.0_131/bin/server;C:/Program Files/Java/jre1.8.0_131/bin;C:/Program Files/Java/jre1.8.0_131/lib/amd64;C:\Program Files (x86)\NVIDIA Corporation\PhysX\Common;C:\ProgramData\Oracle\Java\javapath;C:\WINDOWS\system32;C:\WINDOWS;C:\WINDOWS\System32\Wbem;C:\WINDOWS\System32\WindowsPowerShell\v1.0\;C:\Program Files\PuTTY\;C:\Program Files\MySQL\MySQL Utilities 1.6\;C:\Users\Tristan Glaes\AppData\Local\Microsoft\WindowsApps;C:\Program Files\Java\jdk1.8.0_131;;C:\Users\Tristan Glaes\Desktop;
USERNAME=Tristan Glaes
OS=Windows_NT
PROCESSOR_IDENTIFIER=Intel64 Family 6 Model 60 Stepping 3, GenuineIntel



---------------  S Y S T E M  ---------------

OS: Windows 10.0 , 64 bit Build 16299 (10.0.16299.15)

CPU:total 4 (initial active 4) (4 cores per cpu, 1 threads per core) family 6 model 60 stepping 3, cmov, cx8, fxsr, mmx, sse, sse2, sse3, ssse3, sse4.1, sse4.2, popcnt, avx, avx2, aes, clmul, erms, lzcnt, tsc, tscinvbit, bmi1, bmi2

Memory: 4k page, physical 8305716k(3116296k free), swap 13024308k(5350488k free)

vm_info: Java HotSpot(TM) 64-Bit Server VM (25.141-b15) for windows-amd64 JRE (1.8.0_141-b15), built on Jul 12 2017 04:25:12 by "java_re" with MS VC++ 10.0 (VS2010)

time: Sat Feb 03 13:14:30 2018
elapsed time: 350 seconds (0d 0h 5m 50s)

