#
# A fatal error has been detected by the Java Runtime Environment:
#
#  EXCEPTION_ACCESS_VIOLATION (0xc0000005) at pc=0x000000006d082800, pid=1924, tid=0x00000000000025b4
#
# JRE version: Java(TM) SE Runtime Environment (8.0_141-b15) (build 1.8.0_141-b15)
# Java VM: Java HotSpot(TM) 64-Bit Server VM (25.141-b15 mixed mode windows-amd64 compressed oops)
# Problematic frame:
# C  0x000000006d082800
#
# Failed to write core dump. Minidumps are not enabled by default on client versions of Windows
#
# If you would like to submit a bug report, please visit:
#   http://bugreport.java.com/bugreport/crash.jsp
# The crash happened outside the Java Virtual Machine in native code.
# See problematic frame for where to report the bug.
#

---------------  T H R E A D  ---------------

Current thread (0x00000000049ab000):  JavaThread "Finalizer" daemon [_thread_in_native, id=9652, stack(0x000000001a780000,0x000000001a880000)]

siginfo: ExceptionCode=0xc0000005, ExceptionInformation=0x0000000000000008 0x000000006d082800

Registers:
RAX=0x000000006d082800, RBX=0x000000001db8b428, RCX=0x00000000049ab1f8, RDX=0x000000001a87f360
RSP=0x000000001a87f298, RBP=0x000000001a87f330, RSI=0x0000000000000118, RDI=0x0000000000001c35
R8 =0x0000000022d30548, R9 =0x0000000081f6ec90, R10=0x00000000049c8a4b, R11=0x000000006bd0bc50
R12=0x0000000000000000, R13=0x000000001db8b428, R14=0x000000001a87f360, R15=0x00000000049ab000
RIP=0x000000006d082800, EFLAGS=0x0000000000010202

Top of Stack: (sp=0x000000001a87f298)
0x000000001a87f298:   00000000049c8a77 000000001a87f2d8
0x000000001a87f2a8:   000000001a87f2a8 0000000081d0a070
0x000000001a87f2b8:   000000001a87f2f8 000000001a87f320
0x000000001a87f2c8:   00000000049b835d 00000000049b835d
0x000000001a87f2d8:   0000000081d0a060 0000000000000000
0x000000001a87f2e8:   0000000081f6ec90 000000001a87f2e0
0x000000001a87f2f8:   0000000000000000 000000001a87f360
0x000000001a87f308:   000000001dbce148 0000000000000000
0x000000001a87f318:   000000001db8b428 0000000000000000
0x000000001a87f328:   000000001a87f350 000000001a87f3b8
0x000000001a87f338:   00000000049b7da0 0000000000000000
0x000000001a87f348:   00000000049c19d6 0000000022d30548
0x000000001a87f358:   0000000022d30548 0000000081f6ec90
0x000000001a87f368:   0000000000000009 0000000081f6ec90
0x000000001a87f378:   000000001a87f368 000000001dbebe52
0x000000001a87f388:   000000001a87f3d8 000000001dbfb0a0 

Instructions: (pc=0x000000006d082800)
0x000000006d0827e0:   
[error occurred during error reporting (printing registers, top of stack, instructions near pc), id 0xc0000005]

Register to memory mapping:

RAX=0x000000006d082800 is an unknown value
RBX={method} {0x000000001db8b430} 'reset' '(J)I' in 'org/sqlite/core/NativeDB'
RCX=0x00000000049ab1f8 is an unknown value
RDX=0x000000001a87f360 is pointing into the stack for thread: 0x00000000049ab000
RSP=0x000000001a87f298 is pointing into the stack for thread: 0x00000000049ab000
RBP=0x000000001a87f330 is pointing into the stack for thread: 0x00000000049ab000
RSI=0x0000000000000118 is an unknown value
RDI=0x0000000000001c35 is an unknown value
R8 =0x0000000022d30548 is an unknown value
R9 =0x0000000081f6ec90 is an oop
org.sqlite.core.NativeDB 
 - klass: 'org/sqlite/core/NativeDB'
R10=0x00000000049c8a4b is at code_begin+1227 in an Interpreter codelet
method entry point (kind = native_synchronized)  [0x00000000049c8580, 0x00000000049c9060]  2784 bytes
R11=0x000000006bd0bc50 is an unknown value
R12=0x0000000000000000 is an unknown value
R13={method} {0x000000001db8b430} 'reset' '(J)I' in 'org/sqlite/core/NativeDB'
R14=0x000000001a87f360 is pointing into the stack for thread: 0x00000000049ab000
R15=0x00000000049ab000 is a thread


Stack: [0x000000001a780000,0x000000001a880000],  sp=0x000000001a87f298,  free space=1020k
Native frames: (J=compiled Java code, j=interpreted, Vv=VM code, C=native code)
C  0x000000006d082800

Java frames: (J=compiled Java code, j=interpreted, Vv=VM code)
j  org.sqlite.core.NativeDB.reset(J)I+0
j  org.sqlite.core.CoreResultSet.close()V+90
j  org.sqlite.jdbc4.JDBC4ResultSet.close()V+6
j  org.sqlite.jdbc3.JDBC3ResultSet.finalize()V+1
J 4179% C2 java.lang.ref.Finalizer$FinalizerThread.run()V (55 bytes) @ 0x00000000055118c4 [0x0000000005511620+0x2a4]
v  ~StubRoutines::call_stub

---------------  P R O C E S S  ---------------

Java Threads: ( => current thread )
  0x000000001c87f000 JavaThread "http-nio-8080-exec-12" daemon [_thread_blocked, id=932, stack(0x0000000024af0000,0x0000000024bf0000)]
  0x000000001c87e800 JavaThread "http-nio-8080-exec-11" daemon [_thread_blocked, id=11612, stack(0x00000000245f0000,0x00000000246f0000)]
  0x000000001c87d800 JavaThread "ajp-nio-8009-AsyncTimeout" daemon [_thread_blocked, id=3436, stack(0x00000000241f0000,0x00000000242f0000)]
  0x000000001c880000 JavaThread "ajp-nio-8009-Acceptor-0" daemon [_thread_in_native, id=9592, stack(0x00000000240f0000,0x00000000241f0000)]
  0x000000001c875000 JavaThread "ajp-nio-8009-ClientPoller-1" daemon [_thread_in_native, id=1088, stack(0x0000000023ff0000,0x00000000240f0000)]
  0x000000001c87c000 JavaThread "ajp-nio-8009-ClientPoller-0" daemon [_thread_in_native, id=7296, stack(0x0000000023ef0000,0x0000000023ff0000)]
  0x000000001c87b000 JavaThread "ajp-nio-8009-exec-10" daemon [_thread_blocked, id=8488, stack(0x0000000023df0000,0x0000000023ef0000)]
  0x000000001c873800 JavaThread "ajp-nio-8009-exec-9" daemon [_thread_blocked, id=8188, stack(0x0000000023cf0000,0x0000000023df0000)]
  0x000000001c87a800 JavaThread "ajp-nio-8009-exec-8" daemon [_thread_blocked, id=2280, stack(0x0000000023bf0000,0x0000000023cf0000)]
  0x000000001c879800 JavaThread "ajp-nio-8009-exec-7" daemon [_thread_blocked, id=12556, stack(0x0000000023af0000,0x0000000023bf0000)]
  0x000000001c878000 JavaThread "ajp-nio-8009-exec-6" daemon [_thread_blocked, id=3156, stack(0x00000000239f0000,0x0000000023af0000)]
  0x000000001c879000 JavaThread "ajp-nio-8009-exec-5" daemon [_thread_blocked, id=11856, stack(0x00000000238f0000,0x00000000239f0000)]
  0x000000001c874800 JavaThread "ajp-nio-8009-exec-4" daemon [_thread_blocked, id=2244, stack(0x00000000237f0000,0x00000000238f0000)]
  0x000000001c876000 JavaThread "ajp-nio-8009-exec-3" daemon [_thread_blocked, id=3864, stack(0x00000000236f0000,0x00000000237f0000)]
  0x000000001c873000 JavaThread "ajp-nio-8009-exec-2" daemon [_thread_blocked, id=9736, stack(0x00000000235f0000,0x00000000236f0000)]
  0x000000001c877800 JavaThread "ajp-nio-8009-exec-1" daemon [_thread_blocked, id=1316, stack(0x00000000234f0000,0x00000000235f0000)]
  0x000000001c876800 JavaThread "http-nio-8080-AsyncTimeout" daemon [_thread_blocked, id=10832, stack(0x00000000233f0000,0x00000000234f0000)]
  0x000000001d0dc000 JavaThread "http-nio-8080-Acceptor-0" daemon [_thread_in_native, id=2220, stack(0x00000000232f0000,0x00000000233f0000)]
  0x000000001d0da800 JavaThread "http-nio-8080-ClientPoller-1" daemon [_thread_in_native, id=11844, stack(0x00000000231f0000,0x00000000232f0000)]
  0x000000001d0d9000 JavaThread "http-nio-8080-ClientPoller-0" daemon [_thread_in_native, id=7120, stack(0x00000000230f0000,0x00000000231f0000)]
  0x000000001d0db000 JavaThread "http-nio-8080-exec-10" daemon [_thread_blocked, id=12332, stack(0x0000000022ff0000,0x00000000230f0000)]
  0x000000001d0df000 JavaThread "http-nio-8080-exec-9" daemon [_thread_blocked, id=6232, stack(0x0000000022ef0000,0x0000000022ff0000)]
  0x000000001d0d8000 JavaThread "http-nio-8080-exec-7" daemon [_thread_blocked, id=5816, stack(0x0000000022bf0000,0x0000000022cf0000)]
  0x000000001d0dc800 JavaThread "http-nio-8080-exec-5" daemon [_thread_blocked, id=11628, stack(0x00000000229f0000,0x0000000022af0000)]
  0x000000001d0dd800 JavaThread "http-nio-8080-exec-4" daemon [_thread_blocked, id=12940, stack(0x00000000228f0000,0x00000000229f0000)]
  0x000000001bfff000 JavaThread "http-nio-8080-exec-3" daemon [_thread_blocked, id=10564, stack(0x00000000227f0000,0x00000000228f0000)]
  0x00000000207f1000 JavaThread "http-nio-8080-exec-2" daemon [_thread_blocked, id=6728, stack(0x00000000226f0000,0x00000000227f0000)]
  0x000000001c09c000 JavaThread "http-nio-8080-exec-1" daemon [_thread_blocked, id=3944, stack(0x00000000225f0000,0x00000000226f0000)]
  0x000000001b0a9000 JavaThread "ContainerBackgroundProcessor[StandardEngine[Catalina]]" daemon [_thread_in_native, id=584, stack(0x000000001df80000,0x000000001e080000)]
  0x000000001c1de800 JavaThread "NioBlockingSelector.BlockPoller-2" daemon [_thread_in_native, id=8012, stack(0x000000001da80000,0x000000001db80000)]
  0x000000001c1db800 JavaThread "NioBlockingSelector.BlockPoller-1" daemon [_thread_in_native, id=9540, stack(0x000000001d980000,0x000000001da80000)]
  0x000000001bdc8800 JavaThread "GC Daemon" daemon [_thread_blocked, id=10988, stack(0x000000001d340000,0x000000001d440000)]
  0x000000001afd4000 JavaThread "Service Thread" daemon [_thread_blocked, id=13276, stack(0x000000001b3a0000,0x000000001b4a0000)]
  0x0000000019526000 JavaThread "C1 CompilerThread2" daemon [_thread_blocked, id=6684, stack(0x000000001aea0000,0x000000001afa0000)]
  0x0000000019522800 JavaThread "C2 CompilerThread1" daemon [_thread_blocked, id=8716, stack(0x000000001ada0000,0x000000001aea0000)]
  0x000000001951f800 JavaThread "C2 CompilerThread0" daemon [_thread_blocked, id=10328, stack(0x000000001aca0000,0x000000001ada0000)]
  0x000000001951d000 JavaThread "Attach Listener" daemon [_thread_blocked, id=13292, stack(0x000000001aba0000,0x000000001aca0000)]
  0x000000001951b800 JavaThread "Signal Dispatcher" daemon [_thread_blocked, id=12196, stack(0x000000001aaa0000,0x000000001aba0000)]
=>0x00000000049ab000 JavaThread "Finalizer" daemon [_thread_in_native, id=9652, stack(0x000000001a780000,0x000000001a880000)]
  0x00000000049a2000 JavaThread "Reference Handler" daemon [_thread_blocked, id=7004, stack(0x000000001a680000,0x000000001a780000)]
  0x00000000048ad800 JavaThread "main" [_thread_in_native, id=7436, stack(0x0000000004740000,0x0000000004840000)]

Other Threads:
  0x00000000194e7800 VMThread [stack: 0x000000001a580000,0x000000001a680000] [id=2176]
  0x000000001aff2000 WatcherThread [stack: 0x000000001b870000,0x000000001b970000] [id=12644]

VM state:not at safepoint (normal execution)

VM Mutex/Monitor currently owned by a thread: None

Heap:
 PSYoungGen      total 514560K, used 9982K [0x00000000d5c00000, 0x00000000fd000000, 0x0000000100000000)
  eden space 513024K, 1% used [0x00000000d5c00000,0x00000000d65bf978,0x00000000f5100000)
  from space 1536K, 0% used [0x00000000fce80000,0x00000000fce80000,0x00000000fd000000)
  to   space 30208K, 0% used [0x00000000f9500000,0x00000000f9500000,0x00000000fb280000)
 ParOldGen       total 76800K, used 13736K [0x0000000081400000, 0x0000000085f00000, 0x00000000d5c00000)
  object space 76800K, 17% used [0x0000000081400000,0x000000008216a1e8,0x0000000085f00000)
 Metaspace       used 25097K, capacity 25562K, committed 31400K, reserved 1077248K
  class space    used 2998K, capacity 3175K, committed 4608K, reserved 1048576K

Card table byte_map: [0x0000000013d70000,0x0000000014170000] byte_map_base: 0x0000000013966000

Marking Bits: (ParMarkBitMap*) 0x000000006c2fd850
 Begin Bits: [0x0000000014820000, 0x00000000167d0000)
 End Bits:   [0x00000000167d0000, 0x0000000018780000)

Polling page: 0x0000000002c00000

CodeCache: size=245760Kb used=12887Kb max_used=12900Kb free=232872Kb
 bounds [0x00000000049b0000, 0x0000000005670000, 0x00000000139b0000]
 total_blobs=4312 nmethods=3886 adapters=338
 compilation: enabled

Compilation events (10 events):
Event: 374.467 Thread 0x0000000019526000 nmethod 4636 0x0000000005654750 code [0x0000000005654960, 0x0000000005655750]
Event: 374.467 Thread 0x0000000019526000 4637       3       java.util.Formatter$FormatSpecifier::printDateTime (149 bytes)
Event: 374.468 Thread 0x0000000019526000 nmethod 4637 0x0000000005656310 code [0x0000000005656640, 0x00000000056581f8]
Event: 374.477 Thread 0x0000000019522800 nmethod 4628% 0x000000000565c990 code [0x000000000565cbc0, 0x000000000565f290]
Event: 374.478 Thread 0x000000001951f800 4638  s    4       java.util.Vector::addElement (38 bytes)
Event: 374.479 Thread 0x000000001951f800 nmethod 4638 0x00000000055e9590 code [0x00000000055e96e0, 0x00000000055e9aa8]
Event: 374.544 Thread 0x0000000019522800 4639       4       java.util.concurrent.atomic.AtomicBoolean::compareAndSet (35 bytes)
Event: 374.544 Thread 0x0000000019522800 nmethod 4639 0x0000000004f0a410 code [0x0000000004f0a540, 0x0000000004f0a5f8]
Event: 374.596 Thread 0x0000000019526000 4640   !   3       java.lang.ref.Reference::tryHandlePending (115 bytes)
Event: 374.597 Thread 0x0000000019526000 nmethod 4640 0x0000000005645e90 code [0x00000000056460c0, 0x0000000005646d48]

GC Heap History (10 events):
Event: 328.671 GC heap before
{Heap before GC invocations=16 (full 1):
 PSYoungGen      total 635392K, used 635362K [0x00000000d5c00000, 0x0000000100000000, 0x0000000100000000)
  eden space 619520K, 100% used [0x00000000d5c00000,0x00000000fb900000,0x00000000fb900000)
  from space 15872K, 99% used [0x00000000ff080000,0x00000000ffff8938,0x0000000100000000)
  to   space 21504K, 0% used [0x00000000fd600000,0x00000000fd600000,0x00000000feb00000)
 ParOldGen       total 65536K, used 26785K [0x0000000081400000, 0x0000000085400000, 0x00000000d5c00000)
  object space 65536K, 40% used [0x0000000081400000,0x0000000082e285d8,0x0000000085400000)
 Metaspace       used 29280K, capacity 29846K, committed 30208K, reserved 1075200K
  class space    used 3633K, capacity 3829K, committed 3840K, reserved 1048576K
Event: 328.704 GC heap after
Heap after GC invocations=16 (full 1):
 PSYoungGen      total 612352K, used 21474K [0x00000000d5c00000, 0x00000000ff100000, 0x0000000100000000)
  eden space 590848K, 0% used [0x00000000d5c00000,0x00000000d5c00000,0x00000000f9d00000)
  from space 21504K, 99% used [0x00000000fd600000,0x00000000feaf8828,0x00000000feb00000)
  to   space 6144K, 0% used [0x00000000feb00000,0x00000000feb00000,0x00000000ff100000)
 ParOldGen       total 65536K, used 34298K [0x0000000081400000, 0x0000000085400000, 0x00000000d5c00000)
  object space 65536K, 52% used [0x0000000081400000,0x000000008357e8c0,0x0000000085400000)
 Metaspace       used 29280K, capacity 29846K, committed 30208K, reserved 1075200K
  class space    used 3633K, capacity 3829K, committed 3840K, reserved 1048576K
}
Event: 372.473 GC heap before
{Heap before GC invocations=17 (full 1):
 PSYoungGen      total 612352K, used 612322K [0x00000000d5c00000, 0x00000000ff100000, 0x0000000100000000)
  eden space 590848K, 100% used [0x00000000d5c00000,0x00000000f9d00000,0x00000000f9d00000)
  from space 21504K, 99% used [0x00000000fd600000,0x00000000feaf8828,0x00000000feb00000)
  to   space 6144K, 0% used [0x00000000feb00000,0x00000000feb00000,0x00000000ff100000)
 ParOldGen       total 65536K, used 34298K [0x0000000081400000, 0x0000000085400000, 0x00000000d5c00000)
  object space 65536K, 52% used [0x0000000081400000,0x000000008357e8c0,0x0000000085400000)
 Metaspace       used 33903K, capacity 34448K, committed 34816K, reserved 1079296K
  class space    used 4303K, capacity 4520K, committed 4608K, reserved 1048576K
Event: 372.495 GC heap after
Heap after GC invocations=17 (full 1):
 PSYoungGen      total 569856K, used 6127K [0x00000000d5c00000, 0x00000000ff100000, 0x0000000100000000)
  eden space 563712K, 0% used [0x00000000d5c00000,0x00000000d5c00000,0x00000000f8280000)
  from space 6144K, 99% used [0x00000000feb00000,0x00000000ff0fbdb0,0x00000000ff100000)
  to   space 28160K, 0% used [0x00000000fba00000,0x00000000fba00000,0x00000000fd580000)
 ParOldGen       total 65536K, used 45370K [0x0000000081400000, 0x0000000085400000, 0x00000000d5c00000)
  object space 65536K, 69% used [0x0000000081400000,0x000000008404ea88,0x0000000085400000)
 Metaspace       used 33903K, capacity 34448K, committed 34816K, reserved 1079296K
  class space    used 4303K, capacity 4520K, committed 4608K, reserved 1048576K
}
Event: 374.346 GC heap before
{Heap before GC invocations=18 (full 1):
 PSYoungGen      total 569856K, used 569839K [0x00000000d5c00000, 0x00000000ff100000, 0x0000000100000000)
  eden space 563712K, 100% used [0x00000000d5c00000,0x00000000f8280000,0x00000000f8280000)
  from space 6144K, 99% used [0x00000000feb00000,0x00000000ff0fbdb0,0x00000000ff100000)
  to   space 28160K, 0% used [0x00000000fba00000,0x00000000fba00000,0x00000000fd580000)
 ParOldGen       total 65536K, used 45370K [0x0000000081400000, 0x0000000085400000, 0x00000000d5c00000)
  object space 65536K, 69% used [0x0000000081400000,0x000000008404ea88,0x0000000085400000)
 Metaspace       used 33990K, capacity 34576K, committed 35072K, reserved 1079296K
  class space    used 4303K, capacity 4520K, committed 4608K, reserved 1048576K
Event: 374.369 GC heap after
Heap after GC invocations=18 (full 1):
 PSYoungGen      total 558592K, used 20904K [0x00000000d5c00000, 0x00000000feb80000, 0x0000000100000000)
  eden space 537600K, 0% used [0x00000000d5c00000,0x00000000d5c00000,0x00000000f6900000)
  from space 20992K, 99% used [0x00000000fba00000,0x00000000fce6a0d8,0x00000000fce80000)
  to   space 29696K, 0% used [0x00000000fce80000,0x00000000fce80000,0x00000000feb80000)
 ParOldGen       total 65536K, used 47595K [0x0000000081400000, 0x0000000085400000, 0x00000000d5c00000)
  object space 65536K, 72% used [0x0000000081400000,0x000000008427ac98,0x0000000085400000)
 Metaspace       used 33990K, capacity 34576K, committed 35072K, reserved 1079296K
  class space    used 4303K, capacity 4520K, committed 4608K, reserved 1048576K
}
Event: 374.549 GC heap before
{Heap before GC invocations=19 (full 1):
 PSYoungGen      total 558592K, used 79927K [0x00000000d5c00000, 0x00000000feb80000, 0x0000000100000000)
  eden space 537600K, 10% used [0x00000000d5c00000,0x00000000d95a3ea8,0x00000000f6900000)
  from space 20992K, 99% used [0x00000000fba00000,0x00000000fce6a0d8,0x00000000fce80000)
  to   space 29696K, 0% used [0x00000000fce80000,0x00000000fce80000,0x00000000feb80000)
 ParOldGen       total 65536K, used 47595K [0x0000000081400000, 0x0000000085400000, 0x00000000d5c00000)
  object space 65536K, 72% used [0x0000000081400000,0x000000008427ac98,0x0000000085400000)
 Metaspace       used 34626K, capacity 35158K, committed 35496K, reserved 1081344K
  class space    used 4394K, capacity 4585K, committed 4608K, reserved 1048576K
Event: 374.554 GC heap after
Heap after GC invocations=19 (full 1):
 PSYoungGen      total 514560K, used 1429K [0x00000000d5c00000, 0x00000000fd000000, 0x0000000100000000)
  eden space 513024K, 0% used [0x00000000d5c00000,0x00000000d5c00000,0x00000000f5100000)
  from space 1536K, 93% used [0x00000000fce80000,0x00000000fcfe57c8,0x00000000fd000000)
  to   space 30208K, 0% used [0x00000000f9500000,0x00000000f9500000,0x00000000fb280000)
 ParOldGen       total 65536K, used 48135K [0x0000000081400000, 0x0000000085400000, 0x00000000d5c00000)
  object space 65536K, 73% used [0x0000000081400000,0x0000000084301cc8,0x0000000085400000)
 Metaspace       used 34626K, capacity 35158K, committed 35496K, reserved 1081344K
  class space    used 4394K, capacity 4585K, committed 4608K, reserved 1048576K
}
Event: 374.554 GC heap before
{Heap before GC invocations=20 (full 2):
 PSYoungGen      total 514560K, used 1429K [0x00000000d5c00000, 0x00000000fd000000, 0x0000000100000000)
  eden space 513024K, 0% used [0x00000000d5c00000,0x00000000d5c00000,0x00000000f5100000)
  from space 1536K, 93% used [0x00000000fce80000,0x00000000fcfe57c8,0x00000000fd000000)
  to   space 30208K, 0% used [0x00000000f9500000,0x00000000f9500000,0x00000000fb280000)
 ParOldGen       total 65536K, used 48135K [0x0000000081400000, 0x0000000085400000, 0x00000000d5c00000)
  object space 65536K, 73% used [0x0000000081400000,0x0000000084301cc8,0x0000000085400000)
 Metaspace       used 34626K, capacity 35158K, committed 35496K, reserved 1081344K
  class space    used 4394K, capacity 4585K, committed 4608K, reserved 1048576K
Event: 374.596 GC heap after
Heap after GC invocations=20 (full 2):
 PSYoungGen      total 514560K, used 0K [0x00000000d5c00000, 0x00000000fd000000, 0x0000000100000000)
  eden space 513024K, 0% used [0x00000000d5c00000,0x00000000d5c00000,0x00000000f5100000)
  from space 1536K, 0% used [0x00000000fce80000,0x00000000fce80000,0x00000000fd000000)
  to   space 30208K, 0% used [0x00000000f9500000,0x00000000f9500000,0x00000000fb280000)
 ParOldGen       total 76800K, used 13736K [0x0000000081400000, 0x0000000085f00000, 0x00000000d5c00000)
  object space 76800K, 17% used [0x0000000081400000,0x000000008216a1e8,0x0000000085f00000)
 Metaspace       used 25032K, capacity 25466K, committed 31400K, reserved 1077248K
  class space    used 2986K, capacity 3143K, committed 4608K, reserved 1048576K
}

Deoptimization events (10 events):
Event: 313.923 Thread 0x000000001b0a9000 Uncommon trap: reason=class_check action=maybe_recompile pc=0x000000000520dd3c method=org.apache.catalina.startup.ContextConfig.checkHandlesTypes(Lorg/apache/tomcat/util/bcel/classfile/JavaClass;Ljava/util/Map;)V @ 427
Event: 313.923 Thread 0x000000001b0a9000 Uncommon trap: reason=class_check action=maybe_recompile pc=0x000000000520dd3c method=org.apache.catalina.startup.ContextConfig.checkHandlesTypes(Lorg/apache/tomcat/util/bcel/classfile/JavaClass;Ljava/util/Map;)V @ 427
Event: 313.924 Thread 0x000000001b0a9000 Uncommon trap: reason=class_check action=maybe_recompile pc=0x000000000520dd3c method=org.apache.catalina.startup.ContextConfig.checkHandlesTypes(Lorg/apache/tomcat/util/bcel/classfile/JavaClass;Ljava/util/Map;)V @ 427
Event: 313.924 Thread 0x000000001b0a9000 Uncommon trap: reason=class_check action=maybe_recompile pc=0x000000000520dd3c method=org.apache.catalina.startup.ContextConfig.checkHandlesTypes(Lorg/apache/tomcat/util/bcel/classfile/JavaClass;Ljava/util/Map;)V @ 427
Event: 316.738 Thread 0x000000001b0a9000 Uncommon trap: reason=unstable_if action=reinterpret pc=0x000000000516c450 method=java.lang.Enum.equals(Ljava/lang/Object;)Z @ 2
Event: 317.865 Thread 0x000000001d0d9800 Uncommon trap: reason=class_check action=maybe_recompile pc=0x00000000054af018 method=org.jvnet.hk2.internal.PerLocatorUtilities.hasInjectAnnotation(Ljava/lang/reflect/AnnotatedElement;)Z @ 235
Event: 317.866 Thread 0x000000001d0d9800 Uncommon trap: reason=class_check action=maybe_recompile pc=0x00000000054af018 method=org.jvnet.hk2.internal.PerLocatorUtilities.hasInjectAnnotation(Ljava/lang/reflect/AnnotatedElement;)Z @ 235
Event: 317.866 Thread 0x000000001d0d9800 Uncommon trap: reason=class_check action=maybe_recompile pc=0x00000000054af018 method=org.jvnet.hk2.internal.PerLocatorUtilities.hasInjectAnnotation(Ljava/lang/reflect/AnnotatedElement;)Z @ 235
Event: 317.867 Thread 0x000000001d0d9800 Uncommon trap: reason=class_check action=maybe_recompile pc=0x00000000054af018 method=org.jvnet.hk2.internal.PerLocatorUtilities.hasInjectAnnotation(Ljava/lang/reflect/AnnotatedElement;)Z @ 235
Event: 374.596 Thread 0x00000000049a2000 Uncommon trap: reason=unstable_if action=reinterpret pc=0x00000000050115b4 method=java.lang.ref.Reference.tryHandlePending(Z)Z @ 20

Internal exceptions (10 events):
Event: 6.213 Thread 0x000000001c102000 Exception <a 'java/lang/ArrayIndexOutOfBoundsException'> (0x00000000ddde49f0) thrown at [C:\re\workspace\8-2-build-windows-amd64-cygwin\jdk8u141\9370\hotspot\src\share\vm\runtime\sharedRuntime.cpp, line 605]
Event: 6.350 Thread 0x000000001c102000 Exception <a 'java/lang/ArrayIndexOutOfBoundsException'> (0x00000000de427e40) thrown at [C:\re\workspace\8-2-build-windows-amd64-cygwin\jdk8u141\9370\hotspot\src\share\vm\runtime\sharedRuntime.cpp, line 605]
Event: 6.351 Thread 0x000000001c102000 Exception <a 'java/lang/ArrayIndexOutOfBoundsException'> (0x00000000de4294f8) thrown at [C:\re\workspace\8-2-build-windows-amd64-cygwin\jdk8u141\9370\hotspot\src\share\vm\runtime\sharedRuntime.cpp, line 605]
Event: 6.414 Thread 0x000000001c102000 Exception <a 'java/lang/ArrayIndexOutOfBoundsException': 84> (0x00000000de682318) thrown at [C:\re\workspace\8-2-build-windows-amd64-cygwin\jdk8u141\9370\hotspot\src\share\vm\interpreter\interpreterRuntime.cpp, line 366]
Event: 6.414 Thread 0x000000001c102000 Exception <a 'java/lang/ArrayIndexOutOfBoundsException': 40> (0x00000000de6832a8) thrown at [C:\re\workspace\8-2-build-windows-amd64-cygwin\jdk8u141\9370\hotspot\src\share\vm\interpreter\interpreterRuntime.cpp, line 366]
Event: 7.549 Thread 0x000000001c09c000 Implicit null exception at 0x000000000516cfbe to 0x000000000516f0e9
Event: 7.550 Thread 0x000000001c09c000 Implicit null exception at 0x000000000514add1 to 0x000000000514b209
Event: 316.408 Thread 0x000000001b0a9000 Exception <a 'java/io/FileNotFoundException'> (0x00000000e3fe3240) thrown at [C:\re\workspace\8-2-build-windows-amd64-cygwin\jdk8u141\9370\hotspot\src\share\vm\prims\jni.cpp, line 709]
Event: 329.734 Thread 0x000000001b0a9000 Exception <a 'java/io/FileNotFoundException'> (0x00000000ec164d00) thrown at [C:\re\workspace\8-2-build-windows-amd64-cygwin\jdk8u141\9370\hotspot\src\share\vm\prims\jni.cpp, line 709]
Event: 374.487 Thread 0x000000001b0a9000 Exception <a 'java/io/FileNotFoundException'> (0x00000000d89483f0) thrown at [C:\re\workspace\8-2-build-windows-amd64-cygwin\jdk8u141\9370\hotspot\src\share\vm\prims\jni.cpp, line 709]

Events (10 events):
Event: 374.476 loading class org/osgi/framework/BundleReference done
Event: 374.488 loading class org/glassfish/jersey/servlet/ServletContainer
Event: 374.488 loading class org/glassfish/jersey/servlet/ServletContainer done
Event: 374.549 Executing VM operation: CollectForMetadataAllocation
Event: 374.596 Executing VM operation: CollectForMetadataAllocation done
Event: 374.596 Thread 0x00000000049a2000 Uncommon trap: trap_request=0xffffff65 fr.pc=0x00000000050115b4
Event: 374.596 Thread 0x00000000049a2000 DEOPT PACKING pc=0x00000000050115b4 sp=0x000000001a77f3c0
Event: 374.596 Thread 0x00000000049a2000 DEOPT UNPACKING pc=0x00000000049f582a sp=0x000000001a77f370 mode 2
Event: 374.596 Executing VM operation: RevokeBias
Event: 374.597 Executing VM operation: RevokeBias done


Dynamic libraries:
0x00007ff6c1e90000 - 0x00007ff6c1ec7000 	C:\Program Files\Java\jre1.8.0_131\bin\javaw.exe
0x00007ffc135a0000 - 0x00007ffc13780000 	C:\WINDOWS\SYSTEM32\ntdll.dll
0x00007ffc10a70000 - 0x00007ffc10b1e000 	C:\WINDOWS\System32\KERNEL32.DLL
0x00007ffc10690000 - 0x00007ffc108f6000 	C:\WINDOWS\System32\KERNELBASE.dll
0x00007ffc12c30000 - 0x00007ffc12cd1000 	C:\WINDOWS\System32\ADVAPI32.dll
0x00007ffc11090000 - 0x00007ffc1112d000 	C:\WINDOWS\System32\msvcrt.dll
0x00007ffc11130000 - 0x00007ffc1118b000 	C:\WINDOWS\System32\sechost.dll
0x00007ffc10ee0000 - 0x00007ffc10fff000 	C:\WINDOWS\System32\RPCRT4.dll
0x00007ffc112b0000 - 0x00007ffc1143f000 	C:\WINDOWS\System32\USER32.dll
0x00007ffc10a50000 - 0x00007ffc10a70000 	C:\WINDOWS\System32\win32u.dll
0x00007ffc11000000 - 0x00007ffc11028000 	C:\WINDOWS\System32\GDI32.dll
0x00007ffc0f9a0000 - 0x00007ffc0fb33000 	C:\WINDOWS\System32\gdi32full.dll
0x00007ffc10900000 - 0x00007ffc1099b000 	C:\WINDOWS\System32\msvcp_win.dll
0x00007ffc0fd70000 - 0x00007ffc0fe66000 	C:\WINDOWS\System32\ucrtbase.dll
0x00007ffc046d0000 - 0x00007ffc04939000 	C:\WINDOWS\WinSxS\amd64_microsoft.windows.common-controls_6595b64144ccf1df_6.0.16299.248_none_15ced204935f55d7\COMCTL32.dll
0x00007ffc131c0000 - 0x00007ffc134c8000 	C:\WINDOWS\System32\combase.dll
0x00007ffc105c0000 - 0x00007ffc10632000 	C:\WINDOWS\System32\bcryptPrimitives.dll
0x00007ffc134d0000 - 0x00007ffc134fd000 	C:\WINDOWS\System32\IMM32.DLL
0x000000006b5c0000 - 0x000000006b692000 	C:\Program Files\Java\jre1.8.0_131\bin\msvcr100.dll
0x000000006bae0000 - 0x000000006c37d000 	C:\Program Files\Java\jre1.8.0_131\bin\server\jvm.dll
0x00007ffc13500000 - 0x00007ffc13508000 	C:\WINDOWS\System32\PSAPI.DLL
0x00007ffc0c0e0000 - 0x00007ffc0c0e9000 	C:\WINDOWS\SYSTEM32\WSOCK32.dll
0x00007ffc11190000 - 0x00007ffc111fc000 	C:\WINDOWS\System32\WS2_32.dll
0x00007ffc0dcc0000 - 0x00007ffc0dce3000 	C:\WINDOWS\SYSTEM32\WINMM.dll
0x00007ffc09310000 - 0x00007ffc0931a000 	C:\WINDOWS\SYSTEM32\VERSION.dll
0x00007ffc0dc30000 - 0x00007ffc0dc5a000 	C:\WINDOWS\SYSTEM32\WINMMBASE.dll
0x00007ffc10640000 - 0x00007ffc1068a000 	C:\WINDOWS\System32\cfgmgr32.dll
0x000000006b9f0000 - 0x000000006b9ff000 	C:\Program Files\Java\jre1.8.0_131\bin\verify.dll
0x000000006b9c0000 - 0x000000006b9e9000 	C:\Program Files\Java\jre1.8.0_131\bin\java.dll
0x000000006b9a0000 - 0x000000006b9b6000 	C:\Program Files\Java\jre1.8.0_131\bin\zip.dll
0x00007ffc116a0000 - 0x00007ffc12ad6000 	C:\WINDOWS\System32\SHELL32.dll
0x00007ffc11200000 - 0x00007ffc112a6000 	C:\WINDOWS\System32\shcore.dll
0x00007ffc0fe70000 - 0x00007ffc105b7000 	C:\WINDOWS\System32\windows.storage.dll
0x00007ffc10d70000 - 0x00007ffc10dc1000 	C:\WINDOWS\System32\shlwapi.dll
0x00007ffc0f980000 - 0x00007ffc0f991000 	C:\WINDOWS\System32\kernel.appcore.dll
0x00007ffc0f910000 - 0x00007ffc0f95c000 	C:\WINDOWS\System32\powrprof.dll
0x00007ffc0f960000 - 0x00007ffc0f97b000 	C:\WINDOWS\System32\profapi.dll
0x000000006b6a0000 - 0x000000006b6ad000 	C:\Program Files\Java\jre1.8.0_131\bin\management.dll
0x000000006b980000 - 0x000000006b99a000 	C:\Program Files\Java\jre1.8.0_131\bin\net.dll
0x00007ffc0f180000 - 0x00007ffc0f1e6000 	C:\WINDOWS\system32\mswsock.dll
0x000000006b960000 - 0x000000006b971000 	C:\Program Files\Java\jre1.8.0_131\bin\nio.dll
0x000000006b6c0000 - 0x000000006b6e4000 	C:\Program Files\Java\jre1.8.0_131\bin\sunec.dll
0x000000006b6b0000 - 0x000000006b6bb000 	C:\Program Files\Java\jre1.8.0_131\bin\sunmscapi.dll
0x00007ffc0fb40000 - 0x00007ffc0fd0e000 	C:\WINDOWS\System32\CRYPT32.dll
0x00007ffc0f8f0000 - 0x00007ffc0f902000 	C:\WINDOWS\System32\MSASN1.dll
0x00007ffc0f340000 - 0x00007ffc0f357000 	C:\WINDOWS\SYSTEM32\CRYPTSP.dll
0x00007ffc0ed90000 - 0x00007ffc0edc3000 	C:\WINDOWS\system32\rsaenh.dll
0x00007ffc0f450000 - 0x00007ffc0f475000 	C:\WINDOWS\SYSTEM32\bcrypt.dll
0x00007ffc0f820000 - 0x00007ffc0f849000 	C:\WINDOWS\SYSTEM32\USERENV.dll
0x00007ffc0f360000 - 0x00007ffc0f36b000 	C:\WINDOWS\SYSTEM32\CRYPTBASE.dll
0x00007ffc0ef10000 - 0x00007ffc0ef49000 	C:\WINDOWS\SYSTEM32\IPHLPAPI.DLL
0x00007ffc131b0000 - 0x00007ffc131b8000 	C:\WINDOWS\System32\NSI.dll
0x00007ffc099d0000 - 0x00007ffc099e6000 	C:\WINDOWS\SYSTEM32\dhcpcsvc6.DLL
0x00007ffc0a400000 - 0x00007ffc0a41a000 	C:\WINDOWS\SYSTEM32\dhcpcsvc.DLL
0x00007ffc0ef50000 - 0x00007ffc0f006000 	C:\WINDOWS\SYSTEM32\DNSAPI.dll
0x00007ffc04c60000 - 0x00007ffc04c6a000 	C:\Windows\System32\rasadhlp.dll
0x00007ffc043c0000 - 0x00007ffc04430000 	C:\WINDOWS\System32\fwpuclnt.dll
0x00007ffbfdb00000 - 0x00007ffbfdcc8000 	C:\WINDOWS\SYSTEM32\dbghelp.dll

VM Arguments:
jvm_args: -Dcatalina.base=C:\Users\Tristan Glaes\Documents\eclipse-projects\.metadata\.plugins\org.eclipse.wst.server.core\tmp0 -Dcatalina.home=C:\Users\Tristan Glaes\Documents\team5ds\project3\apache-tomcat-8.5.24\apache-tomcat-8.5.24 -Dwtp.deploy=C:\Users\Tristan Glaes\Documents\eclipse-projects\.metadata\.plugins\org.eclipse.wst.server.core\tmp0\wtpwebapps -Djava.endorsed.dirs=C:\Users\Tristan Glaes\Documents\team5ds\project3\apache-tomcat-8.5.24\apache-tomcat-8.5.24\endorsed -Dfile.encoding=Cp1252 
java_command: org.apache.catalina.startup.Bootstrap start
java_class_path (initial): C:\Program Files\Java\jre1.8.0_131\lib\resources.jar;C:\Program Files\Java\jre1.8.0_131\lib\rt.jar;C:\Program Files\Java\jre1.8.0_131\lib\jsse.jar;C:\Program Files\Java\jre1.8.0_131\lib\jce.jar;C:\Program Files\Java\jre1.8.0_131\lib\charsets.jar;C:\Program Files\Java\jre1.8.0_131\lib\jfr.jar;C:\Users\Tristan Glaes\Documents\team5ds\project3\apache-tomcat-8.5.24\apache-tomcat-8.5.24\bin\bootstrap.jar;C:\Users\Tristan Glaes\Documents\team5ds\project3\apache-tomcat-8.5.24\apache-tomcat-8.5.24\bin\tomcat-juli.jar
Launcher Type: SUN_STANDARD

Environment Variables:
PATH=C:/Program Files/Java/jre1.8.0_131/bin/server;C:/Program Files/Java/jre1.8.0_131/bin;C:/Program Files/Java/jre1.8.0_131/lib/amd64;C:\ProgramData\Oracle\Java\javapath;C:\WINDOWS\system32;C:\WINDOWS;C:\WINDOWS\System32\Wbem;C:\WINDOWS\System32\WindowsPowerShell\v1.0\;C:\Program Files\PuTTY\;C:\Program Files\MySQL\MySQL Utilities 1.6\;C:\Program Files\dotnet\;C:\Program Files\Microsoft SQL Server\130\Tools\Binn\;C:\Program Files (x86)\NVIDIA Corporation\PhysX\Common;C:\Users\Tristan Glaes\AppData\Local\Microsoft\WindowsApps;C:\Program Files\Java\jdk1.8.0_131;C:\Users\Tristan Glaes\AppData\Local\atom\bin;C:\Users\Tristan Glaes\Desktop;
USERNAME=Tristan Glaes
OS=Windows_NT
PROCESSOR_IDENTIFIER=Intel64 Family 6 Model 60 Stepping 3, GenuineIntel



---------------  S Y S T E M  ---------------

OS: Windows 10.0 , 64 bit Build 16299 (10.0.16299.15)

CPU:total 4 (initial active 4) (4 cores per cpu, 1 threads per core) family 6 model 60 stepping 3, cmov, cx8, fxsr, mmx, sse, sse2, sse3, ssse3, sse4.1, sse4.2, popcnt, avx, avx2, aes, clmul, erms, lzcnt, tsc, tscinvbit, bmi1, bmi2

Memory: 4k page, physical 8305716k(3492896k free), swap 11058228k(4956048k free)

vm_info: Java HotSpot(TM) 64-Bit Server VM (25.141-b15) for windows-amd64 JRE (1.8.0_141-b15), built on Jul 12 2017 04:25:12 by "java_re" with MS VC++ 10.0 (VS2010)

time: Sun Mar 04 13:46:46 2018
elapsed time: 374 seconds (0d 0h 6m 14s)

