#
# A fatal error has been detected by the Java Runtime Environment:
#
#  EXCEPTION_ACCESS_VIOLATION (0xc0000005) at pc=0x000000006d082800, pid=496, tid=0x0000000000002cf8
#
# JRE version: Java(TM) SE Runtime Environment (8.0_141-b15) (build 1.8.0_141-b15)
# Java VM: Java HotSpot(TM) 64-Bit Server VM (25.141-b15 mixed mode windows-amd64 compressed oops)
# Problematic frame:
# C  0x000000006d082800
#
# Failed to write core dump. Minidumps are not enabled by default on client versions of Windows
#
# If you would like to submit a bug report, please visit:
#   http://bugreport.java.com/bugreport/crash.jsp
# The crash happened outside the Java Virtual Machine in native code.
# See problematic frame for where to report the bug.
#

---------------  T H R E A D  ---------------

Current thread (0x0000000019d5a800):  JavaThread "Finalizer" daemon [_thread_in_native, id=11512, stack(0x000000001afc0000,0x000000001b0c0000)]

siginfo: ExceptionCode=0xc0000005, ExceptionInformation=0x0000000000000008 0x000000006d082800

Registers:
RAX=0x0000000019d5aa35, RBX=0x0000000081f52c20, RCX=0x0000000019d5a9f8, RDX=0x000000001b0befc0
RSP=0x000000001b0bef98, RBP=0x000000001b0bf000, RSI=0x0000000081f52c20, RDI=0x00000000233f9148
R8 =0x00000000233f9148, R9 =0x00000001002df840, R10=0x0000000000000000, R11=0x0000000020005991
R12=0x0000000000000000, R13=0x000000001b0beff0, R14=0x000000001b0befc0, R15=0x0000000019d5a800
RIP=0x000000006d082800, EFLAGS=0x0000000000010246

Top of Stack: (sp=0x000000001b0bef98)
0x000000001b0bef98:   00000000058ad7c3 000000001b0bf008
0x000000001b0befa8:   0000000005207b30 00000000d62da600
0x000000001b0befb8:   0000000019d5a800 0000000081f52c20
0x000000001b0befc8:   0000000000000001 0000b6bd2b019744
0x000000001b0befd8:   0000000005af2c24 000000001b0bf040
0x000000001b0befe8:   000000005fb0b2b7 00000000d62da600
0x000000001b0beff8:   0000000019d5a800 00000000818ba8a8
0x000000001b0bf008:   00000000057247b4 0000b6bd2b019784
0x000000001b0bf018:   0000000005bc07d4 000000001b0bf080
0x000000001b0bf028:   000000005fb0b2b7 00000000d62da600
0x000000001b0bf038:   0000000081f52f40 0000000081f52c20
0x000000001b0bf048:   0000000000000001 0000000081f52c20
0x000000001b0bf058:   0000000005cd5f34 00000000818ba8a8
0x000000001b0bf068:   0000000005c2eb04 0000000005cd5ee9
0x000000001b0bf078:   000000005f74f293 00000000818ba8a8
0x000000001b0bf088:   0000000000000000 0000000005cd5f34 

Instructions: (pc=0x000000006d082800)
0x000000006d0827e0:   
[error occurred during error reporting (printing registers, top of stack, instructions near pc), id 0xc0000005]

Register to memory mapping:

RAX=0x0000000019d5aa35 is an unknown value
RBX=0x0000000081f52c20 is an oop
org.sqlite.core.NativeDB 
 - klass: 'org/sqlite/core/NativeDB'
RCX=0x0000000019d5a9f8 is an unknown value
RDX=0x000000001b0befc0 is pointing into the stack for thread: 0x0000000019d5a800
RSP=0x000000001b0bef98 is pointing into the stack for thread: 0x0000000019d5a800
RBP=0x000000001b0bf000 is pointing into the stack for thread: 0x0000000019d5a800
RSI=0x0000000081f52c20 is an oop
org.sqlite.core.NativeDB 
 - klass: 'org/sqlite/core/NativeDB'
RDI=0x00000000233f9148 is an unknown value
R8 =0x00000000233f9148 is an unknown value
R9 =0x00000001002df840 is pointing into metadata
R10=0x0000000000000000 is an unknown value
R11=0x0000000020005991 is an unknown value
R12=0x0000000000000000 is an unknown value
R13=0x000000001b0beff0 is pointing into the stack for thread: 0x0000000019d5a800
R14=0x000000001b0befc0 is pointing into the stack for thread: 0x0000000019d5a800
R15=0x0000000019d5a800 is a thread


Stack: [0x000000001afc0000,0x000000001b0c0000],  sp=0x000000001b0bef98,  free space=1019k
Native frames: (J=compiled Java code, j=interpreted, Vv=VM code, C=native code)
C  0x000000006d082800

Java frames: (J=compiled Java code, j=interpreted, Vv=VM code)
J 3675  org.sqlite.core.NativeDB.reset(J)I (0 bytes) @ 0x00000000058ad67b [0x00000000058ad640+0x3b]
J 3870 C1 org.sqlite.core.CoreResultSet.close()V (129 bytes) @ 0x00000000057247b4 [0x00000000057244a0+0x314]
J 3869 C1 org.sqlite.jdbc4.JDBC4ResultSet.close()V (50 bytes) @ 0x0000000005c2eb04 [0x0000000005c2e9e0+0x124]
J 4199 C1 org.sqlite.jdbc3.JDBC3ResultSet.finalize()V (5 bytes) @ 0x0000000005cd5ac4 [0x0000000005cd59c0+0x104]
J 5314% C2 java.lang.ref.Finalizer$FinalizerThread.run()V (55 bytes) @ 0x00000000060896e8 [0x0000000006089420+0x2c8]
v  ~StubRoutines::call_stub

---------------  P R O C E S S  ---------------

Java Threads: ( => current thread )
  0x00000000200c0800 JavaThread "ajp-nio-8009-AsyncTimeout" daemon [_thread_blocked, id=1452, stack(0x00000000248f0000,0x00000000249f0000)]
  0x00000000200c0000 JavaThread "ajp-nio-8009-Acceptor-0" daemon [_thread_in_native, id=3376, stack(0x00000000247f0000,0x00000000248f0000)]
  0x00000000200bb800 JavaThread "ajp-nio-8009-ClientPoller-1" daemon [_thread_in_native, id=6588, stack(0x00000000246f0000,0x00000000247f0000)]
  0x00000000200b3000 JavaThread "ajp-nio-8009-ClientPoller-0" daemon [_thread_in_native, id=6228, stack(0x00000000245f0000,0x00000000246f0000)]
  0x00000000200ba000 JavaThread "ajp-nio-8009-exec-10" daemon [_thread_blocked, id=11960, stack(0x00000000244f0000,0x00000000245f0000)]
  0x00000000200b9000 JavaThread "ajp-nio-8009-exec-9" daemon [_thread_blocked, id=10900, stack(0x00000000243f0000,0x00000000244f0000)]
  0x00000000200b7800 JavaThread "ajp-nio-8009-exec-8" daemon [_thread_blocked, id=11580, stack(0x00000000242f0000,0x00000000243f0000)]
  0x00000000200b8800 JavaThread "ajp-nio-8009-exec-7" daemon [_thread_blocked, id=3408, stack(0x00000000241f0000,0x00000000242f0000)]
  0x00000000200b6000 JavaThread "ajp-nio-8009-exec-6" daemon [_thread_blocked, id=3008, stack(0x00000000240f0000,0x00000000241f0000)]
  0x00000000200b4000 JavaThread "ajp-nio-8009-exec-5" daemon [_thread_blocked, id=11924, stack(0x0000000023ff0000,0x00000000240f0000)]
  0x00000000200b7000 JavaThread "ajp-nio-8009-exec-4" daemon [_thread_blocked, id=2552, stack(0x0000000023ef0000,0x0000000023ff0000)]
  0x00000000200b5800 JavaThread "ajp-nio-8009-exec-3" daemon [_thread_blocked, id=7852, stack(0x0000000023df0000,0x0000000023ef0000)]
  0x00000000200b1800 JavaThread "ajp-nio-8009-exec-2" daemon [_thread_blocked, id=9368, stack(0x0000000023cf0000,0x0000000023df0000)]
  0x00000000200b4800 JavaThread "ajp-nio-8009-exec-1" daemon [_thread_blocked, id=7752, stack(0x0000000023bf0000,0x0000000023cf0000)]
  0x00000000200b2800 JavaThread "http-nio-8080-AsyncTimeout" daemon [_thread_blocked, id=9188, stack(0x0000000023af0000,0x0000000023bf0000)]
  0x000000001d018000 JavaThread "http-nio-8080-Acceptor-0" daemon [_thread_in_native, id=1940, stack(0x00000000239f0000,0x0000000023af0000)]
  0x000000001d016800 JavaThread "http-nio-8080-ClientPoller-1" daemon [_thread_in_native, id=1196, stack(0x00000000238f0000,0x00000000239f0000)]
  0x000000001d016000 JavaThread "http-nio-8080-ClientPoller-0" daemon [_thread_in_native, id=2148, stack(0x00000000237f0000,0x00000000238f0000)]
  0x000000001d015000 JavaThread "http-nio-8080-exec-10" daemon [_thread_blocked, id=11696, stack(0x00000000236f0000,0x00000000237f0000)]
  0x000000001d014800 JavaThread "http-nio-8080-exec-9" daemon [_thread_blocked, id=11456, stack(0x00000000235f0000,0x00000000236f0000)]
  0x000000001d01a800 JavaThread "http-nio-8080-exec-8" daemon [_thread_blocked, id=7940, stack(0x00000000234f0000,0x00000000235f0000)]
  0x000000001d019800 JavaThread "http-nio-8080-exec-7" daemon [_thread_blocked, id=9780, stack(0x00000000232f0000,0x00000000233f0000)]
  0x000000001d013800 JavaThread "http-nio-8080-exec-6" daemon [_thread_blocked, id=9408, stack(0x00000000231f0000,0x00000000232f0000)]
  0x000000001d019000 JavaThread "http-nio-8080-exec-5" daemon [_thread_blocked, id=76, stack(0x00000000230f0000,0x00000000231f0000)]
  0x000000001d017800 JavaThread "http-nio-8080-exec-4" daemon [_thread_blocked, id=8504, stack(0x0000000022ff0000,0x00000000230f0000)]
  0x000000001f216000 JavaThread "http-nio-8080-exec-3" daemon [_thread_blocked, id=8200, stack(0x0000000022ef0000,0x0000000022ff0000)]
  0x000000001c0b4000 JavaThread "http-nio-8080-exec-2" daemon [_thread_blocked, id=4208, stack(0x0000000022df0000,0x0000000022ef0000)]
  0x000000001ee43000 JavaThread "http-nio-8080-exec-1" daemon [_thread_blocked, id=2164, stack(0x0000000022cf0000,0x0000000022df0000)]
  0x000000001c5bb800 JavaThread "ContainerBackgroundProcessor[StandardEngine[Catalina]]" daemon [_thread_in_native, id=11584, stack(0x0000000022bf0000,0x0000000022cf0000)]
  0x000000001c5f8800 JavaThread "NioBlockingSelector.BlockPoller-2" daemon [_thread_in_native, id=12192, stack(0x000000001e150000,0x000000001e250000)]
  0x000000001c5f4800 JavaThread "NioBlockingSelector.BlockPoller-1" daemon [_thread_in_native, id=6148, stack(0x000000001e050000,0x000000001e150000)]
  0x000000001c5af000 JavaThread "GC Daemon" daemon [_thread_blocked, id=2128, stack(0x000000001d910000,0x000000001da10000)]
  0x000000001b80b800 JavaThread "Service Thread" daemon [_thread_blocked, id=6828, stack(0x000000001bbe0000,0x000000001bce0000)]
  0x0000000019d76000 JavaThread "C1 CompilerThread2" daemon [_thread_blocked, id=4076, stack(0x000000001b6e0000,0x000000001b7e0000)]
  0x0000000019d72800 JavaThread "C2 CompilerThread1" daemon [_thread_blocked, id=960, stack(0x000000001b5e0000,0x000000001b6e0000)]
  0x0000000019d70000 JavaThread "C2 CompilerThread0" daemon [_thread_blocked, id=6660, stack(0x000000001b4e0000,0x000000001b5e0000)]
  0x0000000019d6e000 JavaThread "Attach Listener" daemon [_thread_blocked, id=5528, stack(0x000000001b3e0000,0x000000001b4e0000)]
  0x0000000019d6c800 JavaThread "Signal Dispatcher" daemon [_thread_blocked, id=8812, stack(0x000000001b2e0000,0x000000001b3e0000)]
=>0x0000000019d5a800 JavaThread "Finalizer" daemon [_thread_in_native, id=11512, stack(0x000000001afc0000,0x000000001b0c0000)]
  0x00000000051f4800 JavaThread "Reference Handler" daemon [_thread_blocked, id=10136, stack(0x000000001aec0000,0x000000001afc0000)]
  0x00000000050fd800 JavaThread "main" [_thread_in_native, id=5624, stack(0x0000000004f10000,0x0000000005010000)]

Other Threads:
  0x0000000019d37800 VMThread [stack: 0x000000001adc0000,0x000000001aec0000] [id=11152]
  0x000000001b833800 WatcherThread [stack: 0x000000001be40000,0x000000001bf40000] [id=4560]

VM state:not at safepoint (normal execution)

VM Mutex/Monitor currently owned by a thread: None

Heap:
 PSYoungGen      total 361984K, used 7030K [0x00000000d5c00000, 0x00000000f8900000, 0x0000000100000000)
  eden space 356352K, 1% used [0x00000000d5c00000,0x00000000d62ddb30,0x00000000eb800000)
  from space 5632K, 0% used [0x00000000f5b00000,0x00000000f5b00000,0x00000000f6080000)
  to   space 28160K, 0% used [0x00000000f6d80000,0x00000000f6d80000,0x00000000f8900000)
 ParOldGen       total 72704K, used 14423K [0x0000000081400000, 0x0000000085b00000, 0x00000000d5c00000)
  object space 72704K, 19% used [0x0000000081400000,0x0000000082215c40,0x0000000085b00000)
 Metaspace       used 25569K, capacity 26060K, committed 31400K, reserved 1077248K
  class space    used 2965K, capacity 3146K, committed 4520K, reserved 1048576K

Card table byte_map: [0x00000000145c0000,0x00000000149c0000] byte_map_base: 0x00000000141b6000

Marking Bits: (ParMarkBitMap*) 0x000000005fedd850
 Begin Bits: [0x0000000015070000, 0x0000000017020000)
 End Bits:   [0x0000000017020000, 0x0000000018fd0000)

Polling page: 0x00000000036a0000

CodeCache: size=245760Kb used=16007Kb max_used=16028Kb free=229752Kb
 bounds [0x0000000005200000, 0x00000000061d0000, 0x0000000014200000]
 total_blobs=5359 nmethods=4932 adapters=338
 compilation: enabled

Compilation events (10 events):
Event: 1868.395 Thread 0x0000000019d76000 5796   !   3       java.util.jar.JarFile::getBytes (96 bytes)
Event: 1868.395 Thread 0x0000000019d76000 nmethod 5796 0x00000000061a1ed0 code [0x00000000061a20a0, 0x00000000061a2818]
Event: 1868.396 Thread 0x0000000019d76000 5797       3       java.util.Formatter$FormatSpecifier::checkDateTime (139 bytes)
Event: 1868.397 Thread 0x0000000019d76000 nmethod 5797 0x00000000061b0490 code [0x00000000061b0780, 0x00000000061b1e98]
Event: 1868.397 Thread 0x0000000019d76000 5798       3       sun.util.calendar.BaseCalendar::getGregorianYearFromFixedDate (201 bytes)
Event: 1868.397 Thread 0x0000000019d76000 nmethod 5798 0x00000000061a88d0 code [0x00000000061a8ae0, 0x00000000061a98d0]
Event: 1868.397 Thread 0x0000000019d76000 5799       3       java.util.Formatter$FormatSpecifier::printDateTime (149 bytes)
Event: 1868.398 Thread 0x0000000019d76000 nmethod 5799 0x00000000061b7710 code [0x00000000061b7a40, 0x00000000061b95f8]
Event: 1868.398 Thread 0x0000000019d72800 nmethod 5795 0x00000000061afa90 code [0x00000000061afc20, 0x00000000061b0078]
Event: 1868.412 Thread 0x0000000019d70000 nmethod 5793% 0x00000000061bf910 code [0x00000000061bfb40, 0x00000000061c2210]

GC Heap History (10 events):
Event: 1854.815 GC heap before
{Heap before GC invocations=29 (full 1):
 PSYoungGen      total 358400K, used 358391K [0x00000000d5c00000, 0x00000000fa180000, 0x0000000100000000)
  eden space 339456K, 100% used [0x00000000d5c00000,0x00000000ea780000,0x00000000ea780000)
  from space 18944K, 99% used [0x00000000f8780000,0x00000000f99fdec8,0x00000000f9a00000)
  to   space 7680K, 0% used [0x00000000f9a00000,0x00000000f9a00000,0x00000000fa180000)
 ParOldGen       total 66048K, used 32461K [0x0000000081400000, 0x0000000085480000, 0x00000000d5c00000)
  object space 66048K, 49% used [0x0000000081400000,0x00000000833b37c0,0x0000000085480000)
 Metaspace       used 29508K, capacity 30132K, committed 30464K, reserved 1075200K
  class space    used 3564K, capacity 3770K, committed 3840K, reserved 1048576K
Event: 1854.832 GC heap after
Heap after GC invocations=29 (full 1):
 PSYoungGen      total 332288K, used 7664K [0x00000000d5c00000, 0x00000000fa180000, 0x0000000100000000)
  eden space 324608K, 0% used [0x00000000d5c00000,0x00000000d5c00000,0x00000000e9900000)
  from space 7680K, 99% used [0x00000000f9a00000,0x00000000fa17c130,0x00000000fa180000)
  to   space 25600K, 0% used [0x00000000f6f80000,0x00000000f6f80000,0x00000000f8880000)
 ParOldGen       total 66048K, used 37101K [0x0000000081400000, 0x0000000085480000, 0x00000000d5c00000)
  object space 66048K, 56% used [0x0000000081400000,0x000000008383b7c0,0x0000000085480000)
 Metaspace       used 29508K, capacity 30132K, committed 30464K, reserved 1075200K
  class space    used 3564K, capacity 3770K, committed 3840K, reserved 1048576K
}
Event: 1866.648 GC heap before
{Heap before GC invocations=30 (full 1):
 PSYoungGen      total 332288K, used 332272K [0x00000000d5c00000, 0x00000000fa180000, 0x0000000100000000)
  eden space 324608K, 100% used [0x00000000d5c00000,0x00000000e9900000,0x00000000e9900000)
  from space 7680K, 99% used [0x00000000f9a00000,0x00000000fa17c130,0x00000000fa180000)
  to   space 25600K, 0% used [0x00000000f6f80000,0x00000000f6f80000,0x00000000f8880000)
 ParOldGen       total 66048K, used 37101K [0x0000000081400000, 0x0000000085480000, 0x00000000d5c00000)
  object space 66048K, 56% used [0x0000000081400000,0x000000008383b7c0,0x0000000085480000)
 Metaspace       used 34233K, capacity 34926K, committed 35200K, reserved 1079296K
  class space    used 4234K, capacity 4461K, committed 4480K, reserved 1048576K
Event: 1866.676 GC heap after
Heap after GC invocations=30 (full 1):
 PSYoungGen      total 335872K, used 25596K [0x00000000d5c00000, 0x00000000f9a80000, 0x0000000100000000)
  eden space 310272K, 0% used [0x00000000d5c00000,0x00000000d5c00000,0x00000000e8b00000)
  from space 25600K, 99% used [0x00000000f6f80000,0x00000000f887f108,0x00000000f8880000)
  to   space 18432K, 0% used [0x00000000f8880000,0x00000000f8880000,0x00000000f9a80000)
 ParOldGen       total 66048K, used 37612K [0x0000000081400000, 0x0000000085480000, 0x00000000d5c00000)
  object space 66048K, 56% used [0x0000000081400000,0x00000000838bb120,0x0000000085480000)
 Metaspace       used 34233K, capacity 34926K, committed 35200K, reserved 1079296K
  class space    used 4234K, capacity 4461K, committed 4480K, reserved 1048576K
}
Event: 1867.905 GC heap before
{Heap before GC invocations=31 (full 1):
 PSYoungGen      total 335872K, used 335868K [0x00000000d5c00000, 0x00000000f9a80000, 0x0000000100000000)
  eden space 310272K, 100% used [0x00000000d5c00000,0x00000000e8b00000,0x00000000e8b00000)
  from space 25600K, 99% used [0x00000000f6f80000,0x00000000f887f108,0x00000000f8880000)
  to   space 18432K, 0% used [0x00000000f8880000,0x00000000f8880000,0x00000000f9a80000)
 ParOldGen       total 66048K, used 37612K [0x0000000081400000, 0x0000000085480000, 0x00000000d5c00000)
  object space 66048K, 56% used [0x0000000081400000,0x00000000838bb120,0x0000000085480000)
 Metaspace       used 34233K, capacity 34926K, committed 35200K, reserved 1079296K
  class space    used 4234K, capacity 4461K, committed 4480K, reserved 1048576K
Event: 1867.921 GC heap after
Heap after GC invocations=31 (full 1):
 PSYoungGen      total 309760K, used 12360K [0x00000000d5c00000, 0x00000000f9500000, 0x0000000100000000)
  eden space 296960K, 0% used [0x00000000d5c00000,0x00000000d5c00000,0x00000000e7e00000)
  from space 12800K, 96% used [0x00000000f8880000,0x00000000f94921b0,0x00000000f9500000)
  to   space 29696K, 0% used [0x00000000f5b00000,0x00000000f5b00000,0x00000000f7800000)
 ParOldGen       total 66048K, used 37684K [0x0000000081400000, 0x0000000085480000, 0x00000000d5c00000)
  object space 66048K, 57% used [0x0000000081400000,0x00000000838cd160,0x0000000085480000)
 Metaspace       used 34233K, capacity 34926K, committed 35200K, reserved 1079296K
  class space    used 4234K, capacity 4461K, committed 4480K, reserved 1048576K
}
Event: 1868.444 GC heap before
{Heap before GC invocations=32 (full 1):
 PSYoungGen      total 309760K, used 217768K [0x00000000d5c00000, 0x00000000f9500000, 0x0000000100000000)
  eden space 296960K, 69% used [0x00000000d5c00000,0x00000000e2498008,0x00000000e7e00000)
  from space 12800K, 96% used [0x00000000f8880000,0x00000000f94921b0,0x00000000f9500000)
  to   space 29696K, 0% used [0x00000000f5b00000,0x00000000f5b00000,0x00000000f7800000)
 ParOldGen       total 66048K, used 37684K [0x0000000081400000, 0x0000000085480000, 0x00000000d5c00000)
  object space 66048K, 57% used [0x0000000081400000,0x00000000838cd160,0x0000000085480000)
 Metaspace       used 34653K, capacity 35284K, committed 35496K, reserved 1081344K
  class space    used 4293K, capacity 4494K, committed 4520K, reserved 1048576K
Event: 1868.457 GC heap after
Heap after GC invocations=32 (full 1):
 PSYoungGen      total 361984K, used 5237K [0x00000000d5c00000, 0x00000000f8900000, 0x0000000100000000)
  eden space 356352K, 0% used [0x00000000d5c00000,0x00000000d5c00000,0x00000000eb800000)
  from space 5632K, 92% used [0x00000000f5b00000,0x00000000f601d5b8,0x00000000f6080000)
  to   space 28160K, 0% used [0x00000000f6d80000,0x00000000f6d80000,0x00000000f8900000)
 ParOldGen       total 66048K, used 37943K [0x0000000081400000, 0x0000000085480000, 0x00000000d5c00000)
  object space 66048K, 57% used [0x0000000081400000,0x000000008390dee0,0x0000000085480000)
 Metaspace       used 34653K, capacity 35284K, committed 35496K, reserved 1081344K
  class space    used 4293K, capacity 4494K, committed 4520K, reserved 1048576K
}
Event: 1868.457 GC heap before
{Heap before GC invocations=33 (full 2):
 PSYoungGen      total 361984K, used 5237K [0x00000000d5c00000, 0x00000000f8900000, 0x0000000100000000)
  eden space 356352K, 0% used [0x00000000d5c00000,0x00000000d5c00000,0x00000000eb800000)
  from space 5632K, 92% used [0x00000000f5b00000,0x00000000f601d5b8,0x00000000f6080000)
  to   space 28160K, 0% used [0x00000000f6d80000,0x00000000f6d80000,0x00000000f8900000)
 ParOldGen       total 66048K, used 37943K [0x0000000081400000, 0x0000000085480000, 0x00000000d5c00000)
  object space 66048K, 57% used [0x0000000081400000,0x000000008390dee0,0x0000000085480000)
 Metaspace       used 34653K, capacity 35284K, committed 35496K, reserved 1081344K
  class space    used 4293K, capacity 4494K, committed 4520K, reserved 1048576K
Event: 1868.512 GC heap after
Heap after GC invocations=33 (full 2):
 PSYoungGen      total 361984K, used 0K [0x00000000d5c00000, 0x00000000f8900000, 0x0000000100000000)
  eden space 356352K, 0% used [0x00000000d5c00000,0x00000000d5c00000,0x00000000eb800000)
  from space 5632K, 0% used [0x00000000f5b00000,0x00000000f5b00000,0x00000000f6080000)
  to   space 28160K, 0% used [0x00000000f6d80000,0x00000000f6d80000,0x00000000f8900000)
 ParOldGen       total 72704K, used 14423K [0x0000000081400000, 0x0000000085b00000, 0x00000000d5c00000)
  object space 72704K, 19% used [0x0000000081400000,0x0000000082215c40,0x0000000085b00000)
 Metaspace       used 25479K, capacity 25964K, committed 31400K, reserved 1077248K
  class space    used 2954K, capacity 3114K, committed 4520K, reserved 1048576K
}

Deoptimization events (10 events):
Event: 1852.982 Thread 0x000000001c5bb800 Uncommon trap: reason=class_check action=maybe_recompile pc=0x0000000005e6e084 method=org.apache.catalina.startup.ContextConfig.checkHandlesTypes(Lorg/apache/tomcat/util/bcel/classfile/JavaClass;Ljava/util/Map;)V @ 181
Event: 1855.619 Thread 0x000000001c5bb800 Uncommon trap: reason=predicate action=maybe_recompile pc=0x0000000005e10b38 method=java.util.AbstractCollection.toArray([Ljava/lang/Object;)[Ljava/lang/Object; @ 49
Event: 1855.673 Thread 0x000000001c5bb800 Uncommon trap: reason=bimorphic action=maybe_recompile pc=0x0000000005fbe2a0 method=java.util.concurrent.ConcurrentHashMap$TreeNode.findTreeNode(ILjava/lang/Object;Ljava/lang/Class;)Ljava/util/concurrent/ConcurrentHashMap$TreeNode; @ 73
Event: 1855.673 Thread 0x000000001c5bb800 Uncommon trap: reason=bimorphic action=maybe_recompile pc=0x0000000005fbe2a0 method=java.util.concurrent.ConcurrentHashMap$TreeNode.findTreeNode(ILjava/lang/Object;Ljava/lang/Class;)Ljava/util/concurrent/ConcurrentHashMap$TreeNode; @ 73
Event: 1855.673 Thread 0x000000001c5bb800 Uncommon trap: reason=bimorphic action=maybe_recompile pc=0x0000000005fbe2a0 method=java.util.concurrent.ConcurrentHashMap$TreeNode.findTreeNode(ILjava/lang/Object;Ljava/lang/Class;)Ljava/util/concurrent/ConcurrentHashMap$TreeNode; @ 73
Event: 1855.673 Thread 0x000000001c5bb800 Uncommon trap: reason=bimorphic action=maybe_recompile pc=0x0000000005fbe2a0 method=java.util.concurrent.ConcurrentHashMap$TreeNode.findTreeNode(ILjava/lang/Object;Ljava/lang/Class;)Ljava/util/concurrent/ConcurrentHashMap$TreeNode; @ 73
Event: 1855.723 Thread 0x000000001c5bb800 Uncommon trap: reason=array_check action=maybe_recompile pc=0x00000000060d23ec method=java.util.AbstractCollection.toArray([Ljava/lang/Object;)[Ljava/lang/Object; @ 119
Event: 1855.723 Thread 0x000000001c5bb800 Uncommon trap: reason=array_check action=maybe_recompile pc=0x00000000060d23ec method=java.util.AbstractCollection.toArray([Ljava/lang/Object;)[Ljava/lang/Object; @ 119
Event: 1855.723 Thread 0x000000001c5bb800 Uncommon trap: reason=array_check action=maybe_recompile pc=0x00000000060d23ec method=java.util.AbstractCollection.toArray([Ljava/lang/Object;)[Ljava/lang/Object; @ 119
Event: 1855.723 Thread 0x000000001c5bb800 Uncommon trap: reason=array_check action=maybe_recompile pc=0x00000000060d23ec method=java.util.AbstractCollection.toArray([Ljava/lang/Object;)[Ljava/lang/Object; @ 119

Internal exceptions (10 events):
Event: 6.717 Thread 0x000000001c576000 Exception <a 'java/lang/ArrayIndexOutOfBoundsException'> (0x00000000dec60e78) thrown at [C:\re\workspace\8-2-build-windows-amd64-cygwin\jdk8u141\9370\hotspot\src\share\vm\runtime\sharedRuntime.cpp, line 605]
Event: 6.717 Thread 0x000000001c576000 Exception <a 'java/lang/ArrayIndexOutOfBoundsException'> (0x00000000dec62530) thrown at [C:\re\workspace\8-2-build-windows-amd64-cygwin\jdk8u141\9370\hotspot\src\share\vm\runtime\sharedRuntime.cpp, line 605]
Event: 6.781 Thread 0x000000001c576000 Exception <a 'java/lang/ArrayIndexOutOfBoundsException': 84> (0x00000000deebb088) thrown at [C:\re\workspace\8-2-build-windows-amd64-cygwin\jdk8u141\9370\hotspot\src\share\vm\interpreter\interpreterRuntime.cpp, line 366]
Event: 6.781 Thread 0x000000001c576000 Exception <a 'java/lang/ArrayIndexOutOfBoundsException': 40> (0x00000000deebc018) thrown at [C:\re\workspace\8-2-build-windows-amd64-cygwin\jdk8u141\9370\hotspot\src\share\vm\interpreter\interpreterRuntime.cpp, line 366]
Event: 8.021 Thread 0x000000001c0b4000 Implicit null exception at 0x00000000059d9d00 to 0x00000000059dbfad
Event: 8.022 Thread 0x000000001c0b4000 Implicit null exception at 0x00000000059a6d51 to 0x00000000059a7189
Event: 1839.997 Thread 0x000000001c5bb800 Implicit null exception at 0x0000000005e798b7 to 0x0000000005e7bb9d
Event: 1841.846 Thread 0x000000001c5bb800 Exception <a 'java/io/FileNotFoundException'> (0x00000000da5edd00) thrown at [C:\re\workspace\8-2-build-windows-amd64-cygwin\jdk8u141\9370\hotspot\src\share\vm\prims\jni.cpp, line 709]
Event: 1855.066 Thread 0x000000001c5bb800 Exception <a 'java/io/FileNotFoundException'> (0x00000000dc748b70) thrown at [C:\re\workspace\8-2-build-windows-amd64-cygwin\jdk8u141\9370\hotspot\src\share\vm\prims\jni.cpp, line 709]
Event: 1868.416 Thread 0x000000001c5bb800 Exception <a 'java/io/FileNotFoundException'> (0x00000000e1f9d2e0) thrown at [C:\re\workspace\8-2-build-windows-amd64-cygwin\jdk8u141\9370\hotspot\src\share\vm\prims\jni.cpp, line 709]

Events (10 events):
Event: 1868.393 Thread 0x000000001c5bb800 DEOPT PACKING pc=0x0000000005ebf565 sp=0x0000000022cee9a0
Event: 1868.393 Thread 0x000000001c5bb800 DEOPT UNPACKING pc=0x000000000524787f sp=0x0000000022cee738 mode 0
Event: 1868.405 loading class org/osgi/framework/BundleReference
Event: 1868.405 loading class org/osgi/framework/BundleReference done
Event: 1868.416 loading class org/glassfish/jersey/servlet/ServletContainer
Event: 1868.416 loading class org/glassfish/jersey/servlet/ServletContainer done
Event: 1868.444 Executing VM operation: CollectForMetadataAllocation
Event: 1868.512 Executing VM operation: CollectForMetadataAllocation done
Event: 1868.513 Executing VM operation: RevokeBias
Event: 1868.513 Executing VM operation: RevokeBias done


Dynamic libraries:
0x00007ff7a3c00000 - 0x00007ff7a3c37000 	C:\Program Files\Java\jre1.8.0_131\bin\javaw.exe
0x00007ffaafe60000 - 0x00007ffab0040000 	C:\WINDOWS\SYSTEM32\ntdll.dll
0x00007ffaae450000 - 0x00007ffaae4fe000 	C:\WINDOWS\System32\KERNEL32.DLL
0x00007ffaacc80000 - 0x00007ffaacee6000 	C:\WINDOWS\System32\KERNELBASE.dll
0x00007ffaadc80000 - 0x00007ffaadd21000 	C:\WINDOWS\System32\ADVAPI32.dll
0x00007ffaae0b0000 - 0x00007ffaae14d000 	C:\WINDOWS\System32\msvcrt.dll
0x00007ffaae880000 - 0x00007ffaae8db000 	C:\WINDOWS\System32\sechost.dll
0x00007ffaaded0000 - 0x00007ffaadfef000 	C:\WINDOWS\System32\RPCRT4.dll
0x00007ffaae2b0000 - 0x00007ffaae43f000 	C:\WINDOWS\System32\USER32.dll
0x00007ffaac510000 - 0x00007ffaac530000 	C:\WINDOWS\System32\win32u.dll
0x00007ffaad630000 - 0x00007ffaad658000 	C:\WINDOWS\System32\GDI32.dll
0x00007ffaac310000 - 0x00007ffaac4a3000 	C:\WINDOWS\System32\gdi32full.dll
0x00007ffaad0c0000 - 0x00007ffaad15b000 	C:\WINDOWS\System32\msvcp_win.dll
0x00007ffaad230000 - 0x00007ffaad326000 	C:\WINDOWS\System32\ucrtbase.dll
0x00007ffa9b0c0000 - 0x00007ffa9b329000 	C:\WINDOWS\WinSxS\amd64_microsoft.windows.common-controls_6595b64144ccf1df_6.0.16299.248_none_15ced204935f55d7\COMCTL32.dll
0x00007ffaae500000 - 0x00007ffaae808000 	C:\WINDOWS\System32\combase.dll
0x00007ffaad1b0000 - 0x00007ffaad222000 	C:\WINDOWS\System32\bcryptPrimitives.dll
0x00007ffaae220000 - 0x00007ffaae24d000 	C:\WINDOWS\System32\IMM32.DLL
0x000000005f1a0000 - 0x000000005f272000 	C:\Program Files\Java\jre1.8.0_131\bin\msvcr100.dll
0x000000005f6c0000 - 0x000000005ff5d000 	C:\Program Files\Java\jre1.8.0_131\bin\server\jvm.dll
0x00007ffaae0a0000 - 0x00007ffaae0a8000 	C:\WINDOWS\System32\PSAPI.DLL
0x00007ffaa3ff0000 - 0x00007ffaa3ff9000 	C:\WINDOWS\SYSTEM32\WSOCK32.dll
0x00007ffaaa4a0000 - 0x00007ffaaa4c3000 	C:\WINDOWS\SYSTEM32\WINMM.dll
0x00007ffaae810000 - 0x00007ffaae87c000 	C:\WINDOWS\System32\WS2_32.dll
0x00007ffaa5bf0000 - 0x00007ffaa5bfa000 	C:\WINDOWS\SYSTEM32\VERSION.dll
0x00007ffaaa440000 - 0x00007ffaaa46a000 	C:\WINDOWS\SYSTEM32\WINMMBASE.dll
0x00007ffaad160000 - 0x00007ffaad1aa000 	C:\WINDOWS\System32\cfgmgr32.dll
0x000000005f5d0000 - 0x000000005f5df000 	C:\Program Files\Java\jre1.8.0_131\bin\verify.dll
0x000000005f5a0000 - 0x000000005f5c9000 	C:\Program Files\Java\jre1.8.0_131\bin\java.dll
0x000000005f580000 - 0x000000005f596000 	C:\Program Files\Java\jre1.8.0_131\bin\zip.dll
0x00007ffaae8e0000 - 0x00007ffaafd16000 	C:\WINDOWS\System32\SHELL32.dll
0x00007ffaadff0000 - 0x00007ffaae096000 	C:\WINDOWS\System32\shcore.dll
0x00007ffaac530000 - 0x00007ffaacc77000 	C:\WINDOWS\System32\windows.storage.dll
0x00007ffaae250000 - 0x00007ffaae2a1000 	C:\WINDOWS\System32\shlwapi.dll
0x00007ffaac1b0000 - 0x00007ffaac1c1000 	C:\WINDOWS\System32\kernel.appcore.dll
0x00007ffaac1f0000 - 0x00007ffaac23c000 	C:\WINDOWS\System32\powrprof.dll
0x00007ffaac240000 - 0x00007ffaac25b000 	C:\WINDOWS\System32\profapi.dll
0x000000005f290000 - 0x000000005f29d000 	C:\Program Files\Java\jre1.8.0_131\bin\management.dll
0x000000005f560000 - 0x000000005f57a000 	C:\Program Files\Java\jre1.8.0_131\bin\net.dll
0x00007ffaaba40000 - 0x00007ffaabaa6000 	C:\WINDOWS\system32\mswsock.dll
0x000000005f540000 - 0x000000005f551000 	C:\Program Files\Java\jre1.8.0_131\bin\nio.dll
0x000000005f2a0000 - 0x000000005f2c4000 	C:\Program Files\Java\jre1.8.0_131\bin\sunec.dll
0x000000005f280000 - 0x000000005f28b000 	C:\Program Files\Java\jre1.8.0_131\bin\sunmscapi.dll
0x00007ffaacef0000 - 0x00007ffaad0be000 	C:\WINDOWS\System32\CRYPT32.dll
0x00007ffaac1d0000 - 0x00007ffaac1e2000 	C:\WINDOWS\System32\MSASN1.dll
0x00007ffaabc00000 - 0x00007ffaabc17000 	C:\WINDOWS\SYSTEM32\CRYPTSP.dll
0x00007ffaab650000 - 0x00007ffaab683000 	C:\WINDOWS\system32\rsaenh.dll
0x00007ffaabd10000 - 0x00007ffaabd35000 	C:\WINDOWS\SYSTEM32\bcrypt.dll
0x00007ffaac0e0000 - 0x00007ffaac109000 	C:\WINDOWS\SYSTEM32\USERENV.dll
0x00007ffaabc20000 - 0x00007ffaabc2b000 	C:\WINDOWS\SYSTEM32\CRYPTBASE.dll
0x00007ffaab7d0000 - 0x00007ffaab809000 	C:\WINDOWS\SYSTEM32\IPHLPAPI.DLL
0x00007ffaae440000 - 0x00007ffaae448000 	C:\WINDOWS\System32\NSI.dll
0x00007ffaa5900000 - 0x00007ffaa5916000 	C:\WINDOWS\SYSTEM32\dhcpcsvc6.DLL
0x00007ffaa65a0000 - 0x00007ffaa65ba000 	C:\WINDOWS\SYSTEM32\dhcpcsvc.DLL
0x00007ffaab810000 - 0x00007ffaab8c6000 	C:\WINDOWS\SYSTEM32\DNSAPI.dll
0x00007ffaa48d0000 - 0x00007ffaa48da000 	C:\Windows\System32\rasadhlp.dll
0x00007ffaa49b0000 - 0x00007ffaa4a20000 	C:\WINDOWS\System32\fwpuclnt.dll
0x00007ffaa6bd0000 - 0x00007ffaa6d98000 	C:\WINDOWS\SYSTEM32\dbghelp.dll

VM Arguments:
jvm_args: -Dcatalina.base=C:\Users\Tristan Glaes\Documents\eclipse-projects\.metadata\.plugins\org.eclipse.wst.server.core\tmp0 -Dcatalina.home=C:\Users\Tristan Glaes\Documents\team5ds\project3\apache-tomcat-8.5.24\apache-tomcat-8.5.24 -Dwtp.deploy=C:\Users\Tristan Glaes\Documents\eclipse-projects\.metadata\.plugins\org.eclipse.wst.server.core\tmp0\wtpwebapps -Djava.endorsed.dirs=C:\Users\Tristan Glaes\Documents\team5ds\project3\apache-tomcat-8.5.24\apache-tomcat-8.5.24\endorsed -Dfile.encoding=Cp1252 
java_command: org.apache.catalina.startup.Bootstrap start
java_class_path (initial): C:\Program Files\Java\jre1.8.0_131\lib\resources.jar;C:\Program Files\Java\jre1.8.0_131\lib\rt.jar;C:\Program Files\Java\jre1.8.0_131\lib\jsse.jar;C:\Program Files\Java\jre1.8.0_131\lib\jce.jar;C:\Program Files\Java\jre1.8.0_131\lib\charsets.jar;C:\Program Files\Java\jre1.8.0_131\lib\jfr.jar;C:\Users\Tristan Glaes\Documents\team5ds\project3\apache-tomcat-8.5.24\apache-tomcat-8.5.24\bin\bootstrap.jar;C:\Users\Tristan Glaes\Documents\team5ds\project3\apache-tomcat-8.5.24\apache-tomcat-8.5.24\bin\tomcat-juli.jar
Launcher Type: SUN_STANDARD

Environment Variables:
PATH=C:/Program Files/Java/jre1.8.0_131/bin/server;C:/Program Files/Java/jre1.8.0_131/bin;C:/Program Files/Java/jre1.8.0_131/lib/amd64;C:\ProgramData\Oracle\Java\javapath;C:\WINDOWS\system32;C:\WINDOWS;C:\WINDOWS\System32\Wbem;C:\WINDOWS\System32\WindowsPowerShell\v1.0\;C:\Program Files\PuTTY\;C:\Program Files\MySQL\MySQL Utilities 1.6\;C:\Program Files\dotnet\;C:\Program Files\Microsoft SQL Server\130\Tools\Binn\;C:\Program Files (x86)\NVIDIA Corporation\PhysX\Common;C:\Users\Tristan Glaes\AppData\Local\Microsoft\WindowsApps;C:\Program Files\Java\jdk1.8.0_131;C:\Users\Tristan Glaes\AppData\Local\atom\bin;C:\Users\Tristan Glaes\Desktop;
USERNAME=Tristan Glaes
OS=Windows_NT
PROCESSOR_IDENTIFIER=Intel64 Family 6 Model 60 Stepping 3, GenuineIntel



---------------  S Y S T E M  ---------------

OS: Windows 10.0 , 64 bit Build 16299 (10.0.16299.15)

CPU:total 4 (initial active 4) (4 cores per cpu, 1 threads per core) family 6 model 60 stepping 3, cmov, cx8, fxsr, mmx, sse, sse2, sse3, ssse3, sse4.1, sse4.2, popcnt, avx, avx2, aes, clmul, erms, lzcnt, tsc, tscinvbit, bmi1, bmi2

Memory: 4k page, physical 8305716k(3209300k free), swap 11058228k(4550720k free)

vm_info: Java HotSpot(TM) 64-Bit Server VM (25.141-b15) for windows-amd64 JRE (1.8.0_141-b15), built on Jul 12 2017 04:25:12 by "java_re" with MS VC++ 10.0 (VS2010)

time: Wed Mar 07 18:50:01 2018
elapsed time: 1868 seconds (0d 0h 31m 8s)

