#
# A fatal error has been detected by the Java Runtime Environment:
#
#  EXCEPTION_ACCESS_VIOLATION (0xc0000005) at pc=0x000000006d082800, pid=5864, tid=0x0000000000002284
#
# JRE version: Java(TM) SE Runtime Environment (8.0_141-b15) (build 1.8.0_141-b15)
# Java VM: Java HotSpot(TM) 64-Bit Server VM (25.141-b15 mixed mode windows-amd64 compressed oops)
# Problematic frame:
# C  0x000000006d082800
#
# Failed to write core dump. Minidumps are not enabled by default on client versions of Windows
#
# If you would like to submit a bug report, please visit:
#   http://bugreport.java.com/bugreport/crash.jsp
# The crash happened outside the Java Virtual Machine in native code.
# See problematic frame for where to report the bug.
#

---------------  T H R E A D  ---------------

Current thread (0x000000001983a800):  JavaThread "Finalizer" daemon [_thread_in_native, id=8836, stack(0x000000001aaa0000,0x000000001aba0000)]

siginfo: ExceptionCode=0xc0000005, ExceptionInformation=0x0000000000000008 0x000000006d082800

Registers:
RAX=0x000000006d082800, RBX=0x00000000206d7820, RCX=0x000000001983a9f8, RDX=0x000000001ab9ee90
RSP=0x000000001ab9edc8, RBP=0x000000001ab9ee60, RSI=0x0000000000000118, RDI=0x0000000000001b31
R8 =0x0000000023122c98, R9 =0x00000000820f2d90, R10=0x0000000004cf8a4b, R11=0x000000005f8ebc50
R12=0x0000000000000000, R13=0x00000000206d7820, R14=0x000000001ab9ee90, R15=0x000000001983a800
RIP=0x000000006d082800, EFLAGS=0x0000000000010202

Top of Stack: (sp=0x000000001ab9edc8)
0x000000001ab9edc8:   0000000004cf8a77 000000001ab9edd0
0x000000001ab9edd8:   000000001d3d02a0 0000000004cd8c58
0x000000001ab9ede8:   000000005f8dc2a2 000000000000137e
0x000000001ab9edf8:   0000000004cd3800 0000000004ce835d
0x000000001ab9ee08:   0000000081f87628 0000000000000000
0x000000001ab9ee18:   00000000820f2d90 000000001ab9ee10
0x000000001ab9ee28:   0000000000000000 000000001ab9ee90
0x000000001ab9ee38:   0000000024459b20 0000000000000000
0x000000001ab9ee48:   00000000206d7820 0000000000000000
0x000000001ab9ee58:   000000001ab9ee80 000000001ab9eee8
0x000000001ab9ee68:   0000000004ce7da0 0000000000000000
0x000000001ab9ee78:   0000000004cf19d6 0000000023122c98
0x000000001ab9ee88:   0000000023122c98 00000000820f2d90
0x000000001ab9ee98:   0000000000000009 00000000820f2d90
0x000000001ab9eea8:   000000001ab9ee98 00000000244777d2
0x000000001ab9eeb8:   000000001ab9ef08 0000000024486bf8 

Instructions: (pc=0x000000006d082800)
0x000000006d0827e0:   
[error occurred during error reporting (printing registers, top of stack, instructions near pc), id 0xc0000005]

Register to memory mapping:

RAX=0x000000006d082800 is an unknown value
RBX={method} {0x00000000206d7828} 'reset' '(J)I' in 'org/sqlite/core/NativeDB'
RCX=0x000000001983a9f8 is an unknown value
RDX=0x000000001ab9ee90 is pointing into the stack for thread: 0x000000001983a800
RSP=0x000000001ab9edc8 is pointing into the stack for thread: 0x000000001983a800
RBP=0x000000001ab9ee60 is pointing into the stack for thread: 0x000000001983a800
RSI=0x0000000000000118 is an unknown value
RDI=0x0000000000001b31 is an unknown value
R8 =0x0000000023122c98 is an unknown value
R9 =0x00000000820f2d90 is an oop
org.sqlite.core.NativeDB 
 - klass: 'org/sqlite/core/NativeDB'
R10=0x0000000004cf8a4b is at code_begin+1227 in an Interpreter codelet
method entry point (kind = native_synchronized)  [0x0000000004cf8580, 0x0000000004cf9060]  2784 bytes
R11=0x000000005f8ebc50 is an unknown value
R12=0x0000000000000000 is an unknown value
R13={method} {0x00000000206d7828} 'reset' '(J)I' in 'org/sqlite/core/NativeDB'
R14=0x000000001ab9ee90 is pointing into the stack for thread: 0x000000001983a800
R15=0x000000001983a800 is a thread


Stack: [0x000000001aaa0000,0x000000001aba0000],  sp=0x000000001ab9edc8,  free space=1019k
Native frames: (J=compiled Java code, j=interpreted, Vv=VM code, C=native code)
C  0x000000006d082800

Java frames: (J=compiled Java code, j=interpreted, Vv=VM code)
j  org.sqlite.core.NativeDB.reset(J)I+0
j  org.sqlite.core.CoreResultSet.close()V+90
j  org.sqlite.jdbc4.JDBC4ResultSet.close()V+6
j  org.sqlite.jdbc3.JDBC3ResultSet.finalize()V+1
J 4334% C2 java.lang.ref.Finalizer$FinalizerThread.run()V (55 bytes) @ 0x00000000058b13c4 [0x00000000058b1120+0x2a4]
v  ~StubRoutines::call_stub

---------------  P R O C E S S  ---------------

Java Threads: ( => current thread )
  0x000000001fce6000 JavaThread "http-nio-8080-exec-12" daemon [_thread_blocked, id=11980, stack(0x0000000024c10000,0x0000000024d10000)]
  0x000000001fce3000 JavaThread "ajp-nio-8009-exec-12" daemon [_thread_blocked, id=7028, stack(0x0000000024b10000,0x0000000024c10000)]
  0x000000001fce4800 JavaThread "ajp-nio-8009-exec-11" daemon [_thread_blocked, id=11292, stack(0x0000000024a10000,0x0000000024b10000)]
  0x000000001fce5800 JavaThread "http-nio-8080-exec-11" daemon [_thread_blocked, id=9768, stack(0x0000000024910000,0x0000000024a10000)]
  0x000000001fce8800 JavaThread "ajp-nio-8009-AsyncTimeout" daemon [_thread_blocked, id=5264, stack(0x0000000024310000,0x0000000024410000)]
  0x000000001fce7000 JavaThread "ajp-nio-8009-Acceptor-0" daemon [_thread_in_native, id=6928, stack(0x0000000024210000,0x0000000024310000)]
  0x000000001fcea000 JavaThread "ajp-nio-8009-ClientPoller-1" daemon [_thread_in_native, id=5408, stack(0x0000000024110000,0x0000000024210000)]
  0x000000001fce7800 JavaThread "ajp-nio-8009-ClientPoller-0" daemon [_thread_in_native, id=7612, stack(0x0000000024010000,0x0000000024110000)]
  0x000000001fcdb800 JavaThread "ajp-nio-8009-exec-10" daemon [_thread_blocked, id=8428, stack(0x0000000023f10000,0x0000000024010000)]
  0x000000001fce2800 JavaThread "ajp-nio-8009-exec-9" daemon [_thread_blocked, id=8040, stack(0x0000000023e10000,0x0000000023f10000)]
  0x000000001fcdd000 JavaThread "ajp-nio-8009-exec-8" daemon [_thread_blocked, id=11164, stack(0x0000000023d10000,0x0000000023e10000)]
  0x000000001fcdb000 JavaThread "ajp-nio-8009-exec-7" daemon [_thread_blocked, id=10596, stack(0x0000000023c10000,0x0000000023d10000)]
  0x000000001fcdc800 JavaThread "ajp-nio-8009-exec-4" daemon [_thread_blocked, id=7408, stack(0x0000000023910000,0x0000000023a10000)]
  0x000000001fcde800 JavaThread "ajp-nio-8009-exec-3" daemon [_thread_blocked, id=3916, stack(0x0000000023810000,0x0000000023910000)]
  0x000000001fcde000 JavaThread "ajp-nio-8009-exec-2" daemon [_thread_blocked, id=6460, stack(0x0000000023710000,0x0000000023810000)]
  0x000000001fce0000 JavaThread "ajp-nio-8009-exec-1" daemon [_thread_blocked, id=6900, stack(0x0000000023610000,0x0000000023710000)]
  0x000000001fce1000 JavaThread "http-nio-8080-AsyncTimeout" daemon [_thread_blocked, id=2568, stack(0x0000000023510000,0x0000000023610000)]
  0x000000001fbb5800 JavaThread "http-nio-8080-Acceptor-0" daemon [_thread_in_native, id=8220, stack(0x0000000023410000,0x0000000023510000)]
  0x000000001fbb7800 JavaThread "http-nio-8080-ClientPoller-1" daemon [_thread_in_native, id=6756, stack(0x0000000023310000,0x0000000023410000)]
  0x000000001fbb5000 JavaThread "http-nio-8080-ClientPoller-0" daemon [_thread_in_native, id=4464, stack(0x0000000023210000,0x0000000023310000)]
  0x000000001fbbb000 JavaThread "http-nio-8080-exec-9" daemon [_thread_blocked, id=11060, stack(0x0000000022f10000,0x0000000023010000)]
  0x000000001fbb6800 JavaThread "http-nio-8080-exec-8" daemon [_thread_blocked, id=11532, stack(0x0000000022e10000,0x0000000022f10000)]
  0x000000001fbba800 JavaThread "http-nio-8080-exec-7" daemon [_thread_blocked, id=9320, stack(0x0000000022d10000,0x0000000022e10000)]
  0x000000001fbb9000 JavaThread "http-nio-8080-exec-5" daemon [_thread_blocked, id=8720, stack(0x0000000022b10000,0x0000000022c10000)]
  0x000000001fbb8000 JavaThread "http-nio-8080-exec-4" daemon [_thread_blocked, id=12128, stack(0x0000000022a10000,0x0000000022b10000)]
  0x000000001e789800 JavaThread "http-nio-8080-exec-3" daemon [_thread_blocked, id=6320, stack(0x0000000022910000,0x0000000022a10000)]
  0x000000001f236000 JavaThread "http-nio-8080-exec-2" daemon [_thread_blocked, id=4536, stack(0x0000000022810000,0x0000000022910000)]
  0x000000001e329800 JavaThread "http-nio-8080-exec-1" daemon [_thread_blocked, id=10048, stack(0x0000000022710000,0x0000000022810000)]
  0x000000001c8ed000 JavaThread "ContainerBackgroundProcessor[StandardEngine[Catalina]]" daemon [_thread_in_native, id=3700, stack(0x000000001e030000,0x000000001e130000)]
  0x000000001c0b9000 JavaThread "NioBlockingSelector.BlockPoller-2" daemon [_thread_in_native, id=9256, stack(0x000000001db30000,0x000000001dc30000)]
  0x000000001c0b6800 JavaThread "NioBlockingSelector.BlockPoller-1" daemon [_thread_in_native, id=6600, stack(0x000000001da30000,0x000000001db30000)]
  0x000000001c38e800 JavaThread "GC Daemon" daemon [_thread_blocked, id=732, stack(0x000000001d3f0000,0x000000001d4f0000)]
  0x000000001b2ea800 JavaThread "Service Thread" daemon [_thread_blocked, id=8740, stack(0x000000001b6c0000,0x000000001b7c0000)]
  0x000000001985a000 JavaThread "C1 CompilerThread2" daemon [_thread_blocked, id=8752, stack(0x000000001b1c0000,0x000000001b2c0000)]
  0x0000000019854000 JavaThread "C2 CompilerThread1" daemon [_thread_blocked, id=9224, stack(0x000000001b0c0000,0x000000001b1c0000)]
  0x0000000019851000 JavaThread "C2 CompilerThread0" daemon [_thread_blocked, id=6168, stack(0x000000001afc0000,0x000000001b0c0000)]
  0x000000001984f000 JavaThread "Attach Listener" daemon [_thread_blocked, id=4976, stack(0x000000001aec0000,0x000000001afc0000)]
  0x000000001984e000 JavaThread "Signal Dispatcher" daemon [_thread_blocked, id=2164, stack(0x000000001adc0000,0x000000001aec0000)]
=>0x000000001983a800 JavaThread "Finalizer" daemon [_thread_in_native, id=8836, stack(0x000000001aaa0000,0x000000001aba0000)]
  0x0000000004cd3800 JavaThread "Reference Handler" daemon [_thread_blocked, id=6260, stack(0x000000001a9a0000,0x000000001aaa0000)]
  0x0000000002cdd800 JavaThread "main" [_thread_in_native, id=7036, stack(0x0000000004ae0000,0x0000000004be0000)]

Other Threads:
  0x0000000019818000 VMThread [stack: 0x000000001a8a0000,0x000000001a9a0000] [id=11948]
  0x000000001b2f6000 WatcherThread [stack: 0x000000001b920000,0x000000001ba20000] [id=7504]

VM state:not at safepoint (normal execution)

VM Mutex/Monitor currently owned by a thread: None

Heap:
 PSYoungGen      total 545280K, used 10750K [0x00000000d5c00000, 0x00000000fe400000, 0x0000000100000000)
  eden space 539136K, 1% used [0x00000000d5c00000,0x00000000d667faf8,0x00000000f6a80000)
  from space 6144K, 0% used [0x00000000fb500000,0x00000000fb500000,0x00000000fbb00000)
  to   space 28160K, 0% used [0x00000000fc880000,0x00000000fc880000,0x00000000fe400000)
 ParOldGen       total 76288K, used 21014K [0x0000000081400000, 0x0000000085e80000, 0x00000000d5c00000)
  object space 76288K, 27% used [0x0000000081400000,0x0000000082885b58,0x0000000085e80000)
 Metaspace       used 31068K, capacity 31668K, committed 35496K, reserved 1081344K
  class space    used 3884K, capacity 4090K, committed 4608K, reserved 1048576K

Card table byte_map: [0x00000000140a0000,0x00000000144a0000] byte_map_base: 0x0000000013c96000

Marking Bits: (ParMarkBitMap*) 0x000000005fedd850
 Begin Bits: [0x0000000014b50000, 0x0000000016b00000)
 End Bits:   [0x0000000016b00000, 0x0000000018ab0000)

Polling page: 0x0000000002fb0000

CodeCache: size=245760Kb used=12733Kb max_used=13031Kb free=233026Kb
 bounds [0x0000000004ce0000, 0x00000000059b0000, 0x0000000013ce0000]
 total_blobs=4238 nmethods=3812 adapters=338
 compilation: enabled

Compilation events (10 events):
Event: 342.193 Thread 0x000000001985a000 nmethod 4531 0x0000000004e48750 code [0x0000000004e48940, 0x0000000004e493a8]
Event: 342.193 Thread 0x000000001985a000 4532       3       sun.reflect.generics.tree.ClassSignature::make (11 bytes)
Event: 342.193 Thread 0x000000001985a000 nmethod 4532 0x000000000501c990 code [0x000000000501cb00, 0x000000000501cd90]
Event: 342.277 Thread 0x000000001985a000 4533   !   3       java.lang.ref.Reference::tryHandlePending (115 bytes)
Event: 342.277 Thread 0x000000001985a000 nmethod 4533 0x0000000005086bd0 code [0x0000000005086e00, 0x0000000005087a88]
Event: 342.278 Thread 0x000000001985a000 4534       3       java.util.Formatter::parse (151 bytes)
Event: 342.278 Thread 0x0000000019851000 4536   !   4       java.lang.ref.Reference::tryHandlePending (115 bytes)
Event: 342.279 Thread 0x000000001985a000 nmethod 4534 0x000000000506a890 code [0x000000000506aca0, 0x000000000506d5f8]
Event: 342.279 Thread 0x000000001985a000 4535  s    1       org.glassfish.hk2.utilities.DescriptorImpl::getDescriptorType (5 bytes)
Event: 342.279 Thread 0x000000001985a000 nmethod 4535 0x00000000055f96d0 code [0x00000000055f9820, 0x00000000055f9a90]

GC Heap History (10 events):
Event: 253.133 GC heap before
{Heap before GC invocations=15 (full 1):
 PSYoungGen      total 666624K, used 666615K [0x00000000d5c00000, 0x0000000100000000, 0x0000000100000000)
  eden space 651776K, 100% used [0x00000000d5c00000,0x00000000fd880000,0x00000000fd880000)
  from space 14848K, 99% used [0x00000000fd880000,0x00000000fe6fddc8,0x00000000fe700000)
  to   space 19968K, 0% used [0x00000000fec80000,0x00000000fec80000,0x0000000100000000)
 ParOldGen       total 67584K, used 26256K [0x0000000081400000, 0x0000000085600000, 0x00000000d5c00000)
  object space 67584K, 38% used [0x0000000081400000,0x0000000082da4040,0x0000000085600000)
 Metaspace       used 28700K, capacity 29200K, committed 29568K, reserved 1075200K
  class space    used 3545K, capacity 3696K, committed 3712K, reserved 1048576K
Event: 253.146 GC heap after
Heap after GC invocations=15 (full 1):
 PSYoungGen      total 631808K, used 9836K [0x00000000d5c00000, 0x00000000ff680000, 0x0000000100000000)
  eden space 621568K, 0% used [0x00000000d5c00000,0x00000000d5c00000,0x00000000fbb00000)
  from space 10240K, 96% used [0x00000000fec80000,0x00000000ff61b318,0x00000000ff680000)
  to   space 19456K, 0% used [0x00000000fd080000,0x00000000fd080000,0x00000000fe380000)
 ParOldGen       total 67584K, used 26763K [0x0000000081400000, 0x0000000085600000, 0x00000000d5c00000)
  object space 67584K, 39% used [0x0000000081400000,0x0000000082e22e40,0x0000000085600000)
 Metaspace       used 28700K, capacity 29200K, committed 29568K, reserved 1075200K
  class space    used 3545K, capacity 3696K, committed 3712K, reserved 1048576K
}
Event: 307.466 GC heap before
{Heap before GC invocations=16 (full 1):
 PSYoungGen      total 631808K, used 631404K [0x00000000d5c00000, 0x00000000ff680000, 0x0000000100000000)
  eden space 621568K, 100% used [0x00000000d5c00000,0x00000000fbb00000,0x00000000fbb00000)
  from space 10240K, 96% used [0x00000000fec80000,0x00000000ff61b318,0x00000000ff680000)
  to   space 19456K, 0% used [0x00000000fd080000,0x00000000fd080000,0x00000000fe380000)
 ParOldGen       total 67584K, used 26763K [0x0000000081400000, 0x0000000085600000, 0x00000000d5c00000)
  object space 67584K, 39% used [0x0000000081400000,0x0000000082e22e40,0x0000000085600000)
 Metaspace       used 28847K, capacity 29384K, committed 29952K, reserved 1075200K
  class space    used 3560K, capacity 3736K, committed 3840K, reserved 1048576K
Event: 307.490 GC heap after
Heap after GC invocations=16 (full 1):
 PSYoungGen      total 612352K, used 19436K [0x00000000d5c00000, 0x00000000fed00000, 0x0000000100000000)
  eden space 592896K, 0% used [0x00000000d5c00000,0x00000000d5c00000,0x00000000f9f00000)
  from space 19456K, 99% used [0x00000000fd080000,0x00000000fe37b0d8,0x00000000fe380000)
  to   space 9728K, 0% used [0x00000000fe380000,0x00000000fe380000,0x00000000fed00000)
 ParOldGen       total 67584K, used 32992K [0x0000000081400000, 0x0000000085600000, 0x00000000d5c00000)
  object space 67584K, 48% used [0x0000000081400000,0x0000000083438388,0x0000000085600000)
 Metaspace       used 28847K, capacity 29384K, committed 29952K, reserved 1075200K
  class space    used 3560K, capacity 3736K, committed 3840K, reserved 1048576K
}
Event: 340.747 GC heap before
{Heap before GC invocations=17 (full 1):
 PSYoungGen      total 612352K, used 612332K [0x00000000d5c00000, 0x00000000fed00000, 0x0000000100000000)
  eden space 592896K, 100% used [0x00000000d5c00000,0x00000000f9f00000,0x00000000f9f00000)
  from space 19456K, 99% used [0x00000000fd080000,0x00000000fe37b0d8,0x00000000fe380000)
  to   space 9728K, 0% used [0x00000000fe380000,0x00000000fe380000,0x00000000fed00000)
 ParOldGen       total 67584K, used 32992K [0x0000000081400000, 0x0000000085600000, 0x00000000d5c00000)
  object space 67584K, 48% used [0x0000000081400000,0x0000000083438388,0x0000000085600000)
 Metaspace       used 32478K, capacity 33118K, committed 33536K, reserved 1079296K
  class space    used 4077K, capacity 4293K, committed 4352K, reserved 1048576K
Event: 340.776 GC heap after
Heap after GC invocations=17 (full 1):
 PSYoungGen      total 574976K, used 9714K [0x00000000d5c00000, 0x00000000fed00000, 0x0000000100000000)
  eden space 565248K, 0% used [0x00000000d5c00000,0x00000000d5c00000,0x00000000f8400000)
  from space 9728K, 99% used [0x00000000fe380000,0x00000000fecfcae0,0x00000000fed00000)
  to   space 28672K, 0% used [0x00000000fb500000,0x00000000fb500000,0x00000000fd100000)
 ParOldGen       total 67584K, used 49479K [0x0000000081400000, 0x0000000085600000, 0x00000000d5c00000)
  object space 67584K, 73% used [0x0000000081400000,0x0000000084451e60,0x0000000085600000)
 Metaspace       used 32478K, capacity 33118K, committed 33536K, reserved 1079296K
  class space    used 4077K, capacity 4293K, committed 4352K, reserved 1048576K
}
Event: 342.219 GC heap before
{Heap before GC invocations=18 (full 1):
 PSYoungGen      total 574976K, used 448497K [0x00000000d5c00000, 0x00000000fed00000, 0x0000000100000000)
  eden space 565248K, 77% used [0x00000000d5c00000,0x00000000f087fc60,0x00000000f8400000)
  from space 9728K, 99% used [0x00000000fe380000,0x00000000fecfcae0,0x00000000fed00000)
  to   space 28672K, 0% used [0x00000000fb500000,0x00000000fb500000,0x00000000fd100000)
 ParOldGen       total 67584K, used 49479K [0x0000000081400000, 0x0000000085600000, 0x00000000d5c00000)
  object space 67584K, 73% used [0x0000000081400000,0x0000000084451e60,0x0000000085600000)
 Metaspace       used 34525K, capacity 35076K, committed 35496K, reserved 1081344K
  class space    used 4392K, capacity 4582K, committed 4608K, reserved 1048576K
Event: 342.230 GC heap after
Heap after GC invocations=18 (full 1):
 PSYoungGen      total 545280K, used 6068K [0x00000000d5c00000, 0x00000000fe400000, 0x0000000100000000)
  eden space 539136K, 0% used [0x00000000d5c00000,0x00000000d5c00000,0x00000000f6a80000)
  from space 6144K, 98% used [0x00000000fb500000,0x00000000fbaed188,0x00000000fbb00000)
  to   space 28160K, 0% used [0x00000000fc880000,0x00000000fc880000,0x00000000fe400000)
 ParOldGen       total 67584K, used 50579K [0x0000000081400000, 0x0000000085600000, 0x00000000d5c00000)
  object space 67584K, 74% used [0x0000000081400000,0x0000000084564c60,0x0000000085600000)
 Metaspace       used 34525K, capacity 35076K, committed 35496K, reserved 1081344K
  class space    used 4392K, capacity 4582K, committed 4608K, reserved 1048576K
}
Event: 342.230 GC heap before
{Heap before GC invocations=19 (full 2):
 PSYoungGen      total 545280K, used 6068K [0x00000000d5c00000, 0x00000000fe400000, 0x0000000100000000)
  eden space 539136K, 0% used [0x00000000d5c00000,0x00000000d5c00000,0x00000000f6a80000)
  from space 6144K, 98% used [0x00000000fb500000,0x00000000fbaed188,0x00000000fbb00000)
  to   space 28160K, 0% used [0x00000000fc880000,0x00000000fc880000,0x00000000fe400000)
 ParOldGen       total 67584K, used 50579K [0x0000000081400000, 0x0000000085600000, 0x00000000d5c00000)
  object space 67584K, 74% used [0x0000000081400000,0x0000000084564c60,0x0000000085600000)
 Metaspace       used 34525K, capacity 35076K, committed 35496K, reserved 1081344K
  class space    used 4392K, capacity 4582K, committed 4608K, reserved 1048576K
Event: 342.275 GC heap after
Heap after GC invocations=19 (full 2):
 PSYoungGen      total 545280K, used 0K [0x00000000d5c00000, 0x00000000fe400000, 0x0000000100000000)
  eden space 539136K, 0% used [0x00000000d5c00000,0x00000000d5c00000,0x00000000f6a80000)
  from space 6144K, 0% used [0x00000000fb500000,0x00000000fb500000,0x00000000fbb00000)
  to   space 28160K, 0% used [0x00000000fc880000,0x00000000fc880000,0x00000000fe400000)
 ParOldGen       total 76288K, used 21014K [0x0000000081400000, 0x0000000085e80000, 0x00000000d5c00000)
  object space 76288K, 27% used [0x0000000081400000,0x0000000082885b58,0x0000000085e80000)
 Metaspace       used 31049K, capacity 31572K, committed 35496K, reserved 1081344K
  class space    used 3878K, capacity 4058K, committed 4608K, reserved 1048576K
}

Deoptimization events (10 events):
Event: 176.597 Thread 0x000000001c8ed000 Uncommon trap: reason=unstable_if action=reinterpret pc=0x000000000522fb5c method=org.apache.catalina.webresources.AbstractSingleArchiveResourceSet.isMultiRelease()Z @ 4
Event: 176.624 Thread 0x000000001c8ed000 Uncommon trap: reason=class_check action=maybe_recompile pc=0x000000000558b2ac method=org.apache.catalina.startup.ContextConfig.checkHandlesTypes(Lorg/apache/tomcat/util/bcel/classfile/JavaClass;Ljava/util/Map;)V @ 427
Event: 176.625 Thread 0x000000001c8ed000 Uncommon trap: reason=class_check action=maybe_recompile pc=0x000000000558b2ac method=org.apache.catalina.startup.ContextConfig.checkHandlesTypes(Lorg/apache/tomcat/util/bcel/classfile/JavaClass;Ljava/util/Map;)V @ 427
Event: 176.625 Thread 0x000000001c8ed000 Uncommon trap: reason=class_check action=maybe_recompile pc=0x000000000558b2ac method=org.apache.catalina.startup.ContextConfig.checkHandlesTypes(Lorg/apache/tomcat/util/bcel/classfile/JavaClass;Ljava/util/Map;)V @ 427
Event: 176.626 Thread 0x000000001c8ed000 Uncommon trap: reason=class_check action=maybe_recompile pc=0x000000000558b2ac method=org.apache.catalina.startup.ContextConfig.checkHandlesTypes(Lorg/apache/tomcat/util/bcel/classfile/JavaClass;Ljava/util/Map;)V @ 427
Event: 176.936 Thread 0x000000001c8ed000 Uncommon trap: reason=class_check action=maybe_recompile pc=0x0000000005556ba8 method=org.apache.catalina.startup.ContextConfig.checkHandlesTypes(Lorg/apache/tomcat/util/bcel/classfile/JavaClass;Ljava/util/Map;)V @ 128
Event: 176.938 Thread 0x000000001c8ed000 Uncommon trap: reason=class_check action=maybe_recompile pc=0x0000000005556ba8 method=org.apache.catalina.startup.ContextConfig.checkHandlesTypes(Lorg/apache/tomcat/util/bcel/classfile/JavaClass;Ljava/util/Map;)V @ 128
Event: 306.003 Thread 0x000000001c8ed000 Uncommon trap: reason=class_check action=maybe_recompile pc=0x00000000056f14a0 method=org.apache.catalina.startup.ContextConfig.checkHandlesTypes(Lorg/apache/tomcat/util/bcel/classfile/JavaClass;Ljava/util/Map;)V @ 181
Event: 306.003 Thread 0x000000001c8ed000 Uncommon trap: reason=class_check action=maybe_recompile pc=0x00000000056f14a0 method=org.apache.catalina.startup.ContextConfig.checkHandlesTypes(Lorg/apache/tomcat/util/bcel/classfile/JavaClass;Ljava/util/Map;)V @ 181
Event: 342.276 Thread 0x0000000004cd3800 Uncommon trap: reason=unstable_if action=reinterpret pc=0x000000000533eff4 method=java.lang.ref.Reference.tryHandlePending(Z)Z @ 20

Internal exceptions (10 events):
Event: 6.499 Thread 0x000000001c43b800 Exception <a 'java/lang/ArrayIndexOutOfBoundsException'> (0x00000000df227b70) thrown at [C:\re\workspace\8-2-build-windows-amd64-cygwin\jdk8u141\9370\hotspot\src\share\vm\runtime\sharedRuntime.cpp, line 605]
Event: 6.662 Thread 0x000000001c43b800 Exception <a 'java/lang/ArrayIndexOutOfBoundsException'> (0x00000000df8c62b0) thrown at [C:\re\workspace\8-2-build-windows-amd64-cygwin\jdk8u141\9370\hotspot\src\share\vm\runtime\sharedRuntime.cpp, line 605]
Event: 6.662 Thread 0x000000001c43b800 Exception <a 'java/lang/ArrayIndexOutOfBoundsException'> (0x00000000df8c7968) thrown at [C:\re\workspace\8-2-build-windows-amd64-cygwin\jdk8u141\9370\hotspot\src\share\vm\runtime\sharedRuntime.cpp, line 605]
Event: 6.729 Thread 0x000000001c43b800 Exception <a 'java/lang/ArrayIndexOutOfBoundsException': 84> (0x00000000dfb20798) thrown at [C:\re\workspace\8-2-build-windows-amd64-cygwin\jdk8u141\9370\hotspot\src\share\vm\interpreter\interpreterRuntime.cpp, line 366]
Event: 6.730 Thread 0x000000001c43b800 Exception <a 'java/lang/ArrayIndexOutOfBoundsException': 40> (0x00000000dfb21728) thrown at [C:\re\workspace\8-2-build-windows-amd64-cygwin\jdk8u141\9370\hotspot\src\share\vm\interpreter\interpreterRuntime.cpp, line 366]
Event: 7.958 Thread 0x000000001f236000 Implicit null exception at 0x0000000005547726 to 0x00000000055497e5
Event: 7.958 Thread 0x000000001f236000 Implicit null exception at 0x00000000054cbd11 to 0x00000000054cc149
Event: 178.917 Thread 0x000000001c8ed000 Exception <a 'java/io/FileNotFoundException'> (0x00000000ed555698) thrown at [C:\re\workspace\8-2-build-windows-amd64-cygwin\jdk8u141\9370\hotspot\src\share\vm\prims\jni.cpp, line 709]
Event: 308.079 Thread 0x000000001c8ed000 Exception <a 'java/io/FileNotFoundException'> (0x00000000e4412f58) thrown at [C:\re\workspace\8-2-build-windows-amd64-cygwin\jdk8u141\9370\hotspot\src\share\vm\prims\jni.cpp, line 709]
Event: 341.940 Thread 0x000000001c8ed000 Exception <a 'java/io/FileNotFoundException'> (0x00000000eefff880) thrown at [C:\re\workspace\8-2-build-windows-amd64-cygwin\jdk8u141\9370\hotspot\src\share\vm\prims\jni.cpp, line 709]

Events (10 events):
Event: 341.934 Thread 0x000000001985a000 flushing nmethod 0x00000000055f96d0
Event: 341.934 Thread 0x000000001985a000 flushing nmethod 0x00000000055ff990
Event: 341.940 loading class org/glassfish/jersey/servlet/ServletContainer
Event: 341.940 loading class org/glassfish/jersey/servlet/ServletContainer done
Event: 342.086 Thread 0x000000001985a000 flushing nmethod 0x000000000563a2d0
Event: 342.218 Executing VM operation: CollectForMetadataAllocation
Event: 342.276 Executing VM operation: CollectForMetadataAllocation done
Event: 342.276 Thread 0x0000000004cd3800 Uncommon trap: trap_request=0xffffff65 fr.pc=0x000000000533eff4
Event: 342.276 Thread 0x0000000004cd3800 DEOPT PACKING pc=0x000000000533eff4 sp=0x000000001aa9efc0
Event: 342.276 Thread 0x0000000004cd3800 DEOPT UNPACKING pc=0x0000000004d2582a sp=0x000000001aa9ef70 mode 2


Dynamic libraries:
0x00007ff7a3c00000 - 0x00007ff7a3c37000 	C:\Program Files\Java\jre1.8.0_131\bin\javaw.exe
0x00007ffaafe60000 - 0x00007ffab0040000 	C:\WINDOWS\SYSTEM32\ntdll.dll
0x00007ffaae450000 - 0x00007ffaae4fe000 	C:\WINDOWS\System32\KERNEL32.DLL
0x00007ffaacc80000 - 0x00007ffaacee6000 	C:\WINDOWS\System32\KERNELBASE.dll
0x00007ffaadc80000 - 0x00007ffaadd21000 	C:\WINDOWS\System32\ADVAPI32.dll
0x00007ffaae0b0000 - 0x00007ffaae14d000 	C:\WINDOWS\System32\msvcrt.dll
0x00007ffaae880000 - 0x00007ffaae8db000 	C:\WINDOWS\System32\sechost.dll
0x00007ffaaded0000 - 0x00007ffaadfef000 	C:\WINDOWS\System32\RPCRT4.dll
0x00007ffaae2b0000 - 0x00007ffaae43f000 	C:\WINDOWS\System32\USER32.dll
0x00007ffaac510000 - 0x00007ffaac530000 	C:\WINDOWS\System32\win32u.dll
0x00007ffaad630000 - 0x00007ffaad658000 	C:\WINDOWS\System32\GDI32.dll
0x00007ffaac310000 - 0x00007ffaac4a3000 	C:\WINDOWS\System32\gdi32full.dll
0x00007ffaad0c0000 - 0x00007ffaad15b000 	C:\WINDOWS\System32\msvcp_win.dll
0x00007ffaad230000 - 0x00007ffaad326000 	C:\WINDOWS\System32\ucrtbase.dll
0x00007ffa9b0c0000 - 0x00007ffa9b329000 	C:\WINDOWS\WinSxS\amd64_microsoft.windows.common-controls_6595b64144ccf1df_6.0.16299.248_none_15ced204935f55d7\COMCTL32.dll
0x00007ffaae500000 - 0x00007ffaae808000 	C:\WINDOWS\System32\combase.dll
0x00007ffaad1b0000 - 0x00007ffaad222000 	C:\WINDOWS\System32\bcryptPrimitives.dll
0x00007ffaae220000 - 0x00007ffaae24d000 	C:\WINDOWS\System32\IMM32.DLL
0x000000005f1a0000 - 0x000000005f272000 	C:\Program Files\Java\jre1.8.0_131\bin\msvcr100.dll
0x000000005f6c0000 - 0x000000005ff5d000 	C:\Program Files\Java\jre1.8.0_131\bin\server\jvm.dll
0x00007ffaae0a0000 - 0x00007ffaae0a8000 	C:\WINDOWS\System32\PSAPI.DLL
0x00007ffaaa4a0000 - 0x00007ffaaa4c3000 	C:\WINDOWS\SYSTEM32\WINMM.dll
0x00007ffaa3ff0000 - 0x00007ffaa3ff9000 	C:\WINDOWS\SYSTEM32\WSOCK32.dll
0x00007ffaae810000 - 0x00007ffaae87c000 	C:\WINDOWS\System32\WS2_32.dll
0x00007ffaa5bf0000 - 0x00007ffaa5bfa000 	C:\WINDOWS\SYSTEM32\VERSION.dll
0x00007ffaaa440000 - 0x00007ffaaa46a000 	C:\WINDOWS\SYSTEM32\winmmbase.dll
0x00007ffaad160000 - 0x00007ffaad1aa000 	C:\WINDOWS\System32\cfgmgr32.dll
0x000000005f5d0000 - 0x000000005f5df000 	C:\Program Files\Java\jre1.8.0_131\bin\verify.dll
0x000000005f5a0000 - 0x000000005f5c9000 	C:\Program Files\Java\jre1.8.0_131\bin\java.dll
0x000000005f580000 - 0x000000005f596000 	C:\Program Files\Java\jre1.8.0_131\bin\zip.dll
0x00007ffaae8e0000 - 0x00007ffaafd16000 	C:\WINDOWS\System32\SHELL32.dll
0x00007ffaadff0000 - 0x00007ffaae096000 	C:\WINDOWS\System32\shcore.dll
0x00007ffaac530000 - 0x00007ffaacc77000 	C:\WINDOWS\System32\windows.storage.dll
0x00007ffaae250000 - 0x00007ffaae2a1000 	C:\WINDOWS\System32\shlwapi.dll
0x00007ffaac1b0000 - 0x00007ffaac1c1000 	C:\WINDOWS\System32\kernel.appcore.dll
0x00007ffaac1f0000 - 0x00007ffaac23c000 	C:\WINDOWS\System32\powrprof.dll
0x00007ffaac240000 - 0x00007ffaac25b000 	C:\WINDOWS\System32\profapi.dll
0x000000005f290000 - 0x000000005f29d000 	C:\Program Files\Java\jre1.8.0_131\bin\management.dll
0x000000005f560000 - 0x000000005f57a000 	C:\Program Files\Java\jre1.8.0_131\bin\net.dll
0x00007ffaaba40000 - 0x00007ffaabaa6000 	C:\WINDOWS\system32\mswsock.dll
0x000000005f540000 - 0x000000005f551000 	C:\Program Files\Java\jre1.8.0_131\bin\nio.dll
0x000000005f2a0000 - 0x000000005f2c4000 	C:\Program Files\Java\jre1.8.0_131\bin\sunec.dll
0x000000005f280000 - 0x000000005f28b000 	C:\Program Files\Java\jre1.8.0_131\bin\sunmscapi.dll
0x00007ffaacef0000 - 0x00007ffaad0be000 	C:\WINDOWS\System32\CRYPT32.dll
0x00007ffaac1d0000 - 0x00007ffaac1e2000 	C:\WINDOWS\System32\MSASN1.dll
0x00007ffaabc00000 - 0x00007ffaabc17000 	C:\WINDOWS\SYSTEM32\CRYPTSP.dll
0x00007ffaab650000 - 0x00007ffaab683000 	C:\WINDOWS\system32\rsaenh.dll
0x00007ffaabd10000 - 0x00007ffaabd35000 	C:\WINDOWS\SYSTEM32\bcrypt.dll
0x00007ffaac0e0000 - 0x00007ffaac109000 	C:\WINDOWS\SYSTEM32\USERENV.dll
0x00007ffaabc20000 - 0x00007ffaabc2b000 	C:\WINDOWS\SYSTEM32\CRYPTBASE.dll
0x00007ffaab7d0000 - 0x00007ffaab809000 	C:\WINDOWS\SYSTEM32\IPHLPAPI.DLL
0x00007ffaae440000 - 0x00007ffaae448000 	C:\WINDOWS\System32\NSI.dll
0x00007ffaa5900000 - 0x00007ffaa5916000 	C:\WINDOWS\SYSTEM32\dhcpcsvc6.DLL
0x00007ffaa65a0000 - 0x00007ffaa65ba000 	C:\WINDOWS\SYSTEM32\dhcpcsvc.DLL
0x00007ffaab810000 - 0x00007ffaab8c6000 	C:\WINDOWS\SYSTEM32\DNSAPI.dll
0x00007ffaa48d0000 - 0x00007ffaa48da000 	C:\Windows\System32\rasadhlp.dll
0x00007ffaa49b0000 - 0x00007ffaa4a20000 	C:\WINDOWS\System32\fwpuclnt.dll
0x00007ffaa6bd0000 - 0x00007ffaa6d98000 	C:\WINDOWS\SYSTEM32\dbghelp.dll

VM Arguments:
jvm_args: -Dcatalina.base=C:\Users\Tristan Glaes\Documents\eclipse-projects\.metadata\.plugins\org.eclipse.wst.server.core\tmp0 -Dcatalina.home=C:\Users\Tristan Glaes\Documents\team5ds\project3\apache-tomcat-8.5.24\apache-tomcat-8.5.24 -Dwtp.deploy=C:\Users\Tristan Glaes\Documents\eclipse-projects\.metadata\.plugins\org.eclipse.wst.server.core\tmp0\wtpwebapps -Djava.endorsed.dirs=C:\Users\Tristan Glaes\Documents\team5ds\project3\apache-tomcat-8.5.24\apache-tomcat-8.5.24\endorsed -Dfile.encoding=Cp1252 
java_command: org.apache.catalina.startup.Bootstrap start
java_class_path (initial): C:\Program Files\Java\jre1.8.0_131\lib\resources.jar;C:\Program Files\Java\jre1.8.0_131\lib\rt.jar;C:\Program Files\Java\jre1.8.0_131\lib\jsse.jar;C:\Program Files\Java\jre1.8.0_131\lib\jce.jar;C:\Program Files\Java\jre1.8.0_131\lib\charsets.jar;C:\Program Files\Java\jre1.8.0_131\lib\jfr.jar;C:\Users\Tristan Glaes\Documents\team5ds\project3\apache-tomcat-8.5.24\apache-tomcat-8.5.24\bin\bootstrap.jar;C:\Users\Tristan Glaes\Documents\team5ds\project3\apache-tomcat-8.5.24\apache-tomcat-8.5.24\bin\tomcat-juli.jar
Launcher Type: SUN_STANDARD

Environment Variables:
PATH=C:/Program Files/Java/jre1.8.0_131/bin/server;C:/Program Files/Java/jre1.8.0_131/bin;C:/Program Files/Java/jre1.8.0_131/lib/amd64;C:\ProgramData\Oracle\Java\javapath;C:\WINDOWS\system32;C:\WINDOWS;C:\WINDOWS\System32\Wbem;C:\WINDOWS\System32\WindowsPowerShell\v1.0\;C:\Program Files\PuTTY\;C:\Program Files\MySQL\MySQL Utilities 1.6\;C:\Program Files\dotnet\;C:\Program Files\Microsoft SQL Server\130\Tools\Binn\;C:\Program Files (x86)\NVIDIA Corporation\PhysX\Common;C:\Users\Tristan Glaes\AppData\Local\Microsoft\WindowsApps;C:\Program Files\Java\jdk1.8.0_131;C:\Users\Tristan Glaes\AppData\Local\atom\bin;C:\Users\Tristan Glaes\Desktop;
USERNAME=Tristan Glaes
OS=Windows_NT
PROCESSOR_IDENTIFIER=Intel64 Family 6 Model 60 Stepping 3, GenuineIntel



---------------  S Y S T E M  ---------------

OS: Windows 10.0 , 64 bit Build 16299 (10.0.16299.15)

CPU:total 4 (initial active 4) (4 cores per cpu, 1 threads per core) family 6 model 60 stepping 3, cmov, cx8, fxsr, mmx, sse, sse2, sse3, ssse3, sse4.1, sse4.2, popcnt, avx, avx2, aes, clmul, erms, lzcnt, tsc, tscinvbit, bmi1, bmi2

Memory: 4k page, physical 8305716k(3196000k free), swap 11058228k(4696024k free)

vm_info: Java HotSpot(TM) 64-Bit Server VM (25.141-b15) for windows-amd64 JRE (1.8.0_141-b15), built on Jul 12 2017 04:25:12 by "java_re" with MS VC++ 10.0 (VS2010)

time: Wed Mar 07 16:30:53 2018
elapsed time: 342 seconds (0d 0h 5m 42s)

