#
# A fatal error has been detected by the Java Runtime Environment:
#
#  EXCEPTION_ACCESS_VIOLATION (0xc0000005) at pc=0x000000006d082800, pid=12216, tid=0x0000000000001834
#
# JRE version: Java(TM) SE Runtime Environment (8.0_141-b15) (build 1.8.0_141-b15)
# Java VM: Java HotSpot(TM) 64-Bit Server VM (25.141-b15 mixed mode windows-amd64 compressed oops)
# Problematic frame:
# C  0x000000006d082800
#
# Failed to write core dump. Minidumps are not enabled by default on client versions of Windows
#
# If you would like to submit a bug report, please visit:
#   http://bugreport.java.com/bugreport/crash.jsp
# The crash happened outside the Java Virtual Machine in native code.
# See problematic frame for where to report the bug.
#

---------------  T H R E A D  ---------------

Current thread (0x000000000512b000):  JavaThread "Finalizer" daemon [_thread_in_native, id=6196, stack(0x000000001af00000,0x000000001b000000)]

siginfo: ExceptionCode=0xc0000005, ExceptionInformation=0x0000000000000008 0x000000006d082800

Registers:
RAX=0x000000006d082800, RBX=0x0000000021c2e758, RCX=0x000000000512b1f8, RDX=0x000000001affeec0
RSP=0x000000001affedf8, RBP=0x000000001affee90, RSI=0x0000000100042278, RDI=0x000000001e1377d0
R8 =0x0000000023534408, R9 =0x00000000820a19d0, R10=0x0000000005148a4b, R11=0x000000005f8ebc50
R12=0x0000000000000000, R13=0x0000000021c2e758, R14=0x000000001affeec0, R15=0x000000000512b000
RIP=0x000000006d082800, EFLAGS=0x0000000000010202

Top of Stack: (sp=0x000000001affedf8)
0x000000001affedf8:   0000000005148a77 00000001000169b0
0x000000001affee08:   00000001000169b0 00000000820e3370
0x000000001affee18:   000000000512b000 000000001affee80
0x000000001affee28:   000000000513835d 000000000513835d
0x000000001affee38:   00000000820e3360 0000000000000000
0x000000001affee48:   00000000820a19d0 000000001affee40
0x000000001affee58:   0000000000000000 000000001affeec0
0x000000001affee68:   000000001e0e1098 0000000000000000
0x000000001affee78:   0000000021c2e758 0000000000000000
0x000000001affee88:   000000001affeeb0 000000001affef18
0x000000001affee98:   0000000005137da0 0000000000000000
0x000000001affeea8:   00000000051419d6 0000000023534408
0x000000001affeeb8:   0000000023534408 00000000820a19d0
0x000000001affeec8:   0000000000000009 00000000820a19d0
0x000000001affeed8:   000000001affeec8 000000001e0eeca2
0x000000001affeee8:   000000001affef38 000000001e10df08 

Instructions: (pc=0x000000006d082800)
0x000000006d0827e0:   
[error occurred during error reporting (printing registers, top of stack, instructions near pc), id 0xc0000005]

Register to memory mapping:

RAX=0x000000006d082800 is an unknown value
RBX={method} {0x0000000021c2e760} 'reset' '(J)I' in 'org/sqlite/core/NativeDB'
RCX=0x000000000512b1f8 is an unknown value
RDX=0x000000001affeec0 is pointing into the stack for thread: 0x000000000512b000
RSP=0x000000001affedf8 is pointing into the stack for thread: 0x000000000512b000
RBP=0x000000001affee90 is pointing into the stack for thread: 0x000000000512b000
RSI=0x0000000100042278 is pointing into metadata
RDI=0x000000001e1377d0 is pointing into metadata
R8 =0x0000000023534408 is an unknown value
R9 =0x00000000820a19d0 is an oop
org.sqlite.core.NativeDB 
 - klass: 'org/sqlite/core/NativeDB'
R10=0x0000000005148a4b is at code_begin+1227 in an Interpreter codelet
method entry point (kind = native_synchronized)  [0x0000000005148580, 0x0000000005149060]  2784 bytes
R11=0x000000005f8ebc50 is an unknown value
R12=0x0000000000000000 is an unknown value
R13={method} {0x0000000021c2e760} 'reset' '(J)I' in 'org/sqlite/core/NativeDB'
R14=0x000000001affeec0 is pointing into the stack for thread: 0x000000000512b000
R15=0x000000000512b000 is a thread


Stack: [0x000000001af00000,0x000000001b000000],  sp=0x000000001affedf8,  free space=1019k
Native frames: (J=compiled Java code, j=interpreted, Vv=VM code, C=native code)
C  0x000000006d082800

Java frames: (J=compiled Java code, j=interpreted, Vv=VM code)
j  org.sqlite.core.NativeDB.reset(J)I+0
j  org.sqlite.core.CoreResultSet.close()V+90
j  org.sqlite.jdbc4.JDBC4ResultSet.close()V+6
j  org.sqlite.jdbc3.JDBC3ResultSet.finalize()V+1
J 4343% C2 java.lang.ref.Finalizer$FinalizerThread.run()V (55 bytes) @ 0x0000000005d27e0c [0x0000000005d27b60+0x2ac]
v  ~StubRoutines::call_stub

---------------  P R O C E S S  ---------------

Java Threads: ( => current thread )
  0x000000001fde9800 JavaThread "http-nio-8080-exec-16" daemon [_thread_blocked, id=2900, stack(0x0000000025720000,0x0000000025820000)]
  0x000000001fde0800 JavaThread "http-nio-8080-exec-15" daemon [_thread_blocked, id=6156, stack(0x0000000025620000,0x0000000025720000)]
  0x000000001fde7800 JavaThread "ajp-nio-8009-exec-11" daemon [_thread_blocked, id=1692, stack(0x0000000025520000,0x0000000025620000)]
  0x000000001fde6800 JavaThread "http-nio-8080-exec-14" daemon [_thread_blocked, id=5624, stack(0x0000000025420000,0x0000000025520000)]
  0x000000001fde5000 JavaThread "http-nio-8080-exec-13" daemon [_thread_blocked, id=9852, stack(0x0000000025320000,0x0000000025420000)]
  0x000000001fde9000 JavaThread "http-nio-8080-exec-12" daemon [_thread_blocked, id=4072, stack(0x0000000025220000,0x0000000025320000)]
  0x000000001fde8000 JavaThread "http-nio-8080-exec-11" daemon [_thread_blocked, id=10592, stack(0x0000000025120000,0x0000000025220000)]
  0x000000001fde6000 JavaThread "ajp-nio-8009-AsyncTimeout" daemon [_thread_blocked, id=10844, stack(0x0000000024720000,0x0000000024820000)]
  0x000000001fddd800 JavaThread "ajp-nio-8009-Acceptor-0" daemon [_thread_in_native, id=6436, stack(0x0000000024620000,0x0000000024720000)]
  0x000000001fde4800 JavaThread "ajp-nio-8009-ClientPoller-1" daemon [_thread_in_native, id=9868, stack(0x0000000024520000,0x0000000024620000)]
  0x000000001fde3800 JavaThread "ajp-nio-8009-ClientPoller-0" daemon [_thread_in_native, id=10816, stack(0x0000000024420000,0x0000000024520000)]
  0x000000001fddd000 JavaThread "ajp-nio-8009-exec-10" daemon [_thread_blocked, id=7996, stack(0x0000000024320000,0x0000000024420000)]
  0x000000001fde3000 JavaThread "ajp-nio-8009-exec-9" daemon [_thread_blocked, id=9104, stack(0x0000000024220000,0x0000000024320000)]
  0x000000001fde2000 JavaThread "ajp-nio-8009-exec-8" daemon [_thread_blocked, id=9072, stack(0x0000000024120000,0x0000000024220000)]
  0x000000001fdde800 JavaThread "ajp-nio-8009-exec-7" daemon [_thread_blocked, id=9788, stack(0x0000000024020000,0x0000000024120000)]
  0x000000001fdda800 JavaThread "ajp-nio-8009-exec-6" daemon [_thread_blocked, id=3476, stack(0x0000000023f20000,0x0000000024020000)]
  0x000000001fde1800 JavaThread "ajp-nio-8009-exec-5" daemon [_thread_blocked, id=2060, stack(0x0000000023e20000,0x0000000023f20000)]
  0x000000001fddf000 JavaThread "ajp-nio-8009-exec-4" daemon [_thread_blocked, id=10072, stack(0x0000000023d20000,0x0000000023e20000)]
  0x000000001fddc000 JavaThread "ajp-nio-8009-exec-2" daemon [_thread_blocked, id=344, stack(0x0000000023b20000,0x0000000023c20000)]
  0x000000001fddb800 JavaThread "ajp-nio-8009-exec-1" daemon [_thread_blocked, id=3080, stack(0x0000000023a20000,0x0000000023b20000)]
  0x000000001fde0000 JavaThread "http-nio-8080-AsyncTimeout" daemon [_thread_blocked, id=9464, stack(0x0000000023920000,0x0000000023a20000)]
  0x000000001d543000 JavaThread "http-nio-8080-Acceptor-0" daemon [_thread_in_native, id=2768, stack(0x0000000023820000,0x0000000023920000)]
  0x000000001d541800 JavaThread "http-nio-8080-ClientPoller-1" daemon [_thread_in_native, id=12188, stack(0x0000000023720000,0x0000000023820000)]
  0x000000001d540800 JavaThread "http-nio-8080-ClientPoller-0" daemon [_thread_in_native, id=12240, stack(0x0000000023620000,0x0000000023720000)]
  0x000000001d53e800 JavaThread "http-nio-8080-exec-6" daemon [_thread_blocked, id=9672, stack(0x0000000023020000,0x0000000023120000)]
  0x000000001d543800 JavaThread "http-nio-8080-exec-4" daemon [_thread_blocked, id=6740, stack(0x0000000022e20000,0x0000000022f20000)]
  0x000000001d5ab000 JavaThread "http-nio-8080-exec-3" daemon [_thread_blocked, id=11684, stack(0x0000000022d20000,0x0000000022e20000)]
  0x000000001ba9a000 JavaThread "http-nio-8080-exec-2" daemon [_thread_blocked, id=8184, stack(0x0000000022c20000,0x0000000022d20000)]
  0x0000000020aaf800 JavaThread "ContainerBackgroundProcessor[StandardEngine[Catalina]]" daemon [_thread_in_native, id=3112, stack(0x000000001e490000,0x000000001e590000)]
  0x000000001c5e3800 JavaThread "NioBlockingSelector.BlockPoller-2" daemon [_thread_in_native, id=12080, stack(0x000000001df90000,0x000000001e090000)]
  0x000000001c5ff000 JavaThread "NioBlockingSelector.BlockPoller-1" daemon [_thread_in_native, id=2792, stack(0x000000001de90000,0x000000001df90000)]
  0x000000001c4de800 JavaThread "GC Daemon" daemon [_thread_blocked, id=8436, stack(0x000000001d850000,0x000000001d950000)]
  0x000000001b726000 JavaThread "Service Thread" daemon [_thread_blocked, id=7400, stack(0x000000001bb20000,0x000000001bc20000)]
  0x0000000019cfe800 JavaThread "C1 CompilerThread2" daemon [_thread_in_native, id=8688, stack(0x000000001b620000,0x000000001b720000)]
  0x0000000019cfb800 JavaThread "C2 CompilerThread1" daemon [_thread_blocked, id=204, stack(0x000000001b520000,0x000000001b620000)]
  0x0000000019c9f800 JavaThread "C2 CompilerThread0" daemon [_thread_blocked, id=788, stack(0x000000001b420000,0x000000001b520000)]
  0x0000000019c9d000 JavaThread "Attach Listener" daemon [_thread_blocked, id=5668, stack(0x000000001b320000,0x000000001b420000)]
  0x0000000019c9c000 JavaThread "Signal Dispatcher" daemon [_thread_blocked, id=4916, stack(0x000000001b220000,0x000000001b320000)]
=>0x000000000512b000 JavaThread "Finalizer" daemon [_thread_in_native, id=6196, stack(0x000000001af00000,0x000000001b000000)]
  0x0000000005122000 JavaThread "Reference Handler" daemon [_thread_blocked, id=11420, stack(0x000000001ae00000,0x000000001af00000)]
  0x0000000005032800 JavaThread "main" [_thread_in_native, id=10812, stack(0x0000000004f30000,0x0000000005030000)]

Other Threads:
  0x0000000019c67800 VMThread [stack: 0x000000001ad00000,0x000000001ae00000] [id=11996]
  0x000000001b72a800 WatcherThread [stack: 0x000000001bd80000,0x000000001be80000] [id=5716]

VM state:not at safepoint (normal execution)

VM Mutex/Monitor currently owned by a thread: None

Heap:
 PSYoungGen      total 498688K, used 9355K [0x00000000d5c00000, 0x00000000fdd00000, 0x0000000100000000)
  eden space 478208K, 1% used [0x00000000d5c00000,0x00000000d6522d90,0x00000000f2f00000)
  from space 20480K, 0% used [0x00000000fb300000,0x00000000fb300000,0x00000000fc700000)
  to   space 22528K, 0% used [0x00000000fc700000,0x00000000fc700000,0x00000000fdd00000)
 ParOldGen       total 83968K, used 33035K [0x0000000081400000, 0x0000000086600000, 0x00000000d5c00000)
  object space 83968K, 39% used [0x0000000081400000,0x0000000083442ce8,0x0000000086600000)
 Metaspace       used 30125K, capacity 30696K, committed 35496K, reserved 1081344K
  class space    used 3691K, capacity 3896K, committed 4608K, reserved 1048576K

Card table byte_map: [0x00000000144f0000,0x00000000148f0000] byte_map_base: 0x00000000140e6000

Marking Bits: (ParMarkBitMap*) 0x000000005fedd850
 Begin Bits: [0x0000000014fa0000, 0x0000000016f50000)
 End Bits:   [0x0000000016f50000, 0x0000000018f00000)

Polling page: 0x0000000003310000

CodeCache: size=245760Kb used=13775Kb max_used=13775Kb free=231984Kb
 bounds [0x0000000005130000, 0x0000000005ec0000, 0x0000000014130000]
 total_blobs=4640 nmethods=4214 adapters=338
 compilation: enabled

Compilation events (10 events):
Event: 406.681 Thread 0x0000000019cfe800 nmethod 4948 0x0000000005eb8ed0 code [0x0000000005eb9040, 0x0000000005eb93d0]
Event: 406.682 Thread 0x0000000019c9f800 nmethod 4946 0x0000000005ebc3d0 code [0x0000000005ebc540, 0x0000000005ebc808]
Event: 406.683 Thread 0x0000000019cfb800 nmethod 4949 0x0000000005ebcb10 code [0x0000000005ebcc40, 0x0000000005ebce58]
Event: 406.683 Thread 0x0000000019cfe800 4950       3       java.security.Security::getImpl (14 bytes)
Event: 406.684 Thread 0x0000000019cfe800 nmethod 4950 0x0000000005ebb350 code [0x0000000005ebb540, 0x0000000005ebbef8]
Event: 406.684 Thread 0x0000000019cfe800 4951       3       sun.security.jca.GetInstance::getInstance (11 bytes)
Event: 406.684 Thread 0x0000000019cfe800 nmethod 4951 0x0000000005eba950 code [0x0000000005ebab00, 0x0000000005ebb048]
Event: 406.684 Thread 0x0000000019cfe800 4952       3       sun.security.jca.GetInstance::getService (66 bytes)
Event: 406.684 Thread 0x0000000019cfe800 nmethod 4952 0x0000000005ebcf10 code [0x0000000005ebd140, 0x0000000005ebddf8]
Event: 406.685 Thread 0x0000000019cfe800 4953       3       org.apache.tomcat.util.descriptor.web.WebXml::merge (4122 bytes)

GC Heap History (10 events):
Event: 296.429 GC heap before
{Heap before GC invocations=15 (full 1):
 PSYoungGen      total 578560K, used 578080K [0x00000000d5c00000, 0x00000000ff180000, 0x0000000100000000)
  eden space 577536K, 100% used [0x00000000d5c00000,0x00000000f9000000,0x00000000f9000000)
  from space 1024K, 53% used [0x00000000fd880000,0x00000000fd908000,0x00000000fd980000)
  to   space 15360K, 0% used [0x00000000fe280000,0x00000000fe280000,0x00000000ff180000)
 ParOldGen       total 68096K, used 19537K [0x0000000081400000, 0x0000000085680000, 0x00000000d5c00000)
  object space 68096K, 28% used [0x0000000081400000,0x0000000082714430,0x0000000085680000)
 Metaspace       used 24185K, capacity 24648K, committed 25088K, reserved 1071104K
  class space    used 2890K, capacity 3044K, committed 3072K, reserved 1048576K
Event: 296.451 GC heap after
Heap after GC invocations=15 (full 1):
 PSYoungGen      total 566272K, used 15330K [0x00000000d5c00000, 0x00000000ff180000, 0x0000000100000000)
  eden space 550912K, 0% used [0x00000000d5c00000,0x00000000d5c00000,0x00000000f7600000)
  from space 15360K, 99% used [0x00000000fe280000,0x00000000ff178a70,0x00000000ff180000)
  to   space 21504K, 0% used [0x00000000fc780000,0x00000000fc780000,0x00000000fdc80000)
 ParOldGen       total 68096K, used 28765K [0x0000000081400000, 0x0000000085680000, 0x00000000d5c00000)
  object space 68096K, 42% used [0x0000000081400000,0x0000000083017720,0x0000000085680000)
 Metaspace       used 24185K, capacity 24648K, committed 25088K, reserved 1071104K
  class space    used 2890K, capacity 3044K, committed 3072K, reserved 1048576K
}
Event: 330.253 GC heap before
{Heap before GC invocations=16 (full 1):
 PSYoungGen      total 566272K, used 566242K [0x00000000d5c00000, 0x00000000ff180000, 0x0000000100000000)
  eden space 550912K, 100% used [0x00000000d5c00000,0x00000000f7600000,0x00000000f7600000)
  from space 15360K, 99% used [0x00000000fe280000,0x00000000ff178a70,0x00000000ff180000)
  to   space 21504K, 0% used [0x00000000fc780000,0x00000000fc780000,0x00000000fdc80000)
 ParOldGen       total 68096K, used 28765K [0x0000000081400000, 0x0000000085680000, 0x00000000d5c00000)
  object space 68096K, 42% used [0x0000000081400000,0x0000000083017720,0x0000000085680000)
 Metaspace       used 28899K, capacity 29436K, committed 29952K, reserved 1075200K
  class space    used 3560K, capacity 3734K, committed 3840K, reserved 1048576K
Event: 330.288 GC heap after
Heap after GC invocations=16 (full 1):
 PSYoungGen      total 546816K, used 21484K [0x00000000d5c00000, 0x00000000fe300000, 0x0000000100000000)
  eden space 525312K, 0% used [0x00000000d5c00000,0x00000000d5c00000,0x00000000f5d00000)
  from space 21504K, 99% used [0x00000000fc780000,0x00000000fdc7b0c0,0x00000000fdc80000)
  to   space 6656K, 0% used [0x00000000fdc80000,0x00000000fdc80000,0x00000000fe300000)
 ParOldGen       total 68096K, used 33113K [0x0000000081400000, 0x0000000085680000, 0x00000000d5c00000)
  object space 68096K, 48% used [0x0000000081400000,0x00000000834567f0,0x0000000085680000)
 Metaspace       used 28899K, capacity 29436K, committed 29952K, reserved 1075200K
  class space    used 3560K, capacity 3734K, committed 3840K, reserved 1048576K
}
Event: 332.375 GC heap before
{Heap before GC invocations=17 (full 1):
 PSYoungGen      total 546816K, used 546796K [0x00000000d5c00000, 0x00000000fe300000, 0x0000000100000000)
  eden space 525312K, 100% used [0x00000000d5c00000,0x00000000f5d00000,0x00000000f5d00000)
  from space 21504K, 99% used [0x00000000fc780000,0x00000000fdc7b0c0,0x00000000fdc80000)
  to   space 6656K, 0% used [0x00000000fdc80000,0x00000000fdc80000,0x00000000fe300000)
 ParOldGen       total 68096K, used 33113K [0x0000000081400000, 0x0000000085680000, 0x00000000d5c00000)
  object space 68096K, 48% used [0x0000000081400000,0x00000000834567f0,0x0000000085680000)
 Metaspace       used 32297K, capacity 32774K, committed 33152K, reserved 1079296K
  class space    used 4062K, capacity 4221K, committed 4224K, reserved 1048576K
Event: 332.391 GC heap after
Heap after GC invocations=17 (full 1):
 PSYoungGen      total 507904K, used 6632K [0x00000000d5c00000, 0x00000000fe300000, 0x0000000100000000)
  eden space 501248K, 0% used [0x00000000d5c00000,0x00000000d5c00000,0x00000000f4580000)
  from space 6656K, 99% used [0x00000000fdc80000,0x00000000fe2fa3d8,0x00000000fe300000)
  to   space 24576K, 0% used [0x00000000fb300000,0x00000000fb300000,0x00000000fcb00000)
 ParOldGen       total 68096K, used 36906K [0x0000000081400000, 0x0000000085680000, 0x00000000d5c00000)
  object space 68096K, 54% used [0x0000000081400000,0x000000008380aa38,0x0000000085680000)
 Metaspace       used 32297K, capacity 32774K, committed 33152K, reserved 1079296K
  class space    used 4062K, capacity 4221K, committed 4224K, reserved 1048576K
}
Event: 406.685 GC heap before
{Heap before GC invocations=18 (full 1):
 PSYoungGen      total 507904K, used 421598K [0x00000000d5c00000, 0x00000000fe300000, 0x0000000100000000)
  eden space 501248K, 82% used [0x00000000d5c00000,0x00000000ef13d460,0x00000000f4580000)
  from space 6656K, 99% used [0x00000000fdc80000,0x00000000fe2fa3d8,0x00000000fe300000)
  to   space 24576K, 0% used [0x00000000fb300000,0x00000000fb300000,0x00000000fcb00000)
 ParOldGen       total 68096K, used 36906K [0x0000000081400000, 0x0000000085680000, 0x00000000d5c00000)
  object space 68096K, 54% used [0x0000000081400000,0x000000008380aa38,0x0000000085680000)
 Metaspace       used 34601K, capacity 35190K, committed 35496K, reserved 1081344K
  class space    used 4359K, capacity 4553K, committed 4608K, reserved 1048576K
Event: 406.701 GC heap after
Heap after GC invocations=18 (full 1):
 PSYoungGen      total 498688K, used 20144K [0x00000000d5c00000, 0x00000000fdd00000, 0x0000000100000000)
  eden space 478208K, 0% used [0x00000000d5c00000,0x00000000d5c00000,0x00000000f2f00000)
  from space 20480K, 98% used [0x00000000fb300000,0x00000000fc6ac1f8,0x00000000fc700000)
  to   space 22528K, 0% used [0x00000000fc700000,0x00000000fc700000,0x00000000fdd00000)
 ParOldGen       total 68096K, used 37618K [0x0000000081400000, 0x0000000085680000, 0x00000000d5c00000)
  object space 68096K, 55% used [0x0000000081400000,0x00000000838bca48,0x0000000085680000)
 Metaspace       used 34601K, capacity 35190K, committed 35496K, reserved 1081344K
  class space    used 4359K, capacity 4553K, committed 4608K, reserved 1048576K
}
Event: 406.701 GC heap before
{Heap before GC invocations=19 (full 2):
 PSYoungGen      total 498688K, used 20144K [0x00000000d5c00000, 0x00000000fdd00000, 0x0000000100000000)
  eden space 478208K, 0% used [0x00000000d5c00000,0x00000000d5c00000,0x00000000f2f00000)
  from space 20480K, 98% used [0x00000000fb300000,0x00000000fc6ac1f8,0x00000000fc700000)
  to   space 22528K, 0% used [0x00000000fc700000,0x00000000fc700000,0x00000000fdd00000)
 ParOldGen       total 68096K, used 37618K [0x0000000081400000, 0x0000000085680000, 0x00000000d5c00000)
  object space 68096K, 55% used [0x0000000081400000,0x00000000838bca48,0x0000000085680000)
 Metaspace       used 34601K, capacity 35190K, committed 35496K, reserved 1081344K
  class space    used 4359K, capacity 4553K, committed 4608K, reserved 1048576K
Event: 406.747 GC heap after
Heap after GC invocations=19 (full 2):
 PSYoungGen      total 498688K, used 0K [0x00000000d5c00000, 0x00000000fdd00000, 0x0000000100000000)
  eden space 478208K, 0% used [0x00000000d5c00000,0x00000000d5c00000,0x00000000f2f00000)
  from space 20480K, 0% used [0x00000000fb300000,0x00000000fb300000,0x00000000fc700000)
  to   space 22528K, 0% used [0x00000000fc700000,0x00000000fc700000,0x00000000fdd00000)
 ParOldGen       total 83968K, used 33035K [0x0000000081400000, 0x0000000086600000, 0x00000000d5c00000)
  object space 83968K, 39% used [0x0000000081400000,0x0000000083442ce8,0x0000000086600000)
 Metaspace       used 30058K, capacity 30600K, committed 35496K, reserved 1081344K
  class space    used 3690K, capacity 3864K, committed 4608K, reserved 1048576K
}

Deoptimization events (10 events):
Event: 294.844 Thread 0x0000000020aaf800 Uncommon trap: reason=class_check action=maybe_recompile pc=0x00000000059e3c6c method=org.apache.catalina.startup.ContextConfig.checkHandlesTypes(Lorg/apache/tomcat/util/bcel/classfile/JavaClass;Ljava/util/Map;)V @ 427
Event: 329.583 Thread 0x0000000020aaf800 Uncommon trap: reason=class_check action=maybe_recompile pc=0x0000000005b3f38c method=org.apache.catalina.startup.ContextConfig.checkHandlesTypes(Lorg/apache/tomcat/util/bcel/classfile/JavaClass;Ljava/util/Map;)V @ 181
Event: 329.583 Thread 0x0000000020aaf800 Uncommon trap: reason=class_check action=maybe_recompile pc=0x0000000005b3f38c method=org.apache.catalina.startup.ContextConfig.checkHandlesTypes(Lorg/apache/tomcat/util/bcel/classfile/JavaClass;Ljava/util/Map;)V @ 181
Event: 359.896 Thread 0x000000001d53f000 Uncommon trap: reason=class_check action=maybe_recompile pc=0x0000000005e39874 method=org.jvnet.hk2.internal.PerLocatorUtilities.hasInjectAnnotation(Ljava/lang/reflect/AnnotatedElement;)Z @ 235
Event: 359.896 Thread 0x000000001d53f000 Uncommon trap: reason=class_check action=maybe_recompile pc=0x0000000005e39874 method=org.jvnet.hk2.internal.PerLocatorUtilities.hasInjectAnnotation(Ljava/lang/reflect/AnnotatedElement;)Z @ 235
Event: 359.896 Thread 0x000000001d53f000 Uncommon trap: reason=class_check action=maybe_recompile pc=0x0000000005e39874 method=org.jvnet.hk2.internal.PerLocatorUtilities.hasInjectAnnotation(Ljava/lang/reflect/AnnotatedElement;)Z @ 235
Event: 359.897 Thread 0x000000001d53f000 Uncommon trap: reason=class_check action=maybe_recompile pc=0x0000000005e39874 method=org.jvnet.hk2.internal.PerLocatorUtilities.hasInjectAnnotation(Ljava/lang/reflect/AnnotatedElement;)Z @ 235
Event: 365.904 Thread 0x000000001d540000 Uncommon trap: reason=unstable_if action=reinterpret pc=0x00000000054db504 method=org.sqlite.SQLiteJDBCLoader.contentsEquals(Ljava/io/InputStream;Ljava/io/InputStream;)Z @ 39
Event: 406.747 Thread 0x0000000005122000 Uncommon trap: reason=unstable_if action=reinterpret pc=0x0000000005785574 method=java.lang.ref.Reference.tryHandlePending(Z)Z @ 20
Event: 406.748 Thread 0x000000000512b000 Uncommon trap: reason=unstable_if action=reinterpret pc=0x0000000005a59a5c method=org.apache.catalina.loader.WebappClassLoaderBase.checkStateForResourceLoading(Ljava/lang/String;)V @ 7

Internal exceptions (10 events):
Event: 406.751 Thread 0x000000000512b000 Exception <a 'java/lang/NoClassDefFoundError': org/sqlite/SQLiteErrorCode> (0x00000000d645ce08) thrown at [C:\re\workspace\8-2-build-windows-amd64-cygwin\jdk8u141\9370\hotspot\src\share\vm\oops\constantPool.cpp, line 235]
Event: 406.751 Thread 0x000000000512b000 Exception <a 'java/lang/NoClassDefFoundError': org/sqlite/SQLiteErrorCode> (0x00000000d645d070) thrown at [C:\re\workspace\8-2-build-windows-amd64-cygwin\jdk8u141\9370\hotspot\src\share\vm\oops\constantPool.cpp, line 235]
Event: 406.752 Thread 0x000000000512b000 Exception <a 'java/lang/NoClassDefFoundError': org/sqlite/SQLiteErrorCode> (0x00000000d645d2d8) thrown at [C:\re\workspace\8-2-build-windows-amd64-cygwin\jdk8u141\9370\hotspot\src\share\vm\oops\constantPool.cpp, line 235]
Event: 406.752 Thread 0x000000000512b000 Exception <a 'java/lang/NoClassDefFoundError': org/sqlite/SQLiteErrorCode> (0x00000000d645d540) thrown at [C:\re\workspace\8-2-build-windows-amd64-cygwin\jdk8u141\9370\hotspot\src\share\vm\oops\constantPool.cpp, line 235]
Event: 406.752 Thread 0x000000000512b000 Exception <a 'java/lang/NoClassDefFoundError': org/sqlite/SQLiteErrorCode> (0x00000000d645d7a8) thrown at [C:\re\workspace\8-2-build-windows-amd64-cygwin\jdk8u141\9370\hotspot\src\share\vm\oops\constantPool.cpp, line 235]
Event: 406.752 Thread 0x000000000512b000 Exception <a 'java/lang/NoClassDefFoundError': org/sqlite/SQLiteErrorCode> (0x00000000d645da10) thrown at [C:\re\workspace\8-2-build-windows-amd64-cygwin\jdk8u141\9370\hotspot\src\share\vm\oops\constantPool.cpp, line 235]
Event: 406.752 Thread 0x000000000512b000 Exception <a 'java/lang/NoClassDefFoundError': org/sqlite/SQLiteErrorCode> (0x00000000d645dc78) thrown at [C:\re\workspace\8-2-build-windows-amd64-cygwin\jdk8u141\9370\hotspot\src\share\vm\oops\constantPool.cpp, line 235]
Event: 406.752 Thread 0x000000000512b000 Exception <a 'java/lang/NoClassDefFoundError': org/sqlite/SQLiteErrorCode> (0x00000000d645dee0) thrown at [C:\re\workspace\8-2-build-windows-amd64-cygwin\jdk8u141\9370\hotspot\src\share\vm\oops\constantPool.cpp, line 235]
Event: 406.752 Thread 0x000000000512b000 Exception <a 'java/lang/NoClassDefFoundError': org/sqlite/SQLiteErrorCode> (0x00000000d645e148) thrown at [C:\re\workspace\8-2-build-windows-amd64-cygwin\jdk8u141\9370\hotspot\src\share\vm\oops\constantPool.cpp, line 235]
Event: 406.752 Thread 0x000000000512b000 Exception <a 'java/lang/NoClassDefFoundError': org/sqlite/SQLiteErrorCode> (0x00000000d645e3b0) thrown at [C:\re\workspace\8-2-build-windows-amd64-cygwin\jdk8u141\9370\hotspot\src\share\vm\oops\constantPool.cpp, line 235]

Events (10 events):
Event: 406.748 loading class java/lang/Throwable$PrintStreamOrWriter done
Event: 406.748 loading class java/lang/Throwable$WrappedPrintWriter done
Event: 406.750 Executing VM operation: RevokeBias
Event: 406.750 Executing VM operation: RevokeBias done
Event: 406.751 Executing VM operation: RevokeBias
Event: 406.751 Executing VM operation: RevokeBias done
Event: 406.751 Executing VM operation: RevokeBias
Event: 406.751 Executing VM operation: RevokeBias done
Event: 406.751 Executing VM operation: RevokeBias
Event: 406.751 Executing VM operation: RevokeBias done


Dynamic libraries:
0x00007ff7cadb0000 - 0x00007ff7cade7000 	C:\Program Files\Java\jre1.8.0_131\bin\javaw.exe
0x00007ffaafe60000 - 0x00007ffab0040000 	C:\WINDOWS\SYSTEM32\ntdll.dll
0x00007ffaae450000 - 0x00007ffaae4fe000 	C:\WINDOWS\System32\KERNEL32.DLL
0x00007ffaacc80000 - 0x00007ffaacee6000 	C:\WINDOWS\System32\KERNELBASE.dll
0x00007ffaadc80000 - 0x00007ffaadd21000 	C:\WINDOWS\System32\ADVAPI32.dll
0x00007ffaae0b0000 - 0x00007ffaae14d000 	C:\WINDOWS\System32\msvcrt.dll
0x00007ffaae880000 - 0x00007ffaae8db000 	C:\WINDOWS\System32\sechost.dll
0x00007ffaaded0000 - 0x00007ffaadfef000 	C:\WINDOWS\System32\RPCRT4.dll
0x00007ffaae2b0000 - 0x00007ffaae43f000 	C:\WINDOWS\System32\USER32.dll
0x00007ffaac510000 - 0x00007ffaac530000 	C:\WINDOWS\System32\win32u.dll
0x00007ffaad630000 - 0x00007ffaad658000 	C:\WINDOWS\System32\GDI32.dll
0x00007ffaac310000 - 0x00007ffaac4a3000 	C:\WINDOWS\System32\gdi32full.dll
0x00007ffaad0c0000 - 0x00007ffaad15b000 	C:\WINDOWS\System32\msvcp_win.dll
0x00007ffaad230000 - 0x00007ffaad326000 	C:\WINDOWS\System32\ucrtbase.dll
0x00007ffa9b0c0000 - 0x00007ffa9b329000 	C:\WINDOWS\WinSxS\amd64_microsoft.windows.common-controls_6595b64144ccf1df_6.0.16299.248_none_15ced204935f55d7\COMCTL32.dll
0x00007ffaae500000 - 0x00007ffaae808000 	C:\WINDOWS\System32\combase.dll
0x00007ffaad1b0000 - 0x00007ffaad222000 	C:\WINDOWS\System32\bcryptPrimitives.dll
0x00007ffaae220000 - 0x00007ffaae24d000 	C:\WINDOWS\System32\IMM32.DLL
0x000000005f1a0000 - 0x000000005f272000 	C:\Program Files\Java\jre1.8.0_131\bin\msvcr100.dll
0x000000005f6c0000 - 0x000000005ff5d000 	C:\Program Files\Java\jre1.8.0_131\bin\server\jvm.dll
0x00007ffaae0a0000 - 0x00007ffaae0a8000 	C:\WINDOWS\System32\PSAPI.DLL
0x00007ffaa20a0000 - 0x00007ffaa20a9000 	C:\WINDOWS\SYSTEM32\WSOCK32.dll
0x00007ffaae810000 - 0x00007ffaae87c000 	C:\WINDOWS\System32\WS2_32.dll
0x00007ffaaa4a0000 - 0x00007ffaaa4c3000 	C:\WINDOWS\SYSTEM32\WINMM.dll
0x00007ffaa5bf0000 - 0x00007ffaa5bfa000 	C:\WINDOWS\SYSTEM32\VERSION.dll
0x00007ffaaa440000 - 0x00007ffaaa46a000 	C:\WINDOWS\SYSTEM32\WINMMBASE.dll
0x00007ffaad160000 - 0x00007ffaad1aa000 	C:\WINDOWS\System32\cfgmgr32.dll
0x000000005f5d0000 - 0x000000005f5df000 	C:\Program Files\Java\jre1.8.0_131\bin\verify.dll
0x000000005f5a0000 - 0x000000005f5c9000 	C:\Program Files\Java\jre1.8.0_131\bin\java.dll
0x000000005f580000 - 0x000000005f596000 	C:\Program Files\Java\jre1.8.0_131\bin\zip.dll
0x00007ffaae8e0000 - 0x00007ffaafd16000 	C:\WINDOWS\System32\SHELL32.dll
0x00007ffaadff0000 - 0x00007ffaae096000 	C:\WINDOWS\System32\shcore.dll
0x00007ffaac530000 - 0x00007ffaacc77000 	C:\WINDOWS\System32\windows.storage.dll
0x00007ffaae250000 - 0x00007ffaae2a1000 	C:\WINDOWS\System32\shlwapi.dll
0x00007ffaac1b0000 - 0x00007ffaac1c1000 	C:\WINDOWS\System32\kernel.appcore.dll
0x00007ffaac1f0000 - 0x00007ffaac23c000 	C:\WINDOWS\System32\powrprof.dll
0x00007ffaac240000 - 0x00007ffaac25b000 	C:\WINDOWS\System32\profapi.dll
0x000000005f280000 - 0x000000005f28d000 	C:\Program Files\Java\jre1.8.0_131\bin\management.dll
0x000000005f560000 - 0x000000005f57a000 	C:\Program Files\Java\jre1.8.0_131\bin\net.dll
0x00007ffaaba40000 - 0x00007ffaabaa6000 	C:\WINDOWS\system32\mswsock.dll
0x000000005f540000 - 0x000000005f551000 	C:\Program Files\Java\jre1.8.0_131\bin\nio.dll
0x000000005f2a0000 - 0x000000005f2c4000 	C:\Program Files\Java\jre1.8.0_131\bin\sunec.dll
0x000000005f290000 - 0x000000005f29b000 	C:\Program Files\Java\jre1.8.0_131\bin\sunmscapi.dll
0x00007ffaacef0000 - 0x00007ffaad0be000 	C:\WINDOWS\System32\CRYPT32.dll
0x00007ffaac1d0000 - 0x00007ffaac1e2000 	C:\WINDOWS\System32\MSASN1.dll
0x00007ffaabc00000 - 0x00007ffaabc17000 	C:\WINDOWS\SYSTEM32\CRYPTSP.dll
0x00007ffaab650000 - 0x00007ffaab683000 	C:\WINDOWS\system32\rsaenh.dll
0x00007ffaabd10000 - 0x00007ffaabd35000 	C:\WINDOWS\SYSTEM32\bcrypt.dll
0x00007ffaac0e0000 - 0x00007ffaac109000 	C:\WINDOWS\SYSTEM32\USERENV.dll
0x00007ffaabc20000 - 0x00007ffaabc2b000 	C:\WINDOWS\SYSTEM32\CRYPTBASE.dll
0x00007ffaab7d0000 - 0x00007ffaab809000 	C:\WINDOWS\SYSTEM32\IPHLPAPI.DLL
0x00007ffaae440000 - 0x00007ffaae448000 	C:\WINDOWS\System32\NSI.dll
0x00007ffaa5900000 - 0x00007ffaa5916000 	C:\WINDOWS\SYSTEM32\dhcpcsvc6.DLL
0x00007ffaa65a0000 - 0x00007ffaa65ba000 	C:\WINDOWS\SYSTEM32\dhcpcsvc.DLL
0x00007ffaab810000 - 0x00007ffaab8c6000 	C:\WINDOWS\SYSTEM32\DNSAPI.dll
0x00007ffaa48d0000 - 0x00007ffaa48da000 	C:\Windows\System32\rasadhlp.dll
0x00007ffaa49b0000 - 0x00007ffaa4a20000 	C:\WINDOWS\System32\fwpuclnt.dll
0x0000000003590000 - 0x0000000003685000 	C:\Users\Tristan Glaes\AppData\Local\Temp\sqlite-3.21.0-dec24611-7213-4e1d-9172-813cfa2c0682-sqlitejdbc.dll
0x00007ffaa6bd0000 - 0x00007ffaa6d98000 	C:\WINDOWS\SYSTEM32\dbghelp.dll

VM Arguments:
jvm_args: -Dcatalina.base=C:\Users\Tristan Glaes\Documents\eclipse-projects\.metadata\.plugins\org.eclipse.wst.server.core\tmp0 -Dcatalina.home=C:\Users\Tristan Glaes\Documents\team5ds\project3\apache-tomcat-8.5.24\apache-tomcat-8.5.24 -Dwtp.deploy=C:\Users\Tristan Glaes\Documents\eclipse-projects\.metadata\.plugins\org.eclipse.wst.server.core\tmp0\wtpwebapps -Djava.endorsed.dirs=C:\Users\Tristan Glaes\Documents\team5ds\project3\apache-tomcat-8.5.24\apache-tomcat-8.5.24\endorsed -Dfile.encoding=Cp1252 
java_command: org.apache.catalina.startup.Bootstrap start
java_class_path (initial): C:\Program Files\Java\jre1.8.0_131\lib\resources.jar;C:\Program Files\Java\jre1.8.0_131\lib\rt.jar;C:\Program Files\Java\jre1.8.0_131\lib\jsse.jar;C:\Program Files\Java\jre1.8.0_131\lib\jce.jar;C:\Program Files\Java\jre1.8.0_131\lib\charsets.jar;C:\Program Files\Java\jre1.8.0_131\lib\jfr.jar;C:\Users\Tristan Glaes\Documents\team5ds\project3\apache-tomcat-8.5.24\apache-tomcat-8.5.24\bin\bootstrap.jar;C:\Users\Tristan Glaes\Documents\team5ds\project3\apache-tomcat-8.5.24\apache-tomcat-8.5.24\bin\tomcat-juli.jar
Launcher Type: SUN_STANDARD

Environment Variables:
PATH=C:/Program Files/Java/jre1.8.0_131/bin/server;C:/Program Files/Java/jre1.8.0_131/bin;C:/Program Files/Java/jre1.8.0_131/lib/amd64;C:\ProgramData\Oracle\Java\javapath;C:\WINDOWS\system32;C:\WINDOWS;C:\WINDOWS\System32\Wbem;C:\WINDOWS\System32\WindowsPowerShell\v1.0\;C:\Program Files\PuTTY\;C:\Program Files\MySQL\MySQL Utilities 1.6\;C:\Program Files\dotnet\;C:\Program Files\Microsoft SQL Server\130\Tools\Binn\;C:\Program Files (x86)\NVIDIA Corporation\PhysX\Common;C:\Users\Tristan Glaes\AppData\Local\Microsoft\WindowsApps;C:\Program Files\Java\jdk1.8.0_131;C:\Users\Tristan Glaes\AppData\Local\atom\bin;C:\Users\Tristan Glaes\Desktop;
USERNAME=Tristan Glaes
OS=Windows_NT
PROCESSOR_IDENTIFIER=Intel64 Family 6 Model 60 Stepping 3, GenuineIntel



---------------  S Y S T E M  ---------------

OS: Windows 10.0 , 64 bit Build 16299 (10.0.16299.15)

CPU:total 4 (initial active 4) (4 cores per cpu, 1 threads per core) family 6 model 60 stepping 3, cmov, cx8, fxsr, mmx, sse, sse2, sse3, ssse3, sse4.1, sse4.2, popcnt, avx, avx2, aes, clmul, erms, lzcnt, tsc, tscinvbit, bmi1, bmi2

Memory: 4k page, physical 8305716k(3830672k free), swap 11058228k(5958516k free)

vm_info: Java HotSpot(TM) 64-Bit Server VM (25.141-b15) for windows-amd64 JRE (1.8.0_141-b15), built on Jul 12 2017 04:25:12 by "java_re" with MS VC++ 10.0 (VS2010)

time: Tue Mar 06 22:34:07 2018
elapsed time: 406 seconds (0d 0h 6m 46s)

