#
# A fatal error has been detected by the Java Runtime Environment:
#
#  EXCEPTION_ACCESS_VIOLATION (0xc0000005) at pc=0x000000006d082800, pid=1568, tid=0x0000000000002340
#
# JRE version: Java(TM) SE Runtime Environment (8.0_141-b15) (build 1.8.0_141-b15)
# Java VM: Java HotSpot(TM) 64-Bit Server VM (25.141-b15 mixed mode windows-amd64 compressed oops)
# Problematic frame:
# C  0x000000006d082800
#
# Failed to write core dump. Minidumps are not enabled by default on client versions of Windows
#
# If you would like to submit a bug report, please visit:
#   http://bugreport.java.com/bugreport/crash.jsp
# The crash happened outside the Java Virtual Machine in native code.
# See problematic frame for where to report the bug.
#

---------------  T H R E A D  ---------------

Current thread (0x000000000444b000):  JavaThread "Finalizer" daemon [_thread_in_native, id=9024, stack(0x000000001a280000,0x000000001a380000)]

siginfo: ExceptionCode=0xc0000005, ExceptionInformation=0x0000000000000008 0x000000006d082800

Registers:
RAX=0x000000006d082800, RBX=0x000000001fe2f940, RCX=0x000000000444b1f8, RDX=0x000000001a37f060
RSP=0x000000001a37ef98, RBP=0x000000001a37f030, RSI=0x0000000100042278, RDI=0x000000001d644880
R8 =0x0000000021a72388, R9 =0x00000000820070c8, R10=0x00000000044c8a4b, R11=0x000000005ba8bc50
R12=0x0000000000000000, R13=0x000000001fe2f940, R14=0x000000001a37f060, R15=0x000000000444b000
RIP=0x000000006d082800, EFLAGS=0x0000000000010202

Top of Stack: (sp=0x000000001a37ef98)
0x000000001a37ef98:   00000000044c8a77 000000001a37efd8
0x000000001a37efa8:   000000001a37f020 0000000081d4bf50
0x000000001a37efb8:   0000000000000000 000000001a37f020
0x000000001a37efc8:   00000000044b835d 00000000044b835d
0x000000001a37efd8:   0000000081d4bf40 0000000000000000
0x000000001a37efe8:   00000000820070c8 000000001a37efe0
0x000000001a37eff8:   0000000000000000 000000001a37f060
0x000000001a37f008:   000000001d5c2260 0000000000000000
0x000000001a37f018:   000000001fe2f940 0000000000000000
0x000000001a37f028:   000000001a37f050 000000001a37f0b8
0x000000001a37f038:   00000000044b7da0 0000000000000000
0x000000001a37f048:   00000000044c19d6 0000000021a72388
0x000000001a37f058:   0000000021a72388 00000000820070c8
0x000000001a37f068:   0000000000000029 00000000820070c8
0x000000001a37f078:   000000001a37f068 000000001d5cfe6a
0x000000001a37f088:   000000001a37f0d8 000000001d5ef0d0 

Instructions: (pc=0x000000006d082800)
0x000000006d0827e0:   
[error occurred during error reporting (printing registers, top of stack, instructions near pc), id 0xc0000005]

Register to memory mapping:

RAX=0x000000006d082800 is an unknown value
RBX={method} {0x000000001fe2f948} 'reset' '(J)I' in 'org/sqlite/core/NativeDB'
RCX=0x000000000444b1f8 is an unknown value
RDX=0x000000001a37f060 is pointing into the stack for thread: 0x000000000444b000
RSP=0x000000001a37ef98 is pointing into the stack for thread: 0x000000000444b000
RBP=0x000000001a37f030 is pointing into the stack for thread: 0x000000000444b000
RSI=0x0000000100042278 is pointing into metadata
RDI=0x000000001d644880 is pointing into metadata
R8 =0x0000000021a72388 is an unknown value
R9 =0x00000000820070c8 is an oop
org.sqlite.core.NativeDB 
 - klass: 'org/sqlite/core/NativeDB'
R10=0x00000000044c8a4b is at code_begin+1227 in an Interpreter codelet
method entry point (kind = native_synchronized)  [0x00000000044c8580, 0x00000000044c9060]  2784 bytes
R11=0x000000005ba8bc50 is an unknown value
R12=0x0000000000000000 is an unknown value
R13={method} {0x000000001fe2f948} 'reset' '(J)I' in 'org/sqlite/core/NativeDB'
R14=0x000000001a37f060 is pointing into the stack for thread: 0x000000000444b000
R15=0x000000000444b000 is a thread


Stack: [0x000000001a280000,0x000000001a380000],  sp=0x000000001a37ef98,  free space=1019k
Native frames: (J=compiled Java code, j=interpreted, Vv=VM code, C=native code)
C  0x000000006d082800

Java frames: (J=compiled Java code, j=interpreted, Vv=VM code)
j  org.sqlite.core.NativeDB.reset(J)I+0
j  org.sqlite.core.CoreResultSet.close()V+90
j  org.sqlite.jdbc4.JDBC4ResultSet.close()V+6
j  org.sqlite.jdbc3.JDBC3ResultSet.finalize()V+1
J 4247% C2 java.lang.ref.Finalizer$FinalizerThread.run()V (55 bytes) @ 0x0000000005046068 [0x0000000005045da0+0x2c8]
v  ~StubRoutines::call_stub

---------------  P R O C E S S  ---------------

Java Threads: ( => current thread )
  0x000000001c491000 JavaThread "ajp-nio-8009-AsyncTimeout" daemon [_thread_blocked, id=6992, stack(0x0000000022c60000,0x0000000022d60000)]
  0x000000001c490000 JavaThread "ajp-nio-8009-Acceptor-0" daemon [_thread_in_native, id=5712, stack(0x0000000022b60000,0x0000000022c60000)]
  0x000000001c48e800 JavaThread "ajp-nio-8009-ClientPoller-1" daemon [_thread_in_native, id=10376, stack(0x0000000022a60000,0x0000000022b60000)]
  0x000000001c48f800 JavaThread "ajp-nio-8009-ClientPoller-0" daemon [_thread_in_native, id=4880, stack(0x0000000022960000,0x0000000022a60000)]
  0x000000001c48e000 JavaThread "ajp-nio-8009-exec-10" daemon [_thread_blocked, id=332, stack(0x0000000022860000,0x0000000022960000)]
  0x000000001c486800 JavaThread "ajp-nio-8009-exec-9" daemon [_thread_blocked, id=8568, stack(0x0000000022760000,0x0000000022860000)]
  0x000000001c48d000 JavaThread "ajp-nio-8009-exec-8" daemon [_thread_blocked, id=9088, stack(0x0000000022660000,0x0000000022760000)]
  0x000000001c485800 JavaThread "ajp-nio-8009-exec-7" daemon [_thread_blocked, id=2424, stack(0x0000000022560000,0x0000000022660000)]
  0x000000001c48c800 JavaThread "ajp-nio-8009-exec-6" daemon [_thread_blocked, id=9968, stack(0x0000000022460000,0x0000000022560000)]
  0x000000001c48b800 JavaThread "ajp-nio-8009-exec-5" daemon [_thread_blocked, id=9816, stack(0x0000000022360000,0x0000000022460000)]
  0x000000001c48b000 JavaThread "ajp-nio-8009-exec-4" daemon [_thread_blocked, id=11192, stack(0x0000000022260000,0x0000000022360000)]
  0x000000001c48a000 JavaThread "ajp-nio-8009-exec-3" daemon [_thread_blocked, id=4568, stack(0x0000000022160000,0x0000000022260000)]
  0x000000001c482800 JavaThread "ajp-nio-8009-exec-2" daemon [_thread_blocked, id=12244, stack(0x0000000022060000,0x0000000022160000)]
  0x000000001c488800 JavaThread "ajp-nio-8009-exec-1" daemon [_thread_blocked, id=8140, stack(0x0000000021f60000,0x0000000022060000)]
  0x000000001c489800 JavaThread "http-nio-8080-AsyncTimeout" daemon [_thread_blocked, id=1476, stack(0x0000000021e60000,0x0000000021f60000)]
  0x000000001c485000 JavaThread "http-nio-8080-Acceptor-0" daemon [_thread_in_native, id=2044, stack(0x0000000021d60000,0x0000000021e60000)]
  0x000000001c488000 JavaThread "http-nio-8080-ClientPoller-1" daemon [_thread_in_native, id=6464, stack(0x0000000021c60000,0x0000000021d60000)]
  0x000000001c484000 JavaThread "http-nio-8080-ClientPoller-0" daemon [_thread_in_native, id=12096, stack(0x0000000021b60000,0x0000000021c60000)]
  0x000000001c483800 JavaThread "http-nio-8080-exec-10" daemon [_thread_blocked, id=8148, stack(0x0000000021960000,0x0000000021a60000)]
  0x000000001c487000 JavaThread "http-nio-8080-exec-9" daemon [_thread_blocked, id=824, stack(0x0000000021860000,0x0000000021960000)]
  0x000000001bee5000 JavaThread "http-nio-8080-exec-8" daemon [_thread_blocked, id=8688, stack(0x0000000021760000,0x0000000021860000)]
  0x000000001bee4800 JavaThread "http-nio-8080-exec-7" daemon [_thread_blocked, id=10292, stack(0x0000000021660000,0x0000000021760000)]
  0x000000001bee3000 JavaThread "http-nio-8080-exec-6" daemon [_thread_blocked, id=6740, stack(0x0000000021560000,0x0000000021660000)]
  0x000000001bee6000 JavaThread "http-nio-8080-exec-5" daemon [_thread_blocked, id=3408, stack(0x0000000021460000,0x0000000021560000)]
  0x000000001bee3800 JavaThread "http-nio-8080-exec-4" daemon [_thread_blocked, id=1324, stack(0x0000000021360000,0x0000000021460000)]
  0x000000001dd52000 JavaThread "http-nio-8080-exec-3" daemon [_thread_blocked, id=10388, stack(0x0000000021260000,0x0000000021360000)]
  0x000000001aa3f000 JavaThread "http-nio-8080-exec-2" daemon [_thread_blocked, id=204, stack(0x0000000020f40000,0x0000000021040000)]
  0x000000001be79000 JavaThread "http-nio-8080-exec-1" daemon [_thread_blocked, id=11908, stack(0x0000000020e40000,0x0000000020f40000)]
  0x000000001b9df000 JavaThread "ContainerBackgroundProcessor[StandardEngine[Catalina]]" daemon [_thread_in_Java, id=5592, stack(0x000000001d980000,0x000000001da80000)]
  0x000000001be77000 JavaThread "NioBlockingSelector.BlockPoller-2" daemon [_thread_in_native, id=11184, stack(0x000000001d480000,0x000000001d580000)]
  0x000000001be75000 JavaThread "NioBlockingSelector.BlockPoller-1" daemon [_thread_in_native, id=7844, stack(0x000000001d380000,0x000000001d480000)]
  0x000000001b5ad000 JavaThread "GC Daemon" daemon [_thread_blocked, id=1744, stack(0x000000001cd40000,0x000000001ce40000)]
  0x000000001907d000 JavaThread "Service Thread" daemon [_thread_blocked, id=5240, stack(0x000000001ada0000,0x000000001aea0000)]
  0x000000001904b000 JavaThread "C1 CompilerThread2" daemon [_thread_blocked, id=3560, stack(0x000000001a8a0000,0x000000001a9a0000)]
  0x0000000019021800 JavaThread "C2 CompilerThread1" daemon [_thread_blocked, id=8264, stack(0x000000001a7a0000,0x000000001a8a0000)]
  0x000000001901f000 JavaThread "C2 CompilerThread0" daemon [_thread_blocked, id=7960, stack(0x000000001a6a0000,0x000000001a7a0000)]
  0x000000001901c800 JavaThread "Attach Listener" daemon [_thread_blocked, id=6832, stack(0x000000001a5a0000,0x000000001a6a0000)]
  0x000000001901b000 JavaThread "Signal Dispatcher" daemon [_thread_blocked, id=5284, stack(0x000000001a4a0000,0x000000001a5a0000)]
=>0x000000000444b000 JavaThread "Finalizer" daemon [_thread_in_native, id=9024, stack(0x000000001a280000,0x000000001a380000)]
  0x0000000004442000 JavaThread "Reference Handler" daemon [_thread_blocked, id=9168, stack(0x000000001a180000,0x000000001a280000)]
  0x0000000004350800 JavaThread "main" [_thread_in_native, id=3644, stack(0x0000000004230000,0x0000000004330000)]

Other Threads:
  0x0000000018fe7000 VMThread [stack: 0x000000001a080000,0x000000001a180000] [id=8552]
  0x000000001a9d2000 WatcherThread [stack: 0x000000001b270000,0x000000001b370000] [id=8384]

VM state:not at safepoint (normal execution)

VM Mutex/Monitor currently owned by a thread: None

Heap:
 PSYoungGen      total 376320K, used 7926K [0x00000000d5c00000, 0x00000000fa400000, 0x0000000100000000)
  eden space 370688K, 2% used [0x00000000d5c00000,0x00000000d63bd9e0,0x00000000ec600000)
  from space 5632K, 0% used [0x00000000f7f00000,0x00000000f7f00000,0x00000000f8480000)
  to   space 30208K, 0% used [0x00000000f8680000,0x00000000f8680000,0x00000000fa400000)
 ParOldGen       total 69632K, used 16859K [0x0000000081400000, 0x0000000085800000, 0x00000000d5c00000)
  object space 69632K, 24% used [0x0000000081400000,0x0000000082476c60,0x0000000085800000)
 Metaspace       used 25747K, capacity 26126K, committed 33448K, reserved 1079296K
  class space    used 3064K, capacity 3237K, committed 4608K, reserved 1048576K

Card table byte_map: [0x0000000013870000,0x0000000013c70000] byte_map_base: 0x0000000013466000

Marking Bits: (ParMarkBitMap*) 0x000000005c07d850
 Begin Bits: [0x0000000014320000, 0x00000000162d0000)
 End Bits:   [0x00000000162d0000, 0x0000000018280000)

Polling page: 0x00000000001f0000

CodeCache: size=245760Kb used=13100Kb max_used=13113Kb free=232659Kb
 bounds [0x00000000044b0000, 0x00000000051a0000, 0x00000000134b0000]
 total_blobs=4350 nmethods=3925 adapters=337
 compilation: enabled

Compilation events (10 events):
Event: 1371.956 Thread 0x000000001904b000 nmethod 4611 0x000000000518fbd0 code [0x000000000518ff00, 0x0000000005191ab8]
Event: 1371.957 Thread 0x000000001901f000 nmethod 4609 0x0000000005185f90 code [0x0000000005186120, 0x0000000005186578]
Event: 1371.984 Thread 0x000000001904b000 4612       3       java.util.Collections$3::hasMoreElements (10 bytes)
Event: 1371.984 Thread 0x000000001904b000 nmethod 4612 0x0000000005185b50 code [0x0000000005185cc0, 0x0000000005185ee8]
Event: 1372.010 Thread 0x0000000019021800 4613   !   4       org.apache.catalina.webresources.AbstractSingleArchiveResource::getJarInputStreamWrapper (104 bytes)
Event: 1372.019 Thread 0x0000000019021800 nmethod 4613 0x0000000005187710 code [0x0000000005187920, 0x0000000005188570]
Event: 1372.026 Thread 0x000000001904b000 4614       3       java.util.IdentityHashMap$IdentityHashMapIterator::<init> (6 bytes)
Event: 1372.026 Thread 0x000000001904b000 nmethod 4614 0x0000000005178e50 code [0x0000000005178fc0, 0x0000000005179148]
Event: 1372.029 Thread 0x000000001901f000 4615  s    4       java.util.Vector::addElement (38 bytes)
Event: 1372.031 Thread 0x000000001901f000 nmethod 4615 0x0000000005192610 code [0x0000000005192760, 0x0000000005192b28]

GC Heap History (10 events):
Event: 1357.869 GC heap before
{Heap before GC invocations=23 (full 1):
 PSYoungGen      total 460288K, used 460258K [0x00000000d5c00000, 0x00000000fc480000, 0x0000000100000000)
  eden space 445440K, 100% used [0x00000000d5c00000,0x00000000f0f00000,0x00000000f0f00000)
  from space 14848K, 99% used [0x00000000fad00000,0x00000000fbb788a0,0x00000000fbb80000)
  to   space 9216K, 0% used [0x00000000fbb80000,0x00000000fbb80000,0x00000000fc480000)
 ParOldGen       total 66048K, used 24644K [0x0000000081400000, 0x0000000085480000, 0x00000000d5c00000)
  object space 66048K, 37% used [0x0000000081400000,0x0000000082c11268,0x0000000085480000)
 Metaspace       used 28858K, capacity 29374K, committed 29696K, reserved 1075200K
  class space    used 3559K, capacity 3761K, committed 3840K, reserved 1048576K
Event: 1357.895 GC heap after
Heap after GC invocations=23 (full 1):
 PSYoungGen      total 434688K, used 9202K [0x00000000d5c00000, 0x00000000fc480000, 0x0000000100000000)
  eden space 425472K, 0% used [0x00000000d5c00000,0x00000000d5c00000,0x00000000efb80000)
  from space 9216K, 99% used [0x00000000fbb80000,0x00000000fc47caf0,0x00000000fc480000)
  to   space 26624K, 0% used [0x00000000f9080000,0x00000000f9080000,0x00000000faa80000)
 ParOldGen       total 66048K, used 42008K [0x0000000081400000, 0x0000000085480000, 0x00000000d5c00000)
  object space 66048K, 63% used [0x0000000081400000,0x0000000083d06080,0x0000000085480000)
 Metaspace       used 28858K, capacity 29374K, committed 29696K, reserved 1075200K
  class space    used 3559K, capacity 3761K, committed 3840K, reserved 1048576K
}
Event: 1358.988 GC heap before
{Heap before GC invocations=24 (full 1):
 PSYoungGen      total 434688K, used 434674K [0x00000000d5c00000, 0x00000000fc480000, 0x0000000100000000)
  eden space 425472K, 100% used [0x00000000d5c00000,0x00000000efb80000,0x00000000efb80000)
  from space 9216K, 99% used [0x00000000fbb80000,0x00000000fc47caf0,0x00000000fc480000)
  to   space 26624K, 0% used [0x00000000f9080000,0x00000000f9080000,0x00000000faa80000)
 ParOldGen       total 66048K, used 42008K [0x0000000081400000, 0x0000000085480000, 0x00000000d5c00000)
  object space 66048K, 63% used [0x0000000081400000,0x0000000083d06080,0x0000000085480000)
 Metaspace       used 28956K, capacity 29502K, committed 29952K, reserved 1075200K
  class space    used 3567K, capacity 3761K, committed 3840K, reserved 1048576K
Event: 1359.003 GC heap after
Heap after GC invocations=24 (full 1):
 PSYoungGen      total 412160K, used 5285K [0x00000000d5c00000, 0x00000000fbc00000, 0x0000000100000000)
  eden space 406528K, 0% used [0x00000000d5c00000,0x00000000d5c00000,0x00000000ee900000)
  from space 5632K, 93% used [0x00000000f9080000,0x00000000f95a9698,0x00000000f9600000)
  to   space 25088K, 0% used [0x00000000fa380000,0x00000000fa380000,0x00000000fbc00000)
 ParOldGen       total 66048K, used 42032K [0x0000000081400000, 0x0000000085480000, 0x00000000d5c00000)
  object space 66048K, 63% used [0x0000000081400000,0x0000000083d0c080,0x0000000085480000)
 Metaspace       used 28956K, capacity 29502K, committed 29952K, reserved 1075200K
  class space    used 3567K, capacity 3761K, committed 3840K, reserved 1048576K
}
Event: 1371.134 GC heap before
{Heap before GC invocations=25 (full 1):
 PSYoungGen      total 412160K, used 411813K [0x00000000d5c00000, 0x00000000fbc00000, 0x0000000100000000)
  eden space 406528K, 100% used [0x00000000d5c00000,0x00000000ee900000,0x00000000ee900000)
  from space 5632K, 93% used [0x00000000f9080000,0x00000000f95a9698,0x00000000f9600000)
  to   space 25088K, 0% used [0x00000000fa380000,0x00000000fa380000,0x00000000fbc00000)
 ParOldGen       total 66048K, used 42032K [0x0000000081400000, 0x0000000085480000, 0x00000000d5c00000)
  object space 66048K, 63% used [0x0000000081400000,0x0000000083d0c080,0x0000000085480000)
 Metaspace       used 33473K, capacity 34016K, committed 34432K, reserved 1079296K
  class space    used 4227K, capacity 4448K, committed 4480K, reserved 1048576K
Event: 1371.158 GC heap after
Heap after GC invocations=25 (full 1):
 PSYoungGen      total 413184K, used 25079K [0x00000000d5c00000, 0x00000000fbc00000, 0x0000000100000000)
  eden space 388096K, 0% used [0x00000000d5c00000,0x00000000d5c00000,0x00000000ed700000)
  from space 25088K, 99% used [0x00000000fa380000,0x00000000fbbfdd50,0x00000000fbc00000)
  to   space 31232K, 0% used [0x00000000f7f00000,0x00000000f7f00000,0x00000000f9d80000)
 ParOldGen       total 66048K, used 46332K [0x0000000081400000, 0x0000000085480000, 0x00000000d5c00000)
  object space 66048K, 70% used [0x0000000081400000,0x000000008413f1b0,0x0000000085480000)
 Metaspace       used 33473K, capacity 34016K, committed 34432K, reserved 1079296K
  class space    used 4227K, capacity 4448K, committed 4480K, reserved 1048576K
}
Event: 1372.092 GC heap before
{Heap before GC invocations=26 (full 1):
 PSYoungGen      total 413184K, used 345718K [0x00000000d5c00000, 0x00000000fbc00000, 0x0000000100000000)
  eden space 388096K, 82% used [0x00000000d5c00000,0x00000000e951fd80,0x00000000ed700000)
  from space 25088K, 99% used [0x00000000fa380000,0x00000000fbbfdd50,0x00000000fbc00000)
  to   space 31232K, 0% used [0x00000000f7f00000,0x00000000f7f00000,0x00000000f9d80000)
 ParOldGen       total 66048K, used 46332K [0x0000000081400000, 0x0000000085480000, 0x00000000d5c00000)
  object space 66048K, 70% used [0x0000000081400000,0x000000008413f1b0,0x0000000085480000)
 Metaspace       used 34582K, capacity 35110K, committed 35496K, reserved 1081344K
  class space    used 4383K, capacity 4577K, committed 4608K, reserved 1048576K
Event: 1372.103 GC heap after
Heap after GC invocations=26 (full 1):
 PSYoungGen      total 376320K, used 5540K [0x00000000d5c00000, 0x00000000fa400000, 0x0000000100000000)
  eden space 370688K, 0% used [0x00000000d5c00000,0x00000000d5c00000,0x00000000ec600000)
  from space 5632K, 98% used [0x00000000f7f00000,0x00000000f84691e0,0x00000000f8480000)
  to   space 30208K, 0% used [0x00000000f8680000,0x00000000f8680000,0x00000000fa400000)
 ParOldGen       total 66048K, used 47676K [0x0000000081400000, 0x0000000085480000, 0x00000000d5c00000)
  object space 66048K, 72% used [0x0000000081400000,0x000000008428f350,0x0000000085480000)
 Metaspace       used 34582K, capacity 35110K, committed 35496K, reserved 1081344K
  class space    used 4383K, capacity 4577K, committed 4608K, reserved 1048576K
}
Event: 1372.103 GC heap before
{Heap before GC invocations=27 (full 2):
 PSYoungGen      total 376320K, used 5540K [0x00000000d5c00000, 0x00000000fa400000, 0x0000000100000000)
  eden space 370688K, 0% used [0x00000000d5c00000,0x00000000d5c00000,0x00000000ec600000)
  from space 5632K, 98% used [0x00000000f7f00000,0x00000000f84691e0,0x00000000f8480000)
  to   space 30208K, 0% used [0x00000000f8680000,0x00000000f8680000,0x00000000fa400000)
 ParOldGen       total 66048K, used 47676K [0x0000000081400000, 0x0000000085480000, 0x00000000d5c00000)
  object space 66048K, 72% used [0x0000000081400000,0x000000008428f350,0x0000000085480000)
 Metaspace       used 34582K, capacity 35110K, committed 35496K, reserved 1081344K
  class space    used 4383K, capacity 4577K, committed 4608K, reserved 1048576K
Event: 1372.148 GC heap after
Heap after GC invocations=27 (full 2):
 PSYoungGen      total 376320K, used 0K [0x00000000d5c00000, 0x00000000fa400000, 0x0000000100000000)
  eden space 370688K, 0% used [0x00000000d5c00000,0x00000000d5c00000,0x00000000ec600000)
  from space 5632K, 0% used [0x00000000f7f00000,0x00000000f7f00000,0x00000000f8480000)
  to   space 30208K, 0% used [0x00000000f8680000,0x00000000f8680000,0x00000000fa400000)
 ParOldGen       total 69632K, used 16859K [0x0000000081400000, 0x0000000085800000, 0x00000000d5c00000)
  object space 69632K, 24% used [0x0000000081400000,0x0000000082476c60,0x0000000085800000)
 Metaspace       used 25599K, capacity 25966K, committed 33448K, reserved 1079296K
  class space    used 3048K, capacity 3205K, committed 4608K, reserved 1048576K
}

Deoptimization events (10 events):
Event: 1343.992 Thread 0x000000001b9df000 Uncommon trap: reason=unstable_if action=reinterpret pc=0x0000000004df18e4 method=org.apache.catalina.loader.WebappClassLoaderBase.filter(Ljava/lang/String;Z)Z @ 345
Event: 1344.006 Thread 0x000000001b9df000 Uncommon trap: reason=unstable_if action=reinterpret pc=0x00000000048c0660 method=org.apache.catalina.webresources.AbstractSingleArchiveResourceSet.isMultiRelease()Z @ 4
Event: 1344.007 Thread 0x000000001b9df000 Uncommon trap: reason=unstable_if action=reinterpret pc=0x000000000491495c method=org.apache.catalina.webresources.AbstractSingleArchiveResourceSet.isMultiRelease()Z @ 4
Event: 1344.034 Thread 0x000000001b9df000 Uncommon trap: reason=class_check action=maybe_recompile pc=0x0000000004d1737c method=org.apache.catalina.startup.ContextConfig.checkHandlesTypes(Lorg/apache/tomcat/util/bcel/classfile/JavaClass;Ljava/util/Map;)V @ 427
Event: 1344.035 Thread 0x000000001b9df000 Uncommon trap: reason=class_check action=maybe_recompile pc=0x0000000004d1737c method=org.apache.catalina.startup.ContextConfig.checkHandlesTypes(Lorg/apache/tomcat/util/bcel/classfile/JavaClass;Ljava/util/Map;)V @ 427
Event: 1344.035 Thread 0x000000001b9df000 Uncommon trap: reason=class_check action=maybe_recompile pc=0x0000000004d1737c method=org.apache.catalina.startup.ContextConfig.checkHandlesTypes(Lorg/apache/tomcat/util/bcel/classfile/JavaClass;Ljava/util/Map;)V @ 427
Event: 1344.035 Thread 0x000000001b9df000 Uncommon trap: reason=class_check action=maybe_recompile pc=0x0000000004d1737c method=org.apache.catalina.startup.ContextConfig.checkHandlesTypes(Lorg/apache/tomcat/util/bcel/classfile/JavaClass;Ljava/util/Map;)V @ 427
Event: 1346.779 Thread 0x000000001b9df000 Uncommon trap: reason=class_check action=maybe_recompile pc=0x0000000004ecbff0 method=java.lang.reflect.Executable.getAnnotation(Ljava/lang/Class;)Ljava/lang/annotation/Annotation; @ 19
Event: 1357.034 Thread 0x000000001b9df000 Uncommon trap: reason=unstable_if action=reinterpret pc=0x0000000004a699b4 method=org.apache.catalina.loader.WebappClassLoaderBase.modified()Z @ 97
Event: 1359.620 Thread 0x000000001b9df000 Uncommon trap: reason=class_check action=maybe_recompile pc=0x0000000004ecbff0 method=java.lang.reflect.Executable.getAnnotation(Ljava/lang/Class;)Ljava/lang/annotation/Annotation; @ 19

Internal exceptions (10 events):
Event: 5.866 Thread 0x000000001bce9000 Exception <a 'java/lang/ArrayIndexOutOfBoundsException'> (0x00000000ddc46320) thrown at [C:\re\workspace\8-2-build-windows-amd64-cygwin\jdk8u141\9370\hotspot\src\share\vm\runtime\sharedRuntime.cpp, line 605]
Event: 5.996 Thread 0x000000001bce9000 Exception <a 'java/lang/ArrayIndexOutOfBoundsException'> (0x00000000de474ba0) thrown at [C:\re\workspace\8-2-build-windows-amd64-cygwin\jdk8u141\9370\hotspot\src\share\vm\runtime\sharedRuntime.cpp, line 605]
Event: 5.996 Thread 0x000000001bce9000 Exception <a 'java/lang/ArrayIndexOutOfBoundsException'> (0x00000000de476258) thrown at [C:\re\workspace\8-2-build-windows-amd64-cygwin\jdk8u141\9370\hotspot\src\share\vm\runtime\sharedRuntime.cpp, line 605]
Event: 6.054 Thread 0x000000001bce9000 Exception <a 'java/lang/ArrayIndexOutOfBoundsException': 84> (0x00000000de6cf088) thrown at [C:\re\workspace\8-2-build-windows-amd64-cygwin\jdk8u141\9370\hotspot\src\share\vm\interpreter\interpreterRuntime.cpp, line 366]
Event: 6.054 Thread 0x000000001bce9000 Exception <a 'java/lang/ArrayIndexOutOfBoundsException': 40> (0x00000000de6d0018) thrown at [C:\re\workspace\8-2-build-windows-amd64-cygwin\jdk8u141\9370\hotspot\src\share\vm\interpreter\interpreterRuntime.cpp, line 366]
Event: 7.121 Thread 0x000000001be79000 Implicit null exception at 0x0000000004c8ee92 to 0x0000000004c91151
Event: 7.121 Thread 0x000000001be79000 Implicit null exception at 0x0000000004c5a011 to 0x0000000004c5a449
Event: 1346.174 Thread 0x000000001b9df000 Exception <a 'java/io/FileNotFoundException'> (0x00000000df04ffe0) thrown at [C:\re\workspace\8-2-build-windows-amd64-cygwin\jdk8u141\9370\hotspot\src\share\vm\prims\jni.cpp, line 709]
Event: 1359.026 Thread 0x000000001b9df000 Exception <a 'java/io/FileNotFoundException'> (0x00000000d5e27cb8) thrown at [C:\re\workspace\8-2-build-windows-amd64-cygwin\jdk8u141\9370\hotspot\src\share\vm\prims\jni.cpp, line 709]
Event: 1371.971 Thread 0x000000001b9df000 Exception <a 'java/io/FileNotFoundException'> (0x00000000e8e094a0) thrown at [C:\re\workspace\8-2-build-windows-amd64-cygwin\jdk8u141\9370\hotspot\src\share\vm\prims\jni.cpp, line 709]

Events (10 events):
Event: 1371.952 Thread 0x000000001b9df000 DEOPT PACKING pc=0x0000000004aa9fe5 sp=0x000000001da7e6c0
Event: 1371.952 Thread 0x000000001b9df000 DEOPT UNPACKING pc=0x00000000044f787f sp=0x000000001da7e458 mode 0
Event: 1371.961 loading class org/osgi/framework/BundleReference
Event: 1371.961 loading class org/osgi/framework/BundleReference done
Event: 1371.972 loading class org/glassfish/jersey/servlet/ServletContainer
Event: 1371.972 loading class org/glassfish/jersey/servlet/ServletContainer done
Event: 1372.091 Executing VM operation: CollectForMetadataAllocation
Event: 1372.148 Executing VM operation: CollectForMetadataAllocation done
Event: 1372.151 Executing VM operation: RevokeBias
Event: 1372.151 Executing VM operation: RevokeBias done


Dynamic libraries:
0x00007ff73d5d0000 - 0x00007ff73d607000 	C:\Program Files\Java\jre1.8.0_131\bin\javaw.exe
0x00007ffd68a80000 - 0x00007ffd68c60000 	C:\WINDOWS\SYSTEM32\ntdll.dll
0x00007ffd66020000 - 0x00007ffd660ce000 	C:\WINDOWS\System32\KERNEL32.DLL
0x00007ffd65070000 - 0x00007ffd652d6000 	C:\WINDOWS\System32\KERNELBASE.dll
0x00007ffd684f0000 - 0x00007ffd68591000 	C:\WINDOWS\System32\ADVAPI32.dll
0x00007ffd66420000 - 0x00007ffd664bd000 	C:\WINDOWS\System32\msvcrt.dll
0x00007ffd66540000 - 0x00007ffd6659b000 	C:\WINDOWS\System32\sechost.dll
0x00007ffd683d0000 - 0x00007ffd684ef000 	C:\WINDOWS\System32\RPCRT4.dll
0x00007ffd66290000 - 0x00007ffd6641f000 	C:\WINDOWS\System32\USER32.dll
0x00007ffd64e80000 - 0x00007ffd64ea0000 	C:\WINDOWS\System32\win32u.dll
0x00007ffd67ca0000 - 0x00007ffd67cc8000 	C:\WINDOWS\System32\GDI32.dll
0x00007ffd65480000 - 0x00007ffd65613000 	C:\WINDOWS\System32\gdi32full.dll
0x00007ffd652e0000 - 0x00007ffd6537b000 	C:\WINDOWS\System32\msvcp_win.dll
0x00007ffd65380000 - 0x00007ffd65476000 	C:\WINDOWS\System32\ucrtbase.dll
0x00007ffd5a130000 - 0x00007ffd5a399000 	C:\WINDOWS\WinSxS\amd64_microsoft.windows.common-controls_6595b64144ccf1df_6.0.16299.192_none_15c8cdae9364c23b\COMCTL32.dll
0x00007ffd67f10000 - 0x00007ffd68218000 	C:\WINDOWS\System32\combase.dll
0x00007ffd65620000 - 0x00007ffd65692000 	C:\WINDOWS\System32\bcryptPrimitives.dll
0x00007ffd65ff0000 - 0x00007ffd6601d000 	C:\WINDOWS\System32\IMM32.DLL
0x000000005b2e0000 - 0x000000005b3b2000 	C:\Program Files\Java\jre1.8.0_131\bin\msvcr100.dll
0x000000005b860000 - 0x000000005c0fd000 	C:\Program Files\Java\jre1.8.0_131\bin\server\jvm.dll
0x00007ffd67c90000 - 0x00007ffd67c98000 	C:\WINDOWS\System32\PSAPI.DLL
0x00007ffd61250000 - 0x00007ffd61259000 	C:\WINDOWS\SYSTEM32\WSOCK32.dll
0x00007ffd660d0000 - 0x00007ffd6613c000 	C:\WINDOWS\System32\WS2_32.dll
0x00007ffd5a0a0000 - 0x00007ffd5a0c3000 	C:\WINDOWS\SYSTEM32\WINMM.dll
0x00007ffd5da00000 - 0x00007ffd5da0a000 	C:\WINDOWS\SYSTEM32\VERSION.dll
0x00007ffd5a060000 - 0x00007ffd5a08a000 	C:\WINDOWS\SYSTEM32\WINMMBASE.dll
0x00007ffd657b0000 - 0x00007ffd657fa000 	C:\WINDOWS\System32\cfgmgr32.dll
0x000000005b770000 - 0x000000005b77f000 	C:\Program Files\Java\jre1.8.0_131\bin\verify.dll
0x000000005b740000 - 0x000000005b769000 	C:\Program Files\Java\jre1.8.0_131\bin\java.dll
0x000000005b720000 - 0x000000005b736000 	C:\Program Files\Java\jre1.8.0_131\bin\zip.dll
0x00007ffd666b0000 - 0x00007ffd67ae6000 	C:\WINDOWS\System32\SHELL32.dll
0x00007ffd66600000 - 0x00007ffd666a6000 	C:\WINDOWS\System32\shcore.dll
0x00007ffd65800000 - 0x00007ffd65f47000 	C:\WINDOWS\System32\windows.storage.dll
0x00007ffd665a0000 - 0x00007ffd665f1000 	C:\WINDOWS\System32\shlwapi.dll
0x00007ffd64e40000 - 0x00007ffd64e51000 	C:\WINDOWS\System32\kernel.appcore.dll
0x00007ffd64df0000 - 0x00007ffd64e3c000 	C:\WINDOWS\System32\powrprof.dll
0x00007ffd64dd0000 - 0x00007ffd64deb000 	C:\WINDOWS\System32\profapi.dll
0x000000005b3d0000 - 0x000000005b3dd000 	C:\Program Files\Java\jre1.8.0_131\bin\management.dll
0x000000005b700000 - 0x000000005b71a000 	C:\Program Files\Java\jre1.8.0_131\bin\net.dll
0x00007ffd64600000 - 0x00007ffd64666000 	C:\WINDOWS\system32\mswsock.dll
0x000000005b6e0000 - 0x000000005b6f1000 	C:\Program Files\Java\jre1.8.0_131\bin\nio.dll
0x000000005b3e0000 - 0x000000005b404000 	C:\Program Files\Java\jre1.8.0_131\bin\sunec.dll
0x000000005b3c0000 - 0x000000005b3cb000 	C:\Program Files\Java\jre1.8.0_131\bin\sunmscapi.dll
0x00007ffd64ea0000 - 0x00007ffd6506e000 	C:\WINDOWS\System32\CRYPT32.dll
0x00007ffd64e60000 - 0x00007ffd64e72000 	C:\WINDOWS\System32\MSASN1.dll
0x00007ffd647d0000 - 0x00007ffd647e7000 	C:\WINDOWS\SYSTEM32\CRYPTSP.dll
0x00007ffd64210000 - 0x00007ffd64243000 	C:\WINDOWS\system32\rsaenh.dll
0x00007ffd64930000 - 0x00007ffd64955000 	C:\WINDOWS\SYSTEM32\bcrypt.dll
0x00007ffd64cd0000 - 0x00007ffd64cf9000 	C:\WINDOWS\SYSTEM32\USERENV.dll
0x00007ffd647c0000 - 0x00007ffd647cb000 	C:\WINDOWS\SYSTEM32\CRYPTBASE.dll
0x00007ffd64390000 - 0x00007ffd643c9000 	C:\WINDOWS\SYSTEM32\IPHLPAPI.DLL
0x00007ffd68280000 - 0x00007ffd68288000 	C:\WINDOWS\System32\NSI.dll
0x00007ffd60e80000 - 0x00007ffd60e96000 	C:\WINDOWS\SYSTEM32\dhcpcsvc6.DLL
0x00007ffd61160000 - 0x00007ffd6117a000 	C:\WINDOWS\SYSTEM32\dhcpcsvc.DLL
0x00007ffd643d0000 - 0x00007ffd64486000 	C:\WINDOWS\SYSTEM32\DNSAPI.dll
0x00007ffd5eed0000 - 0x00007ffd5eeda000 	C:\Windows\System32\rasadhlp.dll
0x00007ffd5ef80000 - 0x00007ffd5eff0000 	C:\WINDOWS\System32\fwpuclnt.dll
0x00007ffd60cb0000 - 0x00007ffd60e78000 	C:\WINDOWS\SYSTEM32\dbghelp.dll

VM Arguments:
jvm_args: -Dcatalina.base=C:\Users\Tristan Glaes\Documents\eclipse-projects\.metadata\.plugins\org.eclipse.wst.server.core\tmp0 -Dcatalina.home=C:\Users\Tristan Glaes\Documents\team5ds\project3\apache-tomcat-8.5.24\apache-tomcat-8.5.24 -Dwtp.deploy=C:\Users\Tristan Glaes\Documents\eclipse-projects\.metadata\.plugins\org.eclipse.wst.server.core\tmp0\wtpwebapps -Djava.endorsed.dirs=C:\Users\Tristan Glaes\Documents\team5ds\project3\apache-tomcat-8.5.24\apache-tomcat-8.5.24\endorsed -Dfile.encoding=Cp1252 
java_command: org.apache.catalina.startup.Bootstrap start
java_class_path (initial): C:\Program Files\Java\jre1.8.0_131\lib\resources.jar;C:\Program Files\Java\jre1.8.0_131\lib\rt.jar;C:\Program Files\Java\jre1.8.0_131\lib\jsse.jar;C:\Program Files\Java\jre1.8.0_131\lib\jce.jar;C:\Program Files\Java\jre1.8.0_131\lib\charsets.jar;C:\Program Files\Java\jre1.8.0_131\lib\jfr.jar;C:\Users\Tristan Glaes\Documents\team5ds\project3\apache-tomcat-8.5.24\apache-tomcat-8.5.24\bin\bootstrap.jar;C:\Users\Tristan Glaes\Documents\team5ds\project3\apache-tomcat-8.5.24\apache-tomcat-8.5.24\bin\tomcat-juli.jar
Launcher Type: SUN_STANDARD

Environment Variables:
PATH=C:/Program Files/Java/jre1.8.0_131/bin/server;C:/Program Files/Java/jre1.8.0_131/bin;C:/Program Files/Java/jre1.8.0_131/lib/amd64;C:\Program Files (x86)\NVIDIA Corporation\PhysX\Common;C:\ProgramData\Oracle\Java\javapath;C:\WINDOWS\system32;C:\WINDOWS;C:\WINDOWS\System32\Wbem;C:\WINDOWS\System32\WindowsPowerShell\v1.0\;C:\Program Files\PuTTY\;C:\Program Files\MySQL\MySQL Utilities 1.6\;C:\Users\Tristan Glaes\AppData\Local\Microsoft\WindowsApps;C:\Program Files\Java\jdk1.8.0_131;;C:\Users\Tristan Glaes\Desktop;
USERNAME=Tristan Glaes
OS=Windows_NT
PROCESSOR_IDENTIFIER=Intel64 Family 6 Model 60 Stepping 3, GenuineIntel



---------------  S Y S T E M  ---------------

OS: Windows 10.0 , 64 bit Build 16299 (10.0.16299.15)

CPU:total 4 (initial active 4) (4 cores per cpu, 1 threads per core) family 6 model 60 stepping 3, cmov, cx8, fxsr, mmx, sse, sse2, sse3, ssse3, sse4.1, sse4.2, popcnt, avx, avx2, aes, clmul, erms, lzcnt, tsc, tscinvbit, bmi1, bmi2

Memory: 4k page, physical 8305716k(3587460k free), swap 13024308k(6518572k free)

vm_info: Java HotSpot(TM) 64-Bit Server VM (25.141-b15) for windows-amd64 JRE (1.8.0_141-b15), built on Jul 12 2017 04:25:12 by "java_re" with MS VC++ 10.0 (VS2010)

time: Sun Jan 28 14:33:55 2018
elapsed time: 1372 seconds (0d 0h 22m 52s)

